# Start logging at 2022-05-11 17:48:28 RTZ 2 (зима)
[17:48:28] Message history service recovering, there may be gaps in the message history.
[17:49:23]  chmokiz: Здравствуйте мои дорогие revizzUkrLove
[17:49:28]  ossscarq: @revizzzor0 а до тебе не заходять рускиє ?
[17:49:31]  aquacoder: @Chmokiz revizzKy
[17:49:41]  anti_toxic0lb: @chmokiz revizzUkrwave revizzFlex
[17:49:51]  ossscarq: на стрім
[17:49:59]  chmokiz: еще как заходят
[17:50:00]  anti_toxic0lb: буває
[17:50:15]  fullerock: та просто обычно путину в видосах цензурой закрывают морду чтобы не тошнило StinkyGlitch
[17:50:32]  ossscarq: Ну я маю на увазі тупі русакі
[17:50:35]  ossscarq: поняв
[17:50:37]  wellchuck: Тут сидят только агенты гасдепа :)
[17:50:42] thedimani redeemed Давай Мясо! 800
[17:50:48]  thedimani: HeyGuys
[17:50:56]  chmokiz: НО, стоит учитывать, что русские очень терпеливые и отсиживают 10 минут, чтобы пукнуть в чат
[17:51:03]  wellchuck: не знаю кто там шпион.. я ШПИГУН! Keepo
[17:51:07]  anti_toxic0lb: @wellchuck я таємний аген фбр revizzYeahBaby
[17:51:07]  dat0shka: ia bot StinkyGlitch
[17:51:09]  nightbot: Дискорд ==> https://discord.gg/ZVraFen.  Телега ===> https://t.me/ReviZzZor0   Всех Жду!  ЮТУБ https://www.youtube.com/channel/UCeQXAAbmhaLtwaBmpzSN5kw    TIKTOK  https://www.tiktok.com/@revizzzor0_twitch.tv? для Клипов и преколдесов Всем отвечаю :)
[17:51:19]  dat0shka: ky )
[17:51:28] aquacoder redeemed Спустить собак 800
[17:51:45]  dat0shka: SeemsGood Jebasted
[17:51:55]  aquacoder: revizzYeahBaby
[17:52:00]  jozyk: крутой проигрыш в треке
[17:52:06]  babrich: посмотри Окупант. Війна і мир у телефоні російського солдата
[17:52:09]  nightbot: ПлатОЧКА. Платная подписка тут, Фирменный Йода возле значка === > https://www.twitch.tv/subs/revizzzor0 Потоки каждый день,Chill and fun!Коршуна в чат!
[17:52:15]  babrich: на ютубе
[17:52:22]  babrich: привет
[17:52:23]  jozyk: я его сто лет не слышал)
[17:52:30]  wellchuck: @anti_toxic0lb Файний Байкер з Рівного? :)
[17:52:38]  babrich: Окупант. Війна і мир у телефоні російського солдата
[17:52:44]  babrich: на ютубе
[17:52:54]  jozyk: просто когда оно в треке звучит - оно звучит совсем иначе, а тут  вырезан фрагмент и звучит как отдельная компазиция
[17:53:03]  ossscarq: А Супер Суса не дивився ?
[17:53:06]  anti_toxic0lb: @wellchuck не зрозумі revizzTired
[17:53:12]  anti_toxic0lb: в*
[17:53:32]  vadosiktv: revizzUkrLove revizzUkrwave
[17:53:35]  wellchuck: @anti_toxic0lb ну ФБР
[17:53:41]  jozyk: давайте будем называть вещи своими именами, 15 раз за пару мин монолога он спиздел
[17:53:41]  anti_toxic0lb: а
[17:54:09]  fullerock: все смотрел, интересно
[17:54:29]  oxpehehhbiuhuk: Добрый вечер, я из Беларуси. Жыве Беларусь! Слава Украине!
[17:54:33]  fullerock: он у ареста раза три брал интервью, до войны дважды)
[17:54:36]  aquacoder: @JozyK и это минимум
[17:54:43]  chmokiz: @OXPEHEHHbIUHuK revizzUkrwave
[17:54:47]  ossscarq: Живе вечна Героям слава
[17:54:49]  anti_toxic0lb: @oxpehehhbiuhuk Добрий revizzUkrwave
[17:55:17]  wellchuck: малой чисто без печали.. Видимо рад что вообще выжил
[17:56:00]  wellchuck: А кто это? Абэма переодевается? :)
[17:56:33]  noobpegas: Не верят?Поверят когда пол зарплаты будут на репарации отдавать)
[17:56:59]  babrich: Окупант. Війна і мир у телефоні російського солдата
[17:57:59]  ossscarq: @revizzzor0 чув про ДСУ якщо так то як ставишся ?
[17:58:10]  anti_toxic0lb: відос за Мариуполя скинув
[17:58:13]  galoisgroup: Шановни дружи! 🟦🟨 Слава Украине,  ⬜🟥⬜ Жыве Беларусь,  ⬜🟦⬜ Мир Великому Новгороду! 🕎🔯 לִהְיוֹת עַם חָפְשִׁי בְּאַרְצֵנוּ ⬜🟥 Jeszcze Polska nie zginęła! Hello english speaking world
[17:58:20]  galoisgroup: шо смотрим, Золкина?
[17:58:36]  anti_toxic0lb: @ossscarq там адмін просто наживаються на цьому
[17:59:04]  anti_toxic0lb: @galoisgroup revizzUkrLove
[18:00:25]  nightbot: ПлатОЧКА. Платная подписка тут, Фирменный Йода возле значка === > https://www.twitch.tv/subs/revizzzor0 Потоки каждый день,Chill and fun!Коршуна в чат!
[18:01:20]  nightbot: Отправить Помощь Ведущему .https://destream.net/live/revizzzor0/donate,Гривны - https://donatello.to/revizzzor0 Рубли - https://www.donationalerts.com/r/revizzzor0  PayPal crafty1love@gmail.com,
[18:01:20] Announcement
[18:02:10]  vadosiktv: boroda16KimSmile
[18:02:19]  nightbot: Дискорд ==> https://discord.gg/ZVraFen.  Телега ===> https://t.me/ReviZzZor0   Всех Жду!  ЮТУБ https://www.youtube.com/channel/UCeQXAAbmhaLtwaBmpzSN5kw    TIKTOK  https://www.tiktok.com/@revizzzor0_twitch.tv? для Клипов и преколдесов Всем отвечаю :)
[18:02:42]  fullerock: @OXPEHEHHbIUHuK BloodTrail
[18:03:03]  vadosiktv: Как говорится - «Был пацан, и нет пацана»
[18:05:25]  jozyk: @Revizzzor0 не русский человек, а россиянин. есть русские которые давно не россияне и не хотят ничего общего с ними иметь, держу в курсе на всякий случай. Продолжай пожалуйста)
[18:05:34]  oxpehehhbiuhuk: Для меня лично. Начиная с 24 , у меня круг общения сузился конкретно. Я не хочу им доказывать. Нет мозгов, свои не вставишь. За то, те кто остался, это всегда очень хорошие люди
[18:05:59]  vadosiktv: Я будущий олд
[18:06:03]  vadosiktv: LUL
[18:06:53]  jozyk: было бы круто, если бы ты перешел на укр мову! так бы и мы переходили быстре
[18:06:54]  vadosiktv: Мы после этой войны, никогда не будем прежними revizzFact
[18:07:16]  jozyk: а так ты пол дня на украинском говоришь а пол дня стрим на русском слушаешь, вместо совершенствования укр мови
[18:07:20]  wellchuck: ты не можешь запретить язык, это нонсенс :)
[18:08:14]  vadosiktv: Украинский бывает только МОВА
[18:08:21]  vadosiktv: revizzUkrwave
[18:08:26]  jozyk: откат на 30 лет назад, запрет руссязыка. спустя 25 лет не осталось русскоязычных и освобождать некого)
[18:08:36]  jozyk: и войны нет*
[18:08:49]  jozyk: вподобайки и закусенцы)
[18:09:14]  fullerock: создал чисто чтоб тегнуть
[18:09:23]  jozyk: так ты шаришь, что на лайк есть в укр мове слово - вподобайка, а на русском нет) палец вверх или английский лайк
[18:09:27]  fullerock: там все равно максимум 60секунд
[18:09:42]  jozyk: так вот выросло бы поколение на национальном языке)
[18:09:44]  wellchuck: Откатываю в 30 лет, а потом закатываю.. B) Keepo
[18:09:55]  jozyk: @WellChuck шалун)
[18:10:08]  wellchuck: @JozyK devian47Brows
[18:10:09]  fullerock: @JozyK закусенець BloodTrail
[18:10:21]  jozyk: mackocNatawow mackocNatawow mackocNatawow
[18:10:32]  wellchuck: Я сначала весь такой напряжённый, а потом расслабляюсь и улыбаюсь :)
[18:10:34]  partyart1: U nas v Latvii bezenci s Ukraini smogut ucitsa tolko na ukrainskom ili na latiskom jazike
[18:10:35]  wenyaua: Друг топил за путина и тут в тц Ривьеру ракета прилетала в 200 метрах от его квартиры, резко переобулся
[18:11:02]  wellchuck: Блять, нет, об усы витараю KEKW
[18:11:12]  jozyk: латышском
[18:11:17]  jozyk: какой бле латинский)
[18:11:18]  partyart1: da
[18:11:19]  thedimani: Латышском ))
[18:11:24]  noobpegas: +
[18:11:31]  noobpegas: наверно
[18:11:35]  vadosiktv: Латинский - мёртвый язык
[18:11:39]  jozyk: Латышам лайк lionas1Love lionas1Love lionas1Love manoli20Moveheart manoli20Moveheart manoli20Moveheart manoli20Moveheart manoli20Moveheart manoli20Moveheart
[18:12:09]  partyart1: Kstate u menja v gorode uze ocenj mnogo ukraincev rabotu na6li
[18:12:11]  noobpegas: а Латышский тоже(выдуманый или калхозный?)
[18:12:44]  jozyk: @partyart1 хорошо что хотят найти работу и хорошо что дают людям работать lionas1Heart
[18:13:00]  galoisgroup: чел с разговорным латинским в центре Рима поговорил с итальянцами - очень жесткий видос на ютубе, топ контент
[18:13:04]  vadosiktv: У Арестовича в шапке профиля YT написано Per Aspera Ad Astra, что в переводе «Сквозь терний к звёздам»
[18:13:16]  wellchuck: Неплохо, чисто батя отправил на войну малого - "Чё сдался? Чё не помер?". Очень интересные люди.. :)
[18:13:17]  galoisgroup: папа-зомби
[18:13:33]  thedimani: Больше нас, Украинцев, рюських ненавидят только Латыши )) До распада совка жил 15 лет в Лиелвардэ. @partyart1 Привет из Киева!
[18:13:51]  partyart1: :)
[18:13:53]  galoisgroup: всё как в том видосе про боевых голубей, но ирл
[18:15:05]  galoisgroup: записали же видео с дочерью Машкова и она реально говорит - "мой батя ё%нулся на этой войне путлера, у него крыша съехала"
[18:15:38]  vadosiktv: Их ждёт капсула с цианидом
[18:15:49]  oxpehehhbiuhuk: Ревыч. Я не изучал белорусский и украинский. Но почемуто сейчас слушаю интервью и переводчик мне не нужен. Как так то?
[18:16:07]  vadosiktv: У тебя значит есть корни
[18:16:20]  galoisgroup: да никаких пока ужасов в Рашке нет, люди сами напридумывали себе жуткого путлера
[18:16:36]  galoisgroup: Путлер пока не Сралин
[18:16:40]  oxpehehhbiuhuk: Ну в Булацеловке дядя с семьёй и тётя в Чернигове
[18:16:46]  jozyk: @OXPEHEHHbIUHuK потому что белорусский и украинский - имеют корни славянского языка )
[18:16:53]  noobpegas: в 37м тоже ужасов на улице никто не видел.
[18:17:10]  nightbot: Дискорд ==> https://discord.gg/ZVraFen.  Телега ===> https://t.me/ReviZzZor0   Всех Жду!  ЮТУБ https://www.youtube.com/channel/UCeQXAAbmhaLtwaBmpzSN5kw    TIKTOK  https://www.tiktok.com/@revizzzor0_twitch.tv? для Клипов и преколдесов Всем отвечаю :)
[18:17:24]  noobpegas: Беларуский древнее  российского(держу в курсе).
[18:17:40]  noobpegas: как он может быть смесью)?
[18:17:43]  wenyaua: Ага, у Олсиора ноют, что нихера не понимают, так что пиздеж, 99% россиян не понимают украинский
[18:18:04]  vadosiktv: У них проблема с нашим «и»
[18:18:07]  galoisgroup: понимают украинский особые люди :)
[18:18:08]  vadosiktv: LUL
[18:18:29]  wellchuck: Ну если не будут выё*оваться, то будут понимать.. Вопрос в желании, вот и всё. Уже проверено было на одном дурачке :) . Это какой-то прикол у многих расисян - "Та какая разница на каком языке? Говори на русском" :)
[18:18:53]  wellchuck: Не у всех, но у многих
[18:19:30]  noobpegas: Я з беларусі і мне ўсё зразумела што вы кажэце на украінсой мове.
[18:19:38]  galoisgroup: тут так, кто изучал славянские языки, тому проще, даже церковнославянский
[18:19:50]  aimion: Я с Беларуси, понимаю 98% того что говорят в видео EZ
[18:20:07]  wellchuck: @noobpegas я тебе больше скажу... я понимаю ваш язык, прям как родился с ним.. но сказать толком нихрена не могу LUL
[18:20:30]  noobpegas: LUL
[18:20:31]  fullerock: @wellchuck, revizzFact LUL
[18:21:18]  oxpehehhbiuhuk: Так я про это и говорю. Я то же из Беларуси с рождения. Но не изучал Белорусский. И понимаю о чем говорят. Вот что меня удивляет
[18:22:10]  nightbot: Отправить Помощь Ведущему .https://destream.net/live/revizzzor0/donate,Гривны - https://donatello.to/revizzzor0 Рубли - https://www.donationalerts.com/r/revizzzor0  PayPal crafty1love@gmail.com,
[18:22:10] Announcement
[18:22:44]  awesomedude06: йо, приветули, че как харьков? на пути к победе и освобождению?
[18:22:56]  wellchuck: Лукашенко Keepo
[18:23:23]  fullerock: лукашенко тут забанен заочно chmokiDoge
[18:23:37]  ossscarq: я повернув в мене щось було з інетом я багато пропустив ?
[18:24:00]  wenyaua: У них тоже проблема с соседом, который может и БНР сделать
[18:24:19]  fullerock: @ossscarq, не багато, інтерв'ю і балачки
[18:24:21]  jozyk: пишут что Харьков тревога 10 мин назад
[18:24:59]  ossscarq: @fullerock дякую
[18:26:01]  wellchuck: Та то случайно нажали на кнопку, а если шото бахает, то это окупантов пердолят и выгоняют их домой :)
[18:26:09]  nightbot: ПлатОЧКА. Платная подписка тут, Фирменный Йода возле значка === > https://www.twitch.tv/subs/revizzzor0 Потоки каждый день,Chill and fun!Коршуна в чат!
[18:26:37]  awesomedude06: если займем вовчанск можно будет говорить что берем их в котёл?
[18:26:44]  oxpehehhbiuhuk: Оооо. Ревыч. Я тут одного достал конкретно. Я его исправлял по началу, но он всё время произносил "на Украине" , я тогда начал "НА россии". Он меня поправлял, потом начал бесится, а потом начал по тихоньку говорить "в Украине"
[18:27:18]  fullerock: @OXPEHEHHbIUHuK а ты хорош SeemsGood
[18:27:30]  oxpehehhbiuhuk: Ибо нехрен
[18:28:35]  galoisgroup: в чернозём Украины
[18:28:35]  oxpehehhbiuhuk: Ну на моём счету один сбитый. Теперь он говорит "В Украине"
[18:28:40]  wellchuck: Зачем исправлять человека, если это проблема его образования? Вам же не платят деньги за это.. берегите нервы :)
[18:28:42]  misha0__0: это чисто грамматическая ошибка
[18:29:00]  fullerock: Ревич прикол предлога НА как раз в том что через него ты говоришь о стране, суверенитет которой ты не признаешь, потому что это просто территория, как например донбасс это просто территория как и слобожанщина
[18:29:21]  awesomedude06: это такие же споры как "на украинском языке" та "украiнською"
[18:29:46]  wellchuck: А как ты признаешься украинцу, что ты хреново знаешь русский язык? Keepo
[18:29:48]  aquacoder: SeemsGood
[18:29:50]  wellchuck: Этож трешак
[18:30:05]  ossscarq: Я зараз так смачно поїв окрошки 😎
[18:30:30]  jozyk: положить, но класть
[18:30:41]  eazy1stdz: @ossscarq бляя, сегодня мне та окрошка снилась) тоже хочется приготовить
[18:30:45]  jozyk: за водой - как за русским кораблём ))
[18:30:52]  anton_3222: Это не ошибки, это варианты речи
[18:31:12]  anton_3222: Нет жестким правил на века, словари просто фиксируют варианты
[18:31:33]  wellchuck: ИХНИЙ
[18:31:45]  fullerock: їхній
[18:31:49]  galoisgroup: иньший
[18:32:04]  oxpehehhbiuhuk: У меня был друг. И за долго до войны мы с ним закусились. Я его поправил и сказал что правильно "В" а не "На" . Он ответил что правильно "На" по тому что Украина это не страна, а территория
[18:32:05]  aquarius022: Надевают одежду, одевают Надежду)
[18:32:06]  wellchuck: iCh nicht
[18:32:08]  jozyk: їхніх
[18:32:13]  wellchuck: KEKW
[18:32:19]  fullerock: правильно, главное не стеснятся и самосовершенствоваться
[18:32:31]  thenamelessindividual: їхні дело як казати
[18:32:50]  eg0rrio: евошний
[18:33:04]  oxpehehhbiuhuk: евоный )
[18:33:13]  fullerock: @OXPEHEHHbIUHuK вот, я про это как раз выше и написал) они тупо не признают нас независимыми
[18:33:42]  fullerock: березень
[18:33:44]  fullerock: травень
[18:33:44]  anton_3222: @oxpehehhbiuhuk ну не ради срача, а ты говоришь «в Кипр»?
[18:33:47]  oxpehehhbiuhuk: @OXPEHEHHbIUHuK ну вот по этому он и бывший
[18:33:47]  jozyk: травня
[18:34:02]  awesomedude06: март = березень май = травень
[18:34:10]  nightbot: Дискорд ==> https://discord.gg/ZVraFen.  Телега ===> https://t.me/ReviZzZor0   Всех Жду!  ЮТУБ https://www.youtube.com/channel/UCeQXAAbmhaLtwaBmpzSN5kw    TIKTOK  https://www.tiktok.com/@revizzzor0_twitch.tv? для Клипов и преколдесов Всем отвечаю :)
[18:34:16]  thenamelessindividual: @thenamelessindividual ой, справа
[18:34:29]  fullerock: @anton_3222 если остров подразумеваешь, то НА, а если страна то В
[18:34:57]  r000st: @anton_3222 Кипр это страна-остров как Куба, Мальта - там применяется предлог НА. Читай правила русского языка
[18:35:02]  awesomedude06: он же говорил что не будет больше интерью давать
[18:35:08]  anton_3222: @fullerock ну в Кипр поехал говорят редко
[18:35:10]  thenamelessindividual: @fullerock Кипр
[18:35:16]  vadosiktv: Січень, лютий, березень, квітень, травень, червень, липень, серпень, вересень, жовтень, листопад, грудень
[18:35:45]  vadosiktv: На замітку
[18:35:49]  vadosiktv: revizzUkrLove
[18:35:53]  anton_3222: @r000st так я и говорю, дело в не в том страна или нет, на Кипр как страну говорят
[18:36:00]  fullerock: а не, остров Крит))
[18:36:06]  oxpehehhbiuhuk: @anton_3222 Могу сейчас позвонить и спросить как правильно. Знакомая на днях прилетела в гости. Она замужем за киприотом
[18:36:34]  anton_3222: @fullerock Кипр тоже остров
[18:36:43]  r000st: @anton_3222 а тебе говорю страна-остров, СТРАНА-ОСТРОВ хули неясно?
[18:37:04]  fullerock: а, точно, это я с другим спутал
[18:37:08]  galoisgroup: лднр с мосинками, какие автоматы? ))
[18:37:36]  oxpehehhbiuhuk: @galoisgroup отчно. купили в военторге ))
