# Start logging at 2022-05-09 22:58:16 RTZ 2 (зима)
[22:58:16]  anguisich: @BisMinds че ты несешь чееел, преимущество щас на украинской стороне
[22:58:18]  kimka666: @love_rov потому что этого не произошло бы
[22:58:20]  rastagangstar: @love_rov лол не было бы такого
[22:58:21]  bisminds: @babam за что воюют пацаны с украинской стороны? они же явно понимают, что военной победы у них не будет, смысл жизни отдавать?
[22:58:26]  fulgro: LUL LUL LUL LUL
[22:58:27]  sir_cook: ничего не решится раз и навсегда, наоборот это теперь кровная вражда на сотни лет
[22:58:32]  ah6y: @love_rov лол
[22:58:37]  kimka666: Сказки, согласен!  для дураков!
[22:58:39]  macdee59rus: @Babam Тоесть мирного решения этого вопроса не существовало?
[22:58:39]  djanap: @kimka666 Русский подучи чтоб такое писать
[22:58:41]  borntogrumble: Ахахахаха
[22:58:41]  macanama45: а с какого фига россия давала ультиматум Украине?
[22:58:45]  borntogrumble: Все бы помогали
[22:58:46]  fonliberman: @fonliberman Считаю, что в 2014 мы были не готовы.
[22:58:50]  izvinisdone: ахахха так и вижу как америка и запад поставляет орудие России
[22:58:51]  seryozhenka5: @sir_cook японцам расскажешь про сотни лет
[22:58:56]  kimka666: @djanap сам подучи, глупыш
[22:59:06]  rastagangstar: @Babam Ленд-лиз одобрили в январе, и планы на Донбасс и Крым нашли, укры готовились к штурму Донбасса, а затем должен был быть Крым
[22:59:08]  0wl3: @bisminds А русские пацаны за что воюют на чужой земле?
[22:59:09]  sir_cook: @Seryozhenka5 и что мне им рассказать
[22:59:15]  love_rov: ну вот и все. россия агресор.
[22:59:18]  dnojizni: а я сейчас вам покажу откуда на беларусь
[22:59:20]  dedyulya: это не сказки,что украина бы напала!расскажи это Лукашенко!
[22:59:20]  explorer_cs: @izvinisdone такое уже было
[22:59:21]  rastagangstar: @Babam точнее закон о ленд-лизе создали в январе
[22:59:32]  kimka666: @love_rov именно! так - агрессор!
[22:59:34]  egaggg: @sir_cook лучше извинись просто
[22:59:37]  seryozhenka5: @sir_cook какие сотни лет, ты шутишь что ли
[22:59:45]  djanap: @kimka666 с какого перепуга я глупыш а пёсик
[22:59:45]  dizelin: Чат, без оскорблений друг друга.
[22:59:45] Announcement
[22:59:46]  bandera_if: @0wl3 микроволновки, стиралки и т.п.
[22:59:46]  stork2k: @0wl3 Это русская земля!
[22:59:49]  toprox: @Babam Так нет, Путин сам говорил, что если драка неизбежна, то нужно бить первому.
[22:59:56]  sir_cook: ладно извините
[22:59:57]  kimka666: @dedyulya АХахах, лукашенок))) А Я ВАМ СЕЕЙЧАС ПАКАЖУ АТКУДА ГОТОВИЛОСЬ НАПАДЗЕНИЕ
[23:00:03]  anguisich: @rastagangstar так и что? какое россии дело до украинского крыма и донбасса?
[23:00:15]  0wl3: @stork2k Ну с тобой все ясно Jebaited
[23:00:19]  dizelin: LUL
[23:00:21]  420_louis: не так страшен ленд-лиз, вот если Украина расчехлит своё секретное оружие, тогда будет страшно. говорят у Арестовича есть "дупомëт" 15500 миллиметров снаряды, стреляет кассетными поляницами (
[23:00:23]  sir_cook: слушайте, а других примеров нет?
[23:00:25]  rastagangstar: @anguisich наверное он не Украинский :) с 2014 Украина сама от этих областей отказалась
[23:00:25]  onse22: у Японии другой менталитет?
[23:00:28]  ah6y: так япония прогрессивная страна
[23:00:32]  dnojizni: она не союзник она колония
[23:00:34]  magnatbelka: @rastagangstar на донбасе живет дохера русских. вот какое дело
[23:00:37]  nightbot: Влоги, прохождения, бег голышом - https://youtube.com/babam
[23:00:40]  ah6y: а украина и россия страны периферии
[23:00:41]  bicelapus: @Babam то есть надо 2 ядерки..., записали
[23:00:41]  dnojizni: там базы сша стоят
[23:00:44]  anguisich: @rastagangstar наверное он временно окупирован
[23:00:44]  macanama45: ну всеравно япония без америки б сгнила, а украине без росии будет намного лучше
[23:00:46]  love_rov: вот когда россия ввольет столько денег в Украину сколько США в Японию. вот тогда мы подумаем
[23:00:50]  explorer_cs: @Babam ты забываешь, что ЛДНР официально попросили Россию вмешаться.
[23:00:51]  ornstein_dragon_slayer: hey
[23:00:53]  ikunqa: меня ущемляют твои слова!
[23:00:58]  rastagangstar: @anguisich это тебе говорит пропаганда, а оккупирован он видимо русскими жителями
[23:00:59]  ornstein_dragon_slayer: Happy victory day!
[23:01:02]  stork2k: @0wl3 А когда ты её завоевал? под флагом своим
[23:01:12]  tofunky: -Видео в донате, как всегда...
[23:01:13]  rastagangstar: @anguisich которые там жили со времен 2 крымской войны
[23:01:22]  macanama45: ну всеравно япония без америки б сгнила а Украине без росии будет намного лучше
[23:01:23]  bicelapus: @Ornstein_Dragon_Slayer thanks a lot, u too!
[23:01:26]  nightbot: Ходячий секс -> https://instagram.com/babamtv
[23:01:35]  dedyulya: меня ущемляют твои ущемления ущемленных
[23:01:41]  0wl3: @stork2k Боже…мальчик сиди молча не позорься
[23:01:41]  ikunqa: @Babam моему другу в поддержке Яндекс Еды не отвечают уже 15 минут...
[23:01:43]  iz_waaag: помню картинку в западных СМИ первых 2х дней когда была война в Грузии. зато потом все западные СМИ показывали вторжение России в грузию
[23:01:47]  anguisich: @rastagangstar в карелии живут фины, отдавайте ее финам
[23:01:48]  babambot: Телеграм стримера! - https://t.me/babamofficial
[23:01:51]  onse22: в 1999 г тебе сколько было? 10 @Babam
[23:01:55]  sir_cook: германия и япониям признали шо были не совсем правы и попустились, а в данном конфликте по вашему украина попустится и признает нацизм у себя на территории чи шо
[23:01:57]  soharm: @Babam люди задают вопрос кто такая россия чтобы ставить вопросс ребром, но в этом то и проблема в сложившейся ситуации что вообще стоит вопросс кто такая россия
[23:02:11]  stork2k: @0wl3 В от личии от девочек - я мальчик !
[23:02:16]  rastagangstar: @anguisich обязательно, пусть приходят и забирают, если могут
[23:02:24]  nightbot: Ворвись в клан отчаянных извращенцев став сабскрайбером!
[23:02:25]  love_rov: от шизоид
[23:02:32]  anguisich: @rastagangstar так ты подтверждаешь что вы забрали все таки, чел отлета
[23:02:34]  onse22: может им лень было. Они послушали Жириновского и списали домашку?
[23:02:39]  rastagangstar: @anguisich кстати Финляндия была в составе Российской империи
[23:02:45]  0wl3: @stork2k Каждым сообщением ты доказываешь свою глупость
[23:02:56]  anguisich: @rastagangstar москва была в составе орды
[23:03:04]  rastagangstar: @anguisich Карелия - автономная республика?
[23:03:08]  ikunqa: ОН СКАЗАЛ ГИТЛЕР!
[23:03:16]  iz_waaag: жириновский прав, как не крути
[23:03:16]  nightbot: Анонсы стримов, общение с Бабамычем, свежайшие новости - vk.com/babamtv
[23:03:36]  love_rov: хахахаххах
[23:03:46]  mamadvoini: добрый вечер из Одессы. у нас 7 взрывов
[23:03:46]  rastagangstar: @anguisich ну наверное Финляндия и другие страны придут расхватывать кусочки, когда в Москве произойдет переворот, как у вас. Чего так активно добиваются англосаксы и их шакалы
[23:03:52]  kimka666: Хорошо, что жирик кончился, столько говна наделал
[23:03:59]  thecleverest: М
[23:04:05]  ragnarrrrrrrrr: @kimka666 например
[23:04:10]  soharm: @Babam люди задают вопрос кто такая россия чтобы ставить вопросс ребром, но в этом то и проблема в сложившейся ситуации что вообще стоит вопросс кто такая россия
[23:04:11]  karbofos111: вражда будет если Россия не выполнит поставленных целей. А так, развернут излучатели, и все будут друзьями. @Babam
[23:04:12]  nightbot: Задонатить Бабамычу и воодушевить его на подвиги можно тут: http://www.donationalerts.ru/r/babam_official
[23:04:15]  gblpower: умнейший мужик
[23:04:19]  stork2k: @0wl3 Вопрос не к моей глупости а к птвоим победам был. Образумь меня невежу
[23:04:35]  love_rov: нато это оборонительный союз маленьких стран от ссср. вот и все
[23:04:37]  qwewqa: Сколько его не хейтят, но чел реально был умён
[23:04:49]  soharm: @Babam люди задают вопрос кто такая россия чтобы ставить вопросс ребром, но в этом то и проблема в сложившейся ситуации что вообще стоит вопросс кто такая россия
[23:04:50]  rastagangstar: @love_rov а почему у них наступательное вооружение?
[23:05:00]  nikita1841: EZ
[23:05:00]  agilityrespect: хахахаах
[23:05:03]  ragnarrrrrrrrr: @love_rov нато оборонительный союз PixelBob
[23:05:07]  rastagangstar: @love_rov а че НАТО в Югославии или Сирии оборонялись ?
[23:05:07]  iz_waaag: вот тут я с тобой не согласен
[23:05:09]  anguisich: @rastagangstar значит скоро придут, гл
[23:05:25]  rastagangstar: @anguisich хуй вам. Как бы вы не хотели
[23:05:37]  love_rov: @rastagangstar оифгеть вопрос. а у россии почему наступательное вооружение? логика капец у тебя
[23:05:52]  soharm: @Babam люди задают вопрос кто такая россия чтобы ставить вопросс ребром, но в этом то и проблема в сложившейся ситуации что вообще стоит вопросс кто такая россия
[23:06:12]  rastagangstar: @love_rov стрелки не переводи, почему у оборонительного альянса наступательное вооружение?
[23:06:18]  0wl3: @stork2k Отдыхай,победитель FailFish
[23:06:32]  ragnarrrrrrrrr: НАТО за всю свою историю не провела ни одной оборонительной операции, только нападали, какой "оборонительный" союз PixelBob
[23:06:34]  l1score: @soharm смотри первый стрим
[23:06:38]  rastagangstar: @love_rov и что этот альянс оборонял в Сирии и Югославии
[23:06:49]  mrbodyart: кто такие ваши США CoolStoryBob
[23:06:52]  soharm: так я и о томже задаю вопросс
[23:06:53]  dizelin: "Это Россия!" (с) Жириновский
[23:06:56]  stork2k: @0wl3 Учи уроки истории девочка, потом бочку кати.
[23:06:58]  soharm: а не вопреки
[23:07:13]  ratioshmatio: Кто такая Россия? Вы на карту давно смотрели?
[23:07:14]  rastagangstar: у Израиля индульгенция, потому что жертвы Холокоста
[23:07:15]  explorer_cs: @Babam подобные вопросы могут задавать только инфантильные дети
[23:07:25]  l1score: "Это Россия!" (с) Жириновский
[23:07:29]  rastagangstar: геноцид палестинцев наверное уже превысил по числу жертв холокост
[23:07:36]  antoshka_tyapkino_01ua: Чей Крым браза ? @Babam
[23:07:41]  love_rov: @rastagangstar ты издеваешься? в любой армии есть разные виды вооружения. при чем тут перевод стрелок. это аналогичный вопрос. не зависит обороительный или нет от состава вооружения. то же самое и россии касается.
[23:07:42]  iz_waaag: Израиль друг сша
[23:07:50]  iz_waaag: Турция друг сша
[23:07:53]  bandera_if: @Babam насчет уничтожить США е сть вопрос. Уже увидели 2-ю армию мира.
[23:07:59]  rastagangstar: @love_rov на кого Россия за 30 лет напала? кроме Украины?
