# Start logging at 2022-05-11 18:09:43 RTZ 2 (зима)
[18:09:43]  vsem_moderam: @st_dmitry Приветствую, Дмитрий mwah
[18:09:45]  green5601: catJammer
[18:09:46]  phontum: @C_a_k_e а ты историю своего ника на твиче рассказывал?
[18:09:48]  psihoz_ykt: Кстати чат, кто вчера весь стрим смотрел, после кучи арен с рисунками было че интересного?
[18:09:57]  space_cowgirl: PianoTime
[18:09:57]  st_dmitry: @ilyufi @theLEO @Aleksey_I HappyCat <3
[18:09:57]  moobot: Регистрируйся в приложение Winline и получи фрибет 2000 рублей: https://bit.ly/3HKnBOY
[18:09:57] Announcement
[18:10:03]  todd_goward: RainbowPls cakeHmm RainbowPls
[18:10:04]  zhasik_0901: Подмыха передает привет чату
[18:10:06]  teplenkiyy: Го перерыв 30 мин
[18:10:08]  skyhitcher: vdshWUT
[18:10:10]  jolly551: pepePoint 🪣 👈 SataniaLaugh
[18:10:11]  monstrillllo: TowaFukireta TowaFukireta
[18:10:16] AlabamaOfficial is gifting 10 Tier 1 Subs to C_a_k_e's community! They've gifted a total of 356 in the channel!
[18:10:16] AlabamaOfficial gifted a Tier 1 sub to Bormmy!
[18:10:16] AlabamaOfficial gifted a Tier 1 sub to PROROK_JB!
[18:10:16]  honey_cake: Pog 500
[18:10:16] AlabamaOfficial gifted a Tier 1 sub to Maioneziwe!
[18:10:16] AlabamaOfficial gifted a Tier 1 sub to flamer0k!
[18:10:16] AlabamaOfficial gifted a Tier 1 sub to mrleprekon!
[18:10:17] AlabamaOfficial gifted a Tier 1 sub to Velh!
[18:10:17] AlabamaOfficial gifted a Tier 1 sub to ministermaxxx!
[18:10:17] AlabamaOfficial gifted a Tier 1 sub to shazam2172!
[18:10:17] AlabamaOfficial gifted a Tier 1 sub to g0epic!
[18:10:17] AlabamaOfficial gifted a Tier 1 sub to pr1hod!
[18:10:20]  trimetral: AlabamaOfficial Pog cakeHi cakeHi cakeHi
[18:10:20]  honey_cake: Pog
[18:10:20]  kageosasaeru: Pog
[18:10:21]  theleo: @st_dmitry, SeriousSloth /
[18:10:23]  mcxinus: @C_a_k_e у тебя реклама была тогда?
[18:10:23]  owner322228: 228
[18:10:24]  space_cowgirl: Pog
[18:10:24]  shazam2172: @AlabamaOfficial, спасибо за подписку в подарок!
[18:10:25]  tarantino1337: DODGE EZ
[18:10:28]  weekly16: VIBE VIBE
[18:10:29]  morder380: @AlabamaOfficial marinHappy Pog
[18:10:30]  lokaldes: EZ
[18:10:30]  ministermaxxx: ЕС
[18:10:30]  saiwode: Привет малютки KannaHi YuiAww
[18:10:30]  nordoff: PogChamp
[18:10:31]  dimsaer: Pog
[18:10:31]  anarki_o: X олололо
[18:10:32]  detslakaletruk: Pog
[18:10:34]  bormmy: @AlabamaOfficial, спасибо за подписку в подарок!
[18:10:34]  ministermaxxx: ОТ души
[18:10:34]  frister: @AlabamaOfficial мимо получается
[18:10:35]  monstrillllo: не поймал SadCat
[18:10:37]  vsem_moderam: @C_a_k_e Здарова Кексарчик
[18:10:41]  n1kiot: @alabamaofficial промахнулся давай ещё раз
[18:10:42]  cantaloupetv: catKISS  catKISS  catKISS
[18:10:43]  skyhitcher: vdshSuda
[18:10:43]  gleb_frutez: ку
[18:10:43]  todd_goward: PETTHECAKE
[18:10:47]  ilyufi: @st_dmitry, @morder380, rukopojatie
[18:10:48]  encorejke: ???
[18:10:49]  st_dmitry: @monstrillllo BigSad <3
[18:10:55]  monstrillllo: 10 месяцев SataniaLaugh
[18:10:58]  jolly551: @AlabamaOfficial спасибо за 10 месяцев Giggles
[18:10:58]  vsem_moderam: @ilyufi POGGIES Привет
[18:10:58]  morder380: @ilyufi catEXCITE
[18:11:01]  sonoluminat: у меня на айпаде пропала кнопка подписаться
[18:11:01]  lakaisky: 10 месяцев пог
[18:11:05]  iicrossii_euw: не знаю,на меня не подписываются
[18:11:07]  archangel2014: Kappa
[18:11:09]  alabamaofficial: @Jolly551 Giggles
[18:11:09]  moobot: Зритель! Подписывайся на группу ВК: http://vk.com/cakestream , а также подписывайся на канал YT: http://youtube.com/cakestream - там хранятся диафильмы социальных экспериментов и бьюти-блогов! | https://www.instagram.com/cakestream/
[18:11:10]  megodoter: @C_a_k_e через сколько гудок примерно подойдет?
[18:11:11]  notonlyloliconsir: Привет Чач guraWave Кирилл cakeW
[18:11:11]  kageosasaeru: Бабки были у подъезда...
[18:11:11]  theleo: D:
[18:11:11]  mcxinus: @C_a_k_e еще на овенеде была реклама
[18:11:12]  psihoz_ykt: @C_a_k_e Зато тогда был лучший прогеймер с выбитыми зубами, а щас...
[18:11:15]  veronika_reshila_umeretb: Я приготовил поесть пора играть :) @c_a_k_e
[18:11:15]  ufo_one: мат
[18:11:18]  a1rok: D;
[18:11:18]  dennismonsta: D:
[18:11:19]  alonkir: 10 месяцев LUL
[18:11:20]  a1rok: D:
[18:11:20]  morder380: @NotOnlyLoliconSIR catKISS
[18:11:21]  ministermaxxx: @AlabamaOfficial спасибо
[18:11:21]  peper0ni: @C_a_k_e у твича наверно валютный курс другой, вот и получается меньше 1 доллара за саба
[18:11:22]  jolly551: @AlabamaOfficial новая коробочка BRUHBRUH
[18:11:23]  wodewills: @C_a_k_e  ты знал, что будут бабки
[18:11:24]  monstrillllo: я да PoroSad
[18:11:25]  st_dmitry: @veronika_reshila_umeretb Giggles <3
[18:11:27]  peesick: я люблю Кекса
[18:11:29]  wodewills: Ты проницательный
[18:11:30]  alanor4: Я с мамой смотрю не матерись
[18:11:35]  slavnoo: cakeRun
[18:11:35] slavnoo subscribed at Tier 1. They've subscribed for 9 months, currently on a 9 month streak!
[18:11:35]  a_o_w: slavnoo! cakeBlago дарю, что остаётесь в строю уже 9 месяц! cakeHi
[18:11:38]  trimetral: cakeHi cakeHi cakeHi cakeHi cakeHi
[18:11:44]  fobofrost: Чела реально АЛАБАМА зовут aRolf
[18:11:45]  notonlyloliconsir: @morder380 oyaHug
[18:11:46]  skyhitcher: Каждый игрок в покер знает что дистанция все вернёт vdshCyclop
[18:11:51]  morder380: Aga
[18:11:53]  alabamaofficial: @Jolly551 catCry я не вижу
[18:11:54]  mrandr0: @C_a_k_e в Songs of Conquest пойдешь?
[18:11:55]  st_dmitry: @NotOnlyLoliconSIR CatAHomie <3
[18:11:58]  azazavr_: пересмотре стрим немного вчера ? понял как ты тупил?)
[18:11:58]  psihoz_ykt: @C_a_k_e Если ты далеко глядишь, стоит ли уже вкладываться в крышки, или еще рано?
[18:11:59]  lanxq_: надо просто 6 лет питаться воздухом и жить на улице Stare
[18:11:59]  1nversus: @C_a_k_e классный трек, раньше его часто слушал.
[18:12:00]  ilyufi: rukopojatie  @VSEM_MODERAM,
[18:12:02]  xzkpoiiika_ehotzx: Дистанция, это же база
[18:12:03]  alabamaofficial: @Jolly551 marinHappy а во вижу
[18:12:04]  veronika_reshila_umeretb: @st_dmitry PotFriend
[18:12:04]  mrdickjohns0n: MyAvatar
[18:12:10]  monstrillllo: WideCakeW просто подожду
[18:12:14]  alabamaofficial: @Jolly551 Aga ту ти сам дизайн коробочек обновили
[18:12:16]  katz1_: @C_a_k_e привет, покажи бицуху
[18:12:17]  l_wzor_l: @C_a_k_e без вас не было бы столько крутого контента, хорошо, что вы можете этим зарабатывать
[18:12:20]  alfa_future_people: VIBE
[18:12:20]  hensydesmond: @C_a_k_e фростпанк дропнули?
[18:12:20]  todd_goward: boomerTUNE
[18:12:21]  jolly551: @AlabamaOfficial Aga
[18:12:25]  superchampion1982: @C_a_k_e Первые твои зрители уже бабки =)))
[18:12:26]  alonkir: @1nversus зато контент
[18:12:27]  mortred666777: надо брать
[18:12:27]  indigo71rus: @c_a_k_e Кирилл сегодня с Максом будите тоже на чилле разгадывать?
[18:12:29]  st_dmitry: @KaTz1_ catMeow <3
[18:12:31] cantaloupetv is gifting 10 Tier 1 Subs to C_a_k_e's community! They've gifted a total of 37 in the channel!
[18:12:31]  peesick: А что за игруха?
[18:12:32]  whothehellaru: Какая красивая аватарка у канала  FeelsOk
[18:12:32] cantaloupetv gifted a Tier 1 sub to voyagerlike!
[18:12:32] cantaloupetv gifted a Tier 1 sub to Shooter7974!
[18:12:32] cantaloupetv gifted a Tier 1 sub to SaerosOd!
[18:12:32] cantaloupetv gifted a Tier 1 sub to tarantino1337!
[18:12:32] cantaloupetv gifted a Tier 1 sub to ricardo_flexovi4!
[18:12:33] cantaloupetv gifted a Tier 1 sub to ded_bupa!
[18:12:33] cantaloupetv gifted a Tier 1 sub to chester_yo!
[18:12:33] cantaloupetv gifted a Tier 1 sub to Laz1ness_!
[18:12:33] cantaloupetv gifted a Tier 1 sub to getjump!
[18:12:33] cantaloupetv gifted a Tier 1 sub to ctrons!
[18:12:36]  trimetral: cantaloupetv Pog cakeHi cakeHi cakeHi
[18:12:37]  zhasik_0901: @C_a_k_e интервью у Дудя с Тиньковым смотрел?
[18:12:38]  mortred666777: хуй
[18:12:38]  katz1_: @st_dmitry AYAYA
[18:12:41]  destgin: ещё 10 месяцев
[18:12:44]  monstrillllo: BRUHBRUH саб трейн
[18:12:45]  nosokk3: Jebasted Jebasted
[18:12:46]  alabamaofficial: marinHappy хайповоз приехал marinHappy
[18:12:47]  to_opt1: дед
[18:12:47]  lanxq_: aRolf
[18:12:47]  alanor4: Ого
[18:12:49]  cyhi: billyPower
[18:12:50]  l1kiru: catArrive
[18:12:50]  saiwode: SataniaLaugh
[18:12:51]  veronika_reshila_umeretb: А мне KEKWait
[18:12:51]  sunfero: Машина
[18:12:51]  dennismonsta: GIGACHAD
[18:12:52]  agadapoison: машина
[18:12:53]  l1kiru: привет всем в чате guraWave
[18:12:54]  71yarik71: Много дрочил Pog
[18:12:54]  luckylakee: Клевый подмышки
[18:12:55]  notonlyloliconsir: @AlabamaOfficial Алабамыч привеет guraWave
[18:12:55]  tarantino1337: Залетела сабка KEKWait
[18:12:56]  primary_alex: @C_a_k_e перелом, звони в скорую
[18:12:57]  alabamaofficial: marinHappy наконец-то ластецкий смайлик получу marinHappy
[18:12:57]  detslakaletruk: нужно ввести счетчик вопросов про фростпанк 4HEader
[18:12:57]  getjump: PogChamp
[18:12:57]  st_dmitry: @Cyhi catEXCITE <3
[18:12:58]  moobot: Получи пиццу «Аррива!» 25 см в подарок от Додо Пиццы! Используй промокод CAKE к заказу от 1175 ₽ Ссылка: https://bit.ly/3pf8wwB
[18:12:58]  kageosasaeru: @C_a_k_e показатели шарика увеличились, или все те же 9к?
[18:13:02]  prost0_eg0r: Здорова Кирилл @c_a_k_e
[18:13:02]  kontraler11: @C_a_k_e А в недвижимость не думал вложиться?
[18:13:04]  cyhi: @st_dmitry HMmm
[18:13:07]  cantaloupetv: flushedtyan
[18:13:09]  1nversus: @1nversus ?
[18:13:09]  0xe_1: и не смотри
[18:13:11]  st_dmitry: @l1kiru catArrive <3
[18:13:12]  skyhitcher: Сильно
[18:13:13]  gand_two: промазал
[18:13:13]  chatterer5: @C_a_k_e ну биток не 1ый раз так падает, потом рос раньше
[18:13:15]  alabamaofficial: @NotOnlyLoliconSIR notonlD  привет лоля notonlXD
[18:13:18]  indigo71rus: сегодня разваливал дедов?
[18:13:18]  todd_goward: @C_a_k_e вот это банки lickL
[18:13:21]  saiwode: @l1kiru guraWave
[18:13:21]  gordory: ПОТНИЧИ ПОКАЗАЛ cakeTox
[18:13:23]  kageosasaeru: угу
[18:13:29]  rambulya: TowaFukireta
[18:13:29]  saerosod: @cantaloupetv Привет ты че одурел cakeRage
[18:13:30]  tw1ns3222: @c_a_k_e досмотрел атаку титанов? я только оттуда и кайф твое мнение
[18:13:35]  nagissafuruwaka: Depressed  Хорошего вам дня и вечера Дамы и Господа, и Кирилл и хорошего стрима guraWave
[18:13:36]  l1kiru: @st_dmitry @Cyhi @AlabamaOfficial @Saiwode catEXCITE
[18:13:40]  theleo: Почему бетховен проседать стал, эксперты?
[18:13:42]  green5601: gachiHug
[18:13:42]  notonlyloliconsir: @AlabamaOfficial Как работка? А то я все с игрой сижу уже 5 сутки monkaIncredible
[18:13:43]  nikitkasuperhero: @C_a_k_e стоит ли вкладываться в триметрал?
[18:13:47]  0xe_1: занимался, но не в зале KappaPride KappaPride KappaPride
[18:13:48]  lanxq_: ЭТО КТО monkaW
[18:13:53]  andreich39: guraWave
[18:13:55]  looqich: SchubertWalk после дня ног
[18:13:58]  cyhi: @l1kiru AREYOUARAT
[18:13:58]  monstrillllo: peepoChat peepoChat peepoChat peepoChat
[18:14:01]  notonlyloliconsir: @nagissafuruwaka guraWave guraWave
[18:14:02] 凵山山山山山山山山山山凵 uwwwwwwwwwwwwwwwwwwwwwwwu: guraWave
[18:14:03]  siralexlancelot: это макс, сын вудуша?
[18:14:04]  l_wzor_l: @C_a_k_e расскажи ка дела с дедами по теннису, что получается, что не очень, чему бы хотел научиться
[18:14:04]  st_dmitry: @nagissafuruwaka не грусти - ведь ты крол VIBE <3
[18:14:04]  sonoftreant: зачем нужен день ног, лол
[18:14:04]  morder380: @nagissafuruwaka oyaHug Дарова catEXCITE <3 catKISS
[18:14:08]  alabamaofficial: @NotOnlyLoliconSIR SataniaLaugh ну я примерно как и ты, только уже последние пол года SataniaLaugh
[18:14:08]  mrandr0: @C_a_k_e будешь в Songs of Conquest играть?
[18:14:17]  morder380: @l1kiru catKISS
[18:14:18]  alabamaofficial: @l1kiru notonlOhrly  салам
[18:14:19]  nagissafuruwaka: @st_dmitry  @morder380  oyaHug  HappyCat  <3
[18:14:25]  l1kiru: @morder380 guraWave catEXCITE
[18:14:27]  st_dmitry: @凵山山山山山山山山山山凵 @Saiwode YuiAww <3
[18:14:30]  ilyufi: @nagissafuruwaka, привет mwah и тебе хорошего просмотра <3 🍑
[18:14:35]  notonlyloliconsir: @AlabamaOfficial Када отдыхать? XyliPizdish
[18:14:36]  l1kiru: @ilyufi catEXCITE
[18:14:38]  tw1ns3222: @c_a_k_e там же еще продолжение должно быть
[18:14:39]  zhasik_0901: @C_a_k_e мультитрансу
[18:14:42]  saiwode: @nagissafuruwaka KannaHi oyaHug
[18:14:43] 凵山山山山山山山山山山凵 uwwwwwwwwwwwwwwwwwwwwwwwu: @st_dmitry catDrinking
[18:14:46]  anarki_o: WutFace
[18:14:46]  alabamaofficial: @NotOnlyLoliconSIR catCry на том свете
[18:14:49]  nikitkasuperhero: сливаю койны в унитаз
[18:14:50]  mertc_xd: Чат, посмотрел 1 серию титосов на половину, это же пиздец как скучно, надо подождать чи шо?
[18:14:51]  luckylakee: 3/4
[18:14:52]  morder380: D:
[18:14:53]  redbull_x_: будем
[18:14:53]  monstrillllo: не надо D:
[18:14:54]  nagissafuruwaka: @ilyufi  mwah  🍑 <3 И тебе catMeow
[18:14:56]  todd_goward: не говорите
[18:15:03]  notonlyloliconsir: @AlabamaOfficial monkaIncredible Звучит вполне реально на самом деле monkaIncredible
[18:15:04]  to_opt1: aRolf
[18:15:09]  lokaldes: KEKW
[18:15:09]  skyhitcher: На мосту хорошая сцена была
[18:15:10]  alabamaofficial: catCry
[18:15:10]  nagissafuruwaka: @Saiwode  KannaHi  oyaHug
[18:15:11]  kageosasaeru: D:
[18:15:13]  zhasik_0901: KEKL
[18:15:18]  monstrillllo: вы че делаете PoroSad
[18:15:19]  sonoftreant: D:
[18:15:19]  st_dmitry: SataniaLaugh
[18:15:20]  encorejke: LULW
[18:15:20]  saiwode: @st_dmitry guraWave PetTheGirl
[18:15:20]  foxyfox_f: SataniaLaugh Я понял
[18:15:25]  kot_v_kedax: https://www.multitwitch.tv/c_a_k_e/goodoq
[18:15:25]  akeoshi: catArrive
[18:15:26]  alabamaofficial: @NotOnlyLoliconSIR SataniaLaugh  конечно реально, все там будем
[18:15:27]  danilawarrior: KEKW
[18:15:27]  morder380: Они про чо?
[18:15:29]  st_dmitry: FoxyFox_F PETTHEVULPES
[18:15:35]  l1kiru: @FoxyFox_F catEXCITE
[18:15:37]  redbull_x_: KEKW
[18:15:43]  foxyfox_f: @st_dmitry Хай vicksyGasm vicksyHappy
[18:15:46]  ukitashi: peepoRain  peepoRain
[18:15:47]  kageosasaeru: KEKW Замутился
[18:15:50]  azazavr_: разговоры ни о чём
[18:15:50]  todd_goward: да говорите уже прямо
[18:15:51]  notonlyloliconsir: @AlabamaOfficial Сначала игру сделаю которую хочу, а дальше можно и помирать Aware
[18:15:53]  alecs_048: Ты че
[18:15:54]  monstrillllo: скажите как они закончат PoroSad
[18:15:59]  nagissafuruwaka: @cantaloupetv  slapahomie  guraWave  oyaHug
[18:15:59]  moobot: Найди товары вместе с Алисой. Просто спроси в приложении Яндекс: «Алиса, где дешевле» — https://ya.cc/t/vqBTNdUM3PWfGJ
[18:15:59] Announcement
[18:15:59]  notonlyloliconsir: @FoxyFox_F guraWave guraWave
[18:16:11]  foxyfox_f: @l1kiru vicksyHug vicksyPet
[18:16:15]  kageosasaeru: @C_a_k_e Армин Сломал Муравьиный домик? D:
[18:16:16]  getjump: Атака титанов после первого второго сезона полная параша, i have spoken
[18:16:19]  alabamaofficial: @NotOnlyLoliconSIR squchaNodders  а так по ощущениям, сколько времени может занять?
[18:16:19]  tw1ns3222: ну сцены драк топ же нет
[18:16:20]  st_dmitry: @monstrillllo приходи на след стрим Aga
[18:16:22]  monstrillllo: cakeW
[18:16:23]  akeoshi: @AlabamaOfficial, smugSway
[18:16:27]  katochi92: наруто
[18:16:29]  foxyfox_f: @NotOnlyLoliconSIR vicksyTH vicksyTap
[18:16:29]  morder380: aRolf
[18:16:29]  lanxq_: Наруто :)
[18:16:31]  nikitkasuperhero: @Kot_v_KeDaX https://www.twitch.tv/c_a_k_e/squad - так не удобнее? можно между стримаками переключаться
[18:16:38]  bormmy: Блич
[18:16:41]  litriche: Jojo
[18:16:42]  monstrillllo: @monstrillllo отличное предложение Aga
[18:16:43]  l1kiru: 4Head
[18:16:44]  alabamaofficial: BASED  давй предложим посмотреть "безумный азарт"
[18:16:44]  coffeeoktv: @C_a_k_e посоветуй аниме с членами поплакать. друг спрашивает
[18:16:44] 凵山山山山山山山山山山凵 uwwwwwwwwwwwwwwwwwwwwwwwu: Блич Aga
[18:16:45]  st_dmitry: D:
[18:16:45]  katochi92: Наруто арка с нападением на 3 хокаге
[18:16:45]  letitgay: monkaS
[18:16:47]  morder380: 4HEader
[18:16:47]  alabamaofficial: Ту-туууу HypePopcorn
[18:16:48]  maksimumzzz: Ту-туууу HypeLurk
[18:16:48]  nikitkasuperhero: Ту-туууу HypeLurk
[18:16:49]  cantaloupetv: Ту-туууу HypeLurk
[18:16:50]  pesky_dog: @monstrillllo кекс сказал, что будет стрим спойлеров, так что смотри без звука ZreknarF
[18:16:50]  ilyufi: monkaW
[18:16:51]  kageosasaeru: все так
[18:16:52]  golduha: D:
[18:16:53]  kimimaro1212: @C_a_k_e на какой серии ххх?
[18:16:54]  lokaldes: D:
[18:16:56]  alanor4: cakeD cakeD
[18:16:56]  akira0385: боку но пико
[18:16:57]  monstrillllo: Aga интересная тема
[18:16:58]  tweetypie_: KEKL
[18:17:01]  bouhbepecka: хисока
[18:17:01]  morder380: KEKL
[18:17:04]  andreich39: KEKL
[18:17:05]  dimsaer: KEKL
[18:17:06]  todd_goward: @C_a_k_e сейчас многих стримеров называют дедами. Как теперь отличать одного деда от другого по названия "Дед"?
[18:17:07]  behtujirt0p: KEKL
[18:17:07]  i_height_people: а может какое-то нормальное аниме посоветовать? :)
[18:17:09]  mortred666777: YEP
[18:17:09]  epseel: KEKL
[18:17:09]  saiwode: KEKL
[18:17:10]  alabamaofficial: @Akeoshi guraWave салам братик
[18:17:10]  cantaloupetv: PepeLaugh  PepeLaugh  MegaLUL  MegaLUL  MegaLUL
[18:17:12]  ilyufi: PepeLaugh
[18:17:12]  st_dmitry: @letitgay @TweetyPie_ catKISS <3
[18:17:12]  pluhe7: stare
[18:17:15]  morder380: PepeLaugh
[18:17:16]  foxyfox_f: @AlabamaOfficial Добрый вечер, Братик vicksyFox1 vicksyFox3 vicksyBounce
[18:17:16]  lewmur_bot: созданный в бездне например, там еще больше педофилии
[18:17:18]  letitgay: @st_dmitry cirHi
[18:17:18]  jolly551: ХИСОКА ЛУЧШИЙ <3
[18:17:20]  dennismonsta: PepeScoots
[18:17:21]  akeoshi: @ilyufi, peepoSHY
[18:17:21]  tweetypie_: @st_dmitry KannaHi
[18:17:24]  alabamaofficial: BASED ну я пишу BASED
[18:17:24]  sapien7: ХИСОКА YEP
[18:17:24]  primary_alex: @C_a_k_e у тебя тож встал, пока смотрел?
[18:17:24]  alecs_048: LUL LUL
[18:17:25]  monstrillllo: я в ахуе PoroSad
[18:17:26]  sonoftreant: люди (японцы)
[18:17:28]  letitgay: бляяяяя
[18:17:29]  ilyufi: @Akeoshi, rukopojatie
[18:17:33]  skyhitcher: vdshFish vdshFish
[18:17:34]  nordoff: HypeLurk FeelsBadMan
[18:17:34]  tutberidze: ку кекс dnaroShak
[18:17:34]  morder380: Хисока EZ
[18:17:34]  notonlyloliconsir: @AlabamaOfficial я демку полную хочу собрать, до конца месяца этого, а потом если все будет как надо уже полноценку начать делать Aware
[18:17:35]  moobot: Стрим записывается на бобину уже 20m 3s . ItsBoshyTime | Игра We Were Here Forever | Смотрит 1781
[18:17:36]  lewmur_bot: это деды старые пишут, у них это в норме
[18:17:38]  wweather_reportt: это японцы
[18:17:40]  kageosasaeru: @letitgay Hi
[18:17:40]  ilyufi: @c_a_k_e ща Максим пояснит KEKL
[18:17:43]  6tepa: @C_a_k_e  НЕ СМОТРИ КЕКС!
[18:17:44]  alabamaofficial: @FoxyFox_F squchaNodders  привет лисичанский
[18:17:44]  zhasik_0901: KEKW
[18:17:45]  slezostok: HeyGuy
[18:17:46]  letitgay: @kageosasaeru ку
[18:17:56]  sunfero: 66
[18:17:57]  st_dmitry: Ну гавно же monkaIncredible
[18:17:58]  alabamaofficial: SataniaLaugh у меня ава из "дом который построил джек"
[18:17:59]  buffy_summers: @c_a_k_e сухостой видел ?
[18:18:00]  odinprimeofficial: @FoxyFox_F rimutzFox rimutzHi
[18:18:02]  sobol_as: хантер для мальчик 8минус лет, а джо джо это для настоящих мужиков, которые тоже плачит ( Цезарь Игги Польнареф Стики Хендс всегда в наших сердцах PoroSad PoroSad PoroSad
[18:18:10]  alabamaofficial: NuAHule так норм фильм же
[18:18:10]  sillycause13: он сам пишет
[18:18:11]  ilyufi: @AlabamaOfficial, я тебя и вспоминал вчера на гг у Макса
[18:18:12]  odinprimeofficial: @letitgay rimutzHappy rimutzHi
[18:18:16]  cezman: Он больной просто
[18:18:16]  tw1ns3222: @c_a_k_e даже в атаке был момент пидофилии с Леви и клоуном,может это у Японцев так принято
[18:18:20]  l1kiru: @ODiNprimeOfficial catEXCITE
[18:18:20]  alabamaofficial: @ilyufi SataniaLaugh
[18:18:22]  foxyfox_f: @ODiNprimeOfficial vicksySmug vicksyPog
[18:18:22]  alexfomalhaut: CoolStoryBob
[18:18:22]  odinprimeofficial: @st_dmitry KaguraKiss
[18:18:23]  notonlyloliconsir: @ODiNprimeOfficial guraWave guraWave
[18:18:23]  tutberidze: KEKWait
[18:18:23]  letitgay: @ODiNprimeOfficial cirHi
[18:18:24]  cantaloupetv: PetTheFloppa  4House
[18:18:24]  morder380: monkaIncredible
[18:18:24]  riwallz: D: спойлеры
[18:18:25]  tweetypie_: LUL
[18:18:25]  katz1_: че
[18:18:27]  ruslansam1991: ухахаахахахаха
[18:18:28]  velikiygetsbi: Кекс и Гудок возвращаются в "Сетевые соски"
[18:18:28] 凵山山山山山山山山山山凵 uwwwwwwwwwwwwwwwwwwwwwwwu: trahat
[18:18:29]  st_dmitry: @ODiNprimeOfficial Kissaweeb <3
[18:18:30]  zhasik_0901: @C_a_k_e мультитрансу
[18:18:30]  tutberidze: че
[18:18:30]  jolly551: Пошёл гуглить Aga
[18:18:31]  wweather_reportt: D:
[18:18:31]  ilyufi: @AlabamaOfficial, в чате, когда показывали пацана (а у тебя такая ава и всегда думал о тебе)
[18:18:31]  odinprimeofficial: @l1kiru oyaHug
[18:18:33]  alfa_future_people: YEP
[18:18:33]  morder380: trahat
[18:18:34]  slezostok: Chill
[18:18:34]  den0v0: что за кино?
[18:18:35]  pepegamonks: че ща фильм?
[18:18:35]  l1kiru: YEP
[18:18:36]  sillycause13: Кинокритика пошла BloodTrail
[18:18:36]  prosect: как называется?
[18:18:36]  benderbendme: даже не смотрел, говорит говно maaaaan
[18:18:38]  epseel: YEP
[18:18:38]  bessart_twitch: отличные фильмы
[18:18:38]  alabamaofficial: NuAHule гудку не понравилось как трахали?
[18:18:38]  alwizard: Вообще великолепная, блять, происходит (с)
[18:18:40]  ruslansam1991: гудок охуенно пересказывает
[18:18:42]  bessart_twitch: шо он несет
[18:18:42]  odinprimeofficial: @NotOnlyLoliconSIR KaguraKiss
[18:18:43]  katz1_: Догма лучший артхаус, не для тех кому меньше 30-ти
[18:18:44]  artsx: да о чем вы если в мэри попенс, песня 33 коровы и постэр  на стене, отсылка к фильму в который брат спит со своей сестрой, убил  ее и тупо возил ее в чемодане по городу
[18:18:48]  toxist1: игра на 24 стрима PoroSad
[18:18:49]  sunfero: Догвилль заебись фильм, дудок не потянул
[18:18:50]  golduha: D:
[18:18:51]  morder380: trahat trahat
[18:18:52]  alanor4: ааа
[18:18:55]  wao47: NuAHule ну если театр...
[18:18:55]  saiwode: @ODiNprimeOfficial guraWave oyaHug
[18:18:56]  alabamaofficial: @ilyufi  smugSway  думал обо мне
[18:18:56]  odinprimeofficial: @morder380 oyaHug
[18:18:57]  alecs_048: cakeLol
[18:18:57]  midnight_w01f: Че за фильм с Кидман?
[18:18:59]  riwallz: ааа ну раз в театре то кал KEKW
[18:18:59]  moobot: Регистрируйся в приложение Winline и получи фрибет 2000 рублей: https://bit.ly/3HKnBOY
[18:18:59] Announcement
[18:19:01]  wlanw: как фильм называется?
[18:19:02]  odinprimeofficial: @Saiwode KaguraKiss
[18:19:04]  morder380: @ODiNprimeOfficial catEXCITE <3
[18:19:06]  foxyfox_f: @凵山山山山山山山山山山凵 vicksyGasm Авоооооооооу~ !
[18:19:06]  kalivanich: @Toxist1 zzzDrink zzzFat zzzCute
[18:19:09]  ukitashi: widepatArrive
[18:19:11]  todd_goward: @C_a_k_e сейчас многих стримеров называют дедами. Как теперь отличать одного деда от другого по названия "Дед"?
[18:19:14]  kageosasaeru: D:
[18:19:15]  saiwode: D:
[18:19:16]  alexfomalhaut: D:
[18:19:16]  morder380: D:
[18:19:18]  begrip01: !time
[18:19:18]  a_o_w: Стрим идет 21:46 | Игра: We Were Here Forever | Смотрит 1781
[18:19:20]  lokaldes: D:
[18:19:23]  cantaloupetv: 4House  4House  4House
[18:19:27]  sillycause13: да,охуенно,именно об этом фильм SeemsGood
[18:19:29]  cap_tanich: Гудог дибил? Это 2 крутых фильма Триера
[18:19:29]  alabamaofficial: NuAHule а как же отсылки на божественную комедию
[18:19:29]  wlanw: похуй на 2ой фильм, как 1ый называется?
[18:19:32]  4ud1k: ЧАТ, уже можно уши открывать?
[18:19:33] 凵山山山山山山山山山山凵 uwwwwwwwwwwwwwwwwwwwwwwwu: @FoxyFox_F rimutzFox catKISS
[18:19:33]  lanxq_: D:
[18:19:33]  azazavr_: разбудите как начнуть ИГРАТЬ
[18:19:33]  terroristic_error: Фильм гудок снял*?
[18:19:34]  prosect: Pog
[18:19:36]  alabamaofficial: SataniaLaugh
[18:19:37]  morder380: monkaIncredible
[18:19:38]  velh: @AlabamaOfficial, спасибо за подписку в подарок!
[18:19:39]  tutberidze: @4ud1k да
[18:19:39]  bog_mops: триер топ
[18:19:39]  monstrillllo: Макс ну ты maaaaan
[18:19:40]  cantaloupetv: 4House  4House
[18:19:42]  golduha: cakeSirok
[18:19:43]  andryushauwu: peepoWeird может хватит...
[18:19:43]  jolly551: А сиська большая была? ganyuGasm
[18:19:43]  riwallz: Pog хера он коздима
[18:19:45]  orjke: Он гонит. Дом который построил джек крутой фильм. Он вообще не шарит за фильмы похоже
[18:19:45]  saiwode: monkaIncredible
[18:19:46]  alabamaofficial: SataniaLaugh SataniaLaugh SataniaLaugh
[18:19:46]  ruslansam1991: ну чикатило тоже ужасный чел
[18:19:49]  owwpie: дом который построил джек охуенный
[18:19:51]  edikkickkk: 7 это ульто пушка
[18:19:52]  4ud1k: @tutberidze cgfcb,j
[18:19:52]  pointcore: семь хуета кста
[18:19:52]  katz1_: Семь это другое
[18:19:55]  cap_tanich: @C_a_k_e не слушай гудка, это 2 топовых фильма
[18:19:55]  woodeyop: @Jolly551 no
[18:19:56]  altowood: Семь полный Кал
[18:19:56] 凵山山山山山山山山山山凵 uwwwwwwwwwwwwwwwwwwwwwwwu: Aga
[18:19:57]  tweetypie_: это другое 4Head
[18:19:57]  lewmur_bot: 7 шедевр KEKW
[18:19:58]  odinprimeofficial: А сиська большая была? ganyuGasm
[18:19:59]  alecs_048: Ппц
[18:20:00]  sillycause13: бл не надо ему про фильму,давай играть
[18:20:02]  randomlybyluck: голливудский попкорн это шедевр maaaaan
[18:20:02]  antimartingale: Семь калище
[18:20:03]  4ud1k: @tutberidze спасибо
[18:20:04]  mosdef72: есть мультитрансляция без гудка? peepoWeird
[18:20:04]  woodeyop: за мои
[18:20:05]  napazzzut: спойлер: Брюс Вилис там ВСЕГДА призрак wprotvThink
[18:20:05]  owwpie: это другое 4Head
[18:20:06]  agata_filin: шедевр ну да
[18:20:07]  foxyfox_f: @Jolly551 vicksyWave vicksyShake
[18:20:07]  alabamaofficial: SataniaLaugh снял бабки с терминала
[18:20:07]  bessart_twitch: понятно, гудгу над форсажи смотреть и к фон триеру не суваться
[18:20:08]  pointcore: Дом Джека топ
[18:20:10]  cantaloupetv: @ODiNprimeOfficial отличная такая
[18:20:11]  debssh1: солнцестояние топ
[18:20:11]  monstrillllo: не понравилось = хуета maaaaan
[18:20:12]  ruslansam1991: везде свои маньяки...
[18:20:13]  st_dmitry: @C_a_k_e люди просто много доп смысла приписывают фон триеру поэтому и высокие оценки - типа ни все пойммут Aga но на ссамом деле гавно как по мне Aga
[18:20:15]  andryushauwu: peepoWeird
[18:20:19]  velikiygetsbi: Дом нормальный фильм, Макс неженка
[18:20:19]  keaksolog: @ruslansam1991  в курсе что чувака на которого в первый раз подумали казнили просто так?
[18:20:22]  krepost_osnov: А в 7 никого не трахали?
[18:20:25]  ilyufi: Dovolen
[18:20:25]  jolly551: @WoodeyOp и зачем было кошелек делать docnotL он же маленький получится docnotL
[18:20:25]  alabamaofficial: BASED
[18:20:27]  riwallz: ишак вперед KEKL
[18:20:28]  altowood: Фильм СЕМЬ устаревшее говно
[18:20:28]  l3affl: Согласен с Максимом в целом, Триер слишком претенциозный буллшит снимает и всегда пытается шокировать
[18:20:30]  follexx: гудок лс
[18:20:31]  buffy_summers: 10/10 по версии папича
[18:20:32]  letitgay: остальные тоже хороши
[18:20:32]  orjke: Блин Гудок завались! ДОМ КОТОРЫЙ ПОСТРОИЛ ДЖЕК ПРЕКРАСНЫЙ ФИЛЬМ. ПРОСТО ТЫ НГО НЕ ПОНЯЛ @c_a_k_e
[18:20:32]  bessart_twitch: PepeChillClassic
[18:20:34]  kageosasaeru: Сумерки BASED
[18:20:35]  jolly551: @FoxyFox_F KaguraKiss
[18:20:38]  anim4n228: Сумерки 10/10
[18:20:38]  hello_from_darks1de: сумерки 10/10
[18:20:41]  spray471: ишак вперед
[18:20:41]  ddfix: 10/10
[18:20:43]  endrat: Kreygasm Kreygasm Kreygasm
[18:20:45]  evgeshka88: Чатик ку,восколько начинают?
[18:20:45]  alecs_048: Kappa Kappa
[18:20:48]  nigmatula: зачем размышлять логически, если можно попить водически
[18:20:52]  monstrillllo: 10/10 GIGACHAD
[18:20:54]  katz1_: ясно хейтер\
[18:21:00]  dayash_irobas: @Orjke Ты хотел сказать - Дом который построили Фландерсу?
[18:21:05]  altowood: вот они настоящие кино критики
[18:21:06]  morder380: сумерки 10/10 EZDance
[18:21:07]  woodeyop: @Jolly551 не было там кошелька, гудок врет. там другое с сиськой делали
[18:21:08]  golduha: D:
[18:21:20]  owwpie: она после сумерек нихуево левелапнулась @C_a_k_e
[18:21:20]  notonlyloliconsir: @Jolly551 guraWave guraWave
[18:21:23]  wweather_reportt: он просто красивая
[18:21:23]  velh: ну у стюарт сейчас карьера топ
[18:21:23]  lewmur_bot: как будто это так важно у кого там оскар
[18:21:27]  jolly551: Сумерки 💩💩💩💩💩💩💩💩💩💩 /10
[18:21:28]  velikiygetsbi: Сумерки нормальный фильм, ясно. Понятно что Дом не понравился
[18:21:31]  saiwode: 3Head
[18:21:32]  ripper3061: чо сидим пердим ? где геймлей ?
[18:21:32]  monstrillllo: факт
[18:21:33]  cantaloupetv: KKonaW
[18:21:34]  bessart_twitch: LUL
[18:21:34]  alabamaofficial: SataniaLaugh  классика же
[18:21:37]  jolly551: @NotOnlyLoliconSIR veiSway
[18:21:39]  ilyufi: @Jolly551, Bruh
[18:21:39]  altowood: ты попробуй десять фильмов с коменым лицом отыграть
[18:21:40]  dayash_irobas: Да мы бы все ее BOOOBA
[18:21:42]  alwizard: Два сурала
[18:21:42]  kriv0ruchko: Squid1 Squid2 Squid3 Squid2 Squid4
[18:21:45]  wweather_reportt: VEIBAE SUBS Pog
[18:21:48]  l3affl: @Orjke Уморительная херня
[18:21:49]  cantaloupetv: ну Ворчун топовый был
[18:21:54]  karas11que: О, как раз вовремя
[18:21:56]  slezostok: вы васяны просто
[18:21:57]  monk_dota: @Orjke который сужался?
[18:21:58]  monstrillllo: wideVIBE
[18:22:00]  andryushauwu: MMMM
[18:22:00]  moobot: Получи пиццу «Аррива!» 25 см в подарок от Додо Пиццы! Используй промокод CAKE к заказу от 1175 ₽ Ссылка: https://bit.ly/3pf8wwB
[18:22:02]  jolly551: @wweather_reportt veiNOPERS
[18:22:02]  saiwode: wideVIBE
[18:22:03]  woodeyop: папич сумеркам 10 поставил @C_a_k_e
[18:22:06]  riwallz: а они играть седня будут чат?
[18:22:18]  xlao_: YuiSearch kotoriShake
[18:22:21]  raf_rafelko: @C_a_k_e что за уши ?
[18:22:24]  jolly551: kotoriShake
[18:22:28]  saiwode: kotoriShake
[18:22:35]  alabamaofficial: FeelsWowLove вот бы они весь стрим так и сидели и обсуждали кинчики FeelsWowLove так лампово если честно FeelsWowLove
[18:22:37]  monstrillllo: прикалывались 3Head
[18:22:39]  st_dmitry: @xlao_ wideVIBE <3 но хорни
[18:22:42]  lanxq_: kotoriShake
[18:22:44]  ilyufi: KKonaW
[18:22:44]  jolly551: Прикалывались (не смогли прочитать правило) Giggles
[18:22:51]  slezostok: @Raf_Rafelko бейердинамик чё то там
[18:22:51]  kageosasaeru: @Raf_Rafelko Аудиотехника
[18:22:52]  dayash_irobas: @C_a_k_e Главное не торопитесь, мы ждем минимум 6 часовой стрим Starege
[18:22:57]  neropunker: @C_a_k_e Привет умный и красивый стример
[18:23:00]  lanxq_: @xlao_ Привіт хлопче
[18:23:00]  kageosasaeru: @Raf_Rafelko ой, да, они
[18:23:06]  agadapoison: мне 13 какое пивко? @C_a_k_e Но если ты говоришь, то я буду пить пивко
[18:23:13]  xlao_: @st_dmitry guraWave
[18:23:19]  raf_rafelko: спасибо чач <3
[18:23:20]  meme_king28: FeelsWowLove вот бы они весь стрим так и сидели и обсуждали кинчики FeelsWowLove так лампово если честно FeelsWowLove
[18:23:29]  jolly551: Научились читать BRUHBRUH
[18:23:36]  71yarik71: 3Head 🤝 3Head
[18:23:44]  st_dmitry: @meme_king28 привет flushedtyan
[18:23:45]  lanxq_: стрим 30+
[18:23:46]  slezostok: чат УМЕР нахуй
[18:23:48]  prosto_tak0_0: я
[18:23:48] 凵山山山山山山山山山山凵 uwwwwwwwwwwwwwwwwwwwwwwwu: SadCat мне 12
[18:23:51]  volodyavolkov: мне 12
[18:23:51]  alabamaofficial: @Jolly551 Giggles ночью гайды на чтение учили, чтобы не позориться на стриме
[18:23:51]  woodeyop: мне 40
[18:23:52]  golduha: мне 12
[18:23:53]  dayash_irobas: мне 12,5
[18:23:56]  altowood: мне 34
[18:23:56]  saiwode: мне 13 SadCat
[18:23:57]  notonlyloliconsir: Где мои 13 лет ... Aware Aware Aware
[18:23:58]  zed_yo: мне 11
[18:23:58]  gand_two: 16
[18:23:58]  hello_from_darks1de: мне 10
[18:24:00]  lanxq_: Pog
[18:24:01]  mcxinus: 13 пошлый
[18:24:02]  dasfer5: 14.1
[18:24:05]  drotsyk_: 54 гедза
[18:24:05]  moobot: Список Челенджей, правил, ссылок на воды и имён победителей - https://cutt.ly/DmHCdWt
[18:24:06]  azazavr_: мне 75
[18:24:07]  artsx: 37
[18:24:11]  vladick2001: мне 3 года
[18:24:13] 凵山山山山山山山山山山凵 uwwwwwwwwwwwwwwwwwwwwwwwu: VIBE
[18:24:13]  saiwode: wideVIBE
[18:24:13]  smer4ig: мне 27 BibleThump BibleThump BibleThump BibleThump
[18:24:14]  meme_king28: @st_dmitry, rimutzSmile /
[18:24:16]  ziggi_s: 13 лет, 20 см
[18:24:16]  ilyufi: KKonaW catJAM
[18:24:17]  letitgay: VIBE
[18:24:18]  zed_yo: закрываю глаза
[18:24:19]  den0v0: 13летки  🤝 пивко
[18:24:19]  neropunker: FeelsOk
[18:24:23]  jolly551: @AlabamaOfficial https://i.nuuls.com/hLOw6.png Giggles
[18:24:25]  agadapoison: это уголовное преступление, если что @C_a_k_e
[18:24:26]  woodeyop: @azazavr_ умирать скоро
[18:24:32]  kot_v_kedax: @C_a_k_e мне 12, папа сказал пока он на работе записать стрим на кассету, вечером придет - будет смотреть
[18:24:34]  st_dmitry: Мне 50% FeelsOldMan
[18:24:42]  leathermanxv: Чатик всем привет  rukopojatie
[18:24:44]  neropunker: 13 летний пацан  rukopojatie  пиво
[18:24:46]  kaixeb: LUK
[18:24:46]  foxyfox_f: @meme_king28 vicksyInspect vicksyHeck
[18:24:48]  kaixeb: LUL
[18:24:52]  lee_kou: KEKW
[18:24:53]  alabamaofficial: @Jolly551 monkaIncredible как я угадал
[18:24:56]  st_dmitry: @LeathermanXV catLick <3
[18:24:58]  meme_king28: @FoxyFox_F, rimutzFox привет лисичка
[18:24:59]  neropunker: @LeathermanXV f1ashLovekege
[18:25:00]  71yarik71: KEKW
[18:25:00]  dayash_irobas: 13 лет  rukopojatie  цироз печени
[18:25:02]  moobot: Найди товары вместе с Алисой. Просто спроси в приложении Яндекс: «Алиса, где дешевле» — https://ya.cc/t/vqBTNdUM3PWfGJ
[18:25:02] Announcement
[18:25:03]  azazavr_: но хоть сегодня он чатик читает,могли вчера 2 часа сэкономить)
[18:25:06]  saiwode: @LeathermanXV peepoHey oyaHug
[18:25:07]  prosto_tak0_0: на твиче нельзя сидеть, если тебе меньше 13 SMOrc
[18:25:07]  lokaldes: вчера лонгплей посмотрел после стрима
[18:25:08]  agadapoison: ну конечно, посмотрели на ютубе
[18:25:11]  woodeyop: на бобину, а не кассету
[18:25:12]  izainka: ясно загуглили
[18:25:13]  kraxmeister: 12 летний не знает что такое кассета
[18:25:17]  nagissafuruwaka: @ilyufi  что-то даже руки опустились вообще что-то делать Depressed  Даже : Классическая музыка, темы о Онтологии бытия и многое другое Depressed  что опять не то. у тебя там как настроения ?
[18:25:19]  jolly551: @AlabamaOfficial А курс битка так сможешь угадать? monkaIncredible
[18:25:20]  dayash_irobas: @prosto_tak0_0 я с мамкой Starege
[18:25:24]  leathermanxv: @st_dmitry @NeropuNKeR @Saiwode  gachiSpank
[18:25:25]  agadapoison: @Kraxmeister шерлок в чате
[18:25:26]  cantaloupetv: @LeathermanXV  MLADYge
[18:25:26]  xlao_: Tail
[18:25:30]  thekillerviller: 13 лет rukopojatie аморант
[18:25:33]  altowood: хватит рекламировать алкоголь для несовершеннолетних! cakeR
[18:25:39]  leathermanxv: @cantaloupetv  billyPower
[18:25:41]  agadapoison: я бы спустил в лодку
[18:25:43]  lewmur_bot: я уже спустил штаны
[18:25:45]  neropunker: @LeathermanXV  gachiDance
[18:25:47]  reallite: @C_a_k_e когда по плану затуп на час с головоломками?
[18:25:49]  woodeyop: на грудь
[18:25:52]  slezostok: lewmur_bot: я уже спустил штаны
[18:25:57]  dayash_irobas: 13 лет rukopojatie первый стояк
[18:25:58]  detslakaletruk: @LeathermanXV  rukopojatie
[18:25:59]  alabamaofficial: @Jolly551 monkaIncredible  срочно [ данные удалены ] а то через неделю пиздец будет
[18:26:00]  karas11que: спускать Ayaya
[18:26:03]  ilyufi: @nagissafuruwaka, сейчас напишу oyaHug
[18:26:04]  andryushauwu: 5Head
[18:26:13] 凵山山山山山山山山山山凵 uwwwwwwwwwwwwwwwwwwwwwwwu: Giggles
[18:26:15]  leathermanxv: @DetslakaLeTruk @ilyufi  rukopojatie
[18:26:21]  jolly551: @AlabamaOfficial понял monkaIncredible
[18:26:23]  ilyufi: @LeathermanXV, rukopojatie
[18:26:25] 丂囗丂丹乚 kawence: Чят, привет  oyaHug mwah
[18:26:35]  neropunker: 13 лет rukopojatie писюн 2см
[18:26:35]  notonlyloliconsir: @丂囗丂丹乚 guraWave guraWave
[18:26:38]  st_dmitry: @丂囗丂丹乚 catYawn <3
[18:26:39]  bllademight: Все ясно
[18:26:41]  gizmaqq: а почему не с ильей играет?
[18:26:55]  saiwode: @丂囗丂丹乚 guraWave catLick
[18:26:58]  woodeyop: two pick
[18:26:59]  leathermanxv: billyDrinking
[18:26:59]  nagissafuruwaka: Depressed  прикольно наверное когда есть вообще "интерес" , "смысл" хреново когда для тебя, его как лет 6 уже нет. Depressed
[18:27:05]  slezostok: 13 лет rukopojatie 12 лет
[18:27:18]  kaixeb: @nagissafuruwaka Sadge
[18:27:20]  tarantino1337: KEKWait
[18:27:22]  renoncule: Это  спидран?
[18:27:23]  dayash_irobas: гавно  rukopojatie  жопа
[18:27:25]  cloud_ent: ясно, вместо сумерек смотрели прохождение игры
[18:27:26]  slezostok: @nagissafuruwaka за окном rain, на душе pain..
[18:27:35]  slezostok: пися rukopojatie попа
[18:27:35]  d1mon0k: Смотрю без звука, да и на самом деле не смотрю вообще. Надеюсь у меня когда то появится друг что бы пройти с ним все части PoroSad
[18:27:35] D1mon0k subscribed at Tier 1. They've subscribed for 15 months!
[18:27:36]  a_o_w: d1mon0k! cakeBlago дарю, что остаётесь в строю уже 15 месяц! cakeHi
[18:27:37]  alabamaofficial: Donut ну что чат Donut может Donut быть Donut стоит Donut запустить Donut разогревающую Donut пасточку? Donut
[18:27:39]  trimetral: cakeHi cakeHi cakeHi cakeHi
[18:27:42]  jolly551: Donut ну что чат Donut может Donut быть Donut стоит Donut запустить Donut разогревающую Donut пасточку? Donut
[18:27:46]  saiwode: Donut ну что чат Donut может Donut быть Donut стоит Donut запустить Donut разогревающую Donut пасточку? Donut
[18:27:47]  syirnick: Donut ну что чат Donut может Donut быть Donut стоит Donut запустить Donut разогревающую Donut пасточку? Donut
[18:27:48] 凵山山山山山山山山山山凵 uwwwwwwwwwwwwwwwwwwwwwwwu: Donut ну что чат Donut может Donut быть Donut стоит Donut запустить Donut разогревающую Donut пасточку? Donut
[18:27:50]  altowood: ДЭД ИНСАЙД
[18:27:52]  notonlyloliconsir: Donut ну что чат Donut может Donut быть Donut стоит Donut запустить Donut разогревающую Donut пасточку? Donut
[18:27:55]  leathermanxv: WEEBSDETECTED  WEEBSDETECTED  WEEBSDETECTED  WEEBSDETECTED  WEEBSDETECTED
[18:27:56]  tarantino1337: WEEBSDETECTED
[18:27:58]  kageosasaeru: Donut ну что чат Donut может Donut быть Donut стоит Donut запустить Donut разогревающую Donut пасточку? Donut
[18:27:59]  woodeyop: Где взять такие смайлики? А то у меня только Карра
[18:28:03]  slezostok: WEEBSDETECTED
[18:28:03]  moobot: Регистрируйся в приложение Winline и получи фрибет 2000 рублей: https://bit.ly/3HKnBOY
[18:28:03] Announcement
[18:28:04]  dayash_irobas: нонсабы не ведитесь и не копируйте никакие пасты KyokoNOPERS сабы клоуны вечно байтят на бан peepoClown и им за это ничего не будет BASED а вам придется жепу фоткать потом flushedtyan мне пришлось брить ее два часа kotoriShake
[18:28:04]  dyddoss: здравствуйте
[18:28:05]  monstrillllo: Donut ну что чат Donut может Donut быть Donut стоит Donut запустить Donut разогревающую Donut пасточку? Donut
[18:28:05]  guldah: Кекс руинер
[18:28:08]  kot_v_kedax: Подписчик со стажем: 11 мес. (значок: 6 месяцев)Текущий проводник хайповозаAlabamaOfficial:  Donut ну что чат Donut может Donut быть Donut стоит Donut запустить Donut разогревающую Donut пасточку? Donut
[18:28:08]  kaixeb: Kappa
[18:28:09]  altowood: wideVIBE wideVIBE wideVIBE wideVIBE wideVIBE wideVIBE
[18:28:10]  st_dmitry: Donut ну что чат Donut может Donut быть Donut стоит Donut запустить Donut разогревающую Donut пасточку? Donut
[18:28:10]  kaixeb: Keepo
[18:28:12]  kot_v_kedax: :D
[18:28:13]  alabamaofficial: SataniaLaugh njkmrj Kаppa
[18:28:16]  jolly551: @WoodeyOp 7tv
[18:28:18]  alfa_future_people: WEEBSDETECTED
[18:28:19] 凵山山山山山山山山山山凵 uwwwwwwwwwwwwwwwwwwwwwwwu: SataniaLaugh njkmrj Kаppa
[18:28:21]  leathermanxv: WEEBSDETECTED
[18:28:21]  ded_bupa: SchubertWalk
[18:28:22]  wao47: стоит Donut запустить Donut разогревающую Donut пасточку? Donut
[18:28:23]  tarantino1337: WEEBSDETECTED  WEEBSDETECTED
[18:28:27]  notonlyloliconsir: SataniaLaugh njkmrj Kаppa
[18:28:27]  akira0385: есть
[18:28:29]  saiwode: SataniaLaugh njkmrj Kаppa
[18:28:29]  woodeyop: @Jolly551 пасибо
[18:28:33]  kageosasaeru: @WoodeyOp Поставь FFZ
[18:28:35]  thekillerviller: wideVIBE  wideVIBE  wideVIBE  wideVIBE  wideVIBE  wideVIBE
[18:28:37]  kaixeb: @WoodeyOp Kappa
[18:28:41]  altowood: wideVIBE wideVIBE wideVIBE wideVIBE monkaW monkaW
[18:28:41]  dyddoss: veiDank как же достали анимешники и вайберы
[18:28:44]  dyddoss: господи прости
[18:28:47]  woodeyop: @kageosasaeru пасибо
[18:28:51]  xxxlxrgr: cakeW
[18:28:53]  notonlyloliconsir: @dyddoss guraWave guraWave
[18:28:54]  kir1st: @nagissafuruwaka Смысла никогда и не было
[18:28:55]  armoryy: ну и скукота, сейчас бы фроспанк
[18:29:01]  veronika_reshila_umeretb: Прием
[18:29:01]  saiwode: @dyddoss catLick
[18:29:02] 凵山山山山山山山山山山凵 uwwwwwwwwwwwwwwwwwwwwwwwu: wideVIBE
[18:29:06] 丂囗丂丹乚 kawence: wideVIBE
[18:29:06]  dyddoss: @NotOnlyLoliconSIR veiDank
[18:29:09]  saiwode: wideVIBE
[18:29:10]  dyddoss: @Saiwode veiDank
[18:29:19]  leathermanxv: @dyddoss  SvinNODDERS  gachiSpank
[18:29:25]  shooter7974: @cantaloupetv, спасибо за подписку в подарок! hpbNamek
[18:29:25]  nagissafuruwaka: @KiR1st  сказал тот кто даже  литературу наверное не открывал да ? SataniaLaugh
[18:29:25]  dyddoss: @LeathermanXV veiDank
[18:29:29]  monstrillllo: wideVIBE kotoriShake wideVIBE kotoriShake wideVIBE
[18:29:31]  altowood: wideVIBE wideVIBE wideVIBE wideVIBE wideVIBE wideVIBE wideVIBE ДВА IQ ГЕНИЯ
[18:29:33]  st_dmitry: @dyddoss MarinPout >3
[18:29:36]  dyddoss: идите опилки свои кушать, развели тут veiDank
[18:29:38] 凵山山山山山山山山山山凵 uwwwwwwwwwwwwwwwwwwwwwwwu: wideVIBE kotoriShake wideVIBE kotoriShake wideVIBE
[18:29:49]  dyddoss: @st_dmitry MarinPout
[18:29:52]  hellixy_lightning: c_a_k_e закрой рот муха залетит.
[18:29:52]  criempiee: @st_dmitry CatShake
[18:29:53]  dayash_irobas: @nagissafuruwaka так если по ней ниче не задали  monkaIncredible
[18:29:54]  altowood: wideVIBE wideVIBE 300 IQ на двоих wideVIBE wideVIBE wideVIBE wideVIBE
[18:30:10]  kir1st: @nagissafuruwaka Нет, ты не понял, что я имел ввиду, что смысла нет, но в чем проблема его создать?
[18:30:11]  jolly551: __________________________________________________ kotoriShake wideVIBE kotoriShake wideVIBE kotoriShake wideVIBE kotoriShake wideVIBE kotoriShake __________________________________________________
[18:30:24] 凵山山山山山山山山山山凵 uwwwwwwwwwwwwwwwwwwwwwwwu: __________________________________________________ kotoriShake wideVIBE kotoriShake wideVIBE kotoriShake wideVIBE kotoriShake wideVIBE kotoriShake __________________________________________________
[18:30:37]  kaixeb: mods Modge
[18:30:39]  st_dmitry: @criempiee не тряси catYoink а то утяну <3
[18:30:39]  kageosasaeru: __________________________________________________ kotoriShake wideVIBE kotoriShake wideVIBE kotoriShake wideVIBE kotoriShake wideVIBE kotoriShake МоДеРоВ НеТ ДоМа БеСоЕбИм
[18:30:41]  altowood: wideVIBE wideVIBE wideVIBE VIBE VIBE VIBE wideVIBE wideVIBE wideVIBE
[18:30:46]  leathermanxv: WEEBSDETECTED  WEEBSDETECTED  WEEBSDETECTED  WEEBSDETECTED  WEEBSDETECTED
[18:30:48]  lanxq_: wideVIBE wideVIBE wideVIBE wideVIBE
[18:30:50]  kkomradewarrior: WEEBSDETECTED
[18:30:50]  nagissafuruwaka: @KiR1st  SataniaLaugh  создать смысл?  эм, прости, не буду больше я вам писать, хотя ты мне пишешь  SataniaLaugh maaaaan
[18:31:02]  dyddoss: veiDank хватит анимешить чатик
[18:31:10]  kkomradewarrior: @LeathermanXV @morder380 @KaTz1_ @st_dmitry @dyddoss rukopojatie
[18:31:11]  moobot: Получи пиццу «Аррива!» 25 см в подарок от Додо Пиццы! Используй промокод CAKE к заказу от 1175 ₽ Ссылка: https://bit.ly/3pf8wwB
[18:31:13]  alabamaofficial: catBlush  мой любимый чатик  catBlush  засранный пастами  catBlush  как же я это обожаю  catBlush
[18:31:14]  letitgay: peepoWeird
[18:31:19]  saiwode: catBlush  мой любимый чатик  catBlush  засранный пастами  catBlush  как же я это обожаю  catBlush
[18:31:19]  jolly551: catBlush мой любимый чатик catBlush засранный пастами catBlush как же я это обожаю catBlush
[18:31:24]  notonlyloliconsir: catBlush мой любимый чатик catBlush засранный пастами catBlush как же я это обожаю catBlush
[18:31:28]  xxxlxrgr: letitgayDance
[18:31:28]  gr4sh: catBlush мой любимый чатик catBlush засранный пастами catBlush как же я это обожаю catBlush
[18:31:29]  st_dmitry: @KKomradeWarrior FlushedCat <3
[18:31:29]  shooter7974: peepoWeird
[18:31:29]  alexfomalhaut: MarinPout Mugi2 Mugi3
[18:31:32] 凵山山山山山山山山山山凵 uwwwwwwwwwwwwwwwwwwwwwwwu: catAwkward
[18:31:32]  kir1st: @nagissafuruwaka Значит ты просто зарофлил? Может я ничего не понимаю, но ты писал, что нет смысла уже 6 лет?
[18:31:32]  dyddoss: @KKomradeWarrior veiDank
[18:31:35]  altowood: wideVIBE wideVIBE VIBE VIBE wideVIBE wideVIBE VIBE VIBE wideVIBE
[18:31:36]  criempiee: мой любимый чатик peepoRotClassic
[18:31:37]  monstrillllo: WideDora
[18:31:38]  leathermanxv: @KKomradeWarrior  gachiSpank  GachiSpy1
[18:31:38]  vsem_moderam: Лестницы из хогварстка Pog
[18:31:48]  vsem_moderam: Я wideVIBE и мой пездюк VIBE
[18:31:51]  jolly551: Donut челы Donut реально Donut анимешат Donut и Donut копируют Donut анимешные Donut пасты Donut
[18:31:56]  ilyufi: peepoWeird
[18:31:57]  saiwode: Donut челы Donut реально Donut анимешат Donut и Donut копируют Donut анимешные Donut пасты Donut
[18:31:57]  lanxq_: WideDora
[18:31:59]  dyddoss: @letitgay забань всех анимешников они достали veiDank
[18:32:02]  leathermanxv: WEEBSDETECTED  WEEBSDETECTED  WEEBSDETECTED  WEEBSDETECTED  WEEBSDETECTED  WEEBSDETECTED  WEEBSDETECTED
[18:32:06]  dyddoss: @letitgay пожалуйста
[18:32:10]  xxxlxrgr: WideCakeW
[18:32:13]  vsem_moderam: летит rukopojatie гей
[18:32:15]  intoxicated_with_life: WEEBSDETECTED  WEEBSDETECTED  WEEBSDETECTED  WEEBSDETECTED  WEEBSDETECTED  WEEBSDETECTED  WEEBSDETECTED
[18:32:16]  keshnadr: @dyddoss Donut
[18:32:19]  nagissafuruwaka: @KiR1st  я написала что его нет как и не было, лет 6 уже ( депрессия ) на что вообще ничего нет
[18:32:20]  criempiee: wideVIBE WEEBSDETECTED
[18:32:21]  oniismash: кто аниме тронит того выебу
[18:32:23]  altowood: SataniaLaugh SataniaLaugh СВОБОДУ АНИМЕ SataniaLaugh SataniaLaugh Aga
[18:32:27]  shooter7974: летит rukopojatie гей
[18:32:29]  monstrillllo: Bites
[18:32:32]  woodeyop: @Jolly551 Что-то не могу найти :(
[18:32:33]  dyddoss: @OniiSmash ну так иди сюда veiDank
[18:32:34]  xlao_: WEEBSDETECTED
[18:32:37]  pasha4k: CuteAnimeFeet
[18:32:38]  leathermanxv: @OniiSmash  WEEBSDETECTED
[18:32:39]  monstrillllo: летит rukopojatie гей
[18:32:40]  mosdef72: @letitgay забань всех анимешников они достали WEEBSDETECTED
[18:32:45]  jolly551: @Wodewills !7tv
[18:32:46]  kaixeb: Modge модераторы, делайте свою работу Modge почистите аниме Modge
[18:32:49]  jolly551: !7tv
[18:32:49]  trimetral: Jolly551, Теперь у нас 400 слотов под смайлы в 7tv PogChamp Cкачивайте расширение чтобы воспользоваться ими! Гайд по приложениям (7tv, bttv, ffz), а так же способ как добавить ваш смайлик на канал читайте в гугл доке 👉 https://cutt.ly/JmtVjdq
[18:32:53]  oniismash: @dyddoss сразу видно - лолер
[18:32:55]  kir1st: @nagissafuruwaka Если ты не шутишь и прочее, ты пытался с этим как-то справиться?
[18:33:02]  altowood: SataniaLaugh SataniaLaugh RainbowPls ЗА АНИМЕ И ДВОР СТРЕЛЯЮ В УПОР Aga
[18:33:03]  oniismash: @leathermanxv, с тобой и так все ясно
[18:33:03]  podorozhnik___: Начал смотреть Клинок, рассекающий демонов. Кайфовая анимешка, спасибо за рекомендацию @C_a_k_e
[18:33:04]  mosdef72: @nagissafuruwaka это не эмо стрим
[18:33:08]  woodeyop: @Jolly551 оо, спасибо
[18:33:16]  isiienti: !завод
[18:33:16]  dyddoss: @OniiSmash ну лолер и что теперь veiDank
[18:33:19] cantaloupetv gifted a Tier 1 sub to 凵山山山山山山山山山山凵! They have given 38 Gift Subs in the channel!
[18:33:23]  trimetral: cantaloupetv Pog cakeHi cakeHi cakeHi
[18:33:28]  steepmanx: два гения в деле
[18:33:28]  alabamaofficial: Giggles  зачем чистить аниме Giggles оно и так чистое Giggles это же не ваши грязые пасты Giggles аниме хейтеров Giggles
[18:33:29]  lanc8r: анализирую логически 3Head
[18:33:32]  leathermanxv: @OniiSmash  pepeLost
[18:33:33]  notonlyloliconsir: Кормлю Donut Аниме Donut Хейтера Donut
[18:33:36]  jolly551: Giggles зачем чистить аниме Giggles оно и так чистое Giggles это же не ваши грязые пасты Giggles аниме хейтеров Giggles
[18:33:36]  saiwode: Giggles  зачем чистить аниме Giggles оно и так чистое Giggles это же не ваши грязые пасты Giggles аниме хейтеров Giggles
[18:33:37]  oniismash: @dyddoss и то
[18:33:38] 凵山山山山山山山山山山凵 uwwwwwwwwwwwwwwwwwwwwwwwu: @cantaloupetv rimutzHappy
[18:33:43]  nagissafuruwaka: @mosdef72  захлебнись в blood сыное одноеклеточный, амёба мира, понял вася
[18:33:43]  oniismash: Giggles зачем чистить аниме Giggles оно и так чистое Giggles это же не ваши грязые пасты Giggles аниме хейтеров Giggles
[18:33:49]  kageosasaeru: @dyddoss Вообще то лолер, значит несчастный... catCry
[18:33:51]  lanc8r: пшшш
[18:33:51]  kaixeb: @mosdef72 это стрим тех, кому не с кем поговорить Sadge
[18:33:52]  leathermanxv: WEEBSDETECTED  WEEBSDETECTED  WEEBSDETECTED  WEEBSDETECTED  WEEBSDETECTED  WEEBSDETECTED
[18:33:54]  oniismash: @nagissafuruwaka, дарова чика
[18:33:54]  jolly551: SataniaLaugh rimutzSataniaLUL SataniaLaugh rimutzSataniaLUL SataniaLaugh rimutzSataniaLUL SataniaLaugh rimutzSataniaLUL SataniaLaugh rimutzSataniaLUL SataniaLaugh rimutzSataniaLUL SataniaLaugh rimutzSataniaLUL
[18:33:54]  mosdef72: @nagissafuruwaka пук
[18:33:57]  71yarik71: 3Head 🤝 3Head
[18:33:57]  altowood: Giggles зачем чистить аниме Giggles оно и так чистое Giggles это же не ваши грязые пасты Giggles аниме хейтеров Giggles
[18:33:58]  myasnaya_bita: WEEBSDETECTED
[18:34:00]  monstrillllo: Giggles зачем чистить аниме Giggles оно и так чистое Giggles это же не ваши грязые пасты Giggles аниме хейтеров Giggles
[18:34:05] 凵山山山山山山山山山山凵 uwwwwwwwwwwwwwwwwwwwwwwwu: Giggles зачем чистить аниме Giggles оно и так чистое Giggles это же не ваши грязые пасты Giggles аниме хейтеров Giggles
[18:34:05]  dyddoss: @kageosasaeru я по жизни несчастный...veiDank
[18:34:06]  andreich39: Giggles зачем чистить аниме Giggles оно и так чистое Giggles это же не ваши грязые пасты Giggles аниме хейтеров Giggles
[18:34:08]  austap_blender: Upal Vstal Upal Vstal Upal Vstal
[18:34:13]  cantaloupetv: @凵山山山山山山山山山山凵 (uwwwwwwwwwwwwwwwwwwwwwwwu)  FlushedCat
[18:34:13]  moobot: Найди товары вместе с Алисой. Просто спроси в приложении Яндекс: «Алиса, где дешевле» — https://ya.cc/t/vqBTNdUM3PWfGJ
[18:34:13] Announcement
[18:34:16]  xlao_: WEEBSDETECTED 󠀀
[18:34:16]  axiologos: Камень я дам
[18:34:18]  caxap0chek: Depressed
[18:34:22]  oniismash: Depressed
[18:34:22]  kageosasaeru: @dyddoss monkaIncredible
[18:34:23]  vik_lernede: Giggles зачем чистить аниме Giggles оно и так чистое Giggles это же не ваши грязые пасты Giggles аниме хейтеров Giggles
[18:34:23]  moobot: Зритель! Подписывайся на группу ВК: http://vk.com/cakestream , а также подписывайся на канал YT: http://youtube.com/cakestream - там хранятся диафильмы социальных экспериментов и бьюти-блогов! | https://www.instagram.com/cakestream/
[18:34:27] 凵山山山山山山山山山山凵 uwwwwwwwwwwwwwwwwwwwwwwwu: @cantaloupetv catMeow
[18:34:29]  lanc8r: у меня какая то бутылка- попробуй сядь на нее
[18:34:32]  dyddoss: Depressed
[18:34:34]  vsem_moderam: Стример не знает StreamerDoesntKnow Я тоже StreamerDoesntKnow
[18:34:34]  leathermanxv: @Caxap0chek  gachiSpank
[18:34:39]  wweather_reportt: PepeLaugh они не знают что в конце
[18:34:40]  xlao_: YuiSearch kotoriShake
[18:34:41]  st_dmitry: @OniiSmash @Caxap0chek Depressed <3
[18:34:46]  altowood: SataniaLaugh SataniaLaugh PANIC PANIC Aga Aga SataniaLaugh SataniaLaugh SataniaLaugh
[18:34:51]  shooter7974: @cantaloupetv  CatAHomie
[18:34:58]  monstrillllo: CuteAnimeFeet catDrinking
[18:34:58]  oniismash: @st_dmitry, Depressed peepoLove
[18:34:59]  foxyfox_f: @VSEM_MODERAM vicksyPls vicksy4
[18:35:01]  caxap0chek: @leathermanxv, @st_dmitry KonCha
[18:35:06]  vsem_moderam: @FoxyFox_F PETTHEVULPES
[18:35:13]  andreich39: Kissaweeb
[18:35:16]  jolly551: __________________________________________________ SataniaLaugh rimutzSataniaLUL SataniaLaugh rimutzSataniaLUL SataniaLaugh rimutzSataniaLUL SataniaLaugh rimutzSataniaLUL rimutzSataniaLUL SataniaLaugh rimutzSataniaLUL SataniaLaugh rimutzSataniaLUL SataniaLaugh rimutzSataniaLUL SataniaLaugh __________________________________________________
[18:35:21]  steepmanx: я бы потрогал твой рычаг
[18:35:29]  cantaloupetv: @shooter7974  yoshiJAM
[18:35:35]  kaixeb: Выношу мусор из чата Modge SataniaLaugh
[18:35:42]  altowood: wideVIBE wideVIBE wideVIBE wideVIBE
[18:35:52]  leathermanxv: @Shooter7974  zapreshchayuSrat
[18:35:53]  oniismash: @shooter7974, ты че говно не здороваешься Depressed
[18:35:54]  woodeyop: @Jolly551 Все. Чат затанцевал!
[18:35:55]  phontum: @VSEM_MODERAM @veronika_reshila_umeretb Hi Hi Hi
[18:35:58]  ao2891: вчера плохо читал игру Kappa
[18:35:59]  keshnadr: RTX Pog
[18:36:04]  alabamaofficial: NuAHule зачем игру читаешь? SataniaLaugh это же не визуальная новелла
[18:36:05]  vsem_moderam: @phontum rukopojatie
[18:36:05]  jolly551: @WoodeyOp marinHappy
[18:36:05]  kageosasaeru: Creep Creep Creep Creep
[18:36:08]  wolfirium: daphhLoading daphhLoading daphhLoading
[18:36:11]  odinprimeofficial: @Keshnadr KaguraKiss
[18:36:16]  shooter7974: @OniiSmash а ты
[18:36:17]  odinprimeofficial: @LeathermanXV GachiSpy3
[18:36:19]  letitgay: catFLASHBANG
[18:36:22]  kageosasaeru: @Keshnadr oyaHug
[18:36:25]  woodeyop: veiSway @Jolly551
[18:36:25]  odinprimeofficial: @VSEM_MODERAM KaguraKiss
[18:36:25]  oniismash: @shooter7974, привет Depressed
[18:36:31]  leathermanxv: @ODiNprimeOfficial  billyPower
[18:36:31]  sovsemyrod: зеркала, а не циферблаты Pog
[18:36:32]  cantaloupetv: GachiSpy1
[18:36:36]  jolly551: @WoodeyOp veiNODDERS
[18:36:37]  vsem_moderam: @ODiNprimeOfficial oyaHug Привет
[18:36:38]  caxap0chek: это надолго pepeChill
[18:36:39]  shooter7974: @OniiSmash ну привет :)
[18:36:40]  austap_blender: 👉 🚪
[18:36:50]  altowood: wideVIBE wideVIBE wideVIBE 300 IQ на двоих wideVIBE wideVIBE
[18:36:51]  keshnadr: @ODiNprimeOfficial oyaHug
[18:36:53]  keshnadr: @kageosasaeru catKISS
[18:36:58]  oniismash: @Shooter7974 ну и пошел отсюда теперь YEP
[18:37:15]  dyddoss: Depressed
[18:37:15]  moobot: Регистрируйся в приложение Winline и получи фрибет 2000 рублей: https://bit.ly/3HKnBOY
[18:37:15] Announcement
[18:37:15]  alexfomalhaut: DelaHueva
[18:37:25]  oniismash: Depressed
[18:37:27]  shooter7974: catFU @OniiSmash
[18:37:27]  st_dmitry: @Keshnadr <3 guraWave <3
[18:37:33]  wao47: DelaHueva
[18:37:33]  jolly551: Он не видит SataniaLaugh
[18:37:37]  xacahep: абуз
[18:37:40]  kaufman89: @C_a_k_e  Чао!
[18:37:40]  keshnadr: @st_dmitry KannaHi
[18:37:40]  vsem_moderam: Не подглядывай @C_a_k_e XyliPizdish
[18:37:41]  alexdigidon01: всмысле не видит
[18:37:41]  oniismash: @shooter7974, lickL
[18:37:46]  skylinkhawkeye: не подглядывай
[18:37:48]  andreich39: GoodGirl cakeSirok
[18:37:49]  letitgay: о эт надолго будет
[18:37:49]  smex88: TowaFukireta
[18:37:51]  xyxerya_: NotLikeThis
[18:37:52]  fair210: понял
[18:37:58] 凵山山山山山山山山山山凵 uwwwwwwwwwwwwwwwwwwwwwwwu: Giggles
[18:38:00]  myasnaya_bita: дайте ссылку на гудини пожалуйста
[18:38:01]  monstrillllo: YuiSearch че там
[18:38:02]  bibus_dikkus: Giggles flushedtyan flushedtyan
[18:38:07]  vsem_moderam: летит rukopojatie гей
[18:38:10]  alexdigidon01: а ребята знают вообще что надо загадки отгадывать?
[18:38:10]  kageosasaeru: @letitgay играла?
[18:38:11]  austap_blender: как будто летит гей
[18:38:11]  useiessmouse: Durka
[18:38:12]  saiwode: летит rukopojatie гей
[18:38:13]  monstrillllo: !goodoq
[18:38:13]  trimetral: monstrillllo, Канал Максима Гудочка - twitch.tv/goodoq
[18:38:14]  dyddoss: @bibus_dikkus Depressed
[18:38:17]  oniismash: летит rukopojatie гей
[18:38:18]  shooter7974: летит rukopojatie гей
[18:38:19]  megodoter: ну легко же? не?)
[18:38:20] 丂囗丂丹乚 kawence: слишком умные rukopojatie
[18:38:21]  letitgay: @kageosasaeru нет
[18:38:23]  monstrillllo: летит rukopojatie гей
[18:38:26]  skylinkhawkeye: Пихать YEP
[18:38:26]  bibus_dikkus: @dyddoss TrollDespair SadgeCry
[18:38:29]  smex88: летит rukopojatie гей
[18:38:29]  letitgay: rukopojatie чят
[18:38:35]  odinprimeofficial: @丂囗丂丹乚 KaguraKiss
[18:38:43]  keaksolog: rukopojatie гей который летит
[18:38:44]  bibus_dikkus: Дратути чач guraWave
[18:38:44]  keshnadr: летит rukopojatie гей rukopojatie куда
[18:38:47] 丂囗丂丹乚 kawence: @ODiNprimeOfficial mwah
[18:38:53]  jolly551: letit Handshakege gay
[18:38:54]  odinprimeofficial: @bibus_dikkus oyaHug
[18:38:54]  ilyufi: !slap @letitgay, приступим cake1
[18:38:54]  a_o_w: > ilyufi берёт за горло @letitgay, приступим cake1
[18:39:00]  odinprimeofficial: letit Handshakege gay
[18:39:00]  oniismash: letit Handshakege gay
[18:39:01]  wao47: Handshakege
[18:39:03]  megodoter: ура
[18:39:06]  alexdigidon01: NotLikeThis
[18:39:08]  leathermanxv: @bibus_dikkus  billyPower
[18:39:08]  letitgay: peepoWeird
[18:39:10]  bibus_dikkus: @odinprimeofficial FlushedCat
[18:39:11]  notonlyloliconsir: letit Handshakege gay
[18:39:15]  alabamaofficial: SataniaLaugh
[18:39:16]  bibus_dikkus: @leathermanxv
[18:39:19]  bibus_dikkus: ой
[18:39:21]  foxyfox_f: eulASS  trahat
[18:39:21]  monstrillllo: gachiHug
[18:39:21]  shooter7974: peepoWeird
[18:39:23]  bibus_dikkus: catBlush
[18:39:24]  cantaloupetv: LULE
[18:39:25]  odinprimeofficial: @letitgay Kissaweeb @ilyufi
[18:39:30]  jolly551: @letitgay Kissaweeb @ilyufi
[18:39:30]  mosdef72: часть флага
[18:39:33]  oniismash: @alabamaofficial, Kissaweeb
[18:39:34]  steepmanx: monkaHmm
[18:39:42]  woodeyop: @letitgay Kissaweeb @ilyufi
[18:39:47]  demidov_ilya: душнила
[18:39:47]  saiwode: @letitgay Kissaweeb @ilyufi
[18:39:52]  monstrillllo: @letitgay Kissaweeb @ilyufi
[18:39:56]  keshnadr: @letitgay Kissaweeb @ilyufi
