# Start logging at 2022-05-09 23:06:51 RTZ 2 (зима)
[23:06:51]  trianguloid: Pog
[23:06:51]  dankbaj: forsenSmug  SmugTime the forsen strats
[23:06:51]  sadgecd: forsenAdvice  go a
[23:06:51]  skeeeey: KEEP IT forsenLevel
[23:06:51]  xind3r: Mr @forsen crop top of the cam so we can see map?
[23:06:51]  whitetable234: forsenAdvice
[23:06:51]  megamen148: forsenSmug
[23:06:52]  omegalulcompactdisc: forsenCD
[23:06:52]  western_tv: forsenCD chills
[23:06:52]  mickeyzzzz: ppHop
[23:06:52]  flann___: forsenLevel . o ( PopCorn )
[23:06:52]  bergman7777: forsenCD HUH?
[23:06:53]  dankbaj: forsenSmug SmugTime the forsen strats
[23:06:53]  modsvanbadikusandsamme1g: FORSEN STRAT PagMan
[23:06:53]  lzi_: PagMan
[23:06:53]  neviemsivybrat: PagChomp
[23:06:53]  flann___: forsenLevel  . o ( PopCorn )
[23:06:53]  vynyxx_: 11K PEOPLE WATCHING THIS IDIOT EAT CHIPS ON MIC???? WTF....
[23:06:53]  yacobe: PagChomp  COACHSEN
[23:06:54]  dg_bladee: forsenAdvice go a
[23:06:54]  fynkz_: forsenSWA
[23:06:54]  hobomania: EatPooPoo  forsenLevel nymnCorn EatPooPoo forsenLevel nymnCorn EatPooPoo forsenLevel nymnCorn
[23:06:54]  modsvanbadikusandsamme1g: FORSEN STRAT PagMan FORSEN STRAT PagMan FORSEN STRAT PagMan FORSEN STRAT PagMan
[23:06:54]  forsenlookinga: OMEGALUL
[23:06:54]  tko77: forsenSWA
[23:06:54]  jarrrno: OMEGALUL
[23:06:54]  b0gdan__99: PagMan
[23:06:54]  andrewu1: forsenLevel . o ( PopCorn )
[23:06:54]  tommy_lindsey: forsenSWA
[23:06:55]  whitetable234: OMEGALUL
[23:06:55]  swiftyisthereason: OMEGALUL
[23:06:55]  coldfrenchfries: PagMan
[23:06:55]  sadgecd: forsenCD
[23:06:55]  swedish_remixer: OMEGALUL
[23:06:55]  de127: forsenSWA
[23:06:55]  popeyegreenz: WHAT
[23:06:55]  rafael_tp: forsenSWA
[23:06:55]  0ryoss: OMEGALUL
[23:06:55]  soah_nora: forsenSmug nymnCorn
[23:06:55]  leviticuswatcher: haHAA advice
[23:06:55]  ricecookeerr: forsenSWA
[23:06:55]  jarrrno: forsenLaughingAtYou 🇩🇰 forsenLaughingAtYou 🇩🇰 forsenLaughingAtYou 🇩🇰 forsenLaughingAtYou 🇩🇰 forsenLaughingAtYou 🇩🇰
[23:06:55]  nils_einar: forsenLevel . o ( PopCorn )
[23:06:55]  xpatrck: forsenSWA
[23:06:55]  omegalulcompactdisc: forsenCD 󠀀
[23:06:56]  megamen148: OMEGALUL
[23:06:56]  flibbertyjibbit: forsenSWA
[23:06:56]  asetas: LULE
[23:06:56]  flashdecku: forsenSWA
[23:06:56]  dankbaj: fuck
[23:06:56]  ulfgarde: LULW
[23:06:56]  kuruugi: forsenSWA
[23:06:56]  hikin3: forsenSWA
[23:06:56]  yacobe: forsenSWA
[23:06:56]  jxrdan_____: OMEGALUL
[23:06:56]  k_a_z___: forsenFITTA
[23:06:56]  zombade80: LULE
[23:06:56]  coldfrenchfries: LULW
[23:06:56]  elegigglesavedmylife: forsenSWA
[23:06:56] 하루이스와이푸 haruiswaifu: forsenSWA
[23:06:56]  glintexas: forsenSWA
[23:06:56]  momozila_is_my_savior: OMEGALUL
[23:06:56]  faint_o_o: forsenSWA
[23:06:56]  pokalenuuhku609: OMEGALUL
[23:06:56]  mickybcn97: LULW
[23:06:56]  alien_pleased: forsenSWA
[23:06:56]  hansumaruh: LULW
[23:06:56]  iounls: forsenSWA
[23:06:56]  gosuprime: forsenSWA
[23:06:56]  snoopadillios: forsenSWA
[23:06:56]  whitetable234: forsenSWA
[23:06:56]  snowstormcs: forsenSWA
[23:06:56]  pepping_dore: forsenSWA
[23:06:56]  0ryoss: OMEGALUL 󠀀
[23:06:56]  slaktar: LULW
[23:06:57]  sadgecd: forsenCD 󠀀
[23:06:57]  salvationdota: forsenSWA
[23:06:57]  gervasetherichhours: forsenSWA
[23:06:57]  ach_xdd: OMEGALUL
[23:06:57]  masuven: forsenSWA
[23:06:57]  tko77: LULW
[23:06:57]  etsoblue: forsenSWA
[23:06:57]  fynkz_: OMEGALUL
[23:06:57]  despya: forsenSWA
[23:06:57]  xpatrck: LULW
[23:06:58]  de127: forsenSWA 󠀀
[23:06:59]  jarrrno: forsenLaughingAtYou 🇩🇰 forsenLaughingAtYou 🇩🇰
[23:06:59]  falux7: LULW
[23:06:59]  ossevi: LULW !
[23:06:59]  nammer_from_vietnam: LULW
[23:06:59]  rasquavak_: LULW
[23:06:59]  torshir: forsenSWA
[23:06:59]  unholyb: forsenSWA
[23:06:59]  mannsoj: forsenSWA
[23:06:59]  holyfraud: LULW
[23:06:59]  resillant: LULW
[23:06:59]  greentea_________: LULE
[23:06:59]  ghoulala: OMEGALUL
[23:06:59]  manjiro1_: forsenSWA
[23:06:59]  teatimeokayeg: LULW
[23:06:59]  evolaxy: LULE
[23:06:59]  sadgecd: forsenSWA
[23:06:59]  johnyydeluxe: OMEGALUL
[23:06:59]  lexxleloxx: forsenSWA
[23:06:59]  realmasterc: LULW
[23:06:59]  ouacewi: forsenSWA
[23:06:59]  ricecookeerr: forsenSWA MEN VA FAN
[23:06:59]  masuven: LULE
[23:06:59]  raunorepomies: forsenSWA MEN VA FAN
[23:06:59]  jiayoujiayoujiayou: LLULW
[23:06:59]  isworn: LULW
[23:06:59]  lazarex: LULW
[23:06:59]  spencerrice: forsenWall MEN HAVE FUN
[23:06:59]  surrealsucks: LULW
[23:06:59]  kingerista: LULE
[23:07:00]  slickz_: LULW
[23:07:00]  cyancorp: LULW
[23:07:00]  yacobe: forsenSWA 󠀀
[23:07:00]  salvationdota: LULW
[23:07:00]  azure14_: forsenSWA
[23:07:00]  0ryoss: OMEGALUL
[23:07:00]  thew0ozy: LULW
[23:07:00]  vahva: true LULE
[23:07:00]  fynkz_: OMEGALUL 󠀀
[23:07:00]  mazedmarky_ow: forsenSWA
[23:07:02]  dankbaj: "LULW"  LULE
[23:07:02]  jiayoujiayoujiayou: LULW
[23:07:02]  excelent_: LULW
[23:07:02]  wolflel: LULE
[23:07:02]  jarrrno: forsenLaughingAtYou 🇩🇰
[23:07:02]  pepping_dore: SMOKE = WALL LULW
[23:07:02]  twobillionyearoldrock: LULE ..
[23:07:02]  propper_: forsenSWA
[23:07:02]  evolaxy: LULW
[23:07:02]  helzarian: LULW
[23:07:02]  myisveryholy: LULW
[23:07:02]  ricecookeerr: forsenSWA  MEN VA FAN
[23:07:02]  hannesthelord: LULE
[23:07:02]  snoopadillios: forsenSWA fanden
[23:07:03]  luralua: forsenLevel . o ( PopCorn )
[23:07:03]  xpatrck: LULW 󠀀
[23:07:03]  youngsachi: LULW
[23:07:03]  glintexas: SMALL = WALL LULW
[23:07:03]  tommy_lindsey: forsenSWA MEN
[23:07:03]  legitsxd: forsenSWA MEN VA FAN
[23:07:03]  tf_wrath: LULW
[23:07:03]  lunnick: LULW
[23:07:03]  oofulls: LULW
[23:07:03]  cj_dr20: LULW
[23:07:03]  onetoxicfck: forsenSWA
[23:07:03]  kaschlach: OMEGALUL
[23:07:03]  kuruugi: SMOKE = WALL LULW
[23:07:03]  byzentox: 11K PEOPLE WATCHING THIS IDIOT EAT CHIPS ON MIC???? WTF... 󠀀
[23:07:03]  ouacewi: LULW
[23:07:03]  swedish_remixer: forsenSWA
[23:07:03] 하루이스와이푸 haruiswaifu: LULW 󠀀
[23:07:03]  dankbaj: "LULW" LULE
[23:07:03]  alloftheworld_1: LULW
[23:07:03]  thick_lolita: SMOKE = WALL LULW
[23:07:03]  yacobe: LULE
[23:07:03]  pituseu: LULW
[23:07:03]  captainej: LULW
[23:07:03]  semmitell: LULW LULW LULW LULW
[23:07:03]  brunix126: LULW
[23:07:03]  troala: LULW
[23:07:03]  cai__: LULE
[23:07:03]  heyy35622: OMEGALUL
[23:07:03]  0ryoss: LULE
[23:07:04]  spaceandenterkappa: forsenSWA
[23:07:04] 하강_____ descentt: LULE
[23:07:04]  ianshaw33: LULW FARMING
[23:07:04]  skrzatzczatu: LULE
[23:07:04]  jupasx: LULW
[23:07:04]  crashfort: smoke = wall happythoGiggle
[23:07:05]  cactus_jack__: LULW
[23:07:05]  flying__ipis: OMEGALUL
[23:07:05]  torshir: SMOKE = WALL LULW
[23:07:05]  oovini: LULE
[23:07:05]  uniformegg1: LULW ❗
[23:07:05]  onetoxicfck: LULE
[23:07:05]  modsvanbadikusandsamme1g: FORSEN STRAT OMEGALUL FORSEN STRAT OMEGALUL FORSEN STRAT OMEGALUL FORSEN STRAT OMEGALUL FORSEN STRAT OMEGALUL
[23:07:05]  coldieru: SMOKE = WALL LULW
[23:07:05]  crashfort: smoke = wall happythoGiggle ,
[23:07:06]  raunorepomies: forsenSWA  MEN VA FAN
[23:07:06]  lexxleloxx: LULW
[23:07:06]  ossevi: LULW  💦
[23:07:06]  dankbaj: "LULW"  LULE
[23:07:06]  lafaman: LULW LULE
[23:07:06]  xpatrck: LULW
[23:07:06]  snoopadillios: forsenSWA  fanden
[23:07:06]  elegigglesavedmylife: SMOKE = WALL LULW
[23:07:06]  mikavevo: TRUE LULW
[23:07:06]  legitsxd: forsenSWA  MEN VA FAN
[23:07:06]  xfighter_23: "LULW" LULE
[23:07:06]  cai__: LULE 󠀀
[23:07:06]  slickz_: LULW 󠀀
[23:07:06]  winchester032: LULW SMOKE
[23:07:06]  scrauny: "LULW" LULE
[23:07:06]  xind3r: Mr @forsen crop top of the cam so we can see map? .-
[23:07:06]  caefolomy: LULE
[23:07:06] なみ mrodriguez49: forsenSWA
[23:07:07]  crashfort: smoke = wall happythoGiggle
[23:07:07]  dankbaj: "LULW" LULE
[23:07:07]  conmc99: "LULW" LULE
[23:07:07]  ivsenikizaniatbi: thanks
[23:07:07]  0ryoss: LULE REAL
[23:07:07]  thugga_okayeg: LULW 󠀀
[23:07:07]  hannesthelord: LULE SMOKE= WALL
[23:07:07]  maplemai: SMOKE = WALL LULW
[23:07:07]  azojump: SMOKE = WALL LULE
[23:07:08]  drdistransparency: SMOKE = WALL LULW
[23:07:08]  crashfort: smoke = wall happythoGiggle ,
[23:07:08]  rubendias: LULW
[23:07:08]  dankbaj: "LULW"  LULE
[23:07:08]  music_of_freedom: SMOKE = WALL LULW
[23:07:08]  monkeyreturnz: LULVV LULE LULVV LULE LULVV LULE LULVV LULE LULVV LULE LULVV LULE
[23:07:08]  unholyb: "LULW" LULE
[23:07:08]  ianshaw33: LULW FARMING  LULW FARMING  LULW FARMING  LULW FARMING
[23:07:09]  mysztic: LULW in 2022 LULE
[23:07:09]  glintexas: SMOKE = WALL LULW
[23:07:09]  ossevi: LULW 💦 LULW 💦 LULW 💦 LULW 💦 LULW 💦 LULW 💦 LULW 💦 LULW 💦
[23:07:09]  skeeeey: "LULW" LULE
[23:07:09]  modsvanbadikusandsamme1g: FORSEN STRAT OMEGALUL FORSEN STRAT OMEGALUL FORSEN STRAT OMEGALUL FORSEN STRAT OMEGALUL FORSEN STRAT OMEGALUL 󠀀
[23:07:09]  wystaan: MALDING DURING ESPOERTS GAME LULE
[23:07:09]  crashfort: smoke = wall happythoGiggle
[23:07:09]  forsenlevelguy: LULE ¨LULW¨ LULE ¨LULW¨ LULE ¨LULW¨ LULE ¨LULW¨ LULE ¨LULW¨ LULE ¨LULW¨ LULE ¨LULW¨ LULE ¨LULW¨
[23:07:09]  0ryoss: LULE  REAL
[23:07:09]  dankbaj: "LULW" LULE
[23:07:09]  alda36: LULE
[23:07:09]  lunnick: "LULE" LULW
[23:07:09]  lamdaxd: LULE
[23:07:09]  tommy_lindsey: gachiAPPROVE MEN HAVING FUN
[23:07:09]  k_a_z___: "LULW" LULE
[23:07:09]  zer0gravity16: LULW
[23:07:10]  nycsts: LULW
[23:07:10]  megamen148: "LULW" LULE
[23:07:10]  b0gdan__99: LULW
[23:07:10]  thugga_okayeg: LULW
[23:07:10]  manjiro1_: LULE "LULW"
[23:07:10]  yaya1sa: LULE
[23:07:10]  mysztic: LULW  in 2022 LULE
[23:07:10]  mundy7: smoke = forsenWall LULW smoke = forsenWall LULW smoke = forsenWall LULW smoke = forsenWall LULW smoke = forsenWall LULW
[23:07:10]  jasonbrodyvo: LULW
[23:07:10]  scrauny: "LULW"  LULE
[23:07:10]  conmc99: "LULW" LULE "LULW" LULE "LULW" LULE "LULW" LULE "LULW" LULE "LULW" LULE "LULW" LULE
[23:07:10]  skeeeey: "LULW"  LULE
[23:07:10]  dankbaj: "LULW"  LULE
[23:07:10]  xekvera: "LULW" happE
[23:07:10]  juliennnnnn: smokesen
[23:07:10]  crashfort: smoke = wall happythoGiggle ,
[23:07:10]  modsvanbadikusandsamme1g: FORSEN STRAT OMEGALUL FORSEN STRAT OMEGALUL FORSEN STRAT OMEGALUL FORSEN STRAT OMEGALUL FORSEN STRAT OMEGALUL
[23:07:11]  szubie: LULW SMOKE = forsenWall
[23:07:11]  flying__ipis: LULE
[23:07:11]  langis: DuckerZ
[23:07:11]  khaled_taka: "LULW" LULE
[23:07:11]  mi6_director: forsenSAWA
[23:07:11]  kanjozokuuu: SMOKE = WALL LULW
[23:07:11]  0ryoss: LULE REAL
[23:07:11]  forsenlevelguy: LULE ¨LULW¨ LULE ¨LULW¨ LULE ¨LULW¨ LULE ¨LULW¨ LULE ¨LULW¨ LULE ¨LULW¨ LULE ¨LULW¨ LULE ¨LULW¨ LULE ¨LULW¨ LULE ¨LULW¨ LULE ¨LULW¨ LULE ¨LULW¨
[23:07:12]  dankbaj: "LULW" LULE
[23:07:12]  crashfort: smoke = wall happythoGiggle ,'
[23:07:12]  mundy7: smoke = forsenWall LULW smoke = forsenWall LULW smoke = forsenWall LULW smoke = forsenWall LULW smoke = forsenWall LULW  󠀀
[23:07:12]  ianshaw33: LULW FARMING  LULW FARMING  LULW FARMING  LULW FARMING  LULW FARMING  LULW FARMING
[23:07:12]  hannesthelord: LULE SMOKE= WALL LULE
[23:07:12]  thugga_okayeg: LULW 󠀀
[23:07:12]  cyancorp: LULW STREAMER SAID "LULW"
[23:07:12]  dashh_u: "LULW"  LULE
[23:07:13]  modsvanbadikusandsamme1g: FORSEN STRAT OMEGALUL FORSEN STRAT OMEGALUL FORSEN STRAT OMEGALUL FORSEN STRAT OMEGALUL FORSEN STRAT OMEGALUL 󠀀
[23:07:13]  monkeyreturnz: LULVV LULE LULVV LULE LULVV LULE LULVV LULE LULVV LULE LULVV LULE LULVV LULE LULVV LULE
[23:07:13]  nani_was_real_copesen: FARMING LULW
[23:07:13]  skeeeey: "LULW" LULE
[23:07:13]  megamen148: "LULW"  LULE
[23:07:13]  dankbaj: "LULW"  LULE
[23:07:13]  mysztic: LULW in 2022 LULE
[23:07:13]  cai__: USING "LULW" IN 2022 LULE
[23:07:13]  kuruugi: RlyTho
[23:07:14]  pepeshoots: LULVV LULE
[23:07:14]  crashfort: smoke = wall happythoGiggle ,'-
[23:07:14]  conmc99: "LULW"  LULE "LULW" LULE "LULW" LULE "LULW" LULE "LULW" LULE "LULW" LULE "LULW" LULE
[23:07:14]  0ryoss: LULE  REAL
[23:07:14]  aduben: MEN HAVE FUN gachiBASS
[23:07:14]  omegalulcompactdisc: 🚬 = forsenWall LULW
[23:07:14]  khaled_taka: "LULW" LULE 󠀀
[23:07:14]  manjiro1_: LULE  "LULW"
[23:07:14]  dashh_u: "LULW" LULE
[23:07:14]  pvlsation: LULW
[23:07:14]  gosim: LULE
[23:07:14]  pepping_dore: "LULW" LULE
[23:07:14]  b0gdan__99: LULE
[23:07:14]  dankbaj: "LULW" LULE
[23:07:14]  pepe_hands_up: RlyTho
[23:07:14]  skeeeey: "LULW"  LULE
[23:07:14]  crashfort: smoke = wall happythoGiggle ,'
[23:07:14]  kingerista: "LULW" LULE
[23:07:14]  modsvanbadikusandsamme1g: FORSEN STRAT OMEGALUL FORSEN STRAT OMEGALUL FORSEN STRAT OMEGALUL FORSEN STRAT OMEGALUL FORSEN STRAT OMEGALUL
[23:07:14]  manjiro1_: LULE "LULW"
[23:07:15]  mysztic: LULW  in 2022 LULE
[23:07:15]  dankbaj: "LULW"  LULE
[23:07:15]  szubie: SMOKE = forsenWall  LULW
[23:07:15]  hannesthelord: LULE SMOKE= WALL
[23:07:15]  frencoh: "LULW" LULE "LULW" LULE "LULW" LULE "LULW" LULE "LULW" LULE "LULW" LULE "LULW" LULE "LULW" LULE
[23:07:15]  monkeyreturnz: LULVV LULE LULVV LULE LULVV LULE LULVV LULE LULVV LULE LULVV LULE LULVV LULE LULVV LULE  󠀀
[23:07:15]  megamen148: "LULW" LULE
[23:07:15]  mi6_director: forsenSWA
[23:07:15]  nils_einar: : "LULW" LULE
[23:07:15]  crashfort: smoke = wall happythoGiggle ,
[23:07:16] 하루이스와이푸 haruiswaifu: "LULW" LULE
[23:07:16]  manjiro1_: LULE  "LULW"
[23:07:16]  cyancorp: LULW STREAMER SAID "LULW" LULW STREAMER SAID "LULW" LULW STREAMER SAID "LULW"
[23:07:16]  dankbaj: "LULW" LULE
[23:07:16]  jasonbrodyvo: LULW 󠀀
[23:07:16]  khaled_taka: "LULW" LULE
[23:07:16]  donjic: "LULW" NORMIE LULE
[23:07:16]  cai__: USING  "LULW" IN 2022 LULE USING "LULW" IN 2022 LULE USING "LULW" IN 2022 LULE USING "LULW" IN 2022 LULE USING "LULW" IN 2022 LULE
[23:07:16]  tooolate_always: are u sure LUL LUL
[23:07:16]  glintexas: LULW IN 2022 LULE
[23:07:16]  conmc99: "LULW" LULE "LULW" LULE "LULW" LULE "LULW" LULE "LULW" LULE "LULW" LULE "LULW" LULE
[23:07:17]  tommy_lindsey: LULE ¨LULW¨ LULE ¨LULW¨ LULE ¨LULW¨ LULE ¨LULW¨ LULE ¨LULW¨ LULE ¨LULW¨ LULE ¨LULW¨ LULE ¨LULW¨ LULE ¨LULW¨ LULE ¨LULW¨ LULE ¨LULW¨ LULE ¨LULW¨
[23:07:17]  rylathor: BabyRage va fan scandinavian team will lose
[23:07:17]  modsvanbadikusandsamme1g: FORSEN STRAT OMEGALUL FORSEN STRAT OMEGALUL FORSEN STRAT OMEGALUL FORSEN STRAT OMEGALUL FORSEN STRAT OMEGALUL 󠀀
[23:07:17]  mundy7: smoke = forsenWall LULW smoke = forsenWall LULW smoke = forsenWall LULW smoke = forsenWall LULW smoke = forsenWall LULW
[23:07:17]  baj_movie_festival2020: "LULW" happE
[23:07:17]  manjiro1_: LULE "LULW"
[23:07:17]  rosenkreutzer: "LUW" LULE
[23:07:17]  dankbaj: "LULW"  LULE
[23:07:17]  cyancorp: LULW STREAMER SAID "LULW" LULW STREAMER SAID "LULW" LULW STREAMER SAID "LULW" LULW STREAMER SAID "LULW"
[23:07:17]  nico_bellic: SMALL = WALL LULW
[23:07:17]  lexxleloxx: LULE LULVV
[23:07:17]  preciselycristianoronaldo: LULW
[23:07:17]  resillant: "LULW" LULE
[23:07:17]  lunch_box: happE "LULE"
[23:07:17]  manzo_ku: LULE "LULW"
[23:07:17]  flashdecku: "LULW" LULE
[23:07:17]  gosim: happE
[23:07:18]  thugga_okayeg: LULW
[23:07:18]  omegalulcompactdisc: 🚬 = forsenWall LULE
[23:07:18]  peraceso: forsenLevel . o (  PopCorn  )
[23:07:18]  manjiro1_: LULE  "LULW"
[23:07:18]  modsvanbadikusandsamme1g: FORSEN STRAT OMEGALUL FORSEN STRAT OMEGALUL FORSEN STRAT OMEGALUL FORSEN STRAT OMEGALUL FORSEN STRAT OMEGALUL
[23:07:18]  scrauny: "LULW" LULE
[23:07:19]  sadgecd: smoke = forsenWall LULW smoke = forsenWall LULW smoke = forsenWall LULW smoke = forsenWall LULW smoke = forsenWall LULW 󠀀
[23:07:19]  uniformegg1: LULW "LULE"
[23:07:19]  manjiro1_: LULE "LULW"
[23:07:19]  jubular: LULW
[23:07:19]  cai__: USING "LULW" IN 2022 LULE USING "LULW" IN 2022 LULE USING "LULW" IN 2022 LULE USING "LULW" IN 2022 LULE USING "LULW" IN 2022 LULE
[23:07:19]  dojoo23: ''LULW'' LULE
[23:07:20]  deadkelp: TWITCHCHATSEN LULE TWITCHCHATSEN LULE TWITCHCHATSEN LULE TWITCHCHATSEN LULE
[23:07:20]  pepeshoots: "LULVV" LULE
[23:07:20]  tommy_lindsey: LULE  ¨LULW¨ LULE ¨LULW¨ LULE ¨LULW¨ LULE ¨LULW¨ LULE ¨LULW¨ LULE ¨LULW¨ LULE ¨LULW¨ LULE ¨LULW¨ LULE ¨LULW¨ LULE ¨LULW¨ LULE ¨LULW¨ LULE ¨LULW¨
[23:07:20]  monkeyreturnz: LULVV LULE LULVV LULE LULVV LULE LULVV LULE LULVV LULE LULVV LULE LULVV LULE LULVV LULE
[23:07:20]  lexxleloxx: LULE LULVV LULE LULVV LULE LULVV
[23:07:20]  jarrrno: forsenLaughingAtYou 🇩🇰 forsenLaughingAtYou 🇩🇰
[23:07:20]  manjiro1_: LULE  "LULW"
[23:07:20]  ivsenikizaniatbi: "LULE" LULW
[23:07:20]  szubie: LULW SMOKE = forsenWall
[23:07:20]  mi6_director: LULE "LULW"
[23:07:20]  surrealsucks: LULE ¨LULW¨ LULE ¨LULW¨ LULE ¨LULW¨ LULE ¨LULW¨ LULE ¨LULW¨ LULE ¨LULW¨ LULE ¨LULW¨ LULE ¨LULW¨ LULE ¨LULW¨ LULE ¨LULW¨ LULE ¨LULW¨ LULE ¨LULW¨
[23:07:20]  cai__: USING  "LULW" IN 2022 LULE USING "LULW" IN 2022 LULE USING "LULW" IN 2022 LULE USING "LULW" IN 2022 LULE USING "LULW" IN 2022 LULE
[23:07:20]  mundy7: smoke = forsenWall LULW
[23:07:21]  megamen148: "LULW" IN 2k22 LULE
[23:07:21]  khaled_taka: "LULW" LULE 󠀀
[23:07:21]  deadkelp: TWITCHCHATSEN LULE TWITCHCHATSEN LULE TWITCHCHATSEN LULE
[23:07:21]  glintexas: "LULW" IN 2022 LULE
[23:07:21]  dojoo23: ''LULW'' LULE 󠀀
[23:07:21]  modsvanbadikusandsamme1g: FORSEN STRAT OMEGALUL FORSEN STRAT OMEGALUL FORSEN STRAT OMEGALUL FORSEN STRAT OMEGALUL FORSEN STRAT OMEGALUL 󠀀
[23:07:21]  manjiro1_: LULE "LULW"
[23:07:21]  flann___: forsenLevel . o ( PopCorn )
[23:07:21]  pepping_dore: USING "LULW" LULE
[23:07:22]  ivsenikizaniatbi: "LULE" LULW 󠀀
[23:07:22]  frencoh: "LULW" LULE "LULW" LULE "LULW" LULE "LULW" LULE "LULW" LULE "LULW" LULE "LULW" LULE "LULW" LULE "LULW" LULE  󠀀
[23:07:22]  hobomania: "LULE" happE
[23:07:22]  dankbaj: "LULW" LULE
[23:07:22]  lexxleloxx: LULE LULVV LULE LULVV LULE LULVV LULE LULVV LULE LULVV
[23:07:22]  taq111: forsenCD
[23:07:22]  gachiapreciator: LULE "LULW"
[23:07:22]  tommy_lindsey: LULE ¨LULW¨ LULE ¨LULW¨ LULE ¨LULW¨ LULE ¨LULW¨ LULE ¨LULW¨ LULE ¨LULW¨ LULE ¨LULW¨ LULE ¨LULW¨ LULE ¨LULW¨ LULE ¨LULW¨ LULE ¨LULW¨ LULE ¨LULW¨
[23:07:22]  seymourflux: "LULE" happE
[23:07:22]  conmc99: "LULW"  LULE "LULW" LULE "LULW" LULE "LULW" LULE "LULW" LULE "LULW" LULE "LULW" LULE
[23:07:22]  scrsenfooots: ''LULW'' LULE
[23:07:22]  flann___: forsenLevel  . o ( PopCorn )
[23:07:23]  mundy7: smoke = forsenWall LULW  󠀀
[23:07:23]  xind3r: Mr @forsen crop top of the cam so we can see map?  .,
[23:07:23]  megamen148: "LULW"  IN 2k22 LULE
[23:07:23]  proxe0: 2Head
[23:07:23]  cai__: USING "LULW" IN 2022 LULE USING "LULW" IN 2022 LULE USING "LULW" IN 2022 LULE USING "LULW" IN 2022 LULE USING "LULW" IN 2022 LULE
[23:07:23]  deadkelp: TWITCHCHATSEN LULE TWITCHCHATSEN LULE TWITCHCHATSEN LULE TWITCHCHATSEN LULE
[23:07:23]  ivsenikizaniatbi: "LULE" LULW
[23:07:23]  scorpion3341: LULE " LULW "
[23:07:23]  modsvanbadikusandsamme1g: FORSEN STRAT OMEGALUL FORSEN STRAT OMEGALUL FORSEN STRAT OMEGALUL FORSEN STRAT OMEGALUL FORSEN STRAT OMEGALUL
[23:07:24]  flann___: forsenLevel . o ( PopCorn )
[23:07:24]  glintexas: "LULW" IN 2022 LULE "LULW" IN 2022 LULE "LULW" IN 2022 LULE "LULW" IN 2022 LULE
[23:07:24]  cai__: USING  "LULW" IN 2022 LULE USING "LULW" IN 2022 LULE USING "LULW" IN 2022 LULE USING "LULW" IN 2022 LULE USING "LULW" IN 2022 LULE
[23:07:24]  lexxleloxx: LULE LULVV LULE LULVV LULE LULVV LULE LULVV LULE LULVV LULE LULVV
[23:07:24]  mundy7: smoke = forsenWall LULW
[23:07:24]  ivsenikizaniatbi: "LULE" LULW 󠀀
[23:07:24]  deadkelp: TWITCHCHATSEN LULE TWITCHCHATSEN LULE TWITCHCHATSEN LULE
[23:07:24]  sykaplyat: "LULE" LULW
[23:07:25]  scorpion3341: LULE  " LULW "
[23:07:25]  trojan32vd: lulw normie WutFace
[23:07:25]  megamen148: "LULW" IN 2k22 LULE
[23:07:25]  swedish_remixer: LULW `?
[23:07:25]  flann___: forsenLevel  . o ( PopCorn )
[23:07:25]  donjic: "LULW" NORMIESEN LULE
[23:07:25]  manjiro1_: forsenGASM
[23:07:25]  fynkz_: WutFace
[23:07:25]  etsoblue: "LULE" happE
[23:07:25]  glintexas: "LULW" IN 2022 LULE "LULW" IN 2022 LULE "LULW" IN 2022 LULE
[23:07:25]  cai__: USING "LULW" IN 2022 LULE USING "LULW" IN 2022 LULE USING "LULW" IN 2022 LULE USING "LULW" IN 2022 LULE USING "LULW" IN 2022 LULE
[23:07:25]  frencoh: "LULW" LULE "LULW" LULE "LULW" LULE "LULW" LULE "LULW" LULE "LULW" LULE "LULW" LULE "LULW" LULE "LULW" LULE
[23:07:25]  surelyclueless: "LULE" LULW
[23:07:26]  monkeyreturnz: LULVV LULE LULVV LULE LULVV LULE LULVV LULE LULVV LULE LULVV LULE LULVV LULE LULVV LULE  󠀀
[23:07:26]  ricecookeerr: OMEGALUL
[23:07:26]  conmc99: "LULW" LULE "LULW" LULE "LULW" LULE "LULW" LULE "LULW" LULE "LULW" LULE "LULW" LULE
[23:07:26]  deadkelp: TWITCHCHATSEN LULE TWITCHCHATSEN LULE TWITCHCHATSEN LULE TWITCHCHATSEN LULE
[23:07:26]  ivsenikizaniatbi: "LULE" LULW
[23:07:26]  yoggyogg: "LULW" LULE
[23:07:26]  flann___: forsenLevel . o ( PopCorn )
[23:07:26]  tf_wrath: "LULE" happE
[23:07:26]  zer0gravity16: LULE
[23:07:26]  modsvanbadikusandsamme1g: forsenLevel
[23:07:26]  megamen148: "LULW"  IN 2k22 LULE
[23:07:26]  gennpen: LULW
[23:07:26]  tommy_lindsey: WutFace
[23:07:26]  pepping_dore: BBoomer "LULW"
[23:07:27]  nammer_from_vietnam: "LULW" IN 2022 LULE
[23:07:27]  ghoulala: ForsenLookingAtYou "LULW"
[23:07:27]  crashfort: forsenExplainingHow
[23:07:27]  cai__: USING  "LULW" IN 2022 LULE USING "LULW" IN 2022 LULE USING "LULW" IN 2022 LULE USING "LULW" IN 2022 LULE USING "LULW" IN 2022 LULE
[23:07:27]  pepeshoots: "LULW" LULE
[23:07:27]  whitetable234: LULE
[23:07:27]  snoopadillios: LULE
[23:07:27]  lexxleloxx: LULE LULVV LULE LULVV LULE LULVV LULE LULVV LULE LULVV LULE LULVV LULE LULVV
[23:07:27]  yaya1sa: LULW STREAMER SAID "LULW" LULW STREAMER SAID "LULW" LULW STREAMER SAID "LULW" LULW STREAMER SAID "LULW"
[23:07:27]  flann___: forsenLevel  . o ( PopCorn )
[23:07:27] しゅーうう miseryshoe: forsen's opinion nyanPls
[23:07:27]  asmith4687: LULE "ANYTHING"
[23:07:27]  deadkelp: TWITCHCHATSEN LULE TWITCHCHATSEN LULE TWITCHCHATSEN LULE
[23:07:27]  limenaa: LULW "LULE"
[23:07:27]  ivsenikizaniatbi: "LULE" LULW 󠀀
[23:07:27]  hobomania: "LULE" happE "LULE" happE "LULE" happE "LULE" happE "LULE" happE
[23:07:27]  jarrrno: forsenLevel
[23:07:27]  luralua: LULGE
[23:07:27]  yacobe: LULE 󠀀
[23:07:28]  trihardsupporter: LULE "LULW"
[23:07:28]  dojoo23: ''LULW'' LULE
[23:07:28]  cai__: USING "LULW" IN 2022 LULE USING "LULW" IN 2022 LULE USING "LULW" IN 2022 LULE USING "LULW" IN 2022 LULE USING "LULW" IN 2022 LULE
[23:07:28]  modsvanbadikusandsamme1g: FORSEN STRAT OMEGALUL FORSEN STRAT OMEGALUL FORSEN STRAT OMEGALUL FORSEN STRAT OMEGALUL FORSEN STRAT OMEGALUL
[23:07:28]  seymourflux: WutFace
[23:07:28]  snoopadillios: LULE 󠀀
[23:07:28]  breezy_: forsenLevel . o ( PopCorn ) 󠀀
[23:07:28]  tommy_lindsey: WutFace 󠀀
[23:07:28]  nani_was_real_copesen: forsenWut
[23:07:28]  time04: LULE
[23:07:28]  yaya1sa: LULW STREAMER SAID "LULW" LULW STREAMER SAID "LULW" LULW STREAMER SAID "LULW" LULW STREAMER SAID "LULW" 󠀀
[23:07:28]  flann___: forsenLevel . o ( PopCorn )
[23:07:29]  sodapopper: WutFace
[23:07:29]  papayauriah: "LULW" LULE
[23:07:29]  cai__: USING  "LULW" IN 2022 LULE USING "LULW" IN 2022 LULE USING "LULW" IN 2022 LULE USING "LULW" IN 2022 LULE USING "LULW" IN 2022 LULE
[23:07:29]  xmechanic: KEKHeim
[23:07:29]  hobomania: "LULE" happE "LULE" happE "LULE" happE "LULE" happE "LULE" happE "LULE" happE
[23:07:30]  deadkelp: TWITCHCHATSEN LULE TWITCHCHATSEN LULE TWITCHCHATSEN LULE TWITCHCHATSEN LULE
[23:07:30]  wolffy77: LULE
[23:07:30]  gosim: happE "LULE"
[23:07:30]  yaya1sa: LULW STREAMER SAID "LULW" LULW STREAMER SAID "LULW" LULW STREAMER SAID "LULW" LULW STREAMER SAID "LULW"
[23:07:30]  mi6_director: WutFace
[23:07:30]  modsvanbadikusandsamme1g: FORSEN STRAT OMEGALUL FORSEN STRAT OMEGALUL FORSEN STRAT OMEGALUL FORSEN STRAT OMEGALUL FORSEN STRAT OMEGALUL 󠀀
[23:07:30]  aduben: LUL "LULE" LUL "LULE" LUL "LULE" LUL "LULE" LUL "LULE" LUL "LULE" LUL "LULE" LUL "LULE"
[23:07:30]  dojoo23: ''LULW'' LULE 󠀀
[23:07:30]  pvlsation: "LULW" IN 2022 LULE
[23:07:30]  monkeyreturnz: LULVV LULE LULVV LULE LULVV LULE LULVV LULE LULVV LULE LULVV LULE LULVV LULE LULVV LULE
[23:07:30]  scorpion3341: LULE "LULW"
[23:07:30]  jarrrno: LULE
[23:07:30]  lzi_: :tf:
[23:07:30]  cai__: USING "LULW" IN 2022 LULE USING "LULW" IN 2022 LULE USING "LULW" IN 2022 LULE USING "LULW" IN 2022 LULE USING "LULW" IN 2022 LULE
[23:07:30]  cyancorp: happE "LULE" happE "LULE" happE "LULE" happE "LULE" happE "LULE" happE "LULE"
[23:07:31]  glintexas: "LULW" IN 2022 LULE
[23:07:31]  ivsenikizaniatbi: "LULE" LULW
[23:07:31]  flann___: forsenLevel  . o ( PopCorn )
[23:07:31]  hobomania: "LULE"  happE "LULE" happE "LULE" happE "LULE" happE "LULE" happE "LULE" happE
[23:07:31]  seymourflux: VOICE WutFace
[23:07:31]  nani_was_real_copesen: WutFace
[23:07:31]  pepeshoots: "LULVV" LULE
[23:07:31]  ugos123: LULE
[23:07:31]  woolowl: Pepege
[23:07:31]  slaktar: LULE
[23:07:31]  mickybcn97: LULE ?
[23:07:31]  bergi_22: SmokeTime = forsenWall
[23:07:31]  hansumaruh: LULE
[23:07:32]  lexxleloxx: LULE LULVV LULE LULVV LULE LULVV LULE LULVV LULE LULVV LULE LULVV
[23:07:32]  evolaxy: WutFace
[23:07:32]  uniformegg1: LULW "LULE" LULW "LULE" LULW "LULE" LULW "LULE" LULW "LULE" LULW "LULE" LULW "LULE"
[23:07:32]  surrealsucks: LULE
[23:07:32]  gosuprime: forsenExplainingHow
[23:07:32]  cai__: USING  "LULW" IN 2022 LULE USING "LULW" IN 2022 LULE USING "LULW" IN 2022 LULE USING "LULW" IN 2022 LULE USING "LULW" IN 2022 LULE
[23:07:32]  scorpion3341: LULE  "LULW"
[23:07:33]  nammer_from_vietnam: HOW IS HE THERE LULE
[23:07:33]  heroes22: pepeMeltdown
[23:07:33]  cai__: USING "LULW" IN 2022 LULE USING "LULW" IN 2022 LULE USING "LULW" IN 2022 LULE USING "LULW" IN 2022 LULE USING "LULW" IN 2022 LULE
[23:07:33]  darky_knighty: LUL I KNOW THAT LUL I KNOW THAT LUL I KNOW THAT LUL I KNOW THAT LUL I KNOW THAT LUL I KNOW THAT
[23:07:33]  dojoo23: ''LULW'' LULE
[23:07:33]  0ryoss: LULE
[23:07:33]  ricecookeerr: forsenExplainingHow
[23:07:34]  deadkelp: TWITCHCHATSEN LULE TWITCHCHATSEN LULE TWITCHCHATSEN LULE
[23:07:34]  mi6_director: OMEGALUL
[23:07:34]  soah_nora: LULW "LULE"
[23:07:34]  megamen148: "LULW"  NORMAN LULE
[23:07:34]  iheckinloveforsen: forsenSWA WTF ARE YOU DOING
[23:07:34]  tko77: eShrug
[23:07:34]  tommy_lindsey: LULE
[23:07:34]  lunch_box: forsenExplainingHow
[23:07:34]  cyancorp: happE "LULE" happE "LULE" happE "LULE" happE "LULE" happE "LULE" happE "LULE" happE "LULE"
[23:07:34]  manjiro1_: WutFace 󠀀
[23:07:34]  scorpion3341: LULE "LULW"
[23:07:34]  1ritardando: LULWLULELUL happE LULWLULELUL happE LULWLULELUL happE LULWLULELUL happE LULWLULELUL happE LULWLULELUL happE
[23:07:34]  cai__: USING  "LULW" IN 2022 LULE USING "LULW" IN 2022 LULE USING "LULW" IN 2022 LULE USING "LULW" IN 2022 LULE USING "LULW" IN 2022 LULE
[23:07:34]  ouacewi: forsenSWA
[23:07:34]  the_real_zeldurr: please :)
[23:07:35]  uniformegg1: LULW "LULE" LULW "LULE" LULW "LULE" LULW "LULE" LULW "LULE" LULW "LULE"
[23:07:35]  ricecookeerr: forsenExplainingHow 󠀀
[23:07:35]  jarrrno: PagMan
[23:07:35]  andromeda_321_: WutFace
[23:07:35]  creeptm: LULW ENJOYERS forsenBased LULW ENJOYERS forsenBased LULW ENJOYERS forsenBased LULW ENJOYERS forsenBased LULW ENJOYERS forsenBased
[23:07:35]  forsenlevelguy: WutFace SOYSEN
[23:07:35]  nomaamski: COCK LULE
[23:07:35]  deadkelp: TWITCHCHATSEN LULE TWITCHCHATSEN LULE TWITCHCHATSEN LULE TWITCHCHATSEN LULE
[23:07:35]  0ryoss: LULE 󠀀
[23:07:35]  modsvanbadikusandsamme1g: FORSEN STRAT OMEGALUL FORSEN STRAT OMEGALUL FORSEN STRAT OMEGALUL FORSEN STRAT OMEGALUL FORSEN STRAT OMEGALUL
[23:07:35]  whitetable234: forsenTF
[23:07:36]  swiftyisthereason: OMEGALUL
[23:07:36]  cai__: USING "LULW" IN 2022 LULE USING "LULW" IN 2022 LULE USING "LULW" IN 2022 LULE USING "LULW" IN 2022 LULE USING "LULW" IN 2022 LULE
[23:07:36]  snusbot: Looking for a Pleb Free Zone? Join other subscribers on Discord by typing !discord in chat and following the instructions.
[23:07:36]  scorpion3341: LULE  "LULW"
[23:07:36]  vadickus007: magisk LULE
[23:07:36]  aduben: LUL "LULE" LUL "LULE" LUL "LULE" LUL "LULE" LUL "LULE" LUL "LULE" LUL "LULE" LUL "LULE" LUL "LULE"
[23:07:36]  swedish_remixer: OMEGALUL
[23:07:36]  acdcyoungfan: HOW LULE
[23:07:36]  ach_xdd: PagMan
[23:07:36]  leviticuswatcher: LULE
[23:07:36]  surrealsucks: LULE ¨LULW¨ LULE ¨LULW¨ LULE ¨LULW¨ LULE ¨LULW¨ LULE ¨LULW¨ LULE ¨LULW¨ LULE ¨LULW¨ LULE ¨LULW¨ LULE ¨LULW¨ LULE ¨LULW¨ LULE ¨LULW¨ LULE ¨LULW¨
[23:07:36]  zombade80: PagMan
[23:07:36]  dojoo23: ''LULW'' LULE 󠀀
[23:07:36]  trihardsupporter: gg
[23:07:36]  cyancorp: happE "LULE" happE "LULE" happE "LULE" happE "LULE" happE "LULE" happE "LULE" happE "LULE" happE "LULE"
[23:07:36]  hobomania: "LULE" happE "LULE" happE "LULE" happE "LULE" happE "LULE" happE "LULE" happE "LULE" happE
[23:07:36]  1ritardando: LULWLULELUL  happE LULWLULELUL happE LULWLULELUL happE LULWLULELUL happE LULWLULELUL happE LULWLULELUL happE
[23:07:36]  0ryoss: EZ
[23:07:36]  jk__ll: forsenLevel . o ( PopCorn )
[23:07:37]  jimmy449: gg ezzz
[23:07:37]  kingerista: OMEGALUL
[23:07:37]  rafael_tp: gg
[23:07:37]  deadkelp: TWITCHCHATSEN LULE TWITCHCHATSEN LULE TWITCHCHATSEN LULE
[23:07:37]  megamen148: "LULW" NORMAN LULE
[23:07:37]  legitsxd: LULA "LULE"
[23:07:37]  glintexas: PagMan
[23:07:37]  ivsenikizaniatbi: "LULE" LULW 󠀀
[23:07:37]  scorpion3341: LULE "LULW"
[23:07:37]  time04: LULE LULW happE
[23:07:37]  destruidor39: EZ
[23:07:37]  lzi_: BloodTrail
[23:07:37]  watever47: Clueless
[23:07:37]  crashfort: happythoWoah
[23:07:37]  balders_bolle: LULE
[23:07:38]  modsvanbadikusandsamme1g: FORSEN STRAT OMEGALUL FORSEN STRAT OMEGALUL FORSEN STRAT OMEGALUL FORSEN STRAT OMEGALUL FORSEN STRAT OMEGALUL 󠀀
[23:07:38]  tommy_lindsey: LULE ¨LULW¨ LULE ¨LULW¨ LULE ¨LULW¨ LULE ¨LULW¨ LULE ¨LULW¨ LULE ¨LULW¨ LULE ¨LULW¨ LULE ¨LULW¨ LULE ¨LULW¨ LULE ¨LULW¨ LULE ¨LULW¨ LULE ¨LULW¨
[23:07:38]  juliennnnnn: PagChomp
[23:07:38]  pepping_dore: PagMan
[23:07:38]  dankbaj: well
[23:07:38]  alda36: EZ
[23:07:38]  brahgner: "LULE" happE "LULE" happE "LULE" happE "LULE" happE "LULE" happE
[23:07:38]  cai__: PagMan
[23:07:38]  rasquavak_: EZY
[23:07:38]  legitsxd: LULA  "LULE"
[23:07:38]  deadkelp: TWITCHCHATSEN LULE TWITCHCHATSEN LULE TWITCHCHATSEN LULE TWITCHCHATSEN LULE
[23:07:38]  8een7: BBoomer "LULW"
[23:07:38]  adamwarlock73: EZ
[23:07:38]  rsherms: SwiftRage
[23:07:38]  uniformegg1: LULW "LULE" LULW "LULE" LULW "LULE" LULW "LULE" LULW "LULE" LULW "LULE" LULW "LULE"
[23:07:38]  mi6_director: PagMan
[23:07:38]  jarrrno: forsenLaughingAtYou 🇩🇰
[23:07:39]  scorpion3341: LULE  "LULW"
[23:07:39]  swiftyisthereason: GO A OMEGALUL
[23:07:39]  isworn: EZ
[23:07:39]  okthenlols: THESE GUYS ARE SO BAD LULW
[23:07:39]  kaschlach: EZ
[23:07:39]  1ritardando: LULWLULELUL happE LULWLULELUL happE LULWLULELUL happE LULWLULELUL happE LULWLULELUL happE LULWLULELUL happE
[23:07:39]  0ryoss: EZ MAGISK
[23:07:39]  hobomania: "LULE"  happE "LULE" happE "LULE" happE "LULE" happE "LULE" happE "LULE" happE "LULE" happE
[23:07:39]  gachiapreciator: EZ
[23:07:39]  ivsenikizaniatbi: "LULE" LULW
[23:07:39]  sadgecd: forsenSWA
[23:07:39]  spaceandenterkappa: monkaOMEGA NURSE
[23:07:39]  cyancorp: happE "LULE" happE "LULE" happE "LULE" happE "LULE" happE "LULE" happE "LULE" happE "LULE" happE "LULE" happE "LULE"
[23:07:39]  pepperisunderrated: gg
[23:07:39]  popeyegreenz: LLLLLLLLLLLLLLLLLLLLLL
[23:07:39]  scrauny: PagChomp
[23:07:39]  anaxai: happE
[23:07:39]  gennpen: PagMan
[23:07:39]  conmc99: PagChomp
[23:07:39]  awesomegoose21: gachiAPPROVE TOP DONO gachiAPPROVE TOP DONO gachiAPPROVE TOP DONO gachiAPPROVE TOP DONO gachiAPPROVE TOP DONO gachiAPPROVE TOP DONO gachiAPPROVE TOP DONO
[23:07:39]  xind3r: Mr @forsen crop top of the cam so we can see map?
[23:07:39]  gojiralink: WutFace
[23:07:39]  executertv: EZ
[23:07:39]  lzi_: LETS GO BloodTrail
[23:07:39]  greentea_________: OMEGALUL
[23:07:39]  maplemai: HOW IS HE THERE LULE
[23:07:39]  rsherms: SwiftRage 󠀀
[23:07:40]  ricecookeerr: PagMan
[23:07:40]  whitetable234: OMEGALUL
[23:07:40]  soniclettuce: LULE
[23:07:40]  deadkelp: TWITCHCHATSEN LULE TWITCHCHATSEN LULE TWITCHCHATSEN LULE
[23:07:40]  modsvanbadikusandsamme1g: FORSEN STRAT OMEGALUL FORSEN STRAT OMEGALUL FORSEN STRAT OMEGALUL FORSEN STRAT OMEGALUL FORSEN STRAT OMEGALUL
[23:07:41]  zechey: WutFace
[23:07:41]  alien_pleased: batJAM
[23:07:41]  wystaan: MALDING LULE
[23:07:41]  kingerista: SwiftRage
[23:07:41]  leviticuswatcher: Pepege
[23:07:41]  proxe0: rat EZ
[23:07:41]  okthenlols: THEY ARE SO BAD LULW
[23:07:41]  swiftyisthereason: GO A OMEGALUL GO A OMEGALUL GO A OMEGALUL GO A OMEGALUL
[23:07:41]  ricecookeerr: PagMan 󠀀
[23:07:41]  creeptm: LULW ENJOYERS forsenBased LULW ENJOYERS forsenBased LULW ENJOYERS forsenBased LULW ENJOYERS forsenBased
[23:07:41]  luralua: monkaOMEGA
[23:07:41]  random_otaku: PagMan LET'S GOOOOOOOOOOO
[23:07:41]  manzo_ku: WutFace
[23:07:41]  manjiro1_: WutFace
[23:07:41]  flashdecku: PagMan
[23:07:41]  zoldriq: SwiftRage
[23:07:41]  thugga_okayeg: OMEGALUL
[23:07:41]  aquazard246: WutFace
[23:07:41]  dankbaj: SwiftRage 󠀀
[23:07:42]  forsenlevelguy: WutFace
[23:07:42]  j0mppa: BatChest
[23:07:42]  samsunn1: WutFace
[23:07:42]  jasonbrodyvo: forsenSWA
[23:07:42]  hobomania: "LULE" happE "LULE" happE "LULE" happE "LULE" happE "LULE" happE "LULE" happE "LULE" happE
[23:07:42]  kurrekts: PagMan
[23:07:42]  flann___: forsenInsane
[23:07:42]  awesomegoose21: gachiAPPROVE TOP DONO gachiAPPROVE TOP DONO gachiAPPROVE TOP DONO gachiAPPROVE TOP DONO gachiAPPROVE TOP DONO gachiAPPROVE TOP DONO gachiAPPROVE TOP DONO  󠀀
[23:07:42]  itsmrmisty: USING "LULW" IN 2022 LULE USING "LULW" IN 2022 LULE USING "LULW" IN 2022 LULE USING "LULW" IN 2022 LULE USING "LULW" IN 2022 LULE
[23:07:42]  xz_xz: BatChest
[23:07:42]  yacobe: WutFace
[23:07:42]  nebu86: BatFors
[23:07:42]  cai__: PagMan 󠀀
[23:07:42]  1ritardando: LULWLULELUL  happE LULWLULELUL happE LULWLULELUL happE LULWLULELUL happE LULWLULELUL happE LULWLULELUL happE
[23:07:42]  whitetable234: RlyTho
[23:07:42]  jannelou: WutFace
[23:07:42]  langis: WutFace
[23:07:42]  lexxleloxx: OMEGALUL
[23:07:42]  time04: LULE LULW happE LULE LULW happE
[23:07:42]  trihardsupporter: WutFace
[23:07:42]  modsvanbadikusandsamme1g: FORSEN STRAT OMEGALUL FORSEN STRAT OMEGALUL FORSEN STRAT OMEGALUL FORSEN STRAT OMEGALUL FORSEN STRAT OMEGALUL 󠀀
[23:07:42]  brahgner: "LULE" happE "LULE" happE "LULE" happE "LULE" happE "LULE" happE "LULE" happE "LULE" happE "LULE" happE "LULE" happE "LULE" happE
[23:07:42]  nwanwanwanwanwa: SwiftRage
[23:07:42]  taq111: SwiftRage
[23:07:42]  mods_remove_ayaya: gachiHYPER
[23:07:42]  0ryoss: monkaOMEGA
[23:07:42]  jk__ll: forsenLevel . o ( PopCorn ) forsenLevel . o ( PopCorn )
[23:07:42]  legitsxd: LULA "LULE" LULA "LULE" LULA "LULE" LULA "LULE" LULA "LULE" LULA "LULE"
[23:07:42]  rustyruttertv: monkaW
[23:07:42]  vadickus007: RlyTho
[23:07:42]  b_o_r_i_s: MAGISK BloodTrail
[23:07:42]  jubular: monkaLaugh
[23:07:42]  nammer_from_vietnam: WAYTOODANK
[23:07:42]  b8511: FeelsBadMan FORSEN IS MY COACH
[23:07:42]  megamen148: monkaOMEGA
[23:07:42]  metaltunder: WutFace
[23:07:42]  chauncey_kong: WutFace
[23:07:42]  irlsatou: WutFace
[23:07:43]  tom216: WutFace
[23:07:43]  pandybozz: RlyTho
[23:07:43]  glintexas: forsenInsane forsenInsane
[23:07:43]  coldfrenchfries: OMEGALUL
[23:07:43]  balders_bolle: EZ Clap
[23:07:43]  popeyegreenz: HAHAHAHAHAH
[23:07:43]  mi6_director: EZY
[23:07:43] 하루이스와이푸 haruiswaifu: WutFace
[23:07:43]  craftscreed: SwiftRage
[23:07:43]  tko77: gachiBASS
[23:07:43]  swiftyisthereason: GO A OMEGALUL GO A OMEGALUL GO A OMEGALUL GO A OMEGALUL GO A OMEGALUL
[23:07:43]  asskrackcocaina: forsenInsane
[23:07:43]  de127: SwiftRage
[23:07:43]  cyancorp: SwiftRage
[23:07:43]  charmingmarty: LETS GOOOOOOOOOO
[23:07:43]  aploxus: WutFace
[23:07:44]  xpatrck: WutFace
[23:07:45]  acdcyoungfan: WutFace
[23:07:45]  aduben: batJAM
[23:07:45]  cai__: WutFace
[23:07:45]  ricecookeerr: PagMan
[23:07:45]  conmc99: gachiHYPER
[23:07:45]  n0rmvnnn: WutFace
[23:07:45]  lexxleloxx: gachiHYPER
[23:07:45]  trianguloid: SwiftRage
[23:07:45]  gravestellsthetruth: wutface
[23:07:45]  flann___: forsenInsane 󠀀
[23:07:45]  hansumaruh: forsenPossessed
[23:07:45]  azure14_: WutFace
[23:07:45]  scrauny: SwiftRage
[23:07:45]  winchester032: Shut up WutFace
[23:07:45]  mi6_director: OMEGALUL
[23:07:45]  omegalulsaj: monkaOMEGA
[23:07:45]  moonxreign: monkaOMEGA
[23:07:45]  modsvanbadikusandsamme1g: FORSEN STRAT OMEGALUL FORSEN STRAT OMEGALUL FORSEN STRAT OMEGALUL FORSEN STRAT OMEGALUL FORSEN STRAT OMEGALUL
[23:07:45]  anaxai: forsenLUL forsenLUL
[23:07:45]  fynkz_: SwiftRage  APEX
[23:07:45]  tiki_n7: WutFace
[23:07:45]  1ritardando: LULWLULELUL happE LULWLULELUL happE LULWLULELUL happE LULWLULELUL happE LULWLULELUL happE LULWLULELUL happE
[23:07:45]  mundy7: RlyTho ?
[23:07:45]  manjiro1_: SwiftRage
[23:07:45]  ugos123: forsenPossessed
[23:07:45]  harrypotttah: Pepege
[23:07:45]  rasquavak_: SwiftRage
[23:07:45]  herohiro: OMEGALUL
[23:07:45]  aymen97bk: RlyTho
[23:07:45]  megamen148: monkaOMEGA 󠀀
[23:07:45]  darky_knighty: ???????
[23:07:45]  snoopadillios: WAYTOODANK
[23:07:45]  kapashun124: WOOOOOOOOOOOOO
[23:07:45]  yaya1sa: WutFace
[23:07:45]  iisyt_tv: WutFace
[23:07:45]  scorpion3341: SwiftRage 󠀀
[23:07:45]  moodyjohnn: SwiftRage
[23:07:45]  ghoulala: SwiftRage
[23:07:45]  sankyjr: monkaS
[23:07:45]  rayohmc: forsenPossessed
[23:07:45]  omegalulcompactdisc: SwiftRage
[23:07:45]  szero320: MAGISK EZ
[23:07:45]  xpatrck: WutFace 󠀀
[23:07:46]  stoltmeister: WutFace
[23:07:46]  slickz_: SwiftRage
[23:07:46]  whitetable234: RlyTho ?
[23:07:46]  scrottydyer: WutFace
[23:07:46]  awesomegoose21: gachiAPPROVE TOP DONO gachiAPPROVE TOP DONO gachiAPPROVE TOP DONO gachiAPPROVE TOP DONO gachiAPPROVE TOP DONO gachiAPPROVE TOP DONO gachiAPPROVE TOP DONO
[23:07:46]  rylathor: SwiftRage
[23:07:46]  sadgecd: SwiftRage 󠀀
[23:07:46]  skeeeey: SwiftRage
[23:07:46] ディミトリ dimmmmmmi: SwiftRage
[23:07:46]  realmasterc: Pepege WOOOOO
[23:07:46]  azojump: CRINGE GUY LULE
[23:07:46]  lucagavello: SwiftRage
[23:07:46]  o_neet_ama: WOOOOOOOO
[23:07:46]  lostlurks: apex SwiftRage
[23:07:46]  legitsxd: LULA  "LULE" LULA "LULE" LULA "LULE" LULA "LULE" LULA "LULE" LULA "LULE"
[23:07:46]  iounls: calm down mate
[23:07:46]  snowstormcs: worst player world giving advice. forsenPuke5
[23:07:46]  western_tv: Pepepains Pepepains Pepepains
[23:07:46]  xind3r: Mr @forsen crop top of the cam so we can see map?  l
[23:07:47]  de127: SwiftRage 󠀀
[23:07:48]  glintexas: forsenPossessed forsenPossessed forsenPossessed forsenPossessed forsenPossessed
[23:07:48]  r2d2jar: Pepepains
[23:07:48]  exdeoo: WutFace
[23:07:48]  alien_pleased: batJAM WOOOOOOOO 󠀀
[23:07:48]  atila022: SwiftRage 󠀀
[23:07:48]  chichincz: BatChest cvMask
[23:07:48]  norkore: WutFace shut the fuck up kid
[23:07:48]  greentea_________: OMEGALUL FORSEN STRAT
[23:07:48]  hiho1119: WAYTOODANK
[23:07:48]  snoopadillios: WAYTOODANK 󠀀
[23:07:48]  n0rmvnnn: WutFace 󠀀
[23:07:48]  discombobunate: Pepege WOOOOOOOOOOOOOOOOOOOOOOO
[23:07:48]  dankbaj: SwiftRage
[23:07:48]  lexxleloxx: gachiHYPER APEX
[23:07:48]  proxe0: BatChest AAAAAAAAAAAAAAAAAAA
[23:07:48]  flughe_: BBoomer "LULW" BBoomer "LULW" BBoomer "LULW"
[23:07:48]  yaya1sa: WutFace  󠀀
[23:07:48]  megamen148: monkaOMEGA
[23:07:48]  manjiro1_: SwiftRage AHHHHHHHHHHHHH
[23:07:48]  omegalulcompactdisc: SwiftRage APEX
[23:07:48]  moodyjohnn: SwiftRage 󠀀
[23:07:49] ダーインスレイヴ dainsleif__1: WutFace
[23:07:49]  slickz_: SwiftRage 󠀀
[23:07:49]  scorpion3341: LULE "LULW"
[23:07:49]  raunorepomies: APEX LULE
[23:07:49]  cactus_jack__: SwiftRage
[23:07:49]  ianshaw33: LULW
[23:07:49]  thirteenn: apex LULE
[23:07:49]  balders_bolle: WutFace
[23:07:49]  dullname: SwiftRage
[23:07:49] ディミトリ dimmmmmmi: SwiftRage 󠀀
[23:07:49]  modsvanbadikusandsamme1g: FORSEN STRAT OMEGALUL FORSEN STRAT OMEGALUL FORSEN STRAT OMEGALUL FORSEN STRAT OMEGALUL FORSEN STRAT OMEGALUL 󠀀
[23:07:49]  random_otaku: WAYTOODANK
[23:07:49]  lastroninnn: SwiftRage
[23:07:49]  a_w_l_1: SwiftRage 󠀀
[23:07:49]  fynkz_: SwiftRage APEX
[23:07:49]  pepe_hands_up: forsenInsane
[23:07:49]  atila022: SwiftRage
[23:07:49]  two_more_weeks: RlyTho
[23:07:49]  pokalenuuhku609: lets goo BatChest
[23:07:49]  batchesterunited: WutFace
[23:07:49]  bblue_lad: gachiHYPER
[23:07:49]  lliiilliilll: hes on crack
[23:07:49]  scrauny: SwiftRage 󠀀
[23:07:50]  crowley34: WutFace
[23:07:50]  b_o_r_i_s: MAGISK BloodTrail MAGISK BloodTrail MAGISK BloodTrail MAGISK BloodTrail MAGISK BloodTrail MAGISK BloodTrail MAGISK BloodTrail
[23:07:50]  shedfaced: WutFace
[23:07:50]  ouacewi: NICE ADVICE FORSEN happE NICE ADVICE FORSEN happE NICE ADVICE FORSEN happE
[23:07:50]  pepping_dore: SwiftRage
[23:07:51]  flughe_: BBoomer "LULW" BBoomer "LULW" BBoomer "LULW" BBoomer "LULW"
[23:07:51]  glintexas: forsenPossessed forsenPossessed forsenPossessed
[23:07:51]  atila022: SwiftRage 󠀀
[23:07:51]  astrolli: Pepepains
[23:07:51]  momozila_is_my_savior: MaN
[23:07:51]  thick_lolita: MaN
[23:07:51]  2001_mazda_protege: SwiftRage
[23:07:51]  juudailol: Pepege OOOOOOOOOOOH
[23:07:51]  toastertoastey: WutFace
[23:07:51]  lexxleloxx: gachiHYPER APEX gachiHYPER APEX gachiHYPER APEX
[23:07:51]  swedish_remixer: MaN
[23:07:51]  spaceandenterkappa: SwiftRage
[23:07:51]  mi6_director: OMEGALUL 󠀀
[23:07:51]  langis: MaN
[23:07:51]  ricecookeerr: gachiAPPROVE men
[23:07:52]  tornadosex: LET'S GO
[23:07:52]  amarthemartian: SwiftRage
[23:07:52]  moodyjohnn: SwiftRage
[23:07:52]  0ryoss: forsenInsane  DIDNT TAKE HIS PILLS
[23:07:52]  okayga_24: FACEIT  LEVEL 4 TAKE OMEGALUL FACEIT LEVEL 4 TAKE OMEGALUL FACEIT LEVEL 4 TAKE OMEGALUL forsen
[23:07:52]  kaithhara: veiBlush
[23:07:52]  21mtd: MaN 󠀀
[23:07:52]  kosteahko: WOOOOO
[23:07:52]  grander2: Pepepains
[23:07:52]  lzi_: LETS GOOOOOOOOOO forsenSWA
[23:07:52]  archbased: DAILY " LULW VS LULE " LULE DAILY " LULW VS LULE " LULE DAILY " LULW VS LULE " LULE DAILY " LULW VS LULE " LULE DAILY " LULW VS LULE " LULE
[23:07:52]  ngora: SOY SCREAM OMEGALUL
[23:07:52]  semmitell: happE CALM DOWN happE CALM DOWN happE CALM DOWN
[23:07:52]  skeeeey: gachiAPPROVE
[23:07:52]  azojump: SOY CUCK LULE
[23:07:52] archbased has been timed out for 10s. 
[23:07:52]  zombade80: MEN forsenSWA
[23:07:52]  ouacewi: NICE ADVICE FORSEN happE NICE ADVICE FORSEN happE NICE ADVICE FORSEN happE NICE ADVICE FORSEN happE
[23:07:52]  pituseu: BatChest
[23:07:52]  nani_was_real_copesen: SwiftRage PEEPO EMOTES!!!
[23:07:52]  chocopainwastaken: APEX LULE
[23:07:52]  raunorepomies: APEX  LULE
[23:07:53]  0ryoss: forsenInsane DIDNT TAKE HIS PILLS
[23:07:54]  ryusssssss: forsenSmug
[23:07:54]  alda36: Copesen
[23:07:54]  ouacewi: NICE ADVICE FORSEN happE NICE ADVICE FORSEN happE NICE ADVICE FORSEN happE
[23:07:54]  maplemai: Copesen
[23:07:54]  jiayoujiayoujiayou: gachiAPPROVE
[23:07:54]  kingerista: forsenLevel . o (  PopCorn  ) 󠀀
[23:07:55]  ricecookeerr: gachiAPPROVE  men
[23:07:55]  megamen148: MaN
[23:07:55]  lexxleloxx: gachiHYPER APEX gachiHYPER APEX gachiHYPER APEX gachiHYPER APEX
[23:07:55]  pepelpepe: Copesen
[23:07:55]  semmitell: happE CALM DOWN happE CALM DOWN happE CALM DOWN happE CALM DOWN happE CALM DOWN 󠀀
[23:07:55]  whitetable234: Copesen
[23:07:55]  obhackel: SwiftRage APEX
[23:07:55]  fulcrumq: SwiftRage SwiftRage SwiftRage SwiftRage SwiftRage SwiftRage SwiftRage SwiftRage SwiftRage SwiftRage SwiftRage
[23:07:55]  mannsoj: SwiftRage
[23:07:55]  jarnfsa: Copesen
[23:07:55]  cake_muscles: gachiHYPER
[23:07:55]  therapisto: monkaOMEGA crackhead
[23:07:55]  thegman: asstralis PepeLaugh
[23:07:55]  gachi_world_champion: RlyTho
[23:07:56]  slickz_: SwiftRage
[23:07:56]  limenaa: SwiftRage
[23:07:56]  jimztah: I love Apex BillyApprove
[23:07:56]  manjiro1_: MaN
[23:07:56]  ricecookeerr: gachiAPPROVE men
[23:07:56]  ouacewi: NICE ADVICE FORSEN happE NICE ADVICE FORSEN happE NICE ADVICE FORSEN happE NICE ADVICE FORSEN happE
[23:07:56]  popeyegreenz: AAAAAAAAAAAAAAAAAAAAAAAAAA
[23:07:56]  snowstormcs: KaithHara forsenPuke
[23:07:56]  jovi2: SwiftRage Clap
[23:07:56]  modsvanbadikusandsamme1g: Copesen
[23:07:56]  isworn: Copesen
[23:07:56]  raunorepomies: APEX LULE
[23:07:57]  0ryoss: forsenInsane  DIDNT TAKE HIS PILLS
[23:07:57]  gosuprime: gachiHYPER
[23:07:57]  kingerista: forsenLevel . o (  PopCorn  )
[23:07:57]  ulfgarde: forsenSWA HOF ECO
[23:07:57]  kanjozokuuu: forsenLevel . o ( PopCorn )
[23:07:58]  ouacewi: NICE ADVICE FORSEN happE NICE ADVICE FORSEN happE NICE ADVICE FORSEN happE
[23:07:58]  hiho1119: forsenMald
[23:07:58]  preciselycristianoronaldo: BatChest
[23:07:58]  jk__ll: forsenLevel . o ( PopCorn )
[23:07:58]  thew0ozy: forsenGa Clap
[23:07:58]  ricecookeerr: gachiAPPROVE  men
[23:07:58]  chawkinz91294: BatChest WOOOO
[23:07:58]  deadmjau: Pepega
[23:07:58]  raunorepomies: APEX  LULE
[23:07:59]  ansiut_: ITS JUST A GAME LULE
[23:07:59]  imgamebeater: A OMEGALUL A OMEGALUL A OMEGALUL A OMEGALUL
[23:07:59]  1esswill: Copesen
[23:07:59]  maplemai: Copesen IT WAS GOOD
[23:07:59]  gachi_world_champion: MaN
[23:07:59]  cake_muscles: gachiHYPER TAKING 3 MEN
[23:07:59]  ouacewi: NICE ADVICE FORSEN happE NICE ADVICE FORSEN happE NICE ADVICE FORSEN happE NICE ADVICE FORSEN happE
[23:07:59]  lexxleloxx: gachiHYPER APEX gachiHYPER APEX gachiHYPER APEX
[23:08:00]  mankechilas: APEX LULE
[23:08:00]  gunnr_cs: why is magisk playing with baguettes
[23:08:00]  scrsenfooots: APEX happE
[23:08:00]  dankbaj: if only they had weapons...
[23:08:00]  ansiut_: ITS JUST A GAME LULE ITS JUST A GAME LULE ITS JUST A GAME LULE
[23:08:01]  angelcanoo: GachiPls
[23:08:01]  cyancorp: forsen
[23:08:01]  kelps09: gaulesOhhh APEX gaulesOhhh
[23:08:01]  depooroo: SwiftRage
[23:08:01]  ouacewi: NICE ADVICE FORSEN happE NICE ADVICE FORSEN happE NICE ADVICE FORSEN happE
[23:08:01]  dashh_u: MegaLUL
[23:08:01]  coldieru: forsenCD
[23:08:01]  momozila_is_my_savior: MegaLUL
[23:08:01]  adamwarlock73: ASS TRALIS LULE ASS TRALIS LULE ASS TRALIS LULE ASS TRALIS LULE ASS TRALIS LULE ASS TRALIS LULE
[23:08:01]  21mtd: forsenCD
[23:08:02]  jiayoujiayoujiayou: MegaLUL
[23:08:02]  zombade80: forsenCD
[23:08:02]  pyonito: forsenEmote YOURM0M forsenEmote2
[23:08:02]  modsvanbadikusandsamme1g: Copesen HOLY
[23:08:02]  pepe_hands_up: forsenPossessed LETS GO forsenPossessed LETS GO forsenPossessed LETS GO forsenPossessed LETS GO forsenPossessed LETS GO forsenPossessed LETS GO
[23:08:02]  ansiut_: ITS JUST A GAME LULE ITS JUST A GAME LULE ITS JUST A GAME LULE ITS JUST A GAME LULE
[23:08:02]  nani_was_real_copesen: @forsen Shush
[23:08:02]  snowstormcs: mati forsenPuke
[23:08:02]  glintexas: forsenCD
[23:08:02]  dankbaj: if  only they had weapons...
[23:08:02]  surelyclueless: forsenCD
[23:08:02]  aymen97bk: MegaLUL
[23:08:02]  zechey: forsenCD
[23:08:02]  stoyachiyvopros: forsenScoots
[23:08:03]  rsherms: forsenExplainingHow
[23:08:03]  jarrrno: forsenCD
[23:08:03]  peraceso: forsenCD
[23:08:03]  supibot: @kelps09, reminder from: @nerisia - xqcL amongE (4m, 38s ago)
[23:08:03]  breezy_: forsenScoots
[23:08:03]  flann___: forsenCD
[23:08:03]  xxxunder_scorexxx: Copesen
[23:08:03]  kuruugi: forsenCD
[23:08:03]  wantoms: forsenCD
[23:08:03] 하루이스와이푸 haruiswaifu: forsenCD
[23:08:03]  ouacewi: NICE ADVICE FORSEN happE NICE ADVICE FORSEN happE NICE ADVICE FORSEN happE NICE ADVICE FORSEN happE
[23:08:03]  mods_remove_ayaya: MegaLUL
[23:08:03]  sadgecd: forsenAdvice GO A AGAIN
[23:08:03]  gachi_world_champion: D:
[23:08:03]  dashh_u: MegaLUL HE CANNOT
[23:08:03]  angelcanoo: gachiAPPROVE
[23:08:03]  thejellomeister: forsenCD
[23:08:05]  renegadesk: forsenCD
[23:08:05]  b_o_r_i_s: forsenCD
[23:08:05]  0ryoss: snowwy forsenE 💋
[23:08:05]  rasquavak_: forsenCD
[23:08:05]  brunix126: forsenCD
[23:08:05]  vynyxx_: forsenCD
[23:08:05]  yaya1sa: forsenCD
[23:08:05]  dankbaj: forsenCD
[23:08:05]  conmc99: forsenCD
[23:08:05]  yostevo: BatChest
[23:08:05]  ouacewi: NICE ADVICE FORSEN happE NICE ADVICE FORSEN happE NICE ADVICE FORSEN happE
[23:08:05]  nerisia: forsenCD
[23:08:05]  lazarex: APEX LULW
[23:08:05]  itsmrmisty: Copesen
[23:08:05]  thenagato97: Yo what Headsets are they using?
[23:08:05] 하루이스와이푸 haruiswaifu: forsenCD 󠀀
[23:08:05]  craftscreed: forsenSWA TEEM
[23:08:05]  anaxai: MegaLUL UNABLE TO CAN
[23:08:05]  mementoanxius: CRACKHEAD OMEGALUL
[23:08:06]  omegalulsaj: YEAHBUTBTTV
[23:08:06]  goregasm123: gachiAPPROVE
[23:08:06]  lunch_box: MegaLUL
[23:08:06]  elegigglesavedmylife: forsenCD
[23:08:06]  flashdecku: forsenE
[23:08:06]  gojiralink: Kappa
[23:08:06]  coldieru: forsenCD 󠀀
[23:08:06]  balders_bolle: forsenLevel . o (  PopCorn  )
[23:08:06]  ricecookeerr: forsenScoots
[23:08:06]  liriumn: YEAHBUT7TV BELIEVE IT
[23:08:06]  rsherms: forsenExplainingHow 󠀀
[23:08:06]  acdcyoungfan: forsenCD
[23:08:06]  dullname: Copesen
[23:08:06]  vxczbn86: forsenCD
[23:08:06]  scrauny: forsenCD
[23:08:06]  uniformegg1: Copesen
[23:08:06]  cai__: forsenCD
[23:08:06]  western_tv: forsenExplainingHow nymnCorn
[23:08:06]  cyancorp: forsenCD
[23:08:06]  modsvanbadikusandsamme1g: forsenCD 󠀀
[23:08:06]  xxxunder_scorexxx: forsenCD
[23:08:06]  forsenlevelguy: Copesen
[23:08:06]  dankbaj: forsenCD 󠀀
[23:08:06]  pituseu: forsenCD
[23:08:07]  ju1cyp0tat0: forsenCD
[23:08:07] 하루이스와이푸 haruiswaifu: forsenCD
[23:08:08]  yaya1sa: forsenCD ?
[23:08:08]  dankbaj: forsenCD
[23:08:08]  gosuprime: forsenCD
[23:08:08]  flashdecku: forsenCD
[23:08:08]  tornadosex: MAGICZNY BloodTrail BloodTrail BloodTrail BloodTrail BloodTrail
[23:08:08]  8een7: Copesen
[23:08:08]  hansumaruh: forsenScoots
[23:08:08]  1ritardando: forsenCD NICE
[23:08:09] opal__fruits subscribed at Tier 1. They've subscribed for 53 months!
[23:08:09]  ricecookeerr: forsenCD
[23:08:09]  ansiut_: ITS JUST A GAME LULE ITS JUST A GAME LULE ITS JUST A GAME LULE ITS JUST A GAME LULE ITS JUST A GAME LULE
[23:08:09]  nani_was_real_copesen: YEAHBUTBTTV
[23:08:09]  peraceso: forsenCD THE NAME
[23:08:09]  mementoanxius: KappaCool
[23:08:09]  kuruugi: forsenCD chills
[23:08:09]  snusbot: opal__fruits, thank you so much for your 53 months of unbroken support to the Snus Brotherhood! forsenDDK forsenWhip
[23:08:09]  tommy_lindsey: forsenCD ?
[23:08:09]  mi6_director: forsenCD
[23:08:09]  etsoblue: forsenCD
[23:08:09]  flibbertyjibbit: @forsen Shush
[23:08:09]  western_tv: forsenExplainingHow nymnCorn forsenExplainingHow nymnCorn forsenExplainingHow nymnCorn forsenExplainingHow nymnCorn
[23:08:09]  dankbaj: forsenCD 󠀀
[23:08:09]  xpatrck: forsenCD
[23:08:09]  peekaylive: forsenCD
[23:08:09]  time04: forsenCD
[23:08:09]  snowstormcs: ryo forsenPuke
[23:08:10]  faisal_db: he mocks football fans LUL he mocks football fans LUL he mocks football fans LUL he mocks football fans LUL
[23:08:10]  raunorepomies: forsenCD NICE
[23:08:10]  rapture132: forsenCD
[23:08:11]  craftscreed: forsenCD
[23:08:11]  ricecookeerr: forsenCD 󠀀
[23:08:11]  charmingmarty: LOL
[23:08:11]  flying__ipis: forsenCD CHILLS
[23:08:11] 하루이스와이푸 haruiswaifu: forsenCD 󠀀
[23:08:11]  natrybak: Pepepains
[23:08:11]  semmitell: forsenCD
[23:08:11]  0ryoss: forsenCD
[23:08:11]  ansiut_: ITS JUST A GAME LULE ITS JUST A GAME LULE ITS JUST A GAME LULE ITS JUST A GAME LULE ITS JUST A GAME LULE ITS JUST A GAME LULE
[23:08:11]  wooferzee: forsenCD
[23:08:11]  bblue_lad: forsenCD
[23:08:11]  masuven: lacEZ 💿
[23:08:11]  random_otaku: forsenCD MY MEN
[23:08:11]  exdeoo: Kappa
[23:08:11]  xz_xz: forsenY
[23:08:11]  forsenscout: YEAHBUTBTTV
[23:08:11]  dankbaj: forsenCD
[23:08:11]  whitetable234: forsenCD CHILLS
[23:08:11]  usypizy: forsenCD
[23:08:11]  adamwarlock73: forsenCD
[23:08:11]  leviticuswatcher: forsenCD
[23:08:11]  caefolomy: forsenCD 󠀀
[23:08:11]  tommy_lindsey: YEAHBUT7TV
[23:08:12]  semmitell: forsenCD SO ?
[23:08:12]  chuntau: forsenE NICE
[23:08:12]  glintexas: happE
[23:08:12]  aploxus: forsenCD
[23:08:12]  realmasterc: forsenCD SO?
[23:08:12]  yaya1sa: forsenCD SO?
[23:08:12] 하루이스와이푸 haruiswaifu: forsenCD
[23:08:13]  lamdaxd: forsenCD
[23:08:13]  crowley34: forsenCD
[23:08:13]  ultrainstinctdadfan: forsenCD SO?
[23:08:13]  ds1892: i have no idea whats going on PagMan
[23:08:13]  ansiut_: ITS JUST A GAME LULE ITS JUST A GAME LULE ITS JUST A GAME LULE ITS JUST A GAME LULE ITS JUST A GAME LULE
[23:08:13]  atila022: LEVEL 4 ANALYSIS forsenY
[23:08:13]  hedennnnn: forsenCD 󠀀
[23:08:13]  byzentox: forsenCD
[23:08:13]  chuntau: forsenE  NICE
[23:08:13]  gachi_world_champion: True BasedGod
[23:08:13]  peraceso: forsenLevel . o (  PopCorn  )
[23:08:13]  semmitell: forsenCD SO ? forsenCD SO ? forsenCD SO ?
[23:08:13]  swedish_remixer: forsenCD nice
[23:08:14]  tommy_lindsey: YEAHBUTBTTV
[23:08:14]  aploxus: forsenCD 󠀀
[23:08:14]  craftscreed: forsenCD 󠀀
[23:08:14]  yaya1sa: forsenCD SO? 󠀀
[23:08:14]  rasquavak_: happE
[23:08:14]  brainlet69420_3000: @forsen How well can you communicate with Danish åel
[23:08:14]  conmc99: forsenCD CHILLS
[23:08:14]  creeptm: forsenCD
[23:08:14]  gurkan480: forsenCD
[23:08:14]  tko77: forsenCD ?
[23:08:15]  semmitell: forsenCD SO ? forsenCD SO ? forsenCD SO ? forsenCD SO ? forsenCD SO ? forsenCD SO ? forsenCD SO ?
[23:08:15]  atila022: LEVEL  4 ANALYSIS forsenY
[23:08:15]  wystaan: doctorDance
[23:08:15]  renegadesk: forsenCD yayayayayaya
[23:08:15]  snoopadillios: forsenCD
[23:08:15]  svedorn: half eco pepeLaugh seperating the glock 2 parts
[23:08:16]  raunorepomies: forsenCD  NICE
[23:08:16]  balders_bolle: forsenLevel . o (  PopCorn  ) 󠀀
[23:08:16]  semmitell: forsenCD SO ?
[23:08:16]  wickedyaseeit: YEAHBUT7TV
[23:08:16]  trianguloid: doctorDance
[23:08:16]  takeitboyyy: forsenCD
[23:08:16]  whitetable234: ZULUL
[23:08:16]  cruptor: playing good = bad LULW
[23:08:16]  ravenaura: moon2CD nice
[23:08:16]  faisal_db: he mocks football fans LUL he mocks football fans LUL he mocks football fans LUL
[23:08:17]  pandybozz: sadE
[23:08:17]  astrorms: forsenCD
[23:08:17]  atila022: LEVEL 4 ANALYSIS forsenY
[23:08:17]  itsmrmisty: forsenCD
[23:08:17]  balders_bolle: forsenLevel . o (  PopCorn  )
[23:08:17]  kelps09: @Nerisia xqcL
[23:08:17]  vahva: gg
[23:08:17]  semmitell: forsenCD SO ? forsenCD SO ? forsenCD SO ? forsenCD SO ? forsenCD SO ?
[23:08:17]  bblue_lad: forsenCD ✌
[23:08:17]  preciselycristianoronaldo: MEGALUL
[23:08:17]  yaya1sa: forsenCD SO?
[23:08:18]  heyy35622: forsenCD
[23:08:18]  chuntau: forsenCD NICE
[23:08:18]  helzarian: happE
[23:08:18]  jk__ll: forsenLevel . o ( PopCorn   )
[23:08:18]  metser: happE
[23:08:18]  ouacewi: NICE ADVICE FORSEN happE NICE ADVICE FORSEN happE NICE ADVICE FORSEN happE NICE ADVICE FORSEN happE
[23:08:19]  balders_bolle: forsenLevel . o (  PopCorn  ) 󠀀
[23:08:19]  pootguin: forsenCD
[23:08:19]  gachi_world_champion: forsenCD
[23:08:19]  kellaxus: forsenCD
[23:08:19]  jarnfsa: they are sniping, hide the minimap
[23:08:19]  jasonbrodyvo: forsenLevel . o ( PopCorn )
[23:08:19]  mi6_director: Sadeg
[23:08:19] 하루이스와이푸 haruiswaifu: forsenCD 󠀀
[23:08:19]  goregasm123: Apex gachiAPPROVE
[23:08:20]  pandaswede: FACEIT LEVEL 4 TAKE OMEGALUL FACEIT LEVEL 4 TAKE OMEGALUL FACEIT LEVEL 4 TAKE OMEGALUL FACEIT LEVEL 4 TAKE OMEGALUL
[23:08:20]  balders_bolle: forsenLevel . o (  PopCorn  )
[23:08:20]  fdanhash: forsenCD SO?
[23:08:20]  nasyroh: Aware
[23:08:20]  brahgner: forsenCD ✌️
[23:08:20]  chuntau: forsenCD  NICE
[23:08:20] しゅーうう miseryshoe: forsenCD das right
[23:08:20]  nani_was_real_copesen: EN 😂
[23:08:20]  thugga_okayeg: forsenCD
[23:08:20]  hedennnnn: sadE
[23:08:21]  s2k_21: forsenCD SO?
[23:08:21]  lzi_: sadE
[23:08:21]  nico_bellic: YEAHBUTBTTV 💢
[23:08:21]  balders_bolle: forsenLevel . o (  PopCorn  ) 󠀀
[23:08:21]  slaktar: BillyApprove
