# Start logging at 2022-05-11 17:46:45 RTZ 2 (зима)
[17:46:45]  logan_bg: @olyashaa Думала стать моделью в таком шоу?))
[17:46:46]  oihero: SMOrc joccHarmonyKnife
[17:46:47]  imimatty: @olyashaa как набирать аудиторию начинающим стримерам?
[17:46:50]  alikast_01: VoHiYo
[17:47:25]  imimatty: сорри
[17:47:25]  sianna_jilty: хехехе
[17:47:27]  logan_bg: @Imimatty Делай что хочешь
[17:47:31]  logan_bg: И наслаждайся тем что делаешь
[17:47:32]  logan_bg: Вот
[17:47:33]  moobot: Красивые аналоговые фоточки вот тут вот https://boosty.to/olyashphotos
[17:47:39]  iiiejie3hbiu: шаришь за казик ?
[17:47:42]  ellfa__: вьёбывать)
[17:47:46]  zlatoalliance: @olyashaa идии на вебкам)
[17:47:47]  lumus92: неееееет
[17:47:48]  saytomyname: родится оляшей....
[17:47:49]  oxotnik_na_naturalov: ну уж точно не спрашивать у чата
[17:47:52]  logan_bg: @olyashaa Сидят 582 человека богатые, знаменитые и красивые))
[17:47:52]  toxaspark: @Imimatty заплатить за рекламу)
[17:47:57]  hummerlight: надеюсь не из жизни
[17:48:05]  krikspin: пока Лэйни
[17:48:07]  alikast_01: ты и так красива богата и знамкнита
[17:48:09]  dm_nz: k0lenoSad
[17:48:17]  per4ik_0: Привет @olyashaa , привет чатик, приятного просмотра
[17:48:19]  logan_bg: Эх
[17:48:20]  sallivasha: ну Оляша, на хайпе школьников соблазняла)
[17:48:21]  logan_bg: Лэйни(
[17:48:23]  oihero: joccG
[17:48:33]  toxaspark: остались трудоголики
[17:48:33]  kryabot: Мой инстаграм https://www.instagram.com/olyashaasaxon
[17:48:34]  jeweldelight: стримера еще не разъебало от чипа?
[17:48:39]  marviass_: Она думала, что её одну из первых выпрут?
[17:48:53]  jeweldelight: чертов Билл Гейтс!
[17:48:55]  logan_bg: @olyashaa Стример сегодня как всегда красиво выглядит))
[17:48:56]  tmakc: tmakcLurk
[17:49:10]  logan_bg: БиллГейтс короной заболел кстати((
[17:49:11]  astronomad: Думаю, она просто заебалась
[17:49:16]  oihero: jlisThink
[17:49:26]  jurynemurov: Всем Приветик
[17:49:27]  hummerlight: зачем она делает дефолтное лицо
[17:49:32]  logan_bg: Чисто Лэйни: Я устал КХЕМ Я ухожу
[17:49:42]  djuisaid: 🐻🐻🐻🐻🐻🐻🐻🐻🐻🐻🐻🐻🐻🐻🐻🐻🐻🐻🐻🐻🐻🐻🐻🐻🐻🐻
[17:49:42]  moobot: https://www.instagram.com/olyashaasaxon/
[17:49:51]  ebukoz: HeyGuys HeyGuys HeyGuys
[17:50:16]  streamstickers: Прилепи стикер на трансляцию! Напиши !sticker чтобы узнать как!
[17:50:18]  jeweldelight: почему Оляша качается?
[17:50:21]  immoralmmortal: ════════════════════════════════ ❗ Ежедневное задание: ВЫСРАТЬ В ЧАТ ════════════════════════════════ 💩 Задание выполнено, награда: Уважение ════════════════════════════════
[17:50:28] 
[17:50:33]  krikspin: ведро неси
[17:50:35]  msfirehawk: что с тобой?
[17:50:36]  rusgo1: 💩 - это символизирует состояние Оли
[17:50:37]  uselessregret: два пальца в рот
[17:50:46]  logan_bg: @olyashaa Планировал зайти на стрим на секунду.. Так как модер на ТНТ.. Уже 15 минут сижу.. Ты меня загипнотизировала)
[17:50:47]  msfirehawk: ох
[17:50:50]  toxaspark: @JewelDelight готовится к многоборью
[17:50:51]  ebukoz: ох
[17:50:58]  elanpe: может лучше отдохнешь?
[17:51:00]  oihero: jlisLegoMeh PJSalt
[17:51:09]  liilfromironforge: karterHi karterHi karterHi
[17:51:12]  zloy__bat9: Один компонент сделала?
[17:51:12]  jeweldelight: может отдохнуть?
[17:51:20]  zlatoalliance: @olyashaa кецалькоатль
[17:51:23]  msfirehawk: крепись, мать. хз свет или нет так падает, но бледная аж в зелену
[17:51:23]  granium99: я фекалии
[17:51:24]  logan_bg: @olyashaa Планировал зайти на стрим на секунду.. Так как модер на ТНТ.. Уже 15 минут сижу.. Ты меня загипнотизировала)
[17:51:25]  marviass_: Стримерша просто уже в 50 раз беременна ей не привыкать. Мы поддерживаем её как можем olyashMeow
[17:51:31]  logan_bg: 50 детей
[17:51:33]  logan_bg: Ужас
[17:51:39]  msfirehawk: кто сегодня кстати? девочка или мальчик?
[17:51:39]  alikast_01: какая же она кумарная вечно ноет
[17:51:43]  rusgo1: она итак на чиле
[17:51:50]  elanpe: olyashHeart olyashHeart olyashHeart olyashHeart olyashHeart olyashHeart olyashHeart
[17:51:57]  zlatoalliance: @olyashaa ты качёк?
[17:51:58]  americanweapon: А у королевы эльфов есть те самые одноразовые прокладки?)
[17:51:59]  zloy__bat9: Тип "лайт" кому-то больше нравится, хз почему
[17:52:03]  logan_bg: Она сегодня ЧИП
[17:52:03]  msfirehawk: чат кто у Оли
[17:52:04]  volidolik: сегодня бугабосс
[17:52:07]  t0tal999: обожаю эту стримершу, выглядишь отлично
[17:52:12]  ebukoz: Акакака
[17:52:20]  msfirehawk: @volidolik боюсь в неё не поместится мопед Kappa
[17:52:21]  boogaboss: ка ка каф фка
[17:52:24]  marviass_: Если беременна какой, то просто в туалет сходи
[17:52:32]  rusgo1: Ни Хао
[17:52:34]  boogaboss: olyashGasm <3 <3
[17:52:50]  logan_bg: @olyashaa Кстати, миф окончательно развеяли, рептилоеды тоже болеют короной.. Билл Гейтс заболел короной
[17:52:53]  winter_in_my_heart: @olyashaa ты спортом занимаешься? такой секси стала просто
[17:53:03]  americanweapon: Сшит колпак не по-колпаковски; надо колпак переколпаковать, перевыколпаковать
[17:53:05]  msfirehawk: а нет такого что у них ушёл челик и не придётся голосовать и выгонять кого-то?
[17:53:08]  logan_bg: Оляша машина)
[17:53:09]  oihero: BegWan GlitchNRG
[17:53:22]  marviass_: Хахахах конкурс Стрёмные эльфы
[17:53:28]  oxotnik_na_naturalov: значит она есть
[17:53:29]  zlatoalliance: @olyashaa спортзал это - Антон?)
[17:53:46]  winter_in_my_heart: @olyashaa крутая, продолжай, тебе очень идет
[17:53:55]  sashashterb: Какой он сильный мммм
[17:53:55]  crab_gaming: Дарова всем
[17:54:07]  robingad_l3e7: Вуман момент.
[17:54:09]  space__sensei: BOOBA
[17:54:13]  catch_me_up: you are so hot CurseLit
[17:54:13]  americanweapon: похоже на огромное УХО
[17:54:16]  marviass_: Как они моделями своими пользуются))
[17:54:22]  geleas: вот он "Славный парень"
[17:54:24]  pe4enka5454: припахала пацана CoolStoryBob
[17:54:27]  marviass_: По факту он может её послать. Это не его работа)
[17:54:29]  alikast_01: она ему отсосала 100%
[17:54:31]  buzilo: да давай лучше, давай поженимя или фриков посмотрим
[17:54:33]  rusgo1: хахаха
[17:54:41]  msfirehawk: да блин всякое бывает
[17:54:43]  msfirehawk: я б помогла
[17:54:43]  moobot: Вступай в мою группу Вконтакте, бро http://vk.com/twitcholyashaa
[17:54:45]  ex_maniac: У мя бошка болит после сотрясения
[17:54:48]  nikican360: почему бы и нет
[17:54:49]  dimoh43: 3-ий день а она только форму открыват , будет трудно  peepoWeirdLeave
[17:54:50]  traestkf: Ахах, был модель, стал спец по гриму)
[17:54:50]  astronomad: Помог бы конеш
[17:54:52]  geleas: у каждого должна быть своя работа
[17:54:52]  logan_bg: @olyashaa Я бы помогал, если девушка, вдруг перепадет..
[17:55:01]  marviass_: Так как я терпила, я бы помогла
[17:55:08]  toxaspark: орк-полукровка
[17:55:08]  logan_bg: Как думаете, ему перепало?
[17:55:09]  jaina_proudmoore96: ну это не особо справедливо, все сами работают
[17:55:13]  robingad_l3e7: А шо делать? Пришлось бы. Я же не мудак на стуле сидеть.
[17:55:15]  zlatoalliance: @olyashaa сказал бы "я помогаю, но в конце дня + секс"  peepoShy
[17:55:18]  dmzak: Я нет это нелегетивно
[17:55:20]  dimoh43: так прикольно ведь
[17:55:22]  rusgo1: я бы помог только напутсвием
[17:55:22]  msfirehawk: да
[17:55:24]  lumus92: да
[17:55:24]  astronomad: Жимолость
[17:55:25]  krikspin: Жалость
[17:55:27]  makf1l: да
[17:55:27]  geleas: а что за тема на этот выпуск? @olyashaa
[17:55:28]  space__sensei: Женщина
[17:55:29]  msfirehawk: Жожо
[17:55:30]  logan_bg: Ж - Оляша
[17:55:31]  sashashterb: Ну во властелине колец Орки это бывшие Эльфы вроде
[17:55:32]  oxotnik_na_naturalov: Жириновский
[17:55:32]  zayc14: жепаа
[17:55:34]  logan_bg: Оляша Женщина
[17:55:35]  toxaspark: жижа
[17:55:37]  saytomyname: просто прекол в том, что Эммочка не нына и просто делала, на своей волне. а эта вот постоянно ноет... и все ей помогают, в итоге тянут по конкурсам....
[17:55:38]  robingad_l3e7: Женева. Города пишутся с большой буквы.
[17:55:38]  ebukoz: Ж
[17:55:41]  hummerlight: @geleas темные эльфы с кельтскими рунами
[17:55:41]  moobot: Все нужные ссылки в одном месте! https://linktr.ee/olyashaa
[17:55:43]  ex_maniac: они не играли в скайрим
[17:55:47]  geleas: прыкольно
[17:55:52]  dmzak: baleJoska
[17:55:57]  streamstickers: Прилепи стикер на трансляцию! Напиши !sticker чтобы узнать как!
[17:56:10]  sof1y: Поляндия)
[17:56:19]  oihero: Очень хороший Keepo
[17:56:23]  oxotnik_na_naturalov: желательно в донатах
[17:56:33]  hummerlight: зачем в чате, переехал заграницу значит богатый, пусть в донатах рассказывает LUL
[17:56:35]  logan_bg: @oxotnik_na_naturalov А модер шарит))
[17:56:35]  lumus92: ахах) тип за нее все делает)
[17:56:46]  geleas: а можно модель в следующий раунд а её нет?
[17:56:46]  moobot: ПОДДЕРЖАТЬ СТРИМЕРШУ ПО ССЫЛКЕ: https://www.donationalerts.com/r/olyashaa
[17:56:50]  krikspin: riPepperonis riPepperonis riPepperonis
[17:56:51]  oxotnik_na_naturalov: olyashThink
[17:56:55]  msfirehawk: минус две дефки за сегодня походу
[17:56:55]  dmzak: olyashWow olyashWow
[17:57:02]  rusgo1: иван чай в помощь😁
[17:57:05]  zlatoalliance: :leaves: лови)
[17:57:08]  dmzak: olyashHelp olyashHelp olyashHelp olyashHelp olyashHelp olyashHelp olyashHelp olyashHelp olyashHelp olyashHelp olyashHelp olyashHelp olyashHelp olyashHelp olyashHelp olyashHelp olyashHelp olyashHelp olyashHelp olyashHelp olyashHelp olyashHelp olyashHelp olyashHelp olyashHelp olyashHelp olyashHelp olyashHelp olyashHelp olyashHelp olyashHelp olyashHelp
[17:57:08]  marviass_: По хорошему, им хотя бы одного ассистента чтобы он хотя бы формы чистил и всё подносил
[17:57:10]  ellfa__: в испании нет подорожников ?
[17:57:10]  elanpe: olyashHelp olyashHelp olyashHelp olyashHelp olyashHelp olyashHelp olyashHelp
[17:57:11]  deepvan: olyashHelp olyashHelp olyashHelp olyashHelp olyashHelp olyashHelp olyashHelp  olyashHelp olyashHelp olyashHelp olyashHelp olyashHelp
[17:57:12]  welder_1rv6: olyashHi olyashHi olyashHi
[17:57:12] Welder_1RV6 subscribed at Tier 1. They've subscribed for 55 months!
[17:57:12]  just_friendly_neighbor: welder_1rv6 , LuvBlush LuvBlush LuvBlush LuvBlush LuvBlush LuvBlush LuvBlush LuvBlush LuvBlush LuvBlush LuvBlush LuvBlush LuvBlush LuvBlush LuvBlush LuvBlush LuvBlush LuvBlush LuvBlush LuvBlush LuvBlush LuvBlush
[17:57:12]  kryabot: olyashFonarik Welder_1RV6 olyashAKULKA olyashAKULKA olyashAKULKA olyashHeart
[17:57:15]  vladeking: чё за сеоиал?
[17:57:20]  vladeking: сериал
[17:57:21]  myz1kant: подорожник
[17:57:24]  pufyck09: просто сидит и ей донатят вы че сумашедшие))))))
[17:57:34]  kryabot: Подпишись на мой boosty! Все мои фотосессии в одном месте! https://boosty.to/olyashaa
[17:57:36]  troyas1k: olyashHelp olyashHelp olyashHelp olyashHelp olyashHelp olyashHelp olyashHelp olyashHelp olyashHelp olyashHelp olyashHelp olyashHelp
[17:57:43]  ex_maniac: Приложи к попе березовую кору
[17:57:52]  zloystomatolog: как шоу называется
[17:57:58]  pinskvik: @olyashaa Вольга, чо ты?
[17:58:02]  dmzak: Лутше в обще не показывай
[17:58:05]  oihero: Poooound TheTarFu
[17:58:06]  rusgo1: хахаха
[17:58:11]  marviass_: Жалко её, у не классные работы
[17:58:21]  yablo4niy12: Хотелось бы, чтобы Тейт в этом сезоне опять в финал попал
[17:58:22]  polinalaybis: а какое задание?
[17:58:22]  msfirehawk: ты её хейтишь?
[17:58:26]  zloystomatolog: как шоу называется, а?
[17:58:30]  0christy0: привет!Что за передача?
[17:58:37]  geleas: будет много недоработанных работ
[17:58:40]  jaina_proudmoore96: их типо со всех сезонов собрали???
[17:58:41]  hummerlight: @ZloYStomatolog fase off
[17:58:43]  lawadka22: винилл
[17:58:46]  rumzumzum: Привет. а как шоу называется?
[17:58:47]  papa_ellie: а потом побеждает
[17:58:47]  rusgo1: классное ожерелье
[17:58:49]  hummerlight: face*
[17:59:07]  logan_bg: @olyashaa Не хочешь посмотреть "Кошмары в Отеле" с Гордоном Рамзи?
[17:59:12]  geleas: 5/10
[17:59:12]  dimoh43: @0christy0 Без лица(рус) - Face Off (англ)
[17:59:18]  msfirehawk: ну я не удивлена что новички отлетели, у олдов больше опыта даже преодоления стресса
[17:59:18]  oxotnik_na_naturalov: 6
[17:59:20]  lumus92: волосня странная, а так хорошо)
[17:59:21]  rusgo1: кого то она напоминает поведением cmonBruh
[17:59:22]  logan_bg: 7
[17:59:22]  krikspin: Лора топ
[17:59:23]  toxaspark: волосы не в тему
[17:59:31]  pabloexkaban: побелела
[17:59:34]  ex_maniac: @olyashaa обезбол-укол в попу может помочь
[17:59:37]  0christy0: @dimoh43 спасибо <3
[17:59:39]  geleas: пше
[17:59:47]  oxotnik_na_naturalov: 8
[17:59:47]  moobot: https://www.instagram.com/olyashaasaxon/
[17:59:52]  marviass_: Сама модель красиво и элегантна, везёт тем, кому она достаётся
[17:59:54]  sashashterb: ахахах
[17:59:55]  lumus92: не встал бы)
[17:59:57]  dimoh43: @0christy0  peepoLove
[17:59:59]  myniaq: щас бы в польшу ...
[18:00:00]  toxaspark: броня из гречки LUL
[18:00:01]  msfirehawk: да им пофиг там мне кажется уже
[18:00:02]  robingad_l3e7: Я бы и собаку.
[18:00:02]  hummerlight: какая то медуза с дотки получилась
[18:00:03]  geleas: естественно, с покетом на голове
[18:00:03]  logan_bg: Я бы стон)
[18:00:05]  keelah_se1ai: Это орк уже.
[18:00:05]  myniaq: (нет)
[18:00:05]  oihero: начни скорее лол
[18:00:11]  sallivasha: Я из Канады в Рашку переехал(
[18:00:15]  logan_bg: Это ужас
[18:00:16]  rusgo1: ты тоже молодцом
[18:00:16]  logan_bg: Домой надо
[18:00:19]  dm_nz: двемер какой-то
[18:00:19]  lumus92: провалище)
[18:00:20]  hummerlight: LUL LUL LUL
[18:00:24]  oxotnik_na_naturalov: 1
[18:00:24]  wh0ami__: сам нарисовал, сам отыграл)))
[18:00:30]  fedrak_: что происходит ?
[18:00:35]  wezteria: !boosty
[18:00:35]  moobot: @wezteria Красивые фотки и все такое найдешь тут https://boosty.to/olyashaa
[18:00:36]  jaina_proudmoore96: мы на тебя дрочили, что ещо ты от нас ожидаешь???
[18:00:41]  oihero: LUL WutFace
[18:00:44]  msfirehawk: чёт не эльфы нихуя
[18:00:48]  sashashterb: Это же ХИЩНИК
[18:00:49]  ex_maniac: ваще дерьмо))
[18:00:49]  geleas: а в чём тут экстросенсорика?
[18:00:53]  oxotnik_na_naturalov: 7
[18:00:54]  pe4enka5454: зато она может сказать - это не я делала, кикайте модель
[18:00:56]  rumzumzum: экстрасенс с топором?
[18:01:02]  lumus92: 1 вариант топ)
[18:01:03]  yablo4niy12: у Тейта пока что самая сложная работа на вид
[18:01:04]  geleas: мегомозг
[18:01:09]  dm_nz: дроу-шаман
[18:01:11]  evdimov: пока тут 1 эльф
[18:01:12]  rusgo1: максимально изуродовал
[18:01:17]  toxaspark: судьи вахуе каждый раз сидят
[18:01:18]  dmzak: Пожилой хищьник
[18:01:24]  0christy0: первая мне кажется самая топ
[18:01:30]  infernalfad: привнет
[18:01:31]  hummerlight: тут походу троих можно кикнуть, только первая норм
[18:01:32]  streamstickers: Прилепи стикер на трансляцию! Напиши !sticker чтобы узнать как!
[18:01:36]  geleas: эту ковбой делал?
[18:01:47]  volidolik: @olyashaa я кста таки понял. Это не васд соблюдает санкции, а иксолла
[18:01:48]  myniaq: Pocсия топ страна для жизни только шкила ноет
[18:01:48]  marviass_: Болею за Лору
[18:01:58]  mark_rut: лора + сэкс
[18:02:12]  gaztruk77freek: Всем здарова господа и дамы утки olyashUtya olyashUtya olyashUtya
[18:02:19]  uselessregret: бупнул носик
[18:02:21]  logan_bg: Это ты
[18:02:21]  papa_ellie: нет
[18:02:25]  pixel_krsk: Этя ти?
[18:02:27]  toxaspark: *апчхииии*
[18:02:30]  garsadius: амогус
[18:02:30]  papa_ellie: olyashUtya
[18:02:32]  rusgo1: хаах в ноздрю залез
[18:02:36]  lumus92: бля))
[18:02:38]  gauss911: ну и хуйня
[18:02:49]  0christy0: мммм,хуита
[18:02:49]  oihero: LUL
[18:02:56]  dimoh43: Модель лоры вроде ещё с 3-4 сезона , я думал они всё время разные  peepoHmmJuice
[18:02:57]  dmzak: Еще бы в жопу палец сунули
[18:03:00]  hakuryuu9000: это моя казявка была
[18:03:03]  msfirehawk: а почему она профакапилась-то так со временем? я пропустила
[18:03:11]  hummerlight: все еще есть варик что никого не кикнуть из за того что эмочка ливнула
[18:03:11]  isaev1hp: FACEROFF
[18:03:13]  geleas: ой
[18:03:18]  myniaq: лучше офнуть с позором
[18:03:19]  ex_maniac: очень херовато
[18:03:20]  saytomyname: слышали???? она сказала "БИЗАРЕ" ПРО ВОИНА Майя!!!!
[18:03:24]  zlatoalliance: чат, она умирает  peepoThink
[18:03:32]  toxaspark: а милфу кто лепил? LUL
[18:03:32]  saytomyname: это,отсылка на жожо!!!!
[18:03:45]  geleas: @ToxaSpark стример
[18:03:46]  rusgo1: а чо не пальто?
[18:03:50]  msfirehawk: @olyashaa а почему она профакапилась-то так со временем? я пропустила
[18:03:52]  oihero: jlisDancing
[18:03:56]  elanpe: @MsFirehawk просто лох, этому даже нет объяснения никакого
[18:04:00]  dj_blekguf: KonCha KonCha мамочка утка👋
[18:04:00]  logan_bg: @olyashaa Судьи такие: Поздравляем у вас хуйня
[18:04:04]  hakuryuu9000: шубу лучше
[18:04:10] shadowfrike redeemed фиолетовая 1337
[18:04:15]  ex_maniac: держись бабуль
[18:04:17]  shajtanmashina: @Hummerlight , а почему эмочка ливнула? только подошел
[18:04:24]  pe4enka5454: @olyashaa а вот в РФ тепло дома CoolStoryBob
[18:04:24]  0christy0: Дада мирандр сруд ап очень скруд и очень ап
[18:04:25]  geleas: ДОМОЙ!!!!!!!!
[18:04:30]  logan_bg: @olyashaa Как ты? Температура есть?
[18:04:39]  hummerlight: @Shajtanmashina заебалась, сказала что хочет семью увидеть и ушла
[18:04:41]  elanpe: @Shajtanmashina не вывезла разлуки с семьей
[18:04:46]  geleas: +ковид
[18:04:55]  logan_bg: @olyashaa Сходи сделай чай, мы подождем
[18:04:55]  moobot: Вступай в мою группу Вконтакте, бро http://vk.com/twitcholyashaa
[18:05:05]  hakuryuu9000: главное чтобы температура не комнатная
[18:05:05]  bumpkin0: а что ща передача?
[18:05:15]  volidolik: confusedCat
[18:05:24]  sianna_jilty: бля оль не умирай(((
[18:05:26]  shajtanmashina: @hummerlight @elanpe спс
[18:05:34]  geleas: проматай вперёд
[18:05:39]  logan_bg: @olyashaa Оль, сходи сделай чай, мы подождем
[18:05:44]  bumpkin0: что это за программа?
[18:05:44]  moobot: Смотрим оняме вот тут вот https://cutt.ly/7FR7BPG И большая просьба подписаться (сердечко под аватаркой)
[18:05:48]  bumpkin0: что этооооооооо
[18:05:56]  hummerlight: @bumpkin0 face off
[18:05:58]  oihero: joccHYPERSAD
[18:06:06]  alimchik412: да хватит на волидолика гнать olyashBozheeee
[18:06:11]  toxaspark: такоэ
[18:06:16]  marviass_: Ого, она её магией наделила. Модель сейчас молниями пуляться начнёт
[18:06:19]  geleas: ДА ХТО МЯУКАЕТ!!!!????
[18:06:36] volidolik gifted a Tier 1 sub to Astronomad! They have given 53 Gift Subs in the channel!
[18:06:36]  logan_bg: @olyashaa Может чай пойдешь сделаешь или что-то теплое?
[18:06:36]  rusgo1: эмэйзинг йопта
[18:06:36]  just_friendly_neighbor: astronomad , LuvBlush LuvBlush LuvBlush LuvBlush LuvBlush LuvBlush LuvBlush LuvBlush LuvBlush LuvBlush LuvBlush LuvBlush LuvBlush LuvBlush LuvBlush LuvBlush LuvBlush LuvBlush LuvBlush LuvBlush volidolik LuvSign
[18:06:38]  0christy0: Лора Милашкина
[18:06:39]  logan_bg: Оо
[18:06:41]  logan_bg: Подписка
[18:06:43]  logan_bg: Жалко не мне
[18:07:06]  hummerlight: @olyashaa отрабатывает украденные пакеты
[18:07:16]  robingad_l3e7: Вот бы кто-нибудь на меня деньги потратил...
[18:07:21]  astronomad: @volidolik Ого, пасибо olyashHeart  Как раз пытался оплатить хоть как-то, и никак не работает
[18:07:22]  oihero: PowerUpL PinkMercy PowerUpR
[18:07:24]  robingad_l3e7: Kappa
[18:07:28]  streamstickers: Прилепи стикер на трансляцию! Напиши !sticker чтобы узнать как!
[18:07:38]  ex_maniac: эльф с топором
[18:07:38]  moobot: Красивые фотки и все такое найдешь тут https://boosty.to/olyashaa
[18:07:41]  jeweldelight: стример всё?
[18:07:44]  geleas: да
[18:07:46]  rusgo1: не думай...
[18:07:47]  0christy0: Блин,а мне нравится(
[18:07:49]  astronomad: -
[18:07:53]  wezteria: ты хоть согрелась?..
[18:07:54]  hakuryuu9000: мощная предява
[18:07:56]  jeweldelight: стример всё? минус?
[18:08:02]  hummerlight: и нахера вообще топор челу, который обладает экстрасенсорными абилками, он же в мили пиздиться не должен
[18:08:02]  papa_ellie: говорят что хуйня
[18:08:05]  dimoh43: нет . яна кухню ходил
[18:08:06]  marviass_: @olyashaa Может после серии пойдёшь поваляешься, а то мучаешься бедняга olyashMeow
[18:08:06]  zlatoalliance: @olyashaa предъява - он создал не Эльфа
[18:08:09]  msfirehawk: у патлатого глаза как будто фиолетовые
[18:08:11]  eugin83: Придява это не Эльф
[18:08:24]  sianna_jilty: щя будет мясо
[18:08:24]  geleas: типа игрушка дарит веселье а экшен фигурка тупо стоит на полке
[18:08:27]  pe4enka5454: это всё потому что он тёмный?
[18:08:36]  kryabot: Мой инстаграм https://www.instagram.com/olyashaasaxon
[18:08:38]  undersiderrr: что это за передача вообще
[18:08:47]  papa_ellie: че с лицом?
[18:08:48]  undersiderrr: топ гример по американски?
[18:08:51]  rusgo1: ахаахах норм задача
[18:08:53]  sianna_jilty: Без лица
[18:08:56]  robingad_l3e7: Это просто фигурка, у которой ножки-ручки движутся. А игрушкой играть интересно.
[18:09:10]  dobrich_b8y: а почему тут тролей называют эльфами?
[18:09:12]  astronomad: olyashCry olyashHelp olyashHelp olyashHelp
[18:09:22]  zlatoalliance: @olyashaa анальным градусником??
[18:09:29]  wezteria: блин, круто так выглядит
[18:09:35]  vkqeqqq: !boosty
[18:09:35]  moobot: @vkqeqqq Красивые фотки и все такое найдешь тут https://boosty.to/olyashaa
[18:09:35]  hakuryuu9000: переводчик не шарит просто в мифологии
[18:09:36]  jahmale: Снова что ли заболела?
[18:09:39]  geleas: секси
[18:09:41]  sianna_jilty: 38 теперантура у тя
[18:09:43]  msfirehawk: сексуальной))0))
[18:09:47]  undersiderrr: ой это женщина в гриме....
[18:09:48]  sianna_jilty: раз уж морозит
[18:09:54]  geleas: ой
[18:09:55]  reglsha: минус миранда
[18:10:00]  undersiderrr: вот этот топ
[18:10:00]  moobot: https://www.instagram.com/olyashaasaxon/
[18:10:09]  0christy0: Бб миранда
[18:10:11]  robingad_l3e7: Рил.
[18:10:13]  hakuryuu9000: зуламан из ВоВа
[18:10:17]  shesq: 1
[18:10:27]  geleas: а чего все стримеры начали болеть в последнее время?
[18:10:32]  robingad_l3e7: 10/10 по руне хауса.
[18:10:34]  msfirehawk: мб её оставят? из-за ушедшей Лэйни
[18:10:36]  rusgo1: MaxLOL MaxLOL MaxLOL
[18:10:42]  oihero: LUL
[18:10:46] StevieW subscribed at Tier 1. They've subscribed for 24 months!
[18:10:46]  just_friendly_neighbor: steview , LuvBlush LuvBlush LuvBlush LuvBlush LuvBlush LuvBlush LuvBlush LuvBlush LuvBlush LuvBlush LuvBlush LuvBlush
[18:10:46]  kryabot: olyashFonarik StevieW olyashHeart olyashHeart olyashHeart 2 YEARS!!!! @olyashaa
[18:11:04]  reglsha: уши с алика и то лучше были бы
[18:11:05]  jahmale: ооооо
[18:11:09]  geleas: ну кстати по ушам у неё ближе всего к фольклору кельтов
[18:11:10]  toxaspark: оооооо
[18:11:11]  hakuryuu9000: вакциной болеешь
[18:11:19]  steview: olyashHeart
[18:11:26]  undersiderrr: у девочки такое лицо грустное аж жалко
[18:11:42]  toxaspark: домой LUL
[18:11:43]  undersiderrr: миранда F
[18:11:43]  wezteria: вот вот заплачет papr1k4Comfy
[18:11:44]  0christy0: вернуться домой)
[18:11:44]  zlobniy_element: О, так сразу.
[18:11:55]  saytomyname: рой минус
[18:11:56]  moobot: Мой тикток https://www.tiktok.com/@olyashaa_official
[18:12:04]  robingad_l3e7: А Лэйни почему ушла?
[18:12:22]  geleas: свит хом Алабама
[18:12:27]  toxaspark: @Robingad_l3e7 утюг забыла выключить
[18:12:28]  msfirehawk: прост они сказали что у неё было сток крутых работ а тут нате. люди в принципе не роботы, особенно по части творчества, порой просто перегорают как Лэйни или впадают в тильт
[18:12:33]  0christy0: душнилы
[18:12:33]  saytomyname: типа она просто не доделала, а рой хз что вообще сделал
[18:12:34]  yablo4niy12: Да Тейт победил
[18:12:37]  kryabot: Подпишись на мой boosty! Все мои фотосессии в одном месте! https://boosty.to/olyashaa
[18:12:38]  ebukoz: ++++
[18:12:45]  kiryl: У него скорее очиха
[18:12:47]  oihero: Vitta LUL
[18:12:47]  kiryl: орчиха
[18:12:56]  hakuryuu9000: Рою пох
[18:13:02]  geleas: как то она на прямую понимают слово "тёмный" в термине "тёмный эльф"
[18:13:03]  toxaspark: препод 80лвл
[18:13:22]  streamstickers: Прилепи стикер на трансляцию! Напиши !sticker чтобы узнать как!
[18:13:25]  dimoh43: так , гримм пиздаты но я сегодня плохо посрал поэтому херня переделывай
[18:13:26]  undersiderrr: видимо модель должна быть тем словом которое нельзя называть чтобы соответствовать "темным" эльфам
[18:13:37]  comqndoo: хуйх
[18:13:39]  geleas: @dimoh43 звучит как агремент
[18:13:44]  0christy0: а модель в команде с ней или типо независимый чел от шоу?
[18:13:51]  jeweldelight: как температура??
[18:13:58]  comqndoo: да боюсь оляши
[18:13:59]  belkawannalive: ахуеть, а чё так долго блять
[18:13:59] Belkawannalive subscribed at Tier 1. They've subscribed for 38 months!
[18:13:59]  just_friendly_neighbor: belkawannalive , LuvBlush LuvBlush LuvBlush LuvBlush LuvBlush LuvBlush LuvBlush LuvBlush LuvBlush LuvBlush LuvBlush LuvBlush LuvBlush LuvBlush LuvBlush LuvBlush
[18:14:01]  kryabot: olyashFonarik Belkawannalive olyashAKULKA olyashAKULKA olyashAKULKA olyashHeart
[18:14:02]  dimoh43: @dimoh43 весомый
[18:14:12]  hakuryuu9000: Рой оут
[18:14:16]  jeweldelight: как температура?
[18:14:18]  alimchik412: @belkawannalive HeyGuys olyashHeart
[18:14:19]  sleeperaos: Оляша, а сколько лет ты уже стримишь?
[18:14:21]  ex_maniac: пора градусник доставвать
[18:14:23]  toxaspark: не не гоните её
[18:14:25]  liilfromironforge: все остаются?
[18:14:28]  zlobniy_element: А Бэмби когда выгнали?
[18:14:35]  marviass_: Ну объективно ей не не повезло, ошибки бывают. Пожалели бы девочку
[18:14:36]  oihero: они были ужасны если честно
[18:14:41]  msfirehawk: лора
[18:14:41]  jeweldelight: пиздец
[18:14:47]  papa_ellie: каеф
[18:14:48]  ex_maniac: охереть
[18:14:50]  zigzagzog80lvl: о как у меня
[18:14:51]  zlatoalliance: умрешь скоро ппц
[18:14:51]  saytomyname: пиздец
[18:14:52]  geleas: я
[18:14:54]  hakuryuu9000: как он такой лук за 3 дня сделал?
[18:14:57]  jeweldelight: писдос
[18:14:57]  0christy0: лора пж
[18:15:02]  msfirehawk: скок темпа? я пропустила
[18:15:02]  moobot: Вступай в мою группу Вконтакте, бро http://vk.com/twitcholyashaa
[18:15:07]  toxaspark: @Marviass_ это несправедливо по отношению к другим участникам
[18:15:12]  dimoh43: а роя в прошлый раз выгналит не из за тематики , точто она несолвпадала с основной идеей или это другой был
[18:15:14]  0christy0: @MsFirehawk 37,5
[18:15:14]  markiz092: !boosty
[18:15:14]  moobot: @markiz092 Красивые фотки и все такое найдешь тут https://boosty.to/olyashaa
[18:15:26]  yablo4niy12: Красава, жаль было, когда Коннор его обошел в финале 1 сезона
[18:15:28]  bumpkin0: выздоравливай
[18:15:29]  msfirehawk: опять рой в худших
[18:15:33]  msfirehawk: да шож такое
[18:15:36]  geleas: 37.5 это плюс минус пиздец или плюс минус норм?
[18:15:42]  toxaspark: несите флюгегехаймен!
[18:15:46]  rin_xm: а что с эмочкой стало?
[18:15:46]  moobot: For all my sugar daddys - https://www.patreon.com/olyashaa
[18:15:52]  rob_geek: обоих домой
[18:16:00]  dimoh43: мб
[18:16:03]  geleas: я
[18:16:04]  rumzumzum: страд для стольких дедлайнов подряд
[18:16:06]  msfirehawk: ноуван
[18:16:08]  toxaspark: @Rin_XM психанула ушла
[18:16:09]  robingad_l3e7: Он не старенький. Он олдфаг.
[18:16:09]  msfirehawk: А Я СКАЗАЛА
[18:16:09]  liilfromironforge: никто
[18:16:11]  logan_bg: Да блин!
[18:16:13]  msfirehawk: Я ГОВОРИЛА А А А А
[18:16:13]  undersiderrr: а сколько у них времени на грим?
[18:16:14]  uselessregret: мда
[18:16:14]  marviass_: VoHiYo VoHiYo VoHiYo VoHiYo
[18:16:15]  logan_bg: Твою налево!
[18:16:16]  sashashterb: ожидаемо
[18:16:16]  toxaspark: +кекс
[18:16:16]  sianna_jilty: ну бл
[18:16:18]  hakuryuu9000: больше 37 херово
[18:16:18]  krikspin: ахахах
[18:16:24]  dimoh43: хууу
[18:16:25]  rin_xm: @ToxaSpark спс)
[18:16:32]  geleas: па что за руна была у Лейни?
[18:16:44]  makhervax: axaxaxaxa
[18:16:45]  alimchik412: урааа
[18:16:49]  msfirehawk: @olyashaa ну они сказали что у неё было много хороших работ, выгонять её было бы жалко из-за одной оплошности. плюс Лэйни освободила местечко
[18:16:50]  uselessregret: @geleas бессмертие
[18:16:54]  jeweldelight: минус стример
[18:16:55]  undersiderrr: сколько на грим им дают времени?
[18:16:58]  sianna_jilty: можно) просто потом собери все шарики
[18:17:00]  undersiderrr: три дня?
[18:17:12]  gaztruk77freek: Ртуть ронять такое себе
[18:17:18]  logan_bg: @olyashaa Мне кажется Рой может раскрывать себя если тема прям ЕГО
[18:17:29]  marviass_: Вернуть бы его 25 лет
[18:17:29]  ex_maniac: Мужика в шляпе вобще нужно было кикнуть
[18:17:36]  mutantum: доживи до его лет)
[18:17:36]  oihero: Keepo
[18:17:38]  geleas: @geleas походу её пришлось бы модель расчленить что бы угодить этим судьям
[18:17:40]  app1eseed_lip: дедушка пожил
[18:17:41]  hakuryuu9000: Рой старый уже, проябал энергию уже
[18:17:43]  liilfromironforge: помощников ему
[18:17:44]  dezmond_07: Оляша а на каком сайте смотришь передачку?
[18:17:45]  papa_ellie: ейджизм?
[18:17:46]  robingad_l3e7: Так логично. У них же прописан сценарий для 16 участников.  Поэтому, чтобы не пропадал конкурс и эпизод, потому и оставили.
[18:18:08]  amikamazing: $$$
[18:18:13]  lord_cthulhu_23: Сникерс вродь энергию даёт, а не баунти
[18:18:14]  eugin83: мне на мыло пришло, что ты на вазде запустилась
[18:18:17]  istrangeranger: !boosty
[18:18:17]  moobot: @iStrangeRanger Красивые фотки и все такое найдешь тут https://boosty.to/olyashaa
[18:18:19]  msfirehawk: папугавчик
[18:18:19]  logan_bg: НН какой-то
[18:18:21]  logan_bg: Чык чырык
[18:18:22]  shajtanmashina: @olyashaa но кол-во работы, которое он проделывает на каждом конкурсе не каждый молодой может выполнить
[18:18:23]  geleas: где Дроздов?
[18:18:23]  pl1ntuz: у Роя в конкурсе с смешными персонажами была сильная работа @olyashaa
[18:18:26]  msfirehawk: cock atoo
[18:18:27]  tuahalut: Cock
[18:18:30]  papa_ellie: D: D: D: D:
[18:18:30]  zlatoalliance: @olyashaa кто??? лукашенко пришел?
[18:18:30]  zlobniy_element: А может он всегда не достаточно качественно делал.
[18:18:34]  dimoh43: у роя не хватает энергии потомушто он пердун и энергия улетучивается , логично  VeryPog
[18:18:35]  logan_bg: Давайте грим попугайчику!
[18:18:44]  hakuryuu9000: Рою поменять может печень какую надо, энергии добавило бы
[18:18:47]  azhbetka: сколько уже посмотрели сегодня?
[18:18:51]  koshachi: @olyashaa Рою 46 в 3 сезоне было
[18:18:52]  jeweldelight: это лукашенко?
[18:18:52]  logan_bg: Оуу
[18:18:54]  uselessregret: uwu
[18:19:00]  oihero: FailFish
[18:19:03]  msfirehawk: красота какая
[18:19:05]  msfirehawk: а тукан будет?
[18:19:09]  logan_bg: @olyashaa У меня попугайчик пол месяца назад умер(
[18:19:14]  msfirehawk: туканы охуенные
[18:19:15]  streamstickers: Прилепи стикер на трансляцию! Напиши !sticker чтобы узнать как!
[18:19:15]  undersiderrr: офигеть красивые птицы
[18:19:19]  godvil_: ЭЙ АРРРА
[18:19:26]  zlatoalliance: АРА-АРА peepoLove
[18:19:30]  pl1ntuz: кстати у снимал планет на ютубе есть охуенная передача охлтница на змей @olyashaa
[18:19:30]  msfirehawk: ахахахаха в подмышке фламинго
[18:19:32]  logan_bg: Красота))
[18:19:34]  geleas: стримеру 30 лет
[18:19:36]  msfirehawk: я оч люблю птиц
[18:19:39]  oblivionbringer: peepoClap peepoClap peepoClap peepoClap peepoClap peepoClap
[18:19:43]  oblivionbringer: PrideGasp
[18:19:55]  tuahalut: Фу кто может выебать птицу фу
[18:20:02]  oihero: jlisGollumPog
[18:20:02]  moobot: https://www.instagram.com/olyashaasaxon/
[18:20:05]  stanistasik_: olyashHeart olyashHeart olyashBes olyashBes olyashBes
[18:20:08]  hakuryuu9000: птичий грим=птичий грип
[18:20:19]  toxic_beech: кому нравится оляшин клюв?
[18:20:22]  msfirehawk: фламинго эх
[18:20:26]  geleas: ara ara
[18:20:30]  toxic_beech: мне очень♡
[18:20:33]  paod44: BibleThump BibleThump
[18:20:35]  kokhman: BibleThump
[18:20:38]  paod44: miyuuCry miyuuCry miyuuCry miyuuCry miyuuCry miyuuCry miyuuCry miyuuCry miyuuCry
[18:20:39]  marviass_: Тупо я
[18:20:40]  tuahalut: Фламинго изи можно было бы сделать
[18:20:41]  paod44: miyuuAngry miyuuAngry miyuuAngry miyuuAngry
[18:20:45]  msfirehawk: или запихивают в слабую команду Kappa
[18:20:45]  pl1ntuz: кстати у aнимал планет на ютубе есть охуенная передача охотница на змей @olyashaa
[18:20:45]  rob_geek: @olyashaa а ты представь человек-фламинго
[18:20:46]  godvil_: А ты толстяк который всегда стоит на воротах
[18:20:48]  robingad_l3e7: Так его хочет Оляша. Он уже рад.
[18:20:50]  hakuryuu9000: и ты в твич идешь
[18:20:50]  gaztruk77freek: Дитя заката не взяли
[18:20:52]  papa_ellie: а я фламинго по жизнт
[18:20:52]  marviass_: olyashCry olyashCry olyashCry
[18:21:06]  app1eseed_lip: розовый фламинго, дитя заката PepePls
[18:21:11]  alimchik412: блин, я уже представил грим фламинго... olyashPain
[18:21:11]  msfirehawk: ты чево плачешб
[18:21:16] lyman1337 redeemed желтая 1337
[18:21:19]  logan_bg: @olyashaa Мне кажется в одной стране пересмотрели это шоу))
[18:21:28]  logan_bg: Точнее этот выпуск)
[18:21:30]  zlobniy_element: В первой половине шоу идет хорошо за счет всяких приколов, а во второй уже все сложней, потому что сильнее к качеству придираются.
[18:21:32]  tuahalut: Дефка выбрала cock не удивлен
[18:21:37]  aluzelchik: пиволаборатория?
[18:21:37]  msfirehawk: ложись тюлень спи адыхай шо ты мучаешься
[18:21:40]  geleas: ля какая
[18:21:42]  ctroof: ваше благородие, сегодня вы были особенно неуловимы))
[18:21:49]  logan_bg: Милотаа
[18:21:52]  toxic_beech: надо было ещё вне конкурса костюм петуха
[18:21:54]  oihero: joccBeatsGun BOP
[18:21:54]  msfirehawk: ти бозе
[18:22:00]  comqndoo: галад
[18:22:04]  astronomad: olyashCry olyashCry olyashCry
[18:22:06]  paod44: miyuuAngry miyuuAngry miyuuAngry miyuuCry miyuuCry miyuuCry miyuuCry
[18:22:08] bezporno redeemed розовая 1337
[18:22:08]  pl1ntuz: кстати у aнимал планет на ютубе есть охуенная передача охотница на змей @olyashaa
[18:22:09]  stasttt37: BibleThump BibleThump BibleThump BibleThump
[18:22:11]  rebel_tv: пожилая 54 летняя шелуха
[18:22:11]  msfirehawk: olyashCry
[18:22:12]  comqndoo: кстати а птица то
[18:22:14]  ex_maniac: в итоге петучъ получится
[18:22:15]  sof1y: BibleThump BibleThump BibleThump
[18:22:17]  marviass_: @olyashaa Крепись, пусть ручка перестанет болеть поскорее olyashMeow
[18:22:19]  dezmond_07: 🤧🤧🤧
[18:22:20]  makhervax: olyashSsanatryapka olyashSsanatryapka olyashSsanatryapka olyashSsanatryapka olyashSsanatryapka olyashSsanatryapka olyashSsanatryapka olyashSsanatryapka
[18:22:20]  logan_bg: @olyashaa Я когда хожу на рыбалке цапли стоят..
[18:22:21]  astronomad: вхламинго за шо olyashCry
[18:22:26]  msfirehawk: кро кро кро
[18:22:28]  tuahalut: Как этот рудимент не отвалился до сих пор
[18:22:30]  zlobniy_element: +100 млрд.
[18:22:32]  gaztruk77freek: На Тукана похож
[18:22:36]  geleas: а может фламинго плюс минус похуй на мнение других о нём
[18:22:39]  salemch: DarkMode
[18:22:44]  comqndoo: глаз выклюет
[18:22:44]  paod44: miyuuCry miyuuCry miyuuCry miyuuCry
[18:22:47]  paod44: miyuuSalute miyuuSalute
[18:22:51]  marviass_: olyashCry olyashCry olyashCry olyashCry
[18:22:54]  paod44: miyuuClown miyuuClown
[18:23:01]  astronomad: @olyashaa зато его не жрут, как уток olyashUtya
[18:23:02]  oihero: joccBabyJailH
[18:23:09]  absentiainq: А че всех оставили в том выпуске?
[18:23:16]  robingad_l3e7: Фламинго - это Фрэнк. Освободился раньше всех и чиллит.
[18:23:19]  msfirehawk: люди едят крокодилов, о чём вы Kappa
[18:23:33]  msfirehawk: хотя жрать стервятников такое, нахватаешься паразитов или просто несварение получишь
[18:23:36]  absentiainq: Поняв, спасибо
[18:23:41]  zlobniy_element: Друже обломов сожрал бы.
[18:23:41]  msfirehawk: падальщиков лучше не жрать
[18:23:48]  geleas: ну кста концепт стервятника выглядит топаво
[18:23:55]  oihero: 🫵😃
[18:24:01]  geleas: загадка
[18:24:01]  nurj94: это рен тв?
[18:24:15]  robingad_l3e7: Зачем она забрала пену у Полли?
[18:24:16]  0christy0: какое крутое шоу,первый раз вижу
[18:24:20]  msfirehawk: тейт прям генерит
[18:24:21]  comqndoo: паразитов от людей нахватаешься
[18:24:35]  traestkf: Минус другой палец? Kappa
[18:24:46]  geleas: а шо е неё за птица?
[18:24:51]  elanpe: тейт должен победить
[18:24:51]  logan_bg: Л200?
[18:24:53]  logan_bg: Что?!
[18:24:54]  nurj94: люди есть паразиты
[18:24:58]  marviass_: Видимо, она тоже уже устала
[18:25:02]  sashok_32: серый фламинго походу у нее
[18:25:06]  geleas: оляша 30
[18:25:06]  moobot: Вступай в мою группу Вконтакте, бро http://vk.com/twitcholyashaa
[18:25:07]  streamstickers: Прилепи стикер на трансляцию! Напиши !sticker чтобы узнать как!
[18:25:08]  zlobniy_element: Имен не хватит.
[18:25:11]  astronomad: @olyashaa назвали бы Олег, Егор
[18:25:19]  logan_bg: @olyashaa Напиши создателям названий, пускай тебя работать пригласят
[18:25:45]  msfirehawk: щас бы руками в глине повозиться
[18:26:02]  msfirehawk: в тебе птица проснулась? или шол
[18:26:02]  moobot: ВСЕ ЗАПИСИ СТРИМОВ (В ТОМ ЧИСЛЕ УДАЛЕННЫЕ С КАНАЛА) ИЩИТЕ ЗДЕСЬ https://archive.olyashaa.club/
[18:26:04]  0christy0: упав(((((((((((
[18:26:04]  msfirehawk: шо*
[18:26:05]  astronomad: @olyashaa я пытался убрать пузо, это вообще не просто olyashWut
[18:26:06]  gauss911: опять спойлеры не скипнула
[18:26:07]  nurj94: яички TPFufun
[18:26:08]  logan_bg: ПИЗДА
[18:26:12]  ex_maniac: налепил глины он млишком
[18:26:12]  robingad_l3e7: Шо там было? Я отвернулся.
[18:26:17]  ex_maniac: слишком
[18:26:18]  dimoh43: чё было ???
[18:26:19]  oihero: 🦅
[18:26:19]  sotochka100: ш
[18:26:34]  salemch: LUL
[18:26:38]  undersiderrr: прожевать тейт сможет ватную палочку
[18:26:45]  comqndoo: навального лепят
[18:27:00]  gaztruk77freek: Ооо деда проснулся
[18:27:00]  moobot: Лучший телеграм канал на районе по ссылке https://t.me/olyashaa_channel
[18:27:09]  oihero: LUL
[18:27:11]  sashok_32: Я налепил слишком много глины, поэтому налеплю еще ))
[18:27:21]  comqndoo: черепашки ниндзя
[18:27:26]  geleas: да
[18:27:26]  azhbetka: я хочу гибрид человека и пиццы
[18:27:37]  msfirehawk: он там деду кулак сломал
[18:27:39]  kryabot: Подпишись на мой boosty! Все мои фотосессии в одном месте! https://boosty.to/olyashaa
[18:27:39]  moobot: Красивые аналоговые фоточки вот тут вот https://boosty.to/olyashphotos
[18:27:46]  ondrameeda: казалось бы
[18:27:50]  tuahalut: слава что?)
[18:27:52]  paod44: бубы
[18:27:53]  zlobniy_element: И как милитари подходит.
[18:27:53]  msfirehawk: разведка для армии с таким ярким оперением? звучит как хуета
[18:27:54]  stalker_brut: аххахахаха
[18:27:55]  saytomyname: он знал....
[18:27:55]  pe4enka5454: зе зе зе зе зе
[18:27:57]  kiryl: красивое
[18:28:09]  msfirehawk: хехехехе
[18:28:10]  visokii204: главное военные штаны)
[18:28:11]  paod44: BibleThump
[18:28:16]  paod44: PunOko
[18:28:30]  sianna_jilty: @visokii204 пххпхпх
[18:28:30]  zlatoalliance: @olyashaa хорошая расцветка для воина) FeelsGoodMan
[18:28:34]  geleas: ну раз эта птица, то можено сделать светлое пузо и тогда в воздухе будет не так заметен
[18:28:39]  kryabot: Мой инстаграм https://www.instagram.com/olyashaasaxon
[18:28:44]  boogaboss: <3 olyashGasm
[18:28:56]  comqndoo: так он отвлекать будет на себя стрельбу яркостью
[18:28:57]  sianna_jilty: реально
[18:29:00]  undersiderrr: АХХХАХАХА реально
[18:29:01]  ivolokhan: синего и жолтого никогда много не бывает BloodTrail
[18:29:04]  sashok_32: Гениально
[18:29:06]  dezmond_07: 🤣🤣🤣
[18:29:07]  msfirehawk: KEKW
[18:29:08]  geleas: ахаххаха
[18:29:10]  gauss911: BloodTrail
[18:29:10]  marviass_: Не давай им идей!!!!
[18:29:12]  geleas: KEKW
[18:29:12]  robingad_l3e7: LUL LUL LUL LUL
[18:29:14]  act0n3: KEKW
[18:29:15]  undersiderrr: не показывайте соловьеву
[18:29:16]  zlatoalliance: УльтраКалл?
[18:29:18]  astronomad: olyashHehe
[18:29:19]  crueya_vandron: Ультракал?
[18:29:20]  oblivionbringer: peepoGiggle
[18:29:21]  ex_maniac: бред ппц
[18:29:22]  dm_nz: пока-пока, Рой?
[18:29:23]  oihero: LUL
[18:29:24]  0christy0: а потом это упало)
[18:29:26]  app1eseed_lip: боброедка
[18:29:27]  msfirehawk: симоньян
[18:29:27]  logan_bg: Сука
[18:29:29]  0christy0: Захарова?
[18:29:29]  logan_bg: Ой
[18:29:30]  gauss911: @crueya_vandron да , он про стрим
[18:29:31]  vishenka5: ну так они и так вдохновлялись єтим концепом
[18:29:31]  logan_bg: Скобеева
[18:29:31]  astronomad: Симоньян
[18:29:31]  robingad_l3e7: Зрада!
[18:29:31]  keyboard_boy_: Симанянь
[18:29:31]  geleas: Лена Галовач
[18:29:32]  pe4enka5454: Оляша?
[18:29:33]  stalker_brut: ультракал)))
[18:29:33]  undersiderrr: это еще и американец делает..... всё ясно
[18:29:35]  markyss6666: Украинский-птицо-пилотник
[18:29:37]  keleriuss: скабеева
[18:29:37]  zlobniy_element: Шоу ж американское, вот доказательство что все спланировали в нато.
[18:29:39]  oxotnik_na_naturalov: сама скоро в моску прилетишь и расскажешь
[18:29:42]  logan_bg: Скабеева
[18:29:42]  stalker_brut: Оля её зовут
[18:29:43]  salemch: DarkMode скабеева
[18:29:45]  zlobniy_element: Скамейкина.
[18:29:45]  msfirehawk: ольга скабеева
[18:29:50]  undersiderrr: @zlobniy_element да....
[18:29:52]  sianna_jilty: оля в тебя через чип проникает военная инфа?
[18:29:52]  ivolokhan: Скабеева
[18:29:53]  undersiderrr: скобеева
[18:29:57]  makhervax: скабеева
[18:30:01]  pe4enka5454: zzzzzzzzzzzz
[18:30:04]  papa_ellie: искабеева
[18:30:08]  zlatoalliance: @olyashaa конченая тупая дура? аа скабеева?
[18:30:08]  moobot: https://www.instagram.com/olyashaasaxon/
[18:30:10]  comqndoo: zzzzzz
[18:30:11]  ivolokhan: мразотная такая)
[18:30:12]  aluzelchik: скарабеева
[18:30:12]  stalker_brut: 🇷🇺🇷🇺🇷🇺🇷🇺🇷🇺🇷🇺
[18:30:12]  papa_ellie: скарабеева
[18:30:14]  ivolokhan: ой
[18:30:16]  verdex777: Собакеева
[18:30:28]  5maksik: Ляшка сколько тебе лет уже ?
[18:30:43]  gagarin_61: @5maksik 29
[18:30:50]  msfirehawk: ничему жизнь не учит
[18:30:51]  msfirehawk: ТАК
[18:30:55]  oihero: jlisGollumPog
[18:30:55]  zlobniy_element: Бачок ее кликуха.
[18:30:59]  ex_maniac: а как он портянки будет наматывать? а как сортир мыть крыльями?
[18:31:03]  streamstickers: Прилепи стикер на трансляцию! Напиши !sticker чтобы узнать как!
[18:31:06]  toxaspark: ахахах ну т хуйня
[18:31:06]  msfirehawk: Я ПЕРВАЯ ДУМАЮ ЭТИ МЫСЛИ
[18:31:08]  astronomad: olyashDebik
[18:31:12]  cookeybukey: скок стоит твое кресло блять?
[18:31:13]  msfirehawk: или задержка...
[18:31:19]  salemch: GlitchCat
[18:31:24]  boogaboss: olyashSmile olyashSmile olyashSmile
[18:31:26]  5maksik: @cookeybukey 15к с днс
[18:31:26]  traestkf: МонкаЭс, тилипаты! WutFace
[18:31:29]  milkywayalm: Оля просто читает из чата
[18:31:40]  gauss911: SMOrc
[18:31:41]  oblivionbringer: olyashThink
[18:31:42] sashatorolchuk redeemed красная 1337
[18:31:44]  volidolik: лучше забань укусила или одного перекупа
[18:31:45]  msfirehawk: эф рой палучаеца(
[18:31:45]  0christy0: бляяяя РОооой
[18:31:46]  robingad_l3e7: Зрада!
[18:31:47]  toxaspark: -дед
[18:31:52]  undersiderrr: жааааалко
[18:31:54]  dimoh43: бляяяяяяяяяяяяяяяяяя
[18:31:58]  dm_nz: f
[18:31:59]  undersiderrr: Рой FFFF
[18:32:07]  fnytdyt: ной не ныл и ты не ной
[18:32:10]  rob_geek: на пенсию!
[18:32:10]  salemch: Kappa
[18:32:11]  fooxru: закройся дай послушать
[18:32:13] 仨乚工乙闩 marrymeelizabeth: Это я пихнул
[18:32:13]  holysuicidefx: не будет сине желтого разведчка
[18:32:19]  geleas: эта подстава от Соловьёва
[18:32:22]  oihero: LUL
[18:32:23]  msfirehawk: у него же нет ковчега, какой ной
[18:32:25]  fnytdyt: РОЙ не НОЙ
[18:32:30]  azhbetka: больше детей меня раздражают только взрослые косящие под детей
[18:32:35]  oblivionbringer: теперь нет ковчега
[18:32:35]  ivolokhan: не стлно сломалось так то
[18:32:38]  undersiderrr: это русская разведка помешала
[18:32:40]  oblivionbringer: все просрал
[18:32:41]  5maksik: Я помню раньше Оля была популярной ;(
[18:32:44]  gagarin_61: Ковбой Мальборо пошёв нахiр
[18:32:53]  amikamazing: рой это фиксик
[18:32:55]  dezmond_07: рой не ноет и ты не ной☺️
[18:33:10]  msfirehawk: мне так нравится как жопа торчит
[18:33:14]  logan_bg: @olyashaa Оль, ну сходи сделай себе чай, может голова и нервная система немного успокоится и лучше будет
[18:33:16]  msfirehawk: из глины холмы такие
[18:33:22]  jeweldelight: Оляша как самочувствие?
[18:33:25]  holysuicidefx: интересно это по сценарию упало или случайно
[18:33:30]  logan_bg: @olyashaa Оль, ну сходи сделай себе чай, может голова и нервная система немного успокоится и лучше будет!
[18:33:40]  limb0h0ly: я дрочил на тебя когда то
[18:33:44]  liilfromironforge: @HolySuicideFX вот тоже такой вопрос
[18:33:45]  dmzak: olyashHelp olyashHelp olyashHelp olyashHelp olyashHelp olyashHelp olyashHelp olyashHelp olyashHelp olyashHelp olyashHelp olyashHelp olyashHelp olyashHelp olyashHelp olyashHelp olyashHelp olyashHelp olyashHelp olyashHelp olyashHelp olyashHelp olyashHelp olyashHelp olyashHelp olyashHelp
[18:33:48]  cookeybukey: этот парень выиграет
[18:34:02]  msfirehawk: а знаете кто ещё любит?
[18:34:04]  vishenka5: Я так вижу что чтобы быть гримёром нужно быть физически сильным
[18:34:10]  volidolik: БУГА ЛЮБИТ
[18:34:10]  rumzumzum: а в китае - горячей водой
[18:34:11]  tocatelyn: @limb0h0ly держи в курсе
[18:34:12]  ivolokhan: чай помогает
[18:34:13]  pe4enka5454: а я думал в европе любят все лечить салом peepoShy
[18:34:14]  nepopyti: попей водички
[18:34:20]  msfirehawk: @volidolik бинго
[18:34:21]  astronomad: @olyashaa как раз успокоительный чай заварил. Я в Европе значит
[18:34:24]  ivolokhan: это как минимум теплая жидкость)
[18:34:28]  logan_bg: @olyashaa Просто мне кажется таблетками против вакцины не поможешь
[18:34:32]  azhbetka: профессор люпин говорил что шоколад помогает и я ему верю
[18:34:38]  ex_maniac: не в европе всё таблами глушат
[18:34:42]  volidolik: confusedCat
[18:34:44]  msfirehawk: я явно не европейка, хуячу кофе или колу и потом пытаюсь не умереть от тревожности
[18:34:46]  salemch: GlitchCat
[18:34:49]  undersiderrr: вот так смотришь и тоже хочется это делать.... лепить пилить красить
[18:34:54]  bobaev_bobir: выпей водки, сразу вылечишься
[18:35:19]  rumzumzum: двое помогают, а третья - крыса. только вено просит помощи
[18:35:19]  moobot: Вступай в мою группу Вконтакте, бро http://vk.com/twitcholyashaa
[18:35:21]  holysuicidefx: А Миранда не помогает)
[18:35:24]  msfirehawk: да господи
[18:35:26]  msfirehawk: мать
[18:35:39]  dimoh43: снова
[18:35:54]  hummerlight: так, я отходил, в итоге никого не кикнули из за эмочки?
[18:36:01]  msfirehawk: @Hummerlight ага
[18:36:21]  fnytdyt: Олька ты болеешь?
[18:36:21]  moobot: Залетай в наш Дискорд Сервер https://discord.gg/k6PVVdm
[18:36:21]  m0p9ik: sorabiKekEbalo
[18:36:29]  msfirehawk: померяй ещё
[18:36:39]  joed0hn: какая доза?
[18:36:39]  geleas: а какая по счёту эта вакцына?
[18:36:41]  logan_bg: @olyashaa Просто мне кажется таблетками против вакцины не поможешь.. Твоему организму надо отдохнуть
[18:36:45]  undersiderrr: а какую вакцину сделала?
[18:36:45]  zafrag: так, а за сегодня уже 2 серия? кого выгнали, не могу понять
[18:36:52]  streamstickers: Прилепи стикер на трансляцию! Напиши !sticker чтобы узнать как!
[18:36:59]  zlobniy_element: Им 3 дают.
[18:37:00]  5maksik: так тут и так 3 из 3
[18:37:00]  azhbetka: @logan_bg за отдых не платят
[18:37:05]  kiryl: А чего ушла?
[18:37:07]  undersiderrr: два дня это очень мало реально
[18:37:10]  kokhman: да, было бы интереснее на результаты смотреть
[18:37:10]  vovchikvova: от короны? а она вообще ещё существует?
[18:37:11]  fnytdyt: и у меня 2
[18:37:12]  msfirehawk: ага, там помимо творчества и скиллов чекают таймменеджмент и стрессоустойчивость
[18:37:12]  volidolik: WeirdCat
[18:37:15]  clovi0: !sticker
[18:37:16]  streamstickers: clovi0: Ищи на экране трансляции сердечко (по правую руку) или посмотри под трансляцией на пенели баннеров расширение Streamstickers, жми туда и выбирай понравившийся стикер!
[18:37:23]  oxotnik_na_naturalov: и обе правые
[18:37:24]  white__qq: l
[18:37:30]  time_too_win: @olyashaa  Вакцину ?  Вроде же конфликт между  Россией и  Украиной  всех избавил от короны ))
[18:37:57]  msfirehawk: наоборот не отрастил
[18:38:00]  fooxru: тикаешь из Украины ?
[18:38:15]  msfirehawk: ахахаха смешной такой у лоры
[18:38:18]  sashok_32: @olyashaa Есть такое же шоу, ток там кузнецы куют оружие за 6 часов где-то
[18:38:24]  comqndoo: да надо бомбой с короной пулять и мозги врагу короной тупить
[18:38:45]  azhbetka: ну рооооой
[18:38:47]  krikspin: минус Рой?
[18:38:58]  fnytdyt: что скажешь??? - рой?
[18:39:03]  saytomyname: снова старый насрал?
[18:39:04]  oihero: GlitchNRG
[18:39:14]  ex_maniac: чел в шляпе олдфаг какой-то он больше всех жалуется и крафтить шляпу
[18:39:31]  zafrag: да не, мне кажется это байт, рой должен остаться, надеюсь лора наконец свалит
[18:39:32]  jeweldelight: Оляша ловит 5G сигналы в прямом эфире
[18:39:38]  white__qq: Чё за гомунеулы
[18:39:38]  nepopyti: -рой, как по мне
[18:39:45]  logan_bg: @JewelDelight хахаха
[18:39:53]  sashok_32: Forged in Fire да
