# Start logging at 2022-05-11 17:47:17 RTZ 2 (зима)
[17:47:17]  madwordik: @nikoi_chan не боссы качалки
[17:47:18]  76ded: gnezdo1Kaif gnezdo1Kaif gnezdo1Kaif gnezdo1Kaif gnezdo1Kaif gnezdo1Kaif
[17:47:19]  erzante: imGlitch Squid4
[17:47:19]  chevyyyy_uwu: мефисто мы поняли что ты крут успокойся
[17:47:19]  ghost765234: @shemplock2010 стоит посмотреть
[17:47:24] hirshinov redeemed ПОЛНЕЙШИЙ КАЙФ 100
[17:47:27]  fiash_96: BibleThump
[17:47:31] markopolorus redeemed ПОЛНЕЙШИЙ КАЙФ 100
[17:47:38]  sonyaoblomova: <3 BibleThump
[17:47:42]  nikoi_chan: приятного вам просмотра
[17:47:43]  madwordik: ну полный кайф
[17:47:44]  eto_ja_pe4enca_: я домой к себе вернулась,  так что ждите список фильмов и над смайликами для твича посижу
[17:47:45] 76ded redeemed ПОЛНЕЙШИЙ КАЙФ 100
[17:47:49]  gg_wpvip: NotLikeThis NotLikeThis NotLikeThis
[17:47:51]  lapisra16: так говно не презентовал никто
[17:47:52]  chevyyyy_uwu: приятного просмотра чат
[17:47:52]  nikoi_chan: @madwordik gnezdo1Kaif
[17:47:53]  mrleggushka: gnezdo1Kaif
[17:47:54] lovki_cat redeemed ПОЛНЕЙШИЙ КАЙФ 100
[17:47:59]  eclipse_po_pyaterym: какая экспрессия
[17:47:59]  markopolorus: gnezdo1Kaif
[17:47:59] 76ded has been timed out for 10s. 
[17:48:00] kazuma867 redeemed ПОЛНЕЙШИЙ КАЙФ 100
[17:48:01]  mawo4ka: LUL
[17:48:07]  ghost765234: а Данил будет с нами плакот?
[17:48:08]  gnezdo_kaifa: @eto_ja_pe4enca_ полнейший кайф
[17:48:16]  mrleggushka: gnezdo1Kaif gnezdo1Kaif gnezdo1Kaif gnezdo1Kaif gnezdo1Kaif
[17:48:17]  gnezdo_kaifa: @ghost765234 только если в чате
[17:48:23]  lapisra16: я подумала это горка соли
[17:48:26]  nikoi_chan: gnezdo1Kaif gnezdo1Kaif
[17:48:26] ironhideself redeemed ПОЛНЕЙШИЙ КАЙФ 100
[17:48:28]  antique_doll_: Божечки птеродактиля завезли
[17:48:50]  eto_ja_pe4enca_: птеранадончик
[17:48:51]  qiuzard: попа олененка как смысл жизни
[17:48:54]  bonnie37electroyt: Я уже чувствую её актёрскую игру через этот монолог
[17:48:55] zababybriy redeemed ПОЛНЕЙШИЙ КАЙФ 100
[17:48:56]  mawo4ka: @ghost765234 требуем больше Данила, мы фаны Данила
[17:48:58]  skorpiick: Чет тихо
[17:49:00] mihail_udalov redeemed ПОЛНЕЙШИЙ КАЙФ 100
[17:49:10]  lapisra16: а Мефисто не забанят за зоофилию?
[17:49:10]  ghost765234: @gnezdo_kaifa снаружи он твёрд, как камень, но в чате он раскрывает своё нутро
[17:49:10]  chevyyyy_uwu: данил а тебе как?
[17:49:14] smajenka redeemed ПОЛНЕЙШИЙ КАЙФ 100
[17:49:17] zababybriy redeemed ПОЛНЕЙШИЙ КАЙФ 100
[17:49:27]  gnezdo_kaifa: @chevyyyy_uwu первая часть кайф, остальные отстой
[17:49:28]  erzante: ПОЛНЕЙШИЙ КАЙФ
[17:49:31] zababybriy redeemed ПОЛНЕЙШИЙ КАЙФ 100
[17:49:34]  pikachuu0_0: убавьте пж оч  громко
[17:49:38] 1lityan1 redeemed ПОЛНЕЙШИЙ КАЙФ 100
[17:49:38] erzante has been timed out for 10s. 
[17:49:43]  chevyyyy_uwu: @chevyyyy_uwu соглашусь
[17:49:53]  heartsboom: Kappa
[17:50:08]  ghost765234: @lapisra16 фурри же не банят
[17:50:21]  chevyyyy_uwu: погромче
[17:50:22]  pikachuu0_0: gnezdo1Kaif
[17:50:23]  loxooord: да
[17:50:25]  fiash_96: VoteYea
[17:50:32]  gg_wpvip: @lapisra16 фурри это зло которое не должно существовать
[17:50:32]  erzante: Литературное слово сука
[17:50:32]  mawo4ka: норм
[17:50:34]  olya_fru: да
[17:50:41]  bonnie37electroyt: Стрим лагает не первый раз или это только этот стрим лагает?
[17:50:58]  nastenkinsan: ахахахаха
[17:50:59]  gnezdo_kaifa: @bonnie37electroyt лагал но сейчас уже не должен
[17:51:01] argas_diemo redeemed ПОЛНЕЙШИЙ КАЙФ 100
[17:51:07]  ghost765234: @gg_wpvip полностью с вами согласен, Сударь
[17:51:09]  eto_ja_pe4enca_: стрим не лагает
[17:51:19]  gg_wpvip: @eto_ja_pe4enca_ лагает...
[17:51:20]  sonyaoblomova: по идее у неё должен быть загар, раз она живёт, там где много солнца, но она белая как лист бумаги
[17:51:22]  prostochelovek665: лагает
[17:51:25]  iook_up: лагает
[17:51:27]  bosya0: и тут же залагал
[17:51:27]  akirakarai: минус стрим ?
[17:51:29]  eclipse_po_pyaterym: F?
[17:51:29]  chevyyyy_uwu: немного тормозит но думаю это у  меня инет
[17:51:31]  xlomionx: F
[17:51:32]  doctors__tardis: лагает
[17:51:32]  hoooly__: f
[17:51:33]  qiuzard: че за жесткие лаги
[17:51:37]  khanin_denis: а чего лагает как на Ютубе?
[17:51:38]  sasaike: F
[17:51:38]  olegfrend18: f
[17:51:39]  fiash_96: лаг... ...ает
[17:51:39]  dmitry__smirnov: Данил здарова
[17:51:40]  ghost765234: @chevyyyy_uwu тоже самое
[17:51:41]  olgazakharova91: зависло все
[17:51:41]  lapisra16: а куда
[17:51:43]  biba_vol: f
[17:51:43]  anita_netsoy: mjrF
[17:51:43]  irene_shmel_: F
[17:51:45]  alphakate: рип
[17:51:46]  lapisra16: мы полетели ребята
[17:51:46]  doctors__tardis: BibleThump
[17:51:48]  eto_ja_pe4enca_: а вот щас лагает
[17:51:48]  saxar_ok_bambordirovhik: f
[17:51:51]  chevyyyy_uwu: умерли
[17:51:51]  creek_____: NotLikeThis NotLikeThis NotLikeThis NotLikeThis NotLikeThis
[17:51:52]  alexafed19: лагает
[17:51:53]  skorpiick: F
[17:51:56]  argas_diemo: BibleThump
[17:51:57]  ghost765234: значит на трово
[17:51:58]  chevyyyy_uwu: покойтесь с миром
[17:51:58]  creek_____: помянем
[17:51:59]  madwordik: о
[17:52:00]  chevyyyy_uwu: а нет
[17:52:00]  pen35g: о
[17:52:00]  prostochelovek665: PowerUpL SabaPing PowerUpR
[17:52:01]  qwettui: F
[17:52:01]  gg_wpvip: что ж сам мир не хочет чтобы мы увидели эмоции чака и мефисто на сумерки
[17:52:01]  nastenkinsan: а только на твиче лагает? или везде?
[17:52:01]  chevyyyy_uwu: о
[17:52:02]  olegys_blinb: блиииииииииин FreakinStinkin FreakinStinkin FreakinStinkin FreakinStinkin
[17:52:03]  hirshinov: FFF
[17:52:04]  sasaike: о живём
[17:52:08]  madwordik: не
[17:52:11]  iook_up: черт
[17:52:13]  pen35g: мдя...
[17:52:15]  kruc72: TearGlove
[17:52:15]  prostochelovek665: а спасибо конечно классный фильм
[17:52:15]  madwordik: не живём
[17:52:17]  zlobyshik: Их съел хищник
[17:52:17]  optimist_1st: лаги жесть
[17:52:19]  donationalerts_: Теперь анонсы стримов будут тут: https://t.me/gnezdo_kaifa
[17:52:20]  bonnie37electroyt: gnezdo1Kaif FBCatch
[17:52:21]  gg_wpvip: классный звук
[17:52:26]  olegys_blinb: FreakinStinkin FreakinStinkin FreakinStinkin FreakinStinkin FreakinStinkin
[17:52:32]  creek_____: 😔😔😔😔 помянем фильм
[17:52:32]  delia_san: бан за музон?
[17:52:33]  saxar_ok_bambordirovhik: +в чат у кого лагает
[17:52:37]  anapa2077: +
[17:52:38]  1lityan1: +
[17:52:40]  zlobyshik: +
[17:52:41]  iook_up: +
[17:52:41]  creek_____: +
[17:52:42]  kruc72: +
[17:52:42]  laistar: +
[17:52:44]  vetka_klena: +
[17:52:44]  saxar_ok_bambordirovhik: +
[17:52:44]  okiiiii8iiiiiii: +
[17:52:44]  prostochelovek665: +
[17:52:44]  skorpiick: +
[17:52:44]  space_kitty_95: +
[17:52:44]  alexafed19: +
[17:52:44]  fiash_96: 0.5 fps
[17:52:44]  qwettui: +
[17:52:46]  irene_shmel_: +
[17:52:46]  error_supremi: гг+
[17:52:46]  gg_wpvip: +
[17:52:46]  antonche_gamer: +
[17:52:46]  bonnie37electroyt: +
[17:52:49]  bosya0: +
[17:52:49]  rena_ra: +
[17:52:49]  den4igk_: +
[17:52:49]  shtirlic_i_osminogi: +
[17:52:50]  olegfrend18: +
[17:52:52]  xydosa24: +
[17:52:54]  lapisra16: Мефисто покажи большой палец если тебя держат в заложниках
[17:52:54]  olegys_blinb: +
[17:52:54]  qiuzard: +
[17:52:55]  anapa2077: 0.000000000001 fps
[17:52:55]  dezzmont12: +
[17:52:56]  po1reau: +
[17:52:56]  ggjjhvxegl: +
[17:52:57]  pen35g: +
[17:52:58]  madwordik: да у всех лагает
[17:53:00]  beavis_and_butthead_: лагает ужасно
[17:53:02]  kruc72: PunOko
[17:53:03]  lapisra16: +
[17:53:07]  madwordik: а так надо
[17:53:09]  olegys_blinb: БЛЯЯЯЯЯЯЯЯЯЯЯТь
[17:53:10]  bonnie37electroyt: Это 15 кадров в секунду
[17:53:13]  diyanadi1: +
[17:53:14]  chevyyyy_uwu: пиксели говорят на видева
[17:53:18] olegys_blinb has been timed out for 10s. 
[17:53:20]  anapa2077: жмыхнуло
[17:53:20]  ghost765234: эти лаги можно разбирать на мемы
[17:53:25]  gg_wpvip: кто говорит?
[17:53:25]  error_supremi: зачем киберпанк включили
[17:53:26]  sirostin9: MrDestructoid
[17:53:27]  pen35g: у меня всё в кубики превратилось
[17:53:28]  anapa2077: согласен
[17:53:31]  madwordik: а так надо а так надо а так надо
[17:53:33]  romocot: слушайте а на твиче зачем вотер марка
[17:53:39]  lyubava_08: ой плохо то как всё
[17:53:41]  olegys_blinb: бляяяятт
[17:53:44]  anapa2077: у меня в пикснлях все
[17:53:47]  anapa2077: хпхаха
[17:53:48]  ghost765234: @romocot нада
[17:53:48]  smajenka: лагает
[17:53:50]  qiuzard: пипец жуть
[17:53:52]  fiash_96: Squid1 Squid2 MrDestructoid Squid2 Squid4
[17:53:53]  lapisra16: Мефисто покажи большой палец если тебя держат в заложниках
[17:53:54]  saxar_ok_bambordirovhik: Я вроде не майн сматрю
[17:53:57]  alexafed19: норм стало
[17:53:58]  madwordik: сдохли
[17:53:59]  akirakarai: У меня вообще ни чего нет
[17:54:01]  lyubava_08: блин подождите не смотрите
[17:54:02]  hoooly__: zbs
[17:54:02]  bonnie37electroyt: Я вижу пиксели смотрящие пиксели
[17:54:04]  smajenka: PunOko PunOko PunOko
[17:54:06] anapa2077 redeemed ПОЛНЕЙШИЙ КАЙФ 100
[17:54:09]  creek_____: о, норм уже 😀
[17:54:10]  prostochelovek665: что в фильме было?
[17:54:13]  lyubava_08: не чего не видать
[17:54:16]  delia_san: а низя стримить только на твич чтоб нагрузку снизить?
[17:54:17]  saanynn: ввсе ок
[17:54:17]  fiash_96: 0 fps
[17:54:19]  iook_up: F
[17:54:19]  lyubava_08: все квадратиками
[17:54:20]  pikachuu0_0: о
[17:54:24]  saanynn: все нормально
[17:54:24]  madwordik: @prostochelovek665 шрекс с собаками
[17:54:27]  olegys_blinb: о всё
[17:54:27]  gg_wpvip: о живём
[17:54:28]  pikachuu0_0: все
[17:54:31]  adskii_eblan: Squid1 Squid2 gnezdo1Kaif Squid2 Squid4
[17:54:32] anapa2077 redeemed ПОЛНЕЙШИЙ КАЙФ 100
[17:54:32]  saanynn: Все ок
[17:54:33]  pikachuu0_0: нормально
[17:54:34]  olegys_blinb: ураааа
[17:54:35]  lapisra16: пиздааааа всемууууу автобусуууу
[17:54:36]  zordonser: вот сейчас нормально
[17:54:37]  pen35g: о заработало
[17:54:37]  khanin_denis: о через дверь вайфай влетел
[17:54:38]  antonche_gamer: Блин, ролик жмыхнуло. Но зато теперь отжмыхнуло
[17:54:39]  lyubava_08: ну вас слышно
[17:54:40]  eto_ja_pe4enca_: в эфире
[17:54:41]  saanynn: Поехали
[17:54:43]  saanynn: гогого
[17:54:43]  nerumi_kura: на Ютубе грузит
[17:54:45]  fiash_96: ООООООООООООООООО
[17:54:49]  madwordik: @antonche_gamer какой ролик
[17:54:50]  alexafed19: го
[17:54:52] fiash_96 has been timed out for 10s. 
[17:54:53]  chevyyyy_uwu: живы
[17:54:55]  bonnie37electroyt: О! Пиксели стали людьми
[17:54:56]  smajenka: smajenSILA
[17:54:57]  gg_wpvip: как же он хорош
[17:54:58]  lyubava_08: во норм
[17:55:08]  xydosa24: ЕЕЕ стрим
[17:55:11]  space_kitty_95: всё ок
[17:55:13]  fiash_96: полный кайф
[17:55:13]  lapisra16: Мефисто покажи большой палец если тебя держат в заложниках
[17:55:14]  maru2409: ритуал
[17:55:22]  bonnie37electroyt: Теперь звук впереди чем визуал
[17:55:22]  iook_up: наконец
[17:55:23]  xydosa24: опять вот эти ваши стримы
[17:55:24]  just_fox13: StinkyGlitch
[17:55:24]  iiicerberusiii: Брэдмен
[17:55:24]  madwordik: алелуя
[17:55:30] error_supremi redeemed ПОЛНЕЙШИЙ КАЙФ 100
[17:55:32]  delia_san: щас будет бан на твиче за каверы
[17:55:35]  anapa2077: gnezdo1Kaif
[17:55:48]  pink_man6: привет
[17:55:49]  creek_____: пошло поехало 🤟
[17:55:49]  olegys_blinb: тусим
[17:55:50]  lapisra16: Мефисто не удержался и начал жёстко битбоксить
[17:55:51] antonche_gamer redeemed ПОЛНЕЙШИЙ КАЙФ 100
[17:55:52]  laistar: норм
[17:55:53]  lapisra16: Мефисто покажи большой палец если тебя держат в заложниках
[17:55:54]  bonnie37electroyt: PixelBob
[17:55:57]  kruc72: ThankEgg
[17:55:59]  donationalerts_: В чате запрещены капс, мат и спам в том числе смайликами. Ведите себя прилично.
[17:56:08]  gg_wpvip: жестко набитбоксил в стрим
[17:56:23]  madwordik: @delia_san не, они от оригинала не отличат настолько мефисто харош
[17:56:30]  drlemeow: Сумерки не выдержал даже твич
[17:56:38]  olegys_blinb: э опу апи
[17:56:47]  madwordik: @drlemeow ахахах
[17:56:49]  lapisra16: я хочу видеть вас в роли актёров озвучки
[17:56:51]  lapisra16: Мефисто покажи большой палец если тебя держат в заложниках
[17:56:55]  lyubava_08: кто говорил что он забитбоксит. кто пророк?
[17:56:58]  anapa2077: @drlemeow вот это панч
[17:57:00]  saxar_ok_bambordirovhik: Мефисто покажи большой палец если тебя держат в заложниках
[17:57:02]  madwordik: @lapisra16 все хотят
[17:57:12]  zordonser: Талант Мефисто конечно)
[17:57:13]  alexafed19: всё ок
[17:57:14]  olegys_blinb: @drlemeow  смешно
[17:57:16]  delia_san: у меня у одной стоп кадр стоит уже 5 веков?
[17:57:23]  lapisra16: щас всё норм
[17:57:24]  erzante: VoteNay
[17:57:24]  crayana1: привеит
[17:57:25]  madwordik: хохохоу ноу
[17:57:25]  maru2409: всп ок
[17:57:28]  hoooly__: дрова иногда
[17:57:29]  zordonser: @Delia_san F5
[17:57:29]  irvins_2437: у меня норм
[17:57:30]  saxar_ok_bambordirovhik: ну норм
[17:57:30]  prostochelovek665: да норм
[17:57:30]  pizzabro666x7: Пенисы, давайте смотрите
[17:57:31]  servogon: пока всё хорошо
[17:57:31]  anapa2077: ща норм пока
[17:57:31]  xydosa24: более менее норм
[17:57:31]  hoooly__: дропы
[17:57:32]  meepmeow78: норм
[17:57:33]  dmitry__smirnov: Данил а завтра будешь один стримить?
[17:57:33]  chevyyyy_uwu: более менее
[17:57:33]  crayana1: нормас
[17:57:33]  space_kitty_95: всё хорошо
[17:57:34]  akirakarai: работает замечательно
[17:57:36]  pink_man6: бидбокс дрдпддпдпдппдпдпддплппшмщпжкж сщсдп
[17:57:38]  lapisra16: нас волнует лишь один вопрос
[17:57:38]  eto_ja_pe4enca_: ну вроде минут 10 все норм
[17:57:38]  pen35g: вроде норм
[17:57:39]  lapisra16: Мефисто покажи большой палец если тебя держат в заложниках
[17:57:40]  just_fox13: Мефисто супер)))
[17:57:41]  khasansamir: gnezdo1Kaif
[17:57:42]  error_supremi: вроде живем
[17:57:42]  ghost765234: у меня качество сбрасывают до 720
[17:57:48]  madwordik: ну быстрей ну ало ну блин ну давайте
[17:57:50]  diyanadi1: сейчас норм
[17:57:51]  delia_san: оооо картинка шевелится вау
[17:57:53]  artixerian: на меня давятт психологически, мне это не нравится Kappa
[17:57:54]  bonnie37electroyt: Тут чат живёт в будущем
[17:57:58]  eto_ja_pe4enca_: @lapisra16 не спамь
[17:58:01]  pizzabro666x7: Пенисы!
[17:58:02]  nemarven: напоминаю - сумерки 10/10
[17:58:09]  pink_man6: лллл
[17:58:09]  lapisra16: ух мажоры хотят смотреть в 1080
[17:58:11]  madwordik: @pizzabro666x7 великие?
[17:58:18]  gg_wpvip: @lapisra16 да
[17:58:21]  iook_up: +
[17:58:22]  olgazakharova91: сейчас норм
[17:58:31]  lyubava_08: уюну пока все хорошо
[17:58:34]  laistar: сейчас норм
[17:58:36]  anapa2077: пирожки это вкусно
[17:58:37]  pizzabro666x7: @lapisra16 Да
[17:58:46]  pizzabro666x7: @madwordik да
[17:58:49]  bonnie37electroyt: нормально только вы увидите это сообщение через 10-5 минут от ответа
[17:59:02]  lapisra16: мы беспокоимся что бедного Мефисто заставляют смотреть на вампиров в блёстках
[17:59:03]  ghost765234: походу я зажрался: 740P мне кажется низким качеством
[17:59:10]  delia_san: собалоги
[17:59:17]  fiash_96: сумерки -12/e=mc
[17:59:20] gregory_el redeemed ПОЛНЕЙШИЙ КАЙФ 100
[17:59:42]  gg_wpvip: 23 человека
[17:59:51]  fiash_96: 24
[18:00:00]  lapisra16: @ghost765234 кто-то не пытался смотреть Твич с телефона...хотя раз уж у пятилеток есть айфоны
[18:00:00]  gg_wpvip: @FiaSh_96 23
[18:00:01]  delia_san: 3к человек. вау. так я еще не в деревне живу
[18:00:11]  fiash_96: ок 23
[18:00:14]  torimaru666: МАРМЕЛАДКИ!!!
[18:00:19]  notakarta: 25
[18:00:28] torimaru666 has been timed out for 10s. 
[18:00:30]  anapa2077: пельмешки
[18:00:32]  fiash_96: @notakarta 23
[18:00:38]  gg_wpvip: @notakarta 23
[18:00:40]  madwordik: а может хотим
[18:00:47]  notakarta: ok 23
[18:00:49]  argas_diemo: gnezdo1Kaif
[18:00:52]  zordonser: так может на какой-нибудь васд? Там смотри нихочу
[18:00:54]  khasansamir: оставьте стрим на твиче ток))
[18:00:55]  lapisra16: ровно 400 человек на стриме
[18:00:59]  fiash_96: оскуство убеждения
[18:01:00]  opsi0: gnezdo1Kaif
[18:01:08] opsi0 redeemed ПОЛНЕЙШИЙ КАЙФ 100
[18:01:13]  ghost765234: @lapisra16 я смотрю стримы на пк, я не знаю что там на телефонах, но судя по всему всё очень плохо
[18:01:17]  madwordik: MercyWing1 FamilyMan MercyWing2
[18:01:20]  torimaru666: Какая именно часть?
[18:01:20]  gg_wpvip: вот блин одна ванная
[18:01:22]  nastenkinsan: но палитра в этом фильме, ах LuvSign
[18:01:43]  notakarta: у меня тоже одна ванна BloodTrail
[18:01:45]  skorpiick: LUL
[18:01:51]  khasansamir: gnezdo1Kaif у меня туалет на улице-_-
[18:01:51] braunres redeemed ПОЛНЕЙШИЙ КАЙФ 100
[18:01:54]  madwordik: @notakarta бомж
[18:01:54]  torimaru666: Почему у Беллы вечно приоткрыт рот?
[18:01:56]  fiash_96: 401 выйди
[18:01:58]  delia_san: уу зажрались. у нас в даже в домах на саоем участке одна ванная. омереканцы уу
[18:01:58]  gg_wpvip: PotFriend PotFriend
[18:02:01]  sonyaoblomova: там дожди часто идут, так что ванна ей вообще не нужна
[18:02:06]  gg_wpvip: 401 ухади
[18:02:06]  notakarta: @madwordik блииин
[18:02:07]  madwordik: @torimaru666 привычка
[18:02:15]  kruc72: PowerUpL CrreamAwk PowerUpR
[18:02:19]  donationalerts_: Теперь анонсы стримов будут тут: https://t.me/gnezdo_kaifa
[18:02:21]  lapisra16: Греция, где не существует ванн в принципе в домах -. _-.
[18:02:24]  gg_wpvip: неееееет 404
[18:02:29]  fiash_96: щётчик не работает
[18:02:49]  khasansamir: х gnezdo1Kaif хх
[18:02:49]  lapisra16: смотрела Сумерки в оригинале - совершенно другое ощущение
[18:03:02]  torimaru666: А почему не смотрите Борат?
[18:03:05]  lapisra16: кто хочет увидеть Мефисто в озвучке хентая ставьте 5
[18:03:07]  nastenkinsan: теперь мы знаем, что Белла с Эдвардом из-за его ванны, ну а как иначе?)
[18:03:09]  anapa2077: @lapisra16 лучше или хуже?
[18:03:12]  notakarta: зачем нужно две ванны? CaitlynS
[18:03:24]  metallnya: вообще, писуар для ног находится там, где ты захочешь)
[18:03:25]  torimaru666: TPFufun
[18:03:26]  fiash_96: gnezdo1Kaif gnezdo1Kaif gnezdo1Kaif gnezdo1Kaif gnezdo1Kaif gnezdo1Kaif gnezdo1Kaif gnezdo1Kaif gnezdo1Kaif gnezdo1Kaif gnezdo1Kaif gnezdo1Kaif
[18:03:28]  madwordik: у кого скалько зёрен кайфа
[18:03:30]  ghost765234: @notakarta мыть ванну в ванне
[18:03:31]  anapa2077: нужна одна, но большая
[18:03:38]  fiash_96: 64
[18:03:39] fiash_96 has been timed out for 30s. 
[18:03:46]  lapisra16: @anapa2077 сложно сказать - голоса прост разные, если слушать русскую озвучку - узнаешь Сумерки за километр
[18:03:49]  lyubava_08: 684
[18:03:50]  gg_wpvip: ну тупой чарли
[18:03:57]  madwordik: 1,1тыщ
[18:04:00]  chelll_ik: ку
[18:04:00]  anapa2077: @lapisra16 ок
[18:04:05]  torimaru666: Нраица
[18:04:06]  alex45_2: А вот Поддубный... (как же не хватает этой фразы)
[18:04:18]  ghost765234: о такос мексиканос(не расизм)
[18:04:19]  beavis_and_butthead_: че за эхо...
[18:04:39]  torimaru666: Squid1 Squid2 RaccAttack Squid2 Squid4
[18:04:46]  lapisra16: девочки не хотят Эдварда, девочки хотят зубы как у Джейкоба
[18:04:59]  gg_wpvip: п...п....ппп...прив..вет ммменя завут джакобс
[18:05:19]  anapa2077: MercyWing1 MaxLOL MercyWing2
[18:05:19]  fiash_96: д...д...дарово
[18:05:21]  metallnya: мамоа - секс
[18:05:21]  torimaru666: Чых Пых большой колёс
[18:05:32]  killqnit: DoritosChip
[18:05:33]  opsi0: PartyHat PartyHat
[18:05:37]  lapisra16: хочу дичь на фоне в течение всего яильма
[18:05:38]  delia_san: @lapisra16 блин да согласна
[18:05:50] akirakarai redeemed ПОЛНЕЙШИЙ КАЙФ 100
[18:05:54]  eto_ja_pe4enca_: Донел,  смайлы могут быть с подписями?  а пофиг сделаю и так и так
[18:05:59]  donationalerts_: В чате запрещены капс, мат и спам в том числе смайликами. Ведите себя прилично.
[18:06:00]  eto_ja_pe4enca_: выберите
[18:06:12]  madwordik: хочу детей от гоши
[18:06:17]  antique_doll_: Бати в сумерках топ
[18:06:17]  alex45_2: кто подписан на голос Эдварда (Роберт Паттинсон) в Ютубе?
[18:06:19]  ghost765234: кого убили?
[18:06:31]  lapisra16: уж лучше наши газельки
[18:06:31]  kruc72: LUL LUL
[18:06:33]  gg_wpvip: PotFriend PotFriend
[18:06:34]  akirakarai: Мефисто играет куда лучше чем Белла Зной
[18:06:36]  maru2409: оой так неожиданно и приятнот
[18:06:38]  gnezdo_kaifa: @eto_ja_pe4enca_ можно надписи но учитывай что размер оч маленький
[18:06:38]  gg_wpvip: LUL LUL
[18:06:50]  torimaru666: Это она флиртует
[18:06:52]  eto_ja_pe4enca_: да я помню про размер
[18:06:55]  lapisra16: разбирайте улыбающегося Мефисто на мемы - это наш новый секс символ
[18:07:12]  ghost765234: о, я не заметил Данила. Настоящий ниндзя
[18:07:22]  torimaru666: Что Белла в туалете что улыбается одно и тоже
[18:07:33]  opsi0: gnezdo1Kaif gnezdo1Kaif
[18:07:36]  lapisra16: фазер вен кэн ай лив ту би он май овввввн~
[18:07:39]  alex45_2: дождался фразы А вот Поддубный!!!
[18:07:51]  opsi0: gnezdo1Kaif gnezdo1Kaif gnezdo1Kaif gnezdo1Kaif gnezdo1Kaif gnezdo1Kaif
[18:08:08]  smajenka: мефисто хуже слышно
[18:08:21]  kruc72: VoHiYo Мефисто прекрасен
[18:08:24]  torimaru666: Пажилой Чак Чак
[18:08:24]  ghost765234: @smajenka так у Чака микрофон
[18:08:30]  san_sanich_123: Кто двинется тот гей
[18:08:32]  eto_ja_pe4enca_: слово тр*хаться на твиче с недавних пор это банслово
[18:08:47]  eto_ja_pe4enca_: так что прелупреди
[18:08:48]  lapisra16: @eto_ja_pe4enca_ чтооо господи как я стара
[18:08:51]  killqnit: PogBones
[18:08:53] chalol05 redeemed ПОЛНЕЙШИЙ КАЙФ 100
[18:08:58]  san_sanich_123: трахатся?
[18:09:03]  gg_wpvip: @eto_ja_pe4enca_ интересно когда твич станет бансловом
[18:09:07]  opsi0: Squid1 Squid2 Squid3 Squid4
[18:09:11]  eclipse_po_pyaterym: волк это не волк, волк - это ходить
[18:09:11]  erzante: SMOrc
[18:09:11]  eto_ja_pe4enca_: да буквально на днях новые правила твича
[18:09:13]  eclipse_po_pyaterym: ауф
[18:09:14]  ghost765234: @eto_ja_pe4enca_ а ипаца?
[18:09:22]  delia_san: работа не волк, волк это ходить. работа это ворк
[18:09:27]  fiash_96: Squid1 Squid3 Squid2 Squid4
[18:09:37]  eto_ja_pe4enca_: и вообще нельзя про секс говорит
[18:09:42]  eto_ja_pe4enca_: реааально
[18:09:48]  gg_wpvip: @eto_ja_pe4enca_ ок
[18:09:51]  eto_ja_pe4enca_: в контексте к кому-то
[18:09:54]  lapisra16: также инглиш красноречие f*uck
[18:10:09]  lapisra16: зато есть флажки с трансгендерами
[18:10:11]  ghost765234: @lapisra16 flurck?
[18:10:15] catboy_etoilexvii redeemed ПОЛНЕЙШИЙ КАЙФ 100
[18:10:29]  alex45_2: БЭЛЛА, ТЫ МОЙ ЛИЧНЫЙ СОРТ ГЕРОИНА!!!!
[18:10:32] nastenkinsan redeemed ПОЛНЕЙШИЙ КАЙФ 100
[18:10:34]  fiash_96: на твиче секса нет
[18:10:35]  erzante: DansGame
[18:10:41]  gg_wpvip: социалистический твич
[18:10:48]  saintalexandr4: а валакаса уже есть
[18:10:49]  zordonser: конечно нет, особенно на стримах Амурант
[18:10:51]  delia_san: что за полнейший кайф?
[18:10:57]  lapisra16: а вот в наше время секса не было размножались почкованием!!!!
[18:10:57]  antique_doll_: Айайайайааа Георгий Павлович, успокойтесь, а то реально бан словите.
[18:11:05] woronusha redeemed ПОЛНЕЙШИЙ КАЙФ 100
[18:11:06] fiash_96 redeemed ПОЛНЕЙШИЙ КАЙФ 100
[18:11:11]  gg_wpvip: @lapisra16 делением вообще-то
[18:11:14]  agientio: Что за новая запретка?
[18:11:15]  vladiword_: на твиче нужен секос!!!
[18:11:25]  erzante: как в ссср-на стриме кекса не было,и в ссср.
[18:11:33] argas_diemo redeemed ПОЛНЕЙШИЙ КАЙФ 100
[18:11:34]  lapisra16: @lapisra16 ах да вот откуда куча одинаковых бать
[18:11:35] comaprig redeemed ПОЛНЕЙШИЙ КАЙФ 100
[18:11:38]  chalol05: gnezdo1Kaif
[18:11:45]  opsi0: привет  всем
[18:12:00] alex45_2 has been timed out for 30s. 
[18:12:02]  lapisra16: ооо бурят Сумерек
[18:12:05]  delia_san: NotLikeThis
[18:12:08]  kruc72: Squid1 Squid2 gnezdo1Kaif Squid2 Squid2 UnSane PowerUpR
[18:12:09]  gg_wpvip: глаза,уши и не только...
[18:12:19]  donationalerts_: Теперь анонсы стримов будут тут: https://t.me/gnezdo_kaifa
[18:12:22]  ghost765234: а к вам также подходят, когда куда-то приходите?
[18:12:24]  ostap2121: Даня Даня
[18:12:28] kruc72 has been timed out for 30s. 
[18:12:36]  delia_san: KomodoHype
[18:12:42]  optimist_1st: это жубан
[18:13:03]  fiash_96: Squid1 Squid2 Squid2 Squid3 Squid2 Squid2 Squid4
[18:13:06]  gg_wpvip: @optimist_1st жумайсымба?
[18:13:13]  ghost765234: а секас можна?
[18:13:16] fiash_96 has been timed out for 10s. 
[18:13:24]  antique_doll_: Асу
[18:13:26]  lapisra16: Патиссон снимался наотъ*бись, а в итоге поколение мамочек считало его секс символом
[18:13:32]  gg_wpvip: @antique_doll_ асю
[18:13:44]  eto_ja_pe4enca_: @ghost765234 лучше не надо
[18:13:45]  ghost765234: @lapisra16 ачё)))))
[18:13:51]  lapisra16: они так смешно ручками машут ать ать ать
[18:13:52]  optimist_1st: ануар с ютуба
[18:13:55]  ghost765234: @eto_ja_pe4enca_ ипаца?
[18:14:01]  delia_san: dashaa2Disg
[18:14:06]  fiash_96: а чё с осминогом не так?
[18:14:08]  eto_ja_pe4enca_: ничего не надо
[18:14:15]  erzante: >(
[18:14:18]  lapisra16: она так круто подаёт - ручкой ать
[18:14:24]  hostfi: Я дмиьрий
[18:14:25]  lapisra16: Мефисто покажи большой палец если тебя держат в заложниках
[18:14:26]  eto_ja_pe4enca_: больше 6 смалов
[18:14:32]  eto_ja_pe4enca_: сорян
[18:14:48]  fiash_96: ок
[18:14:56]  kogarashi_fuyutsuki: разрывная
[18:15:04]  thor0o0: Даня Даня Даниил у тебя большой буил
[18:15:04]  gg_wpvip: ахаххаха почему она не н...
[18:15:06]  hostfi: ХАХПХАХАХПХПХАХ
[18:15:11]  space_kitty_95: Какой кринж, боже
[18:15:13]  erzante: gnezdo1Kaif gnezdo1Kaif gnezdo1Kaif gnezdo1Kaif gnezdo1Kaif gnezdo1Kaif
[18:15:14]  standupcomic: АХАХАХАХАХХААХХАХААХХААХАХХА не смешно
[18:15:16]  sares_tillion: Белла все фильмы тупо не понимает что она тут делает
[18:15:21] erzante has been timed out for 10s. 
[18:15:21]  fiash_96: Squid1 Squid2 Squid3 Squid2 Squid4
[18:15:24]  delia_san: джессика подбежала отбивать своего пацана
[18:15:25]  hostfi: ХАХАХАХАХПХПХ
[18:15:29]  ghost765234: Данил наблюдает, ничто не уйдёт от его взора
[18:15:45]  lapisra16: у американцев все дружелюбные чисто из-за манер, на самом деле всем на всех по*бать
[18:15:52]  all_bear_teawatch: Просто "новая девочка в классе" PixelBob
[18:15:55]  erzante: suka
[18:15:59]  donationalerts_: В чате запрещены капс, мат и спам в том числе смайликами. Ведите себя прилично.
[18:16:11]  hostfi: Еба у белы дифицит витамина Д
[18:16:13]  delia_san: dashaa2Goodjob
[18:16:16]  kruc72: А сколько Дань сидит в чате ?
[18:16:19]  antique_doll_: Усе гг
[18:16:29]  gg_wpvip: @hostfi дифицит мимики
[18:16:32]  gnezdo_kaifa: @kruc72 один на твиче один на ютубе
[18:16:33]  ghost765234: @lapisra16 апчха блет унас также бывает, не надо всех в кучу собирать
[18:16:39]  opsi0: 1000000000000000000000 часов
[18:16:44]  eto_ja_pe4enca_: а на слово?
[18:16:46]  gg_wpvip: @kruc72 два дани...
[18:16:47]  eto_ja_pe4enca_: трово
[18:16:52]  imbir00: Чак чмокни его
[18:16:55]  sares_tillion: Белла: дышит Все: ВАУ
[18:16:58]  hostfi: Я на травах
[18:17:03]  gnezdo_kaifa: @eto_ja_pe4enca_ на трово тож я
[18:17:06]  delia_san: мефисто докапался
[18:17:08]  gg_wpvip: @hostfi хорош
[18:17:09]  zordonser: как перестать ржать от реакций Мефисто))
[18:17:10]  theheartache: а вдруг он ее спидораком заразил?
[18:17:10]  lapisra16: почему все винят Кристин Стюарт в недостаточной мимике, а Рэдклиффа в гп нет?
[18:17:11]  erzante: xyi
[18:17:12]  iiicerberusiii: Мэммы
[18:17:19]  zazuka26: буду около того лишь ДДТ лишили не НПП на ООО лишь до за до доли до за до ли то сейчас не звонишь в этом в ответном
[18:17:21]  gintokishirp: всем привет, чутка опоздал
[18:17:24]  ghost765234: и сколько Дань у нас в итоге?
[18:17:26]  loxooord: gnezdo1Kaif
[18:17:30]  gnezdo_kaifa: @ghost765234 два
[18:17:34]  gg_wpvip: @ghost765234 три
[18:17:38]  ghost765234: можно одного?
[18:17:38]  lapisra16: всё в этом фильме выглядит так фальшиво что я понимаю Беллу....
[18:17:41]  hostfi: Десять
[18:17:53]  zazuka26: gnezdo1Kaif
[18:18:03] zazuka26 redeemed ПОЛНЕЙШИЙ КАЙФ 100
[18:18:04]  povsya: Стрим сохраниться?
[18:18:14]  delia_san: LUL
[18:18:22]  gnezdo_kaifa: @povsya да на трово и на бусти чака
[18:18:23]  zazuka26: pamber1GG pamber1GG
[18:18:23]  sares_tillion: Дедрик выходи уже
[18:18:28]  hostfi: Кроваписька
[18:18:44]  kruc72: MaxLOL
[18:18:47]  theheartache: Бэт семья
[18:18:52]  delia_san: 30летник школьники
[18:18:53]  antique_doll_: Пошли пошли бриллиантовые
[18:19:11]  hostfi: Я школьник и мне за 80
[18:19:14]  ghost765234: @Delia_san кто бы сомневался)))))
[18:19:15]  lapisra16: краткий пересказ сумерек: я буду с тобой пока этот кошмар не закончится. да вся эта ху*та из-за тебя и происходит
[18:19:29]  zazuka26: gnezdo1Kaif gnezdo1Kaif gnezdo1Kaif gnezdo1Kaif pamber1GG pamber1GG pamber1GG pamber1GG pamber1GG pamber1GG pamber1GG gnezdo1Kaif pamber1GG gnezdo1Kaif gnezdo1Kaif gnezdo1Kaif pamber1GG gnezdo1Kaif pamber1GG pamber1GG pamber1GG pamber1GG pamber1GG gnezdo1Kaif gnezdo1Kaif gnezdo1Kaif gnezdo1Kaif gnezdo1Kaif gnezdo1Kaif gnezdo1Kaif gnezdo1Kaif gnezdo1Kaif gnezdo1Kaif pamber1GG pamber1GG pamber1GG pamber1GG pamber1GG pamber1GG pamber1GG pamber1GG
[18:19:31]  erzante: marijuana
[18:19:31]  delia_san: где коротышка то. вы меня видели вот кто коротышка
[18:19:38] zazuka26 has been timed out for 30s. 
[18:19:46]  lapisra16: @Delia_san все подростки от Нетфликс такие
[18:19:48]  gg_wpvip: NotLikeThis NotLikeThis
[18:19:51]  lily_amabile: hpbEZ
[18:19:58]  standupcomic: мефисто если Георгий держит тебя в плену своего разума попробуй моргнуть 2 раза
[18:20:00]  gg_wpvip: чё с лицом?
[18:20:00]  maru2409: Каллены какие-та sua
[18:20:01]  hostfi: Главная кровопися
[18:20:05]  delia_san: это лицо deliasDiluc
[18:20:08]  maru2409: sus *
[18:20:09]  skorpiick: Патиссон MyAvatar
[18:20:10]  sares_tillion: ооооооо началось
[18:20:10]  lapisra16: @hostfi кровосися!
[18:20:11]  ghost765234: вышел из толчка
[18:20:25]  lapisra16: что с лицом мать жива? а ой
[18:20:35]  kruc72: LUL LUL LUL
[18:20:36]  hostfi: @lapisra16  *пися
[18:20:37]  maru2409: Каллены какие-та sus
[18:20:37]  gg_wpvip: @ghost765234 по лицу видно что он не смог сходить
[18:20:39]  delia_san: эдвард скйчас читая мвсли :  оо даа я такой классный мм ууу да я классный
[18:20:41]  lapisra16: Мефисто покажи большой палец если тебя держат в заложниках
[18:20:45]  xlomionx: Это же Брюс Уэйн
[18:20:48]  xlomionx: Kappa
[18:20:50]  gg_wpvip: @lapisra16 мамы же нет...
[18:20:50]  asetkeyzet: Я Возмездие DarkKnight
[18:20:53]  ghost765234: @lapisra16 бедная девка, ни лица, ни мамы
[18:21:04]  hghtjhyukmh: кайф на экране мешается
[18:21:07]  olegfrend18: пх
[18:21:13]  drlemeow: Освободите Мефисто от этих мук
[18:21:16]  lapisra16: @hostfi пошлость звенящая пошлость
[18:21:20]  fiash_96: @hghtjhyukmh без него забанят
[18:21:32]  eto_ja_pe4enca_: @lapisra16 он не покажет
[18:21:39] greyfilin redeemed ПОЛНЕЙШИЙ КАЙФ 100
[18:21:44]  delia_san: а потом за стрлом Эдвард такой. всмле я не чииаю мысли. сломалась сила или она просто ничего не думает
[18:21:45]  asetkeyzet: ze6ypoRju
[18:21:48]  gg_wpvip: она просто пустила шептуна
[18:21:50]  theheartache: Это олд спайс
[18:22:04]  xlomionx: Жмыхнуло
[18:22:08]  lapisra16: @lapisra16 Белла неправдоподобный персонаж ибо любой другой подросток давно бы суи*д
[18:22:19]  donationalerts_: Теперь анонсы стримов будут тут: https://t.me/gnezdo_kaifa
[18:22:27]  delia_san: эдвард. ты бессмкртый. просто не дышы ало
[18:22:32]  lapisra16: Эдвард такой: блин эчпочмаками пахнет
[18:22:36]  gg_wpvip: иди помойся пж
[18:22:37]  naaanaaachi: Дратути
[18:22:37] zeffra_ redeemed ПОЛНЕЙШИЙ КАЙФ 100
[18:22:37]  olegfrend18: хахахахахвах
[18:22:45]  delia_san: вот вам и одна ванная
[18:22:51]  hghtjhyukmh: уберите надпись кайф
[18:22:52]  lapisra16: щас пёрнет
[18:22:58]  all_bear_teawatch: как тот парень из мема
[18:23:02]  kogarashi_fuyutsuki: от тебя гавной воняет
[18:23:13]  gnezdo_kaifa: @hghtjhyukmh не уберем, она стоит на страже авторских прав
[18:23:15]  ghost765234: господи, что с ними, я никогда не видел такой актёрской игры
[18:23:17]  doneshco: приперло
[18:23:23]  cool_lyohich: MyAvatar
[18:23:27]  delia_san: ну может его бесят новенькие
[18:23:28]  olegfrend18: Эдвард упоротый
[18:23:29]  sares_tillion: ох уж эти знойные переглядки
[18:23:33]  drlemeow: от тебя воняет, я пошёл
[18:23:34]  lapisra16: а кто нибудь помнит нам объясняли поч он только на Беллу так реагирует?
[18:23:35]  gg_wpvip: он пошёл на 2 поход в туалет
[18:23:41]  delia_san: может не любит запах женщин
[18:23:45]  delia_san: KappaPride
[18:23:49] farfuhr redeemed ПОЛНЕЙШИЙ КАЙФ 100
[18:24:11]  lapisra16: @Delia_san KEKHeim
[18:24:13]  ghost765234: @Delia_san зачем нам женское внимание, когда есть мужское?
[18:24:13]  gg_wpvip: иди помойся
[18:24:16]  hghtjhyukmh: спасибо
[18:24:23]  doneshco: газовую камеру терпеть придется
[18:24:37]  delia_san: им скучно
[18:24:38]  fiash_96: ну захотелось
[18:24:38]  theheartache: У них задержка в развитии
[18:24:39]  lapisra16: ребят не стопьте пж стрим, отвлекает, а мы итак вас слышим
[18:24:44]  kruc72: PixelBob
[18:24:52]  delia_san: спросите это у всех вампиров в сеттинге школы
[18:24:53]  beavis_and_butthead_: е
[18:24:54] alexafed19 redeemed ПОЛНЕЙШИЙ КАЙФ 100
[18:25:02]  naaanaaachi: А ВЫ ДУМАЛИ ВООБЩЕ ЧТО ОНИ И ДАЛЬШЕ ХОДИТЬ БУДУТ, из года в год все одно
[18:25:05]  lapisra16: @doneshco а вот это другая история, после мальчика в полосатой пижаме нормально шутку переваривать не могу
[18:25:08]  sares_tillion: он коллекционирует дипломы об образовании
[18:25:10]  zordonser: может 300 лет прошло, образование устарело?
[18:25:15]  standupcomic: @beavis_and_butthead_  е
[18:25:15] naaanaaachi has been timed out for 10s. 
[18:25:22]  chambers_29: ну тип у них родители приёмные,чтобы по возрасту подходило
[18:25:26]  fiash_96: MrDestructoid
[18:25:26]  delia_san: мозги законсервировались в 17 летнем возрасте
[18:25:29]  chambers_29: или тип того
[18:25:37]  lapisra16: @ZordonSer в смысле Земля не плоская а Солнце не крутится вокруг неё????
[18:25:41]  naaanaaachi: Машины объясняются в книгах
[18:25:42]  se_empai: В фильме аргументировали типа  чем т ы моложе тем дольше живешь на одном месте Но так себе аргумент
[18:25:54]  fiash_96: это чат
[18:25:55]  smajenka: шо делать
[18:25:55]  kriok_: чтобы фильм случчился
[18:25:57]  standupcomic: мефисто если Георгий держит тебя в плену своего разума попробуй моргнуть 2 раза
[18:25:58]  ghost765234: может типо слишком молодо выглядят и их тупо туда заталкивают?
[18:26:00]  donationalerts_: В чате запрещены капс, мат и спам в том числе смайликами. Ведите себя прилично.
[18:26:02]  lapisra16: @ZordonSer хочу увидеть фильм про тупизм Эварда а стоп
[18:26:03]  eto_ja_pe4enca_: гав гав
[18:26:05]  delia_san: @se_empai самое логичное
[18:26:05]  naaanaaachi: Тип они быстрее в любом случае передвигаются чем бегом
[18:26:09]  daughterofsparda_: Чтобы быть ближе к людям? Их отец же доктор типа
[18:26:09]  tema_trapich: гав
[18:26:11]  eto_ja_pe4enca_: да норм,  остааьте
[18:26:13]  kaktus_z_pekla: а я там був)
[18:26:16]  gg_wpvip: гав гав
[18:26:17]  hirshinov: Лучший ответ на этот вопрос из О чем говорят мужчины: "ПаТаМуШтА"
[18:26:20]  lapisra16: @StandUpComic .....он вообще моргает?
[18:26:33]  hoooly__: они же шифруются
[18:26:37]  eto_ja_pe4enca_: они любит молоденьких,  молодая кровь вкуснее
[18:26:39]  zeffra_: gnezdo1Kaif
[18:26:41]  i_kokosike_i: utq gjhyj
[18:26:45]  tema_trapich: гав гаы
[18:26:49]  sares_tillion: Эдварду лень идти на работу отмазывается школой
[18:26:49]  i_kokosike_i: гей порно
[18:26:56]  doneshco: оо за полтора часа 15 мин успех
[18:27:01]  laistar: ну они переезжают на работу рано приходится в школу
[18:27:06]  lapisra16: я поняла почему они в школе: их тупо полицай поймал на улице и спросил почему не на учёбе, а те и не против поглазеть на школьниц
[18:27:16]  laistar: они же молодо типо выглядят
[18:27:23] kosvell redeemed ПОЛНЕЙШИЙ КАЙФ 100
[18:27:24]  obshazhnaya_zhaba: Ку чатик LuvSign Ку Данил LuvSign
[18:27:27]  fiash_96: МММ ягодный пирог
[18:27:31]  i_kokosike_i: гей порнушка
[18:27:32]  naaanaaachi: Почему многие блочат капс, как же тогда показывать свои избыточные эмоции т_т
[18:27:42]  lapisra16: @naaanaaachi Вот ТАк
[18:27:43]  smajenka: gnezdo1Kaif
[18:27:54]  naaanaaachi: @naaanaaachi АсУжДаЮ
[18:28:06]  lapisra16: опять битбокс это точно тайный посыл
[18:28:08]  kvassochechek: стрим сохранится?
[18:28:20]  ghost765234: они молодо выглядят, их тупо в школу заталкивают(типо тупая шкила опять уроки прогуливает)
[18:28:22]  gnezdo_kaifa: @kvassochechek да, на трово и бусти
[18:28:28]  lapisra16: Мефисто если тебя держат в заложниках забитбоксь ещё раз
[18:28:31]  gg_wpvip: @naaanaaachi НеАсУжДаЮ
[18:28:35]  drlemeow: Ужасный отыгрыш, выпускайте Крянена
[18:28:38]  sares_tillion: ясно мама тоже покачала кетчуп
[18:28:40]  kvassochechek: @kvassochechek для богачей блин получается)
[18:28:42]  lapisra16: @ghost765234 вот вот о чём я и говорила
[18:28:48]  lapisra16: Мефисто если тебя держат в заложниках забитбоксь ещё раз
[18:29:03]  obshazhnaya_zhaba: Все же книга Сумерики мне нравится больше
[18:29:08]  naaanaaachi: @naaanaaachi PoroSad BibleThump
[18:29:11]  gg_wpvip: белла:мама иди ...
[18:29:13]  ghost765234: @lapisra16 о, походу у нас миндальная связь
[18:29:13]  lapisra16: губы прячет
[18:29:26]  delia_san: @obshazhnaya_zhaba оо читающие люди в чате мое уважение
[18:29:43]  naaanaaachi: А почему не марафон сумерек, где шейхи на это дело, не поняла
[18:29:46]  cmajl: Если бы не интернет, можно было бы списать на то. что они ходят в школу чтоб социализироваться. Но честно говоря такая же натянутая дичь
[18:29:57]  eto_ja_pe4enca_: так я отойду,  не шалит
[18:30:01]  delia_san: та че обьяснений то сразу. щас бы с каждого парня обьяснения требовать пффф
[18:30:01]  eto_ja_pe4enca_: шалите
[18:30:10]  lapisra16: @CmaJL вот именно нормальные вампиры в гробу спят а эти тоже мне
[18:30:10]  naaanaaachi: @eto_ja_pe4enca_ ееееееееее
[18:30:14]  gg_wpvip: @eto_ja_pe4enca_ хорошо шалим
[18:30:15]  chambers_29: лучший кавер
[18:30:21]  antique_doll_: Я тут если что
[18:30:23]  sares_tillion: почему музыка на фоне очень неловкая
[18:30:33]  be1ochkaa: gnezdo1Kaif
[18:30:37]  gg_wpvip: @antique_doll_ дай пошалить
[18:30:37]  antique_doll_: Так что модемов не дремлят
[18:30:38]  k1pelov: как будто комар летает
[18:30:38]  ghost765234: может Мефисто стоит так вообще весь саунд сыграть?
[18:30:41]  satoni_: pwgoodAAA
[18:30:43]  be1ochkaa: gnezdo1Kaif gnezdo1Kaif gnezdo1Kaif gnezdo1Kaif
[18:30:45]  lapisra16: @sares_tillion хаохао хааахахааа чудесная музыка
[18:31:04]  antique_doll_: Не я такая, правила такие, срян.
[18:31:10]  delia_san: @cmajl вариант что они шифруются,а чем тв моложе для лбдей вокруг тем дольше живешь на одном месте. это кстати в следующем фильме затронуто с Карлайлом
[18:31:12]  legoshik: PoroSad
[18:31:18]  kruc72: это лучше оригинала mcaT
[18:31:22]  drlemeow: Мефисто озвуч пожалуйста вообще весь фильм
[18:31:28]  gg_wpvip: @antique_doll_ NotLikeThis
[18:31:38]  ghost765234: @DrLeMeow будет намного лучше
[18:31:40]  naaanaaachi: Мефисто не знает в чем шедеврален этот фильм т_т
[18:31:40]  lapisra16: даже игра Vampyr имеет лучший сюжет
[18:31:55] dorran_ankou redeemed ПОЛНЕЙШИЙ КАЙФ 100
[18:32:07]  delia_san: Дневники вампира кто-нибудь смотрел из здесь присутствующих
[18:32:20]  donationalerts_: Теперь анонсы стримов будут тут: https://t.me/gnezdo_kaifa
[18:32:20]  lapisra16: Чак испугался спама про заложники и разрешил Мефисто смотреть только один стрим
[18:32:21]  antique_doll_: О Боже…
[18:32:31]  kuzmichevpetr: шторку закройте пожалуйста
[18:32:32]  rout_onota: сумерки, ууууу.... "Волк волку волк" но без подъездов
[18:32:37]  kuzmichevpetr: светит в лицо
[18:32:37]  legoshik: FBRun PixelBob FBBlock
[18:32:39]  gg_wpvip: казинаки топ
[18:32:41]  geshnik: хай
[18:32:47]  naaanaaachi: @Delia_san в смысле кто-то, все тут смотрели
[18:32:49]  shkolomas: тих тих почильте
[18:32:55]  lapisra16: волосы Чака светятся - он вампир?
[18:32:57]  obshazhnaya_zhaba: После Диско элизиум снова захотелось жить
[18:33:18]  shkolomas: да все почильте
[18:33:19] kingofteapot redeemed ПОЛНЕЙШИЙ КАЙФ 100
[18:33:26]  ghost765234: я хочу прочитать книгу 1984, стоит ли?
[18:33:35]  shkolomas: @ghost765234 советую почилить
[18:33:43]  ghost765234: ладно
[18:33:45]  sares_tillion: @lapista16 ну почти ахвх
[18:33:46]  shkolomas: тих тих почильте
[18:33:51]  lapisra16: да мы уже поняли что ты качок не нервируй людей после майских праздников мы шашлычки ели(((
[18:34:00]  ghost765234: я слышал, что она хорошая)
[18:34:07]  shkolomas: давайте почилим мирненько
[18:34:10]  jerrymouse44: А что делать если влюбился в Мефисто,ничего не могу с собой поделать
[18:34:27]  ghost765234: @shkolomas я думал у тебя опечатка)))
[18:34:33]  viahiu: LUL
[18:34:35]  ghost765234: чилить тоже надо
[18:34:41]  kruc72: ThankEgg падаю в ноги Мефисто
[18:34:51]  shkolomas: тих тих почильте
[18:34:54]  lapisra16: @JerryMouse44 если ты мужчина - никаких вопросов, едь прямо к нему и выпрашивай номерок
[18:34:55]  gg_wpvip: эль камино
[18:34:58]  ghost765234: @kruc72 а надо на его коленки
[18:35:08]  all_bear_teawatch: Камина? Это из Гуррен Лагана который?
[18:35:08]  theheartache: это татуин был
[18:35:23]  gg_wpvip: @all_bear_teawatch возможно
[18:35:28]  olegfrend18: Камино эт из 2 эпизода
[18:35:30]  ghost765234: @theheartache у нас тут гнездо кайфа, не души
[18:35:31]  gg_wpvip: жаль что умер парень
[18:35:36]  shkolomas: давайте почильте уже
[18:35:49]  kruc72: @ghost765234 прислушаюсь к совету
[18:35:57]  eto_ja_pe4enca_: здесь
[18:35:58]  ghost765234: @shkolomas мы чилим
[18:35:58]  viahiu: да не это был татуин
[18:36:00]  donationalerts_: В чате запрещены капс, мат и спам в том числе смайликами. Ведите себя прилично.
[18:36:09]  shkolomas: тих тих почиль
[18:36:19]  lapisra16: это намёк что Мефисто не против тройничка с Чаком?
[18:36:25]  gg_wpvip: она с даней хочет встречаться
[18:36:31]  ghost765234: @lapisra16 а кто против?
[18:37:02]  obshazhnaya_zhaba: @lapisra16 Осторожно, ты вступаешь на территорию фикбука
[18:37:10]  shkolomas: тих тих почильте
[18:37:21]  ghost765234: чилим
[18:37:29]  erzante: MINDLESS SELF INDULGENCE
[18:37:29]  ghost765234: кайфуем
[18:37:44]  gg_wpvip: а может лучше дио?
[18:37:47] ejzuk redeemed ПОЛНЕЙШИЙ КАЙФ 100
[18:37:49]  ghost765234: @erzante помню тот период жизни, когда слушал их
[18:37:54] erzante has been timed out for 10s. 
[18:38:08] maru2409 redeemed ПОЛНЕЙШИЙ КАЙФ 100
[18:38:16]  shkolomas: давайте почилим
[18:38:26]  ghost765234: @gg_wpvip у него крутой стенд, хочу не Дио, а зеворлд
[18:38:35]  eto_ja_pe4enca_: @gnezdo_kaifa так 12х12 пикселей , правильно?
[18:38:51]  gg_wpvip: @gg_wpvip но зе ворлд и дио нераздельны
[18:38:55]  shkolomas: да все почильте уже
[18:38:59]  gnezdo_kaifa: @eto_ja_pe4enca_ 112х112
[18:39:05]  eto_ja_pe4enca_: а ок
[18:39:24]  ghost765234: @gg_wpvip значит разделим
[18:39:39] agata_1258 redeemed ПОЛНЕЙШИЙ КАЙФ 100
[18:39:40]  gg_wpvip: @ghost765234 опять резать тело джонотана....
[18:39:45]  ghost765234: по кайфу
[18:39:46]  shkolomas: тих тих почильте
[18:39:57]  eto_ja_pe4enca_: а разрешение 720 норм?
