# Start logging at 2022-05-11 17:45:42 RTZ 2 (зима)
[17:45:42]  donationalerts_: ПОДДЕРЖАТЬ ДОНАТОМ: https://www.donationalerts.com/r/fedyabooker
[17:45:42]  2ilusha7: охуенный мужик
[17:45:44]  m00z1k: как же он ебёт
[17:45:46]  mr_anore: Олег такой классный
[17:45:52]  arslan_ia_karoch: ЭТО ЖЕ КРУТА
[17:46:07]  arslan_ia_karoch: ПОНИМАЕШЬ?
[17:46:09]  lsb_bro: как же я рад, что не посмотрел это до стрима
[17:46:15]  moshiuzai: правда? узнали?
[17:46:24]  lsb_bro: просто вся любовь Тинькову и Феде за это
[17:46:32]  donationalerts_: Анонсы стримов, мемы, ирл контент в ТГ: https://t.me/alldaybooker
[17:46:41]  danil8_trap: он мощнейший представь его федь,в Детроит рэпе)чисто он как scally Milano со своими приколами будет читать)
[17:46:43]  donald_nevels: за уголовное дело премию  даёт сотрудникам?
[17:47:12]  danil8_trap: увидел  z z z z z z z
[17:47:26]  kovakayousobaktt: З З З З З
[17:47:37]  lsb_bro: @danil8_trap моих сотрудников посадили - я больше не уебан бро выпускал карты пока ты свою проебал
[17:47:54]  slice_is_nice: это крута и это печально
[17:47:57]  qoldbrew: крипы в варике поддерживают спецоперацию 🤔
[17:48:03]  st_salmon: привет, федя. у меня конкурс, сегодня был первый тур, завтра будет второй, так что я побегу заниматься, но всё же решил заглянуть и сказать привет! большая любовь, хорошего стрима, посмотрю его в записи uemPobeda <3
[17:48:03] st_salmon subscribed at Tier 1. They've subscribed for 2 months!
[17:48:11]  moshiuzai: понимаю
[17:48:12]  donationalerts_: Паблик в вк: https://vk.com/bookerpublic
[17:48:14]  notrightleft: ThankEgg
[17:48:22]  donationalerts_: 10% со всех донатов в конце закину какому-нибудь стримеру с 1 зрителем!
[17:48:35]  danil8_trap: @lsb_bro  ахахах бляя
[17:48:35]  lsb_bro: крипы теперь наши
[17:48:46]  danil8_trap: клубничка кайф
[17:48:51]  st_salmon: пожелай мне удачи на втором туре пожалуйста, федос
[17:49:02]  st_salmon: <3
[17:49:04]  lsb_bro: КЛУБНИКА НЕ ЕГО - ПОДКИНУЛИ
[17:49:05]  dan43zz: всем такой пенсии
[17:49:08]  slice_is_nice: к земельке тянет олежку
[17:49:42]  danil8_trap: Олег Тиньков здоровья)
[17:49:59]  lsb_bro: Олег Тиньков пока что единственный наследник Жириновского. однозначно здоровья!
[17:50:12]  danil8_trap: эх всех эта жизнь в огороде  ждет в старости)
[17:50:20]  moshiuzai: прикормили, черти
[17:50:25]  slice_is_nice: жестко нафинансировали полного дудя итальянской клубнички
[17:50:42]  donationalerts_: ПОДДЕРЖАТЬ ДОНАТОМ: https://www.donationalerts.com/r/fedyabooker
[17:50:48]  danil8_trap: я тоже не знаю
[17:51:07]  lsb_bro: продавал унитазы другим жителям с туалетами системы очао
[17:51:09]  eto_elly: знаю только, что у него вроде пивоварня была
[17:51:15]  2ilusha7: хахахаххахах
[17:51:22]  donationalerts_: https://boosty.to/fedya_booker - тут СТИХИ, секретный ЧАТ, новости и ТРЕКИ до релиза!
[17:51:28]  danil8_trap: хаахахахахах Америка это крутая страна
[17:51:37]  dan43zz: ну и он говорун,юру так заговаривает
[17:51:44]  slice_is_nice: потомственное базирование у человека
[17:51:51]  dizzycreator: Он начал покупать зарубежные товары, продавать их тут дороже, брать процент себе, затем подумал, что можно не частником быть, а магазины целые открывать с товарами, и там далее как деньги появляться начали, начал пробовать в бизнесе, в производстве товаров, а дальше решил банк открыть по совету владельца Альфы (по-моему).
[17:51:51]  slice_is_nice: уважаемо
[17:51:51]  kuranossa: дальше лучше)
[17:52:20]  lsb_bro: это, так сказать БАЗА
[17:52:25]  phro66er: чё за мем про гешефты
[17:52:33]  uniqum_sh1t: это двух часовая версия трека Андрея Замая - Нонкомформист
[17:53:08]  ivan2304023443534: Гешефт (нем. Geschäft) — слово немецкого происхождения. Гешефт (истор.) — коммерческое дело, основанное на спекуляции низшего разбора или на обмане; отсюда «гешефтмахерство», неблаговидная спекуляция.
[17:53:13]  deadulet: гешефт-выгодная сделка
[17:53:39]  donald_nevels: Олег Тиньков послушал 7 часов Антихайптрейна чтобы панчить весь выпуск, достойно уважения
[17:53:43]  danil8_trap: Ахахахах американская куртка
[17:53:47]  azathoth616: Ну хотя бы не гефальшт и на том спасибо
[17:54:02]  danil8_trap: ахахаха чёткий
[17:54:06]  phro66er: @azathoth616 хвхввххвх неплох
[17:54:11]  2ilusha7: Based
[17:54:13]  phro66er: @azathoth616 шаришь
[17:54:24]  lsb_bro: вопрос с "откуда у отца МНЕНИЕ?" тоже неплох
[17:54:38]  slice_is_nice: второй человек в мире, который достиг шизмодерна. Первый, как водится, - это Ваня Фейс
[17:54:38]  kirieshka2006_18sm: юра юра юра
[17:54:47]  yungchinask1: может он имел в виду слова чацкого именно, оговорился наверное
[17:54:50]  phro66er: где ты был и что ты делал 8 лет
[17:54:54]  w3tyan: Не отработал финансирование
[17:54:59]  azathoth616: Шизомегамодерн
[17:55:13]  danil8_trap: как думаешь федя кто следующий?
[17:55:16]  phro66er: а можно описание шизмодерна?
[17:55:16]  kirieshka2006_18sm: шизомодерн выше метамодерна я щитаю
[17:55:20]  donald_nevels: Пост-шизония
[17:55:24]  moshiuzai: так когда?)
[17:55:34]  danil8_trap: это база)
[17:55:42]  donationalerts_: ПОДДЕРЖАТЬ ДОНАТОМ: https://www.donationalerts.com/r/fedyabooker
[17:56:06]  phro66er: тогда понятно
[17:56:11]  lsb_bro: а сам будешь вкатываться в шизомодерн?
[17:56:19]  morellolv: Как же он чувствует
[17:56:26]  phro66er: кто твои кумиры шизмодернисты?
[17:56:51]  kirieshka2006_18sm: а как же егор крид? я думал он первый
[17:56:57]  arslan_ia_karoch: НИКТО НЕ СКАЗАЛ Я СКАЗАЛ
[17:57:14]  didyla22: вы смеетесь , а человек придумал слово война
[17:57:22]  ace_v_: первым был крид, как всегда
[17:57:54]  slice_is_nice: юра жёстко прогружается
[17:57:57]  slice_is_nice: прям по лицу видно
[17:57:57]  danil8_trap: это жёстко
[17:58:14]  kovakayousobaktt: Анекдот идёт мужик по лесу
[17:58:20]  danil8_trap: капец
[17:58:54]  danil8_trap: фактс
[17:59:06]  slice_is_nice: сам спросил сам ответил
[17:59:16]  psychosoc1al: ну у меня)
[17:59:21]  arslan_ia_karoch: у меня есть
[17:59:25]  lsb_bro: много чего странно сказано, особенно "зачем умирать от бомбы когда есть рак?"
[17:59:27]  didyla22: юра как всегда. слушает бред , а глаза такие непонятливые
[17:59:29]  2ilusha7: у меня целых 3 в Швейцарии
[17:59:35]  ugly_gizmo: я бездомный
[17:59:36]  nolove1nmy: Есть один. В Испании
[17:59:48]  mir0onn_: у меня в дубайске вилла
[18:00:15]  slice_is_nice: ты можешь умирать от рака. Но почему ты умираешь от бомбы? Потому, что ты живешь в Украине
[18:00:17]  slice_is_nice: какая же база
[18:00:20]  arslan_ia_karoch: @mir0onn_ привет
[18:00:21]  mir0onn_: мы все умрем?????
[18:00:26]  didyla22: "правильно умереть ха"
[18:00:29]  mir0onn_: @arslan_ia_karoch привет, Арслан
[18:00:35]  lsb_bro: ну вот, опять же. чистейший шизоид
[18:00:40]  danil8_trap: эм причем здесь сыкун ээээээээээээ
[18:00:42]  donationalerts_: ПОДДЕРЖАТЬ ДОНАТОМ: https://www.donationalerts.com/r/fedyabooker
[18:00:47]  didyla22: разбирайте тинькова на цитаты
[18:00:53]  kirieshka2006_18sm: оксимироном попахивает
[18:00:54]  kovakayousobaktt: ДРУЗЬЯ СКОЛЬКО СТОИТ КЕФИР В ВАШЕМ ГОРОДЕ
[18:01:00]  arslan_ia_karoch: собачка клёвая
[18:01:00]  kovakayousobaktt: ДОМИК НА ЮГЕ ФРАНЦИИ
[18:01:02]  didyla22: ю
[18:01:07]  ol1ax: баюс баюс
[18:01:07]  mir0onn_: @kovakayousobaktt 80 рублей
[18:01:10]  slice_is_nice: он её брутом назвал?
[18:01:15]  moshiuzai: его боялись даже собаки
[18:01:17]  kirieshka2006_18sm: ахахахах
[18:01:20]  artemudmurtsky: 10 ЛЕТ СТРАХА
[18:01:22]  azathoth616: @kovakayousobaktt 70-75 рубасов где-то
[18:01:22]  donationalerts_: https://boosty.to/fedya_booker - тут СТИХИ, секретный ЧАТ, новости и ТРЕКИ до релиза!
[18:01:32]  donationalerts_: Анонсы стримов, мемы, ирл контент в ТГ: https://t.me/alldaybooker
[18:01:33]  didyla22: нихуя не втупляет
[18:01:39]  arslan_ia_karoch: Олег мощные фразы вкидывает конечно
[18:01:40]  danil8_trap: хахаахах
[18:01:40]  kirieshka2006_18sm: гостевая еще не рассосалась походу
[18:01:41]  lsb_bro: один пес рэпа, второй пёс Тинькова - оба боятся Дудя
[18:01:46]  2ilusha7: бедный брут...
[18:01:56]  qoldbrew: Федя ты щас весишь меньше собаки Тинькова?
[18:02:00]  slice_is_nice: когда подкаст с Брутом?
[18:02:16]  slice_is_nice: к дудю он не пойдет, можешь ты его проинтервьюировать
[18:02:18]  danil8_trap: ахаха
[18:02:21]  phro66er: ого, новая дудка?
[18:02:35]  morellolv: Я бы поставил на собаку Олега
[18:02:37]  mir0onn_: сначала он выебет Лиду, а потом Брута
[18:02:44]  phro66er: а ты же вроде бросил, разве нет
[18:02:52]  donald_nevels: Удивительный факт: пёс Тинькова сказал в подкасте больше слов чем Дудь
[18:02:52]  donationalerts_: Спасибо подписчикам BOOSTY и ДОНАТЕРАМ за улучшение качества стрэма!
[18:02:57]  lsb_bro: а я не нашел контакты фумо, хотел сам спамануть
[18:03:12]  arslan_ia_karoch: налог хуёг нахуй надо
[18:03:12]  donationalerts_: Паблик в вк: https://vk.com/bookerpublic
[18:03:21]  moshiuzai: понял
[18:03:22]  mir0onn_: осуждаю
[18:03:22]  donationalerts_: 10% со всех донатов в конце закину какому-нибудь стримеру с 1 зрителем!
[18:03:28]  nolove1nmy: Шередер из черепашек ниндзя?
[18:03:31]  slice_is_nice: они разбираются
[18:03:36]  slice_is_nice: это крута
[18:03:38]  artemudmurtsky: Был бы ты человек нахуй
[18:03:40]  phro66er: СЛАВА ШИЗМОДЕРНУ
[18:03:47]  tinybatya: Англичане сверх люди а мы орки BibleThump
[18:03:49]  masons_among_you: ну типа бизнес люди
[18:04:09]  didyla22: блять как всегда."тупая рашка" тупые нетакие русские" "генетическая хрень"
[18:04:22]  phro66er: выступил на яхте тинькова?
[18:04:32]  nolove1nmy: Это же моя яхта
[18:04:34]  phro66er: выступил бы на яхте Тинькова?
[18:04:39]  eleshkas: Бодро выглядит Олег, хотя и болеет
[18:04:53]  arslan_ia_karoch: Ледокол ле дача
[18:05:04]  donald_nevels: Яхта уже давно перемещается по волнам сознания, в океане шизомодерна
[18:05:07]  kovakayousobaktt: Друзья выпил две единицы пива мне кажется я сегодня подстрелю коколая
[18:05:11]  lsb_bro: @arslan_ia_karoch ле докол ле дача
[18:05:35]  phro66er: @kovakayousobaktt подожди один день, у него второй день рождения
[18:05:42]  donationalerts_: ПОДДЕРЖАТЬ ДОНАТОМ: https://www.donationalerts.com/r/fedyabooker
[18:06:01]  kovakayousobaktt: В ГТА 5 РА
[18:06:03]  kovakayousobaktt: РП
[18:06:26]  2ilusha7: вполне возможно
[18:06:29]  tinybatya: Да хуй знает яхты нету пока что
[18:06:34]  nolove1nmy: Вроде так и есть. Плюс через них денюжки можно отмыть определенные
[18:06:36]  lsb_bro: Ваня, а ты вкачал скилл стрельбы?
[18:07:00]  masons_among_you: точно, ах да, самолëт
[18:07:06]  phro66er: двигатели самолётам отключили
[18:07:08]  artemudmurtsky: Самолёт забанили TriHard
[18:07:11]  donald_nevels: Лечился бесплатно выходит
[18:07:19]  danil8_trap: хахаха
[18:07:21]  nolove1nmy: Самолёт запривачен
[18:07:31]  lsb_bro: @donald_nevels та самая гос.медицина России
[18:07:43]  slice_is_nice: самолёт превращён просто в само
[18:08:01]  kirieshka2006_18sm: там по другому работает, их могут поймать любая ближайшая страна и судить по своим законам
[18:08:05]  phro66er: ФУМОЛЁТ
[18:08:16]  saperavim: я ему верю, он искреннен
[18:08:25]  quantum_9999: Бро сколько стоит оценить мой трек?
[18:08:41]  slice_is_nice: он в моменте
[18:08:49]  slice_is_nice: хорошая работа, олег
[18:08:53]  phro66er: теперь в песне моргенштерна "дуло" поется "танки, ..., вертолёты, корабль"
[18:08:54]  arslan_ia_karoch: биохакер
[18:08:56]  nolove1nmy: @quantum_9999 600к рублей русских
[18:09:02]  kovakayousobaktt: Я в моменте
[18:09:27]  saperavim: анлайн банк
[18:09:33]  kirieshka2006_18sm: я такой же как вы
[18:09:33]  danil8_trap: простой
[18:09:37]  arslan_ia_karoch: С ЛЕДОКОЛОМ ЛЕ ДАЧА
[18:09:41]  phro66er: и с всеоившийся в меня душой Жириновского
[18:09:43]  nolove1nmy: И с ТУАЛЕТОМ ОЧКОМ
[18:09:54]  donthvte: Рестик обозревая сейчас это интервью сказал, что максимум 20-25 процентов русских против войны
[18:09:58]  slice_is_nice: если кто не понял - интервью снимается на яхте-ледоколе
[18:10:09]  phro66er: и с закрытым гефельшем
[18:10:11]  moshiuzai: и в чем он не прав
[18:10:23]  ugly_gizmo: меня лично не опрашивали
[18:10:27]  ugly_gizmo: а вас?
[18:10:30]  phro66er: у каждого своя статистика лол. у олега Тинькова 90% против
[18:10:40]  saperavim: говорят, что социологические опросы в наашей стране не работают
[18:10:42]  donationalerts_: ПОДДЕРЖАТЬ ДОНАТОМ: https://www.donationalerts.com/r/fedyabooker
[18:10:44]  donald_nevels: Опрос был на яхте-ледоколе
[18:10:49]  kirieshka2006_18sm: и пачка сухариков
[18:10:51]  hangasan: велосипед и кг мороженного
[18:10:53]  nolove1nmy: По моей статистике, все вокруг, кроме меня, за войну
[18:11:01]  nolove1nmy: Получается больше 6 миллионов
[18:11:05]  nolove1nmy: И я один
[18:11:06]  phro66er: голубой вертолёт и 500 эскимо
[18:11:22]  donationalerts_: https://boosty.to/fedya_booker - тут СТИХИ, секретный ЧАТ, новости и ТРЕКИ до релиза!
[18:11:23]  scooobydude: Сейчас дико трудно судить о настоящих числах, т.к. откровенно сложно высказываться против. Но, по субъективным ощущениям, половина не относится никак, большинство остальных против
[18:11:26]  tinybatya: Чичваркин в Лондоне в сегодняшнем видосе сказал что со своими друзьями посчитали что 80% не поддерживают СВО
[18:11:40]  nolove1nmy: Человек из Шизомодерна привёл в пример книгу про Дурдом
[18:11:41]  slice_is_nice: блин, у него даже мимика папани
[18:11:43]  nolove1nmy: Совпадение??
[18:11:45]  shlepingpopoping: сильнее)?
[18:11:53]  lsb_bro: Папич+Жириновский=Тиньков ИМХО
[18:11:56]  quantum_9999: ахха
[18:12:01]  burow88: что несёт этот дед
[18:12:03]  phro66er: топ 9999 по адекватности
[18:12:12]  burow88: я не про Букера, если что
[18:12:14]  2ilusha7: плюс фейс
[18:12:19]  kirieshka2006_18sm: +валакас
[18:12:21]  artemudmurtsky: ТЫ БОИШЬСЯ ЯДЕРНОЙ ВОЙНЫ?
[18:12:27]  phro66er: пожил 54 года, так что уже похуй
[18:12:30]  nolove1nmy: А собаки не боятся
[18:12:38]  nolove1nmy: Собаки такие - да похуй
[18:12:39]  phro66er: не кайфно
[18:12:43]  hangasan: не скайф
[18:12:43]  arslan_ia_karoch: не кайфно
[18:12:47]  2ilusha7: кринж
[18:12:48]  slice_is_nice: не кайфно
[18:12:48]  kirieshka2006_18sm: антикайф
[18:12:50]  tinybatya: Не Кайфно Kappa
[18:12:53]  phro66er: антикайф
[18:13:02]  lsb_bro: фристайл краш а ядерная война кринж
[18:13:03]  slice_is_nice: крута/печально/некайфно
[18:13:04]  quantum_9999: мир в 10 раз уничтожится
[18:13:06]  moshiuzai: ставим дисклассы
[18:13:08]  quantum_9999: хахахах
[18:13:08]  donald_nevels: Ядерная война боится идти к Дудю?
[18:13:13]  lsb_bro: антикайф наше всё
[18:13:14]  ugly_gizmo: дизлайк
[18:13:19]  phro66er: Ядерная война боится идти к Дудю?
[18:13:30]  coteyco: мир уничтожится в 10 раз - это факт, в школе проходили
[18:13:31]  danil8_trap: хз
[18:13:31]  dizzycreator: Мир уничтожится 10 раз, поэтому останется еще 2 раза Олега Тинькова
[18:13:33]  nolove1nmy: Это Россия уничтожится. Заново соберётся, опять уничтожится и так далее
[18:13:34]  danil8_trap: хахаха
[18:13:37]  arslan_ia_karoch: да хуй его пойми
[18:13:43]  donald_nevels: Тип как в Майнкрафт от динамита чанк меньше становится?
[18:13:51]  tinybatya: Шарика жалко PixelBob
[18:13:51]  didyla22: не хотелось бы
[18:13:51]  danil8_trap: опять ошибка
[18:13:52]  slice_is_nice: это значит, что будет печально, некайфно и даже некрута
[18:13:53]  majorontv: Ну раздели все кол-во людей на 10, вот что это значит
[18:13:54]  arslan_ia_karoch: старый выпей таблетки
[18:14:09]  moshiuzai: в штзомодерне мир проигрывается в формате гиф просто
[18:14:13]  dizzycreator: А так он про ядерный запас думаю, что его запаса у США и РФ хватает, чтоб покрыть ядерным пеплом замлю 10 раз
[18:14:16]  haker19875: в 10 раз*
[18:14:19]  coteyco: поставь на паузу минут на 15, мне до магазина сходить
[18:14:45]  quantum_9999: ну это ладно
[18:14:49]  phro66er: @dizzycreator будет Дарк соулс 4
[18:14:50]  arslan_ia_karoch: МЫ ИХ СДЕЛАЛИ
[18:14:51]  moshiuzai: пау
[18:14:52]  arslan_ia_karoch: КРУТА
[18:14:53]  saperavim: до войны обогнали
[18:14:56]  danil8_trap: ееее
[18:14:57]  tinybatya: Балдееееж
[18:14:58]  dizzycreator: @phro66er ахуенно
[18:15:01]  slice_is_nice: кайфно
[18:15:05]  donald_nevels: Ушёл из Тинькофф в Антихайп stonks
[18:15:10]  didyla22: при своей толпе
[18:15:18]  shlepingpopoping: @DizzyCreator да это ебаный бред, придуманный либералами
[18:15:25]  lsb_bro: простите за ликбез
[18:15:33]  phro66er: а что если сделать замая новым владельцем Тинькофф банка
[18:15:34]  danil8_trap: плечо
[18:15:42]  donationalerts_: ПОДДЕРЖАТЬ ДОНАТОМ: https://www.donationalerts.com/r/fedyabooker
[18:15:46]  slice_is_nice: предлагаю программу обмена шизов: букер становится сео тинькофа, а тиньков вступает в антихайп
[18:16:08]  tinybatya: Дудь заебал перебивать Kappa
[18:16:11]  ugly_gizmo: флаундер? из русалочки?
[18:16:20]  phro66er: распускаем антихайп, собираем шизмодерн с Олегом во главе
[18:16:22]  arslan_ia_karoch: @slice_is_nice шизомодерн modemmKivyfreakt
[18:16:32]  donationalerts_: Анонсы стримов, мемы, ирл контент в ТГ: https://t.me/alldaybooker
[18:16:40]  lsb_bro: Федя, собираем следующую плашку на принятие антихайпа в семью Тинькова
[18:16:41]  danil8_trap: хах мощно
[18:16:43]  azathoth616: Принимаем Олега в Антихайп?
[18:16:58]  phro66er: логика шизмодерна
[18:17:08]  danil8_trap: это да-а-а
[18:17:12]  phro66er: ну так он в инсте почти прямым текстом так и сказал
[18:17:28]  goddblesseda: потом дудь спросит про это
[18:17:32]  tinybatya: Да не это шуе теория PixelBob
[18:17:34]  phro66er: он говорил что-то типа того, что не хочет ничего общего с Россией иметь или типа того
[18:17:53]  phro66er: @tinybatya в шизмодерне нет понятия шуе
[18:17:54]  kirieshka2006_18sm: если бы не отмена санкций, олег тинькоф уменьшился бы в 10 раз
[18:18:12]  donationalerts_: Паблик в вк: https://vk.com/bookerpublic
[18:18:14]  phro66er: если бы не отмена санкций, олег тинькоф разрушился бы в 10 раз
[18:18:22]  donationalerts_: 10% со всех донатов в конце закину какому-нибудь стримеру с 1 зрителем!
[18:18:33]  2ilusha7: давидыч прямо
[18:18:52]  phro66er: обидно, что я живу в стране, где идут 1000 км пешком, вместо 38 на машине, а гантели стоят в 20 раз дороже, чем бутылка водки
[18:18:59]  lsb_bro: сказал про говно, крут
[18:19:19]  moshiuzai: по понятиям же
[18:19:21]  phro66er: голосование "ссыкло ли Олег" или прогноз
[18:19:25]  tinybatya: Он типо отмывается
[18:19:29]  artemudmurtsky: Мой Папа сыкло BibleThump NotLikeThis
[18:19:34]  pechqa: ссыклоун :)
[18:19:34]  kirieshka2006_18sm: @phro66er обидно, что я живу в мире, который в 10 раз больше, чем мир до ядерной войны
[18:19:37]  iol1k: так он сибиряк, чё ты от него требуешь лол
[18:19:49]  phro66er: @kirieshka2006_18sm ВХВХВХВХХВХАХАХАХХАХЯХВ
[18:19:49]  slice_is_nice: это логика шизмодерна, ты не пытайся оценивать его в рамках своего мировоззрения
[18:19:59]  donald_nevels: 1000 километров пешком, именно столько проходит Олег осматривая свою яхту, но каждый раз она уменьшается в 10 раз
[18:20:00]  azathoth616: Олег Тиньков панк ему похуй
[18:20:08]  2ilusha7: жоска чувствует
[18:20:09]  phro66er: миш, мне похую
[18:20:19]  didyla22: мне похуй я олег тиньков
[18:20:31]  ugly_gizmo: ну панк
[18:20:34]  mediynaya_makaka: всем привет)
[18:20:35]  phro66er: смотрели серию Симпсонов? там Олегу Тинькову построили мир, который разрушался в 10 раз
[18:20:38]  slice_is_nice: а помните ту серию симпсонов, где фландерсу построили дом и там коридор в 10 раз уменьшился? Так забавно
[18:20:42]  donationalerts_: ПОДДЕРЖАТЬ ДОНАТОМ: https://www.donationalerts.com/r/fedyabooker
[18:20:47]  tinybatya: Проблема в том что интервью нахуй и не нужно никому кроме Олега Тинькова
[18:20:50]  lsb_bro: представьте, вы Олег Тиньков, вам звонит приятель (такой же богач) и говорит ТЫ ЕБАНУТЫЙ
[18:21:10]  didyla22: @lsb_bro а ты ему: мне похуй
[18:21:22]  donationalerts_: https://boosty.to/fedya_booker - тут СТИХИ, секретный ЧАТ, новости и ТРЕКИ до релиза!
[18:21:40]  lsb_bro: @didyla22 именно!
[18:21:46]  slice_is_nice: а можно ставочку? спросит ли "сколько ты зарабатываешь"?
[18:21:49]  phro66er: не могу говорить цену, так что вот вам загадка
[18:21:50]  didyla22: олег тиньков точно капли в себе глазы капает?
[18:22:03]  iol1k: Коммерческая тайна для букера мифология 21 века
[18:22:06]  phro66er: @didyla22 он плачет в баночку
[18:22:07]  donald_nevels: Цена уменьшилась в 10 раз
[18:22:28]  phro66er: @donald_nevels разрушилась*
[18:22:39]  didyla22: @phro66er и обратно закапывает
[18:22:52]  donationalerts_: Спасибо подписчикам BOOSTY и ДОНАТЕРАМ за улучшение качества стрэма!
[18:23:02]  phro66er: братан, у тебя нож в спине
[18:23:17]  vctr_tae: привет чат, привет федь. михаил вот пришла отписываюсь как просил ахахах<3
[18:23:36]  lsb_bro: @vctr_tae красава! саламчик
[18:23:41]  phro66er: отписка
[18:24:09]  arslan_ia_karoch: НЕТ ТЫ
[18:24:10]  phro66er: Федя, ты лучший!
[18:24:24]  phro66er: you are breathtaking
[18:24:39]  phro66er: а какое пиво у тинькова, звучит круто
[18:24:42]  saperavim: у дудя лицо как будто ему рекламу включили
[18:24:57]  phro66er: @saperavim пельменей
[18:25:00]  artemudmurtsky: Каков ты блять, красавчик, а ты красавчик. Удачи тебе по жизни
[18:25:08]  qoldbrew: Тиньков основал bmth с Оливером
[18:25:41]  phro66er: Олегу похуй на деньги, Юра так и не понял
[18:25:42]  donationalerts_: ПОДДЕРЖАТЬ ДОНАТОМ: https://www.donationalerts.com/r/fedyabooker
[18:25:47]  lsb_bro: я в моменте
[18:26:07]  phro66er: в Ашан каждую неделю ходить
[18:26:07]  arslan_ia_karoch: скайфуха
[18:26:19]  ugly_gizmo: топ фраз Тинькова: 1. Какая разница 2. В моменте 3. В контексте
[18:26:21]  kirieshka2006_18sm: кока кола, пицца, хлеб, пацаны, я такой же как и вы
[18:26:29]  phro66er: олег, хотя бы подписку легенды на бусти оформи!
[18:26:51]  didyla22: все сам руками делаю
[18:27:17]  didyla22: "всего лишь деньги"
[18:27:29]  donald_nevels: Пусть Тиньков выкупит долг Джарахова у Замая
[18:27:46]  nekit3773: ку броу
[18:27:58]  ugly_gizmo: сделка по зуму?
[18:28:06]  lsb_bro: так это ВОЙНА или спецоперация? Олег решил?
[18:28:10]  phro66er: не может, проценты в геометрической прогрессии капают
[18:28:20]  21tahtamysh: Замай скажет, что Джарахов теперь ещё и Тинькову должен
[18:28:21]  morellolv: Нет, ему не по карману
[18:28:23]  kartuk: @bookerfedya так шадоурейз выкупил долг 90к замая, не? Осталось 10к
[18:28:36]  slice_is_nice: логика шизмодерна
[18:28:41]  phro66er: он говорил, что похуй иностранцам, которые санкции накладывают, федь
[18:28:41]  iol1k: так он про Россию чел
[18:28:43]  donald_nevels: @phro66er он 100 долларов заплатит
[18:28:49]  kuranossa: это он про Европу говорил и санкции, не путай
[18:28:54]  didyla22: тебя в этом бреде только это удивило?
[18:29:06]  lsb_bro: да, Федь, тут ошибся
[18:29:06]  ugly_gizmo: на первый раз прощаем
[18:29:25]  didyla22: карандашиком пометили
[18:29:27]  morellolv: Второй раз уже прощать
[18:29:38]  kartuk: @bookerfedya  Федя, твой пост в инсте был очень сильным, В КОНТЕКСТЕ
[18:29:39]  slice_is_nice: это шизмодерн, не пытайся даже пытаться понять эту логику в своей системе координат
[18:30:09]  didyla22: для кого олег тиньков авторитет  плюс в чат
[18:30:22]  arslan_ia_karoch: оукэй
[18:30:24]  slice_is_nice: НИ КАГ ДА
[18:30:30]  phro66er: а Жириновский говорил, что никогда не брал взяток
[18:30:36]  lsb_bro: для меня Олег Тиньков в контексте
[18:30:39]  donald_nevels: Злодей британец
[18:30:42]  kirieshka2006_18sm: яндекс снюс?
[18:30:42]  donationalerts_: ПОДДЕРЖАТЬ ДОНАТОМ: https://www.donationalerts.com/r/fedyabooker
[18:30:46]  lsb_bro: Яндекс снюс он сказал?
[18:31:22]  donationalerts_: https://boosty.to/fedya_booker - тут СТИХИ, секретный ЧАТ, новости и ТРЕКИ до релиза!
[18:31:57]  slice_is_nice: яндекс снюс - жёлтая шайба
[18:32:01]  kartuk: @bookerfedya контроль новостей в яндекс новостях был еще задолго до военной операции. с 2016 или 2018 года
[18:32:02]  donationalerts_: Анонсы стримов, мемы, ирл контент в ТГ: https://t.me/alldaybooker
[18:32:03]  evikraken: Тиньков сново бухой
[18:32:38]  scooobydude: просто в смеси с позицией "Ничего не происходит. А что случилось?" эта спецоперационная цензура вызывает некоторый диссонанс
[18:32:45]  iol1k: вы не понимаете ,война с 2014 ,так что можно их оправдать вы чееее
[18:33:02]  donald_nevels: 0,01% Это консьерж не понравившийся Олегу?
[18:33:13]  donationalerts_: Паблик в вк: https://vk.com/bookerpublic
[18:34:17]  lsb_bro: дача БОМБОМЯС
[18:34:22]  slice_is_nice: это кайфно
[18:34:29]  scooobydude: считаю Тиньков с его состоянием может позволить привезти огромное бревно в каждый русский двор
[18:34:30]  sparklet6527: @bookerfedya Что за под у тебя?
[18:34:52]  deadulet: так чё за дудка?
[18:35:22]  psychosoc1al: че за дудка?
[18:35:36]  xxizzyy: какая?
[18:35:41]  morellolv: Вумо?
[18:35:42]  donationalerts_: ПОДДЕРЖАТЬ ДОНАТОМ: https://www.donationalerts.com/r/fedyabooker
[18:35:46]  m00z1k: пума ?
[18:35:50]  kartuk: @bookerfedya чекнул сейчас, первый раз пришли к Яндексу в 2014 и тогда составили список из 15 новостных издательств, которые можно показывать. Но тогда уговорились, поэтому полноценно только  этот список издательств стал показываться в 2016
[18:35:50]  xxizzyy: бумо?
[18:35:51]  bookerfedya: ДУДКА ФУММО
[18:35:53]  phro66er: сумо?
[18:36:09]  slice_is_nice: @bookerfedya а как выглядит?
[18:36:17]  kirieshka2006_18sm: яхта за 100лямов, я тоже хочу быть таким неприхотливым
[18:36:20]  zukimasura: Я вернулся, ку
[18:36:22]  donationalerts_: 10% со всех донатов в конце закину какому-нибудь стримеру с 1 зрителем!
[18:36:22]  xxizzyy: а как читается
[18:36:39]  slice_is_nice: ну okey
[18:36:41]  mir0onn_: кушайте много, кушайте вкусно
[18:36:42]  didyla22: федь, а что такое фуммо? можно в камеру показать
[18:37:02]  snezhokr1: Это обед, а еще завтрак и ужин
[18:37:03]  xxizzyy: донат
[18:37:10]  nolove1nmy: fummorussia- телеграмм канал. Пишем туда. Просим подогнать дудку
[18:37:15]  psychosoc1al: завтрак ужин по 25 евро где то получается
[18:37:21]  bookerfedya: fummorussia- телеграмм канал. Пишем туда. Просим подогнать дудку
[18:37:23]  snezhokr1: Это просто 15к в день
[18:37:26]  burow88: с 15... с 12.
[18:37:27]  acidspace: ровно 10 хачапури по аджарски с 2 яйцами из рестика рядом с моей хатой, нормальный такой обед Kappa
[18:37:37]  jackoflon3: а топ20 форбса это всё евреи из Украины которые уехали в Израиль?
[18:37:37]  slice_is_nice: доверительный интервал мощнейший, тиньков базирован
[18:37:50]  donald_nevels: С Оксимироном тоже разговаривал?
[18:38:04]  2ilusha7: блин жалко добряка
[18:38:10]  slice_is_nice: Федь, тебе хоть на уборщицу хватает?
[18:38:11]  phro66er: докиньте феде на уборщицу
[18:38:12]  burow88: ужасы войны, что сказать
[18:38:23]  slice_is_nice: дудка фумо не сильно по финансам бьет?
[18:38:41]  kartuk: Но согласны ли с позицией Тинькова весь топ 20к по адекватности? Вот что важно.
[18:38:50]  ballador21: Федя когда планируешь в БЛ продолжить?
[18:39:02]  jackoflon3: Фридман не из России а из Львова который воровал у нас русских
[18:39:09]  donald_nevels: ResidentSleeper не хватает денег на кошко-жену уборщицу
[18:39:35]  nolove1nmy: После Шизомодерна идёт БЛ
[18:39:37]  setezal_set: я лох:с
[18:39:42]  2ilusha7: BibleThump
[18:39:43]  danil8_trap: эх BibleThump
[18:39:45]  xxizzyy: я ларёк
[18:39:45]  danil8_trap: BibleThump
[18:39:49]  phro66er: Федя, сколько у тебя чистой прибыли в год?
[18:39:50]  nolove1nmy: PJSalt
[18:39:51]  vorun1: PoroSad
[18:39:57]  kirieshka2006_18sm: я дошел, но на уборщицу не хватает BibleThump
