# Start logging at 2022-05-11 17:45:55 RTZ 2 (зима)
[17:45:55]  centipede_: PogT
[17:45:56]  foxnax: PogT
[17:45:57]  rantaroq: PogT
[17:45:57]  claymore3d: PogT
[17:45:57]  b1azershd: PogT
[17:45:57]  kyber_nytick: POg
[17:45:57]  atariall: PogT
[17:46:00]  lord__hater: Pog
[17:46:01]  hacciiberry: PogT
[17:46:01]  dryz0k: Чат, оцените стену по десятибальной Basedge
[17:46:02]  kanegiii: PogT
[17:46:03]  sugagamugaga: PauseChamp
[17:46:03]  ghostsooo: PogT
[17:46:06]  krissxan: PogT
[17:46:08]  ohnocancer: PogT
[17:46:09]  cat_chomusuke: █▀▀▀▀▀▀▀▀▀▀▀▀▀▀▀▀▀▀▀▀▀▀▀▀▀▀▀█ █═╩═╦═╩═╦═╩═╦═╩═╦═╩═╦═╩═╦═╩═█ █═╦═╩═╦═╩═╦═╩═╦═╩═╦═╩═╦═╩═╦═█ █═╩═╦═╩═╦═╩═╦═╩═╦═╩═╦═╩═╦═╩═█ █═╦═╩═╦═╩═╦═╩═╦═╩═╦═╩═╦═╩═╦═█ █═╩═╦═╩═╦═╩ С Т Е Н А  ═╦╦═╩═╦═╩═ █ █═╦═╩═╦═╩═╦═╩═╦═╩═╦═╩═╦═╩═╦═█ █═╩═╦═╩═╦═╩═╦═╩═╦═╩═╦═╩═╦═╩═█ █═╦═╩═╦═╩═╦═╩═╦═╩═╦═╩═╦═╩═╦═█ █▄▄▄▄▄▄▄▄▄▄▄▄▄▄▄▄▄▄▄▄▄▄▄▄▄▄▄█
[17:46:10]  b1azershd: СТЕНА Kurica
[17:46:13]  bready4twitch: сука вот бы он еще одного убил
[17:46:13]  rounddownclowntown: uzyVeryPog
[17:46:14]  unguentarium: PogT 🔵 3
[17:46:15]  ereminus: Kurica
[17:46:15]  otluwf: все игроки встали афк?
[17:46:16]  shom4uk: БЛRТЬ ГДЕ ОН?77? АХАХАХАХхаа он что со стрима ушел?!? Аахаха лять у вас стример ушел со стрима?! Просто встал и ушел??? ХАХаххахаха Стул стримит чи шо?! АУУУ! Может он там подавился водой или об угол споткнулся и без сознания валяется!! АХАХА Ну ладно, я тогда тоже возьму и уйду и не буду ниче не писать пока не придёт.
[17:46:17] cat_chomusuke has been timed out for 1s. 
[17:46:17]  otluwf: заебись
[17:46:20]  sugagamugaga: СТЕНА Goose
[17:46:20]  lord__hater: we need to build a WALL
[17:46:21]  claymore3d: прикольная стена я на такую ссал
[17:46:23]  ekwensu_boring: Kurica Kurica
[17:46:28]  zed_yo: Basedge BONKTHEMODS
[17:46:30]  vers_j: Kurica
[17:46:30]  mr_vivor: че за тварь удалила стену?
[17:46:33]  hacpaho_: какать
[17:46:35]  atmdat: Okayeg пиздеу 322
[17:46:36]  ohnocancer: Kurica S P L A G U S
[17:46:38]  joykyd: ДЕ ВІН??? АХАХАХАХ він що зі стріму пішов?!? Аахаха * у вас стример пішов зі стріму?! Просто встав і пішов??? Хахаххахаха стілець стримить Чі шо?! АУУУ! Може він там подавився водою або об кут спіткнувся і без свідомості валяється!! АХАХА Ну ладно, я тоді теж візьму і піду і не буду нічо писати поки не прийде!.
[17:46:39]  abobafat: BabyRage
[17:46:43]  robo_fx: Ебать стену снесли экскаватором PogT
[17:46:44]  dryz0k: █▀▀▀▀▀▀▀▀▀▀▀▀▀▀▀▀▀▀▀▀▀▀▀▀▀▀▀█ █═╩═╦═╩═╦═╩═╦═╩═╦═╩═╦═╩═╦═╩═█ █═╦═╩═╦═╩═╦═╩═╦═╩═╦═╩═╦═╩═╦═█ █═╩═╦═╩═╦═╩═╦═╩═╦═╩═╦═╩═╦═╩═█ █═╦═╩═╦═╩═╦═╩═╦═╩═╦═╩═╦═╩═╦═█ █═╩═╦═╩═╦═╩ С Т Е Н А ═╦╦═╩═╦═╩═ █ █═╦═╩═╦═╩═╦═╩═╦═╩═╦═╩═╦═╩═╦═█ █═╩═╦═╩═╦═╩═╦═╩═╦═╩═╦═╩═╦═╩═█ █═╦═╩═╦═╩═╦═╩═╦═╩═╦═╩═╦═╩═╦═█ █▄▄▄▄▄▄▄▄▄▄▄▄▄▄▄▄▄▄▄▄▄▄▄▄▄▄▄█
[17:46:44]  zikmaf: @Claymore3d Богатый у тебя жизненный опыт, однако
[17:46:46]  eitelkeit_d: стену удалили, куда теперь ссать
[17:46:46]  pasha3d: Пиздец ну и нахуй теперь WineTime и BlueTime если все значки синие? aBolf
[17:46:51]  k0f0ku: █▀▀▀▀▀▀▀▀▀▀▀▀▀▀▀▀▀▀▀▀▀▀▀▀▀▀▀█ █═╩═╦═╩═╦═╩═╦═╩═╦═╩═╦═╩═╦═╩═█ █═╦═╩═╦═╩═╦═╩═╦═╩═╦═╩═╦═╩═╦═█ █═╩═╦═╩═╦═╩═╦═╩═╦═╩═╦═╩═╦═╩═█ █═╦═╩═╦═╩═╦═╩═╦═╩═╦═╩═╦═╩═╦═█ █═╩═╦═╩═╦═╩ С Т Е Н А ═╦╦═╩═╦═╩═ █ █═╦═╩═╦═╩═╦═╩═╦═╩═╦═╩═╦═╩═╦═█ █═╩═╦═╩═╦═╩═╦═╩═╦═╩═╦═╩═╦═╩═█ █═╦═╩═╦═╩═╦═╩═╦═╩═╦═╩═╦═╩═╦═█ █▄▄▄▄▄▄▄▄▄▄▄▄▄▄▄▄▄▄▄▄▄▄▄▄▄▄▄█
[17:46:54]  boris_pirat_alkash: ?
[17:46:54]  divanradow: Как ни зайду на стрим, тут стул пустой
[17:46:55]  kanegiii: EZ BONKTHEMODS
[17:46:55]  sugagamugaga: Basedge WineTime
[17:46:56]  otluwf: СЛАВА АРТРОТЦЕ
[17:46:57] k0f0ku has been timed out for 1s. 
[17:46:57] 
[17:46:58] dryz0k has been timed out for 1m 3s. 
[17:47:00]  otluwf: ЦКЕ
[17:47:03]  b1azershd: Basedge BlueTime
[17:47:03]  unclevs: pepeSmoke
[17:47:04]  kolyasmirno: хочу посрать!!!!!!!
[17:47:04]  b1azershd: Basedge BlueTime 3
[17:47:05]  k0f0ku: Pog
[17:47:06]  unguentarium: PogT
[17:47:07]  centipede_: PogT
[17:47:07]  ohnocancer: PogT
[17:47:07]  ereminus: PogT
[17:47:08]  kyber_nytick: PogT
[17:47:08]  rantaroq: PogU
[17:47:08]  lolxdkekw: PogT
[17:47:09]  sugagamugaga: не удаляйте стену Madge
[17:47:09]  divanradow: А где фонк
[17:47:10]  b1azershd: PogT
[17:47:10]  krissxan: PogT
[17:47:11]  atariall: PogT
[17:47:11]  otluwf: СЛАВА АРИТУ
[17:47:12]  lokdog: пизда ый
[17:47:13]  b1azershd: ШАНС ЕСТЬ
[17:47:13]  sugagamugaga: PauseChamp
[17:47:15]  atmdat: Okayeg
[17:47:15]  otluwf: АТРИТУ
[17:47:15]  claymore3d: чел они за дочинят monkaW
[17:47:16]  sender60: PogT
[17:47:16]  1n7er: PogT
[17:47:19]  unguentarium: PogT ДАВАЙТЕ УЖИКИ PogT ДАВАЙТЕ УЖИКИ PogT ДАВАЙТЕ УЖИКИ PogT ДАВАЙТЕ УЖИКИ PogT ДАВАЙТЕ УЖИКИ PogT ДАВАЙТЕ УЖИКИ
[17:47:19]  divanradow: фонк подрубите
[17:47:22]  centipede_: aRolf
[17:47:23]  ohnocancer: monkaW
[17:47:24]  zibarik_: Tihon
[17:47:25]  p4zdel: aRolf
[17:47:25]  claymore3d: бля нашли
[17:47:26]  zjioe_ajloe: Bobge
[17:47:27]  onenkai: aRolf
[17:47:27]  ereminus: monkaW
[17:47:27]  rantaroq: TrollDespair
[17:47:28]  otluwf: хахпах
[17:47:28]  ahlshtl: aboba
[17:47:28]  median4: monkaW
[17:47:29]  k0f0ku: aRolf
[17:47:30]  sugagamugaga: Prayge бегите нахуй
[17:47:30]  vladimirkovalev39: Где опять стримера потеряли
[17:47:30]  ahlshtl: SUGUS
[17:47:31]  b1azershd: Okayeg
[17:47:32]  xpa1nx_: че сидим
[17:47:33]  dragonflighten: monkaS
[17:47:33]  kyber_nytick: Беги рич
[17:47:33]  k0rn0s: двое спаслись TeaTime
[17:47:34]  ahlshtl: хыыаы
[17:47:34]  hacciiberry: MMMM
[17:47:34]  evi1dre4ms: ВУЕУЕБЛЕЕ
[17:47:36]  vsevkad: aRolf
[17:47:36]  robo_fx: Щас вернется и их повесит aBolf
[17:47:37]  ohnocancer: Он за спиной monkaW
[17:47:38]  sedflower: TrollDespair а куда он ушел
[17:47:40]  divanradow: @Vladimirkovalev39 стул стримит
[17:47:40]  kisllation: monkaW
[17:47:41]  steamgaz11: L A S P L A G U S
[17:47:42]  b1azershd: monkaW
[17:47:45]  davemustache: Идёт monkaW
[17:47:46]  sugagamugaga: WICKED пришли к папе
[17:47:46]  atmdat: PogT он пришёл
[17:47:47]  ereminus: приятного
[17:47:49]  unguentarium: PogT ДАВАЙТЕ УЖИКИ PogT ДАВАЙТЕ УЖИКИ PogT ДАВАЙТЕ УЖИКИ PogT ДАВАЙТЕ УЖИКИ PogT ДАВАЙТЕ УЖИКИ PogT ДАВАЙТЕ УЖИКИ
[17:47:50]  otluwf: 4 афкшника 1 ливер
[17:47:52]  vergil00002: хлюп
[17:47:52]  rantaroq: Приятного
[17:47:52]  vers_j: Starege
[17:47:52]  ahlshtl: PETTHEUSELESS
[17:47:53]  b1azershd: приятного
[17:47:53]  otluwf: збс катка
[17:47:54]  kanegiii: Kurica
[17:47:55]  tanos_s_bybnom: По привычке прячется от маньяка aRolf
[17:47:55]  otluwf: ахаххапхх
[17:47:58]  ohnocancer: @UselessMouth Не оборачивайся monkaW
[17:48:01]  hacciiberry: MMMM TeaTime
[17:48:01]  cebactopojlb_1914: Один чел упал от зомби блять
[17:48:03]  bready4twitch: похилились
[17:48:03]  kisllation: приятного
[17:48:03]  otluwf: они АФКШИЛИ
[17:48:05]  vers_j: как же похуй EZ
[17:48:07]  cebactopojlb_1914: когда тебя не было
[17:48:07]  krissxan: @UselessMouth Они тебя нашли
[17:48:08]  sugagamugaga: PauseChamp
[17:48:09]  unguentarium: @UselessMouth один вообще запнулся aRolf
[17:48:09]  otluwf: притятного
[17:48:10]  shom4uk: БЛRТЬ ГДЕ ОН?77? АХАХАХАХхаа СТУЛ что со стрима ушел?!? Аахаха лять у вас СТУЛ ушел со стрима?! Просто встал и ушел??? ХАХаххахаха кто стримит чи шо?! АУУУ! Может он там подавился водой или об угол споткнулся и без сознания валяется!! АХАХА Ну ладно, я тогда тоже возьму и уйду и не буду ниче не писать пока СТУЛ не придёт.
[17:48:11]  mrphoenix131: @UselessMouth Пришёл с работы и сразу к тебе peepoHappy
[17:48:11]  kisllation: один чел вообще упал от зомбака
[17:48:11]  slayer66: Пусть бегут зяблики
[17:48:12]  ereminus: aRolf
[17:48:12]  kisllation: о чем ты
[17:48:12]  b1azershd: aBolf
[17:48:22]  unguentarium: да
[17:48:23]  k0f0ku: да
[17:48:23]  zed_yo: да
[17:48:24]  cebactopojlb_1914: Бегают
[17:48:25]  claymore3d: ходят
[17:48:28]  sugagamugaga: отпусти кракозябриков
[17:48:28]  dryz0k: @UselessMouth там чел успел от зомби сдрхеуть  aRolf
[17:48:29]  otluwf: сзади подошел
[17:48:29] cat_chomusuke is gifting 1 Tier 1 Subs to UselessMouth's community! They've gifted a total of 2 in the channel!
[17:48:30] cat_chomusuke gifted a Tier 1 sub to GriVA703!
[17:48:32]  atariall: PogT
[17:48:32]  ereminus: PogT
[17:48:33]  b1azershd: PogT
[17:48:33]  onenkai: PogT
[17:48:34]  unguentarium: PogT ДАВАЙТЕ УЖИКИ
[17:48:35]  kanegiii: PogT
[17:48:35]  hacpaho_: скайп
[17:48:36]  kit_gn: Ну это 322 пиздец
[17:48:36]  kyber_nytick: PogT
[17:48:37]  wilterstill: Бля
[17:48:38]  hacciiberry: PogT 3
[17:48:38]  sugagamugaga: PauseChamp
[17:48:41]  bready4twitch: SadCat убей их
[17:48:41]  cyberdip: PogT
[17:48:43]  b1azershd: 322 EZ
[17:48:44]  griva703: @cat_chomusuke, спасибо за подписку в подарок!
[17:48:45]  jor9n: ебать я выйграл что ли
[17:48:46]  atmdat: Okayeg рич, давай уже
[17:48:46]  ereminus: PogT давайте ужики
[17:48:48]  sugagamugaga: изи PauseChamp
[17:48:49]  otluwf: ПО ВЕ РНИСЬ
[17:48:50]  rantaroq: 322 TrollDespair
[17:48:50]  ohnocancer: AwkwardFlushed я девочка подарите сабочку
[17:48:53]  hipoi: PogT
[17:48:54]  b1azershd: мы победили Basedge BlueTime
[17:48:54]  dryz0k: PogT
[17:48:55]  ohnocancer: PogT
[17:48:56]  angeis_dust: @UselessMouth Помоему им не интересно
[17:49:01]  sugagamugaga: Clueless ура
[17:49:06]  robo_fx: ОЙ КРУТОЙ Maaaan
[17:49:07]  sugagamugaga: а где второй
[17:49:08]  nightbot: Деньги с подписок Твича сейчас не доходят до меня.... TrollDespair Если хочешь подписаться и поддерживать раз в месяц – подпишись на меня через Бусти! — https://boosty.to/uselessmouth PogU
[17:49:09]  s_e_n_a_t_o_r_52: 322
[17:49:09]  ereminus: 1 есть
[17:49:10]  b1azershd: а второй
[17:49:10]  sugagamugaga: Aware
[17:49:11]  median4: Aware
[17:49:12]  otluwf: ШФУАощдЫА
[17:49:12]  k0rn0s: peepoHappy TeaTime  реально ахуенный
[17:49:13]  robo_fx: ОЙ КРУТОЙ КАКОЙ Maaaan
[17:49:13]  odybah4ek: Акела промахнулся Maaaan
[17:49:14]  p4zdel: 322 EZ
[17:49:14]  b1azershd: А ВТОРОЙ ГДЕ БЛЯТЬ
[17:49:15]  kisllation: стоп птицы подсвечивают что ли
[17:49:15]  atariall: PauseChamp
[17:49:17]  hacciiberry: да как так
[17:49:24]  s_e_n_a_t_o_r_52: UselessMouth, отмена ставки, 322
[17:49:24]  sugagamugaga: сбеги умоляю
[17:49:25]  atmdat: Okayeg 322 больше не ставлю пиздец
[17:49:26]  b1azershd: aBolf ВТОРОЙ БЛЯТЬ
[17:49:26]  zed_yo: люк был
[17:49:26]  tezad: Люк закрой
[17:49:27]  unguentarium: EZ 🔵 3
[17:49:28]  unclevs: закрой люк PogT
[17:49:29]  zed_yo: на дороге
[17:49:32]  mrphoenix131: Чел рили за Мана играет, я в шоке
[17:49:35]  bluefintuna: EZ 🔵 3
[17:49:35]  tezad: @uselessmouth люк закрой очки дадут
[17:49:38]  mrphoenix131: Дальше что, хеппи вилс? Pog
[17:49:38]  ereminus: EZ
[17:49:38]  b1azershd: 322
[17:49:38]  jor9n: ебаааать
[17:49:40]  onenkai: PogT
[17:49:40]  otluwf: 322
[17:49:41]  s_e_n_a_t_o_r_52: UselessMouth, отмени ставку, 322
[17:49:41]  robo_fx: Это тот чел который от зомби упал выпендривался наверно aBolf
[17:49:42]  atariall: EZ СИНИЕ СОСАТЬ Starege ой
[17:49:42]  hacciiberry: сюда поинты
[17:49:42]  bready4twitch: SadCat
[17:49:44]  sugagamugaga: EZ
[17:49:44]  kisllation: ааааааа, а я думала меня всегда видно было
[17:49:44]  b1azershd: Basedge BlueTime ЛЕГЧАЙШАЯ
[17:49:45]  eitelkeit_d: 322
[17:49:45]  gravy_b: Kurica
[17:49:45]  wilterstill: а да?
[17:49:46]  vers_j: Starege
[17:49:46]  robo_fx: ЕБАТЬ Я ВЫЙГРАЛ АВТОМОБИЛЬ PogT
[17:49:47]  ohnocancer: Как такое проиграть можно было  Maaaan
[17:49:48]  cebactopojlb_1914: Аахха
[17:49:49]  elb4ch: Starege СПАСИБО РИЧ
[17:49:49]  heisenberg96545: EZ
[17:49:54]  sugagamugaga: EZ Clap
[17:49:55]  atmdat: @UselessMouth Okayeg
[17:49:57]  k0rn0s: чаёк затащил
[17:49:59]  necmaxmn: свааы
[17:50:00]  sedflower: PogT
[17:50:00]  xinomixi_x: обновление ставок? PogT
[17:50:01]  klaveno: 322
[17:50:05]  vladimirkovalev39: Привет
[17:50:06]  mrphoenix131: А они кста рили другие ставки сделали
[17:50:08]  gitadryi: возьми другого маньяка
[17:50:14]  wilterstill: Скамерские ставки ура! TrollDespair
[17:50:16]  nightbot: Оставайтесь на связи - подписывайтесь на мою телегу: https://t.me/chichardio FeelsSupportMan
[17:50:17]  fapah002: ага, от 1 до 100 Starege вот это нам делать нехуй
[17:50:18]  k0rn0s: чай оказался mvp
[17:50:24]  elb4ch: EZ
[17:50:24]  robo_fx: +20к EZ
[17:50:26]  vers_j: KEKW
[17:50:26]  b1azershd: ЛЕГЧАЙШАЯ
[17:50:26]  sugagamugaga: поиграй за нюрсу пожалуйста Prayge
[17:50:27]  unguentarium: ебааа
[17:50:27]  dimka_permach: Stare
[17:50:30]  b1azershd: Basedge BlueTime
[17:50:32]  k0rn0s: изи души
[17:50:32]  bluefintuna: +100к EZ
[17:50:32]  atariall: EZ BlueTime
[17:50:33]  bersy: +47к Pog
[17:50:33]  astiuh: +24 EZ
[17:50:34]  angeis_dust: KEKW
[17:50:38]  onenkai: спасибо актерам
[17:50:43]  fapah002: ну за то можно делать сразу топ 1, топ 2-6, топ 6-11 топ 11-99
[17:50:43]  hacpaho_: +0 Basedge WineTime
[17:50:44]  ohnocancer: Okayeg  :window:
[17:50:46]  awesome_penetrator: @UselessMouth а почему записи вчерашнего стрима нету?
[17:50:47]  jor9n: чисто 800к
[17:50:47]  b1azershd: +45к, хотя только 10к залил
[17:50:48]  gitadryi: когда будет новый арех
[17:50:50]  atmdat: Okayeg кринжевик
[17:50:59]  wilterstill: TrollDespair Весело
[17:51:00]  cebactopojlb_1914: Ебало представили тех, кто голосовал за 4 убитых Staree
[17:51:03]  cebactopojlb_1914: Starege
[17:51:03]  claymore3d: нужно перков рофельных
[17:51:16]  jor9n: со 150к сделал 890к @UselessMouth спасибо ричард
[17:51:20]  ereminus: monkaHmm
[17:51:25]  vers_j: думаем Starege
[17:51:28]  sugagamugaga: за медсестру не хочешь попробовать? PauseChamp @uselessmouth
[17:51:30]  b1azershd: ЛЕГЧАЙШАЯ Basedge BlueTime 5
[17:51:30]  k0rn0s: ричи анализирует после скольки килов пойти чай делать?
[17:51:32]  yog_sarron: да кто на 0 вообще ставит, что с вами?
[17:51:40]  unguentarium: Basedge  BlueTime 3
[17:51:40]  donsalieri: @jor9n твар
[17:51:43]  cosmarik: ебаный рот этого казино
[17:51:43]  nekichi: да
[17:51:43]  kyber_nytick: Ну конечно
[17:51:44]  b1azershd: да
[17:51:44]  ereminus: ну да
[17:51:45]  fapah002: ну да
[17:51:48]  robo_fx: Коэф хороший
[17:51:48]  jor9n: да
[17:51:48]  hacciiberry: ну да
[17:51:49]  fapah002: % же распределяется
[17:51:50]  sugagamugaga: ну да
[17:51:52]  b1azershd: как в реальном казино
[17:51:53]  snowgoweak: ну да
[17:51:55]  k0rn0s: больше ставок - легче проиграть и больше выигрываешь
[17:51:59]  ohnocancer: Starege BlueTime 6
[17:52:03]  xinomixi_x: 2,050 Starege
[17:52:05]  claymore3d: PogT
[17:52:06]  sugagamugaga: оно
[17:52:08]  jor9n: @DonSalieri да за шо
[17:52:10]  akulabt: @UselessMouth это как на 0 ставить в рулетке с красными и черными клетками
[17:52:15]  robo_fx: LEGENDARY PERK
[17:52:20]  luceferplay: сколько часов в дбд?
[17:52:22]  sedflower: Basedge BlueTime че с ебалом красные?
[17:52:22]  robo_fx: POGGERS
[17:52:25]  donsalieri: @jor9n прост :)
[17:52:27]  cebactopojlb_1914: Так этот перк только для кемпа повешенных
[17:52:29]  sugagamugaga: НЕМЕЗИС с инсидиусом WICKED
[17:52:42]  b1azershd: EZ НЕМЕЗИС
[17:52:56]  robo_fx: Мемезида
[17:53:00]  xinomixi_x: GIGACHAD Немезис
[17:53:04]  nos0kman: э бля чо за хуйня, хуле одни синие голосуют, а красные где Starege
[17:53:06]  cyberdip: Starege BlueTime 1
[17:53:12]  akulabt: бля вот представьте ебала тех, кто выйграет с 4 выжившими
[17:53:17]  xinomixi_x: @Nos0kman отдыхают
[17:53:18]  claymore3d: Starege
[17:53:18]  klaveno: Добейте вышивших
[17:53:20]  sugagamugaga: за медсестру не хочешь попробовать как-нибудь? PauseChamp @uselessmouth
[17:53:20]  vers_j: Starege BlueTime 4
[17:53:21]  jor9n: ебать не где не имел 892к пойнтов пиздец
[17:53:21]  b1azershd: у 4-ой ставки 1к50 blushW
[17:53:25]  hacciiberry: Starege 👉 1
[17:53:27]  ereminus: Goose
[17:53:29]  otarwin98: что-то пинг плохой
[17:53:37]  zjioe_ajloe: Bobge
[17:53:38]  b1azershd: BOOBA МЕДСЕСТРА
[17:53:38]  k0rn0s: красных больше нет TrollDespair
[17:53:41]  rain_ocampos: возьми ченьть на поломку генов
[17:53:42]  fanelun: Ебало красных представили Maaaan
[17:53:43]  akulabt: @uselessmouth, давай 322
[17:53:44]  tezad: Goose
[17:53:44]  rain_ocampos: загенрашат
[17:53:45]  xinomixi_x: @jor9n Starege не хочу чтобы этот человек не потерял эти души
[17:53:47]  luceferplay: он давно в дбд играет?
[17:53:48]  sugagamugaga: TrollDespair
[17:53:53]  akulabt: спаси всех
[17:53:54]  akulabt: EZ
[17:53:57]  ohnocancer: 4 Maaaan
[17:54:05]  ereminus: убей всех EZ
[17:54:08]  jor9n: @XiNoMiXi_X не буду ставить оставлю на юпг
[17:54:09]  cyberdip: ждём обнову с разными цветами PauseChamp
[17:54:19]  b1azershd: никого не убивай, пусть чел 500к получит с 10к EZ
[17:54:23]  claymore3d: да
[17:54:26]  akulabt: ага
[17:54:28]  sugagamugaga: да
[17:54:29]  vveresk: Pog
[17:54:33]  vers_j: Kurica
[17:54:34]  sugagamugaga: ты будешь невидимый
[17:54:36]  raksamar: именно
[17:54:38]  sugagamugaga: да
[17:54:38]  foxnax: камеру можно
[17:54:38]  ahlshtl: HACKERMANS
[17:54:39]  k0rn0s: 0 спасётся
[17:54:39]  rattspire: 3 секи на месте
[17:54:39]  akashsailor: мышкой можно
[17:54:41]  vegas55: да
[17:54:45]  xinomixi_x: @XiNoMiXi_X а что за юпг? можешь расшифровать?
[17:54:46]  claymore3d: мышкой хз
[17:54:48]  donsalieri: @UselessMouth ты помешь появляется иконка невидимости
[17:54:51]  sugagamugaga: у тебя слева значок будет перка твоего, поймёшь когда активируется
[17:54:51]  rattspire: нет
[17:54:52]  cebactopojlb_1914: Нет
[17:54:53]  vegas55: aRolf
[17:54:54]  foxnax: нет
[17:54:55]  zed_yo: нет
[17:54:58]  lord__hater: :tf:
[17:54:59]  cebactopojlb_1914: Чел насрал в чате
[17:54:59]  claymore3d: будешь видимый конечно
[17:55:00]  foxnax: видимый
[17:55:07]  sarrowdeep: это самый бедмайнерский перк, за него в кругах избивают
[17:55:10]  nightbot: Оставайтесь на связи - подписывайтесь на мою телегу: https://t.me/chichardio FeelsSupportMan
[17:55:18]  solar_shard_of_the_sun: @UselessMouth только пришел, первая катка за мана?
[17:55:23]  cebactopojlb_1914: В подвале такая тема работает
[17:55:30]  b1azershd: @Solar_Shard_of_the_Sun вторая
[17:55:30]  otarwin98: это рофло перк, с ним прикалываться прикольно
[17:55:34]  jor9n: @XiNoMiXi_X будущий ивент который должен в этом году быть @XiNoMiXi_X
[17:55:35]  sugagamugaga: с этим перком нужно кемпить у крюка Clueless
[17:55:38]  solar_shard_of_the_sun: пон
[17:55:39]  alexcookie: кемп подвала с этим перком Aware
[17:55:42]  slavmayer: в плане работает
[17:55:42]  dactir: @SarrowDeep А, выдуманный кодекс выживших
[17:55:42]  p4zdel: кемперский перк
[17:55:43]  unguentarium: man Maaaan
[17:55:45]  cebactopojlb_1914: Тебя зачекать могут, если кемпишь не в подвале
[17:55:47]  akulabt: aRolf
[17:55:48]  b1azershd: Maaaan
[17:55:49]  ereminus: MEGALUL
[17:55:50]  vveresk: MEGALUL MEGALUL MEGALUL
[17:55:50]  sarrowdeep: Встал в подвале за стенку, террора нет, выживший подходит ты его бахаешь @UselessMouth
[17:55:51]  nekichi: Kurica
[17:55:52]  akulabt: MEGALUL
[17:55:54]  robo_fx: Мемная сборка Немезиды aBolf
[17:55:54]  b1azershd: aBolf
[17:55:55]  unguentarium: MEGALUL
[17:55:56]  semyonsilent: MEGALUL
[17:55:57]  sugagamugaga: MEGALUL
[17:55:57]  turtulya: MEGALUL
[17:56:01]  b1azershd: РЕЗАТЬ MEGALUL
[17:56:09]  nightbot: Деньги с подписок Твича сейчас не доходят до меня.... TrollDespair Если хочешь подписаться и поддерживать раз в месяц – подпишись на меня через Бусти! — https://boosty.to/uselessmouth PogU
[17:56:10]  vers_j: ныа
[17:56:11]  sarrowdeep: @SarrowDeep игра игрой, а человечность должна быть везде
[17:56:14]  cebactopojlb_1914: Хотя это низкие ранги, тут норм все будет
[17:56:16]  xinomixi_x: @XiNoMiXi_X aRolf походу я в танке сижу
[17:56:18]  sugagamugaga: фапах MEGALUL
[17:56:19]  unguentarium: aRolf
[17:56:19]  semyonsilent: Maaaan
[17:56:20]  foxnax: aRolf
[17:56:20]  alexcookie: зачекать aBolf ???
[17:56:22]  ereminus: Maaaan
[17:56:22]  lord__hater: LUL
[17:56:23]  slavmayer: вот бы ещё Мистер Х был в шляпи
[17:56:23]  turtulya: Kurica
[17:56:24]  sugagamugaga: Okayeg
[17:56:26]  vveresk: MEGALUL WineTime
[17:56:30]  dactir: @SarrowDeep Это так не работает в игре
[17:56:31]  b1azershd: aBolf
[17:56:32]  sugagamugaga: aRolf
[17:56:34]  winblack: А Факер посмотрел в итоге Алешу Поповича? Есть ли где-нибудь запись?
[17:56:35]  qiposhka: Ну нулевой террор лучше использовать на майкла
[17:56:36]  jor9n: @XiNoMiXi_X бывает
[17:56:38]  alexloli159: ля, зачем я хату поставил, я не знал что Рич ебошит Aware
[17:56:42]  rounddownclowntown: uzyTroll
[17:56:44]  bamw: уебал помощщника aBolf
[17:56:49]  xinomixi_x: @XiNoMiXi_X что за ивент ваще
[17:56:52]  sarrowdeep: @SarrowDeep в приличном обществе это тут работает
[17:56:53]  akulabt: Kurica
[17:56:57]  zikmaf: пришло время стелса
[17:56:57]  moxenjoyer: интересно, какое самое частое слово в чате? срать? RjombaThoking
[17:56:58]  vladimirkovalev39: Чачирд
[17:57:00]  sugagamugaga: Okayeg он ищет куда встать
[17:57:04]  jor9n: @alexloli159 сколько дропнул
[17:57:05]  katojoomo: Кем ты стал ЧИЧ monkaSS
[17:57:09]  b1azershd: @moxenjoyer арольф
[17:57:15]  katojoomo: Okayeg 🥚 jajko?
[17:57:18]  turtulya: MEGALUL РЕЗНЯ
[17:57:19]  ereminus: Starege
[17:57:20]  xinomixi_x: Starege
[17:57:22]  sugagamugaga: опять
[17:57:22]  b1azershd: ОПЯТЬ?
[17:57:23]  robo_fx: aBolf ПОБЕЖАЛ
[17:57:23]  zibarik_: Starege
[17:57:23]  onenkai: Starege
[17:57:24]  zikmaf: чё?
[17:57:24]  foxnax: aRolf
[17:57:24]  slavmayer: Jebaited
[17:57:25]  lord__hater: ой бля
[17:57:25]  sugagamugaga: aRolf
[17:57:26]  ohnocancer: aRolf
[17:57:28]  b1azershd: Starege
[17:57:28]  nekichi: Starege
[17:57:30]  vveresk: peepoHappy ?
[17:57:31]  denikmakedonsky_: а чё
[17:57:34]  bamw: Starege
[17:57:34]  sugagamugaga: че за хуйня aRolf
[17:57:36]  otluwf: Starege
[17:57:37]  thiefcookies: @moxenjoyer дрочка
[17:57:38]  mount_dragon: Starege
[17:57:39]  b1azershd: нихуя не понял
[17:57:40]  xinomixi_x: потроллить решил? aRolf
[17:57:41]  alexloli159: @alexloli159 20к aRolf
[17:57:42]  ereminus: Starege актерище
[17:57:42]  b1azershd: Starege
[17:57:43]  vegas55: Чичу говорили, что палетки на т2 стадии ломаются жупальцем?
[17:57:44]  p4zdel: aRolf
[17:57:44]  robo_fx: aBolf
[17:57:46]  tanos_s_bybnom: aBolf
[17:57:49]  cebactopojlb_1914: Бля
[17:57:50]  zibarik_: aRolf
[17:57:50]  vers_j: KEKW
[17:57:51]  xinomixi_x: aBolf
[17:57:51]  2dch__: aRolf
[17:57:51]  ereminus: aBolf
[17:57:51]  katojoomo: Jebaited
[17:57:51]  robo_fx: aBolf Clap
[17:57:51]  pussimoon: Хаха
[17:57:52]  claymore3d: aRolf
[17:57:52]  lord__hater: LUL
[17:57:53]  vers_j: хорош
[17:57:53]  zed_yo: aBolf
[17:57:53]  gravy_b: aRolf
[17:57:53]  lokdog: NotLikeThis
[17:57:53]  akulabt: aBolf
[17:57:54]  slavmayer: aRolf
[17:57:54]  katojoomo: Jebaited Clap
[17:57:55]  sugagamugaga: aRolf
[17:57:56]  dendevul: Maaaan
[17:57:56]  b1azershd: aBolf
[17:57:57]  jor9n: @alexloli159 а лол мало ну ладно
[17:57:57]  bamw: СУРВ КЕМПЕР aBolf
[17:57:57]  turtulya: ХАРОШ
[17:57:58]  katojoomo: Jebaited Maaaan
[17:58:01]  xinomixi_x: Maaaaan
[17:58:02]  sugagamugaga: aRolf Clap
[17:58:02]  dactir: @SarrowDeep Если в игре есть такие механики, то их можно использовать. Не надо придумывать сказки про всякие приличные общества. В дбд обычно сурвы так и ноют, а сами токсичат сколько хотят
[17:58:08]  xinomixi_x: Maaaan
[17:58:08]  mount_dragon: aRolf
[17:58:09]  vveresk: FeelsDankMan
[17:58:22]  sugagamugaga: Okayeg
[17:58:39]  alexloli159: ныа sumSmash
[17:58:39]  lord__hater: Okayeg
[17:58:43]  luceferplay: почему ему еще ни одного гена не завели))
[17:58:49]  zjioe_ajloe: Okayeg EGG
[17:58:50]  b1azershd: а где
[17:58:51]  unguentarium: aRolf
[17:58:52]  ereminus: Maaaan
[17:58:57]  sugagamugaga: ждём когда он узнает про фейки красным свечением Clueless
[17:59:00]  katojoomo: Okayeg 🥚
[17:59:03]  claymore3d: PogO
[17:59:06]  cebactopojlb_1914: Орех нерфить надо пиздец
[17:59:09]  luceferplay: м1 бей
[17:59:10]  sugagamugaga: орех
[17:59:11]  lord__hater: он пернул
[17:59:12]  b1azershd: Maaaan
[17:59:14]  cebactopojlb_1914: даже капканы орех евейдит
[17:59:14]  ereminus: Starege
[17:59:14]  ohnocancer: ricardoFlick LAST SPAM ricardoFlick LAST SPAM ricardoFlick LAST SPAM ricardoFlick LAST SPAM ricardoFlick LAST SPAM  Sadge
[17:59:14]  akulabt: PauseChamp
[17:59:16]  foxnax: dead hard заюзал
[17:59:16]  vegas55: aRolf
[17:59:17]  zjioe_ajloe: PauseChamp
[17:59:19]  sugagamugaga: aRolf
[17:59:21]  slavmayer: и чо
[17:59:22]  qlemonych: 4Head
[17:59:24]  omegasrakow: aRolf
[17:59:25]  turtulya: PauseChamp
[17:59:26]  vers_j: Starege
[17:59:26]  xpa1nx_: че стоим
[17:59:28]  irishliberator: он не видит
[17:59:28]  b1azershd: Starege ??????????
[17:59:31]  sugagamugaga: ты же генератор не видишь даже aRolf
[17:59:31]  ccmorc: а че стас не убивает чи шо?
[17:59:31]  akulabt: ну и стой так всю катку
[17:59:32]  semyonsilent: Starege
[17:59:32]  zikmaf: @SarrowDeep Просто слабаки придумывают правила, чтобы им было полегче
[17:59:34]  slavmayer: Starege
[17:59:35]  denikmakedonsky_: притаился
[17:59:35]  vveresk: EZ
[17:59:36]  ereminus: Starege 󠀀
[17:59:40]  otarwin98: девка сидит )
[17:59:42]  sugagamugaga: я тут притаился
[17:59:43]  solar_shard_of_the_sun: Starege время то идет
[17:59:46]  kwalw: а че не забанили??
[17:59:46]  b1azershd: 5 генераторов все ще
[17:59:47]  omegasrakow: MEGALUL browNozh РЕЗЬНЯ
[17:59:49]  otluwf: Starege
[17:59:50]  b1azershd: Starege
[17:59:53]  vers_j: aBolf
[17:59:53]  pussimoon: ХАх
[17:59:54]  sarrowdeep: @SarrowDeep я не сказал, что их нельзя использовать, просто будь готов, что тебя будут хейтить и называть пусей и глупичем. За столько лет игры у большинства игроков сложились свои нормы. Можешь с ними соглашаться или не соглашаться, но отрицать это как-то забавно даже
[17:59:54]  lord__hater: LUL
[17:59:54]  qlemonych: 4HEader
[17:59:56]  turtulya: KEKW
[17:59:58]  sugagamugaga: aRolf
[17:59:58]  bio5641: чач, а что это за маньяк такой?
[17:59:59]  vveresk: Weirdga
[18:00:00]  b1azershd: aBolf
[18:00:01]  foxnax: KEKL
[18:00:02]  bamw: aRolf
[18:00:23]  supergrib: чач как настоящий маньяк играется с жертвами  aRolf
[18:00:24]  ereminus: BOOBA
[18:00:24]  b1azershd: BOOBA
[18:00:25]  unguentarium: BOOBA
[18:00:26]  yargaxin: BOOBA
[18:00:26]  xinomixi_x: BOOBA
[18:00:26]  tanos_s_bybnom: BOOBA
[18:00:27]  turtulya: BOOBA
[18:00:27]  dimka_permach: BOOBA
[18:00:28]  ohnocancer: BOOBA
[18:00:28]  atariall: @bio5641, немезис из длц по резику
[18:00:28]  nightbot: Деньги с подписок Твича сейчас не доходят до меня.... TrollDespair Если хочешь подписаться и поддерживать раз в месяц – подпишись на меня через Бусти! — https://boosty.to/uselessmouth PogU
[18:00:32]  sugagamugaga: PauseChamp
[18:00:32]  vveresk: YEP
[18:00:32]  foxnax: @bio5641, Немезис из третьего резика
[18:00:38]  dryz0k: BOOBA
[18:00:41]  bio5641: @Atariall <3
[18:00:43]  dactir: @SarrowDeep Ну и пусть плачут сколько им влезет. Я же говорю, это работает только в одну сторону. Тебе нельзя такое использовать, а сам я буду сколько угодно
[18:00:44]  b1azershd: aBolf
[18:00:44]  lord__hater: Pog
[18:00:47]  ereminus: aRolf
[18:00:47]  foxnax: aBolf
[18:00:47]  robo_fx: aBolf
[18:00:48]  vers_j: КТО ТАМ
[18:00:50]  sugagamugaga: TrollDespair
[18:00:51]  p4zdel: ясно ставки можно не делать даже
[18:00:54]  vveresk: POGGERS
[18:00:54]  robo_fx: OMEGALUL
[18:00:54]  ohnocancer: aRolf
[18:00:56]  b1azershd: aBolf .
[18:00:59]  turtulya: aRolf
[18:00:59]  sugagamugaga: Okayeg
[18:01:01]  bio5641: @foxnax thx <3
[18:01:02]  kisllation: авзпхыхпхы
[18:01:02]  b1azershd: чел ахуел
[18:01:06]  zikmaf: он вышел Bobge
[18:01:10]  solar_shard_of_the_sun: что за ужас тут творится
[18:01:10]  kisllation: бля вот ты их троллишь
[18:01:18]  b1azershd: Starege
[18:01:18]  unguentarium: aRolf
[18:01:20]  krojaa: MMMM TeaTime
[18:01:20]  nightbot: Оставайтесь на связи - подписывайтесь на мою телегу: https://t.me/chichardio FeelsSupportMan
[18:01:21]  fildavis: юля на маньяке? monkaW
[18:01:22]  nightbot: ⠀⠀⠀⠀⠀⠀⠀⠀⢠⡆⣠⠒⠛⡆⠀⡴⠒⢲⢂⡴⠒⢲⠆⠀⠀⠀⠀⠀⠀⠀ ⠀⠀⠀⠀⠀⠀⠀⠀⡾⢴⠇⠀⣸⠁⢰⠃⢀⡟⠸⣧⣤⡟⠀⠀⠀⠀⠀⠀⠀⠀ ⠀⠀⠀⠀⠀⠀⠀⣸⠃⢿⣀⡠⠃⣠⠏⠀⡼⢀⠜⠁⣼⠁⠀⠀⠀⠀⠀⠀⠀⠀ ⠀⠀⠀⠀⠀⠀⠀⠀⠀⠀⠀⠀⠀⠀⠀⠀⠀⠀⠀⠀⠀⠀⠀⠀⠀⠀⠀⠀⠀⠀ ⠀⠀⠀⠀⠀⠀⠀⠀⠀⠀⠀⠀⠀⠀⠀⠀⠀⠀⠀⠀⠀⠀⠀⠀⠀⠀⠀⠀⠀⠀ ⠀⡴⠋⠹⠇⣼⠉⢉⡟⠀⡰⣿⠀⢠⠞⠉⠿⢀⡏⢀⣴⠇⣼⠉⠉⠁⣴⠋⠉⡇ ⢰⠃⠀⠀⢰⠇⠀⣼⢁⣼⣁⣿⢀⡞⠀⠀⠀⡾⡰⠋⡟⢰⠟⠛⣷⢰⠇⠀⣸⠁ ⠻⠤⠔⠁⠟⠀⠰⠧⠞⠉⠉⠏⠘⠧⠤⠊⠸⠋⠀⠸⠁⠿⠤⠴⠃⠻⠤⠴⠃
[18:01:26]  vveresk: aRolf
[18:01:26]  ereminus: PogT
[18:01:26]  foxnax: aRolf
[18:01:31]  sugagamugaga: чтобы перк на поломку генераторов работал добивай обычной атакой @uselessmouth
[18:01:32]  xinomixi_x: как же он троллит :tf:
[18:01:39]  luceferplay: че происходит
[18:01:39]  b1azershd: как же он ебашит
[18:01:41]  fapah002: почему еще не добавили скинов на крюки
[18:01:45]  lord__hater: :tf: 🤏
[18:01:46]  vegas55: aRolf ?
[18:01:46]  solar_shard_of_the_sun: Starege
[18:01:50]  luceferplay: он вырвется
[18:01:50]  cebactopojlb_1914: че
[18:01:50]  b1azershd: :tf: 🤏
[18:01:52]  otluwf: он спрыгнет
[18:01:53]  fildavis: Weirdga
[18:01:53]  sugagamugaga: Okayeg
[18:01:53]  luceferplay: нестой
[18:01:54]  hacciiberry: gachiBASS
[18:01:55]  vveresk: Kapp
[18:01:55]  unguentarium: AHHHH
[18:01:55]  otluwf: да и всё
[18:01:55]  semyonsilent: gachiW
[18:01:55]  cawaulitra: @SarrowDeep мэл один раз играл на стриме в дбд, валяющийся выживший тупо вертелся около окна чтобы мэл не мог его поднять и посадить на крюк. зачем следовать нормам если другие ими не следуют?
[18:01:58]  fraugertrud: gachiHYPER
[18:02:01]  lord__hater: Maaaan
[18:02:01]  warpnix: Starege
[18:02:04]  sarrowdeep: @SarrowDeep ну это путь эгоистов, не все такие, на хай рангах единицы бмят за палеткой и кемпят за бубу
[18:02:07]  zjioe_ajloe: PauseChamp
[18:02:07]  b1azershd: Starege
[18:02:10]  fapah002: ?
[18:02:11]  ereminus: PauseChamp
[18:02:13]  turtulya: PauseChamp
[18:02:15]  semyonsilent: Starege
[18:02:17]  ohnocancer: Maaaan
[18:02:17]  tezad: у тебя ауру видно пчел
[18:02:19]  b1azershd: Starege ?
[18:02:23]  vegas55: ща будет ща ща
[18:02:26]  sugagamugaga: @cawaulitra че бля, щас так вообще не работает, можно всегда повесить
[18:02:27]  lord__hater: Shush
[18:02:27]  pussimoon: blushW
[18:02:27]  b1azershd: зомби давай
[18:02:27]  zavodyaru: Starege
[18:02:34]  slavmayer: Starege ебало зомби
[18:02:36]  vveresk: OMEGALUL
[18:02:39]  foxnax: @cawaulitra, ему не сказали что можно спиной повернутся к окну и поднять чела?
[18:02:44]  fishpoint: Pepechill
[18:02:45]  claymore3d: стоит пердит
[18:02:48]  foxnax: aRolf
[18:02:51]  unguentarium: Юзя думает что играет за выжившего PauseChamp
[18:02:52]  cebactopojlb_1914: А да?
[18:02:54]  b1azershd: а дальше че
[18:02:57]  b1azershd: Starege
[18:03:09]  cawaulitra: @foxnax ему говорили про нормы приличия зато)
[18:03:15]  semyonsilent: Maaaan
[18:03:24]  b1azershd: aBolf
[18:03:29]  foxnax: KEKL
[18:03:33]  semyonsilent: Maaaan
[18:03:36]  unguentarium: aRolf
[18:03:37]  ereminus: PogT
[18:03:37]  bluefintuna: Maaaan
[18:03:37]  slavmayer: PogT зомби
[18:03:37]  semyonsilent: uzyAROLF
[18:03:38]  tanos_s_bybnom: aBolf
[18:03:38]  ghoulevich: OMEGALUL OMEGALUL OMEGALUL
[18:03:38]  b1azershd: aBolf aBolf
[18:03:38]  turtulya: KEKL
[18:03:39]  lord__hater: LUL
[18:03:39]  vegas55: Maaaan
[18:03:40]  zeedeen: Maaaan
[18:03:41]  ostas_: aRolf
[18:03:41]  qlemonych: ЗОМБИК PogT
[18:03:41]  xinomixi_x: Maaaan
[18:03:43]  foxnax: зомби ебут PogT
[18:03:44]  ohnocancer: Maaaan
[18:03:45]  vveresk: pepegaJAMMER
[18:03:45]  turtulya: EZ ЗОМБИ
[18:03:48]  atariall: gachiHYPER
[18:03:50]  zikmaf: Спасибо зомби Clueless
[18:03:50]  vers_j: aRolf
[18:03:51]  pussimoon: Изи денай WICKED
[18:03:51]  ereminus: EZ ЗОМБИ
[18:03:52]  ervelyus: Клатч
[18:03:52]  semyonsilent: uzyAROLF
[18:03:54]  sarrowdeep: @SarrowDeep повторюсь, это вопрос уже готов ли ты сам идти на уступки со своей честью. У меня френдан например игрет фул на очки, никого не спасает, бмит и тд. А я например за хорошую игру и при определённых обстоятельствах могу и сурва отпустить, если играл достойно. Выбор каждого как играть
[18:03:55]  snowgoweak: зомби > юзя
[18:03:57]  alan4ito: это ролеплей пьяного боксера получается blushW
[18:04:00]  claymore3d: там чел сидит
[18:04:11]  lord__hater: Maaaan
[18:04:17]  bluefintuna: Maaaan
[18:04:20]  qlemonych: АЙ БЛЯ
[18:04:21]  vveresk: PeepoRunCry
[18:04:22]  lord__hater: MAAAAN
[18:04:23]  claymore3d: разьебал кулак
[18:04:25]  vers_j: Kurica
[18:04:25]  semyonsilent: НЫА ПОЛУЧИ ЁБАНЫЙ СТЕЛАЖ
[18:04:28]  bluefintuna: Maaaan
[18:04:33]  ohnocancer: Maaaan
[18:04:34]  wheatleak: Юля
[18:04:35]  nightbot: ⠀⠀⠀⠀⠀⠀⠀⠀⢠⡆⣠⠒⠛⡆⠀⡴⠒⢲⢂⡴⠒⢲⠆⠀⠀⠀⠀⠀⠀⠀ ⠀⠀⠀⠀⠀⠀⠀⠀⡾⢴⠇⠀⣸⠁⢰⠃⢀⡟⠸⣧⣤⡟⠀⠀⠀⠀⠀⠀⠀⠀ ⠀⠀⠀⠀⠀⠀⠀⣸⠃⢿⣀⡠⠃⣠⠏⠀⡼⢀⠜⠁⣼⠁⠀⠀⠀⠀⠀⠀⠀⠀ ⠀⠀⠀⠀⠀⠀⠀⠀⠀⠀⠀⠀⠀⠀⠀⠀⠀⠀⠀⠀⠀⠀⠀⠀⠀⠀⠀⠀⠀⠀ ⠀⠀⠀⠀⠀⠀⠀⠀⠀⠀⠀⠀⠀⠀⠀⠀⠀⠀⠀⠀⠀⠀⠀⠀⠀⠀⠀⠀⠀⠀ ⠀⡴⠋⠹⠇⣼⠉⢉⡟⠀⡰⣿⠀⢠⠞⠉⠿⢀⡏⢀⣴⠇⣼⠉⠉⠁⣴⠋⠉⡇ ⢰⠃⠀⠀⢰⠇⠀⣼⢁⣼⣁⣿⢀⡞⠀⠀⠀⡾⡰⠋⡟⢰⠟⠛⣷⢰⠇⠀⣸⠁ ⠻⠤⠔⠁⠟⠀⠰⠧⠞⠉⠉⠏⠘⠧⠤⠊⠸⠋⠀⠸⠁⠿⠤⠴⠃⠻⠤⠴⠃
[18:04:36]  foxnax: Kurica
[18:04:39]  ahlshtl: Kurica
[18:04:40]  turtulya: Kurica
[18:04:43]  b1azershd: Kurica
[18:04:45]  quicksilver695: Kurica
[18:04:48]  tezad: -0
[18:04:49]  claymore3d: на нахуй ген
[18:04:50]  slavmayer: PogT
[18:04:50]  semyonsilent: СТААС
[18:04:51]  lord__hater: LUL
[18:04:59]  centipede_: Почему никто Немезису не может дать работу в порно PoroSad
[18:05:01]  b1azershd: Starege
[18:05:01]  ggb0109: aRolf
[18:05:02]  robo_fx: SMOrc Squid2 Squid4
[18:05:03]  semyonsilent: uzyAROLF
[18:05:04]  vveresk: Kurica Clap PeepoRunCry
[18:05:08]  zikmaf: aRolf
[18:05:13]  nightbot: Оставайтесь на связи - подписывайтесь на мою телегу: https://t.me/chichardio FeelsSupportMan
[18:05:13]  semyonsilent: Starege
[18:05:16]  foxnax: @centipede_, YEP
[18:05:16]  vers_j: Starege
[18:05:16]  wheatleak: aRolf
[18:05:17]  ggb0109: Starege
[18:05:19]  otluwf: Starege
[18:05:20]  sugagamugaga: TrollDespair
[18:05:22]  quicksilver695: СЗАДИ
[18:05:24]  sedflower: aRolf блять
[18:05:24]  quicksilver695: aRolf
[18:05:25]  sanchoopansa: MEGALUL Squid2 Squid4
[18:05:26]  fnakez: @Centipede_ Are you sure about that TrollDespair
[18:05:26]  ghoulevich: OMEGALUL
[18:05:26]  haofor3v3r: aBolf
[18:05:27]  zed_yo: Maaaan
[18:05:27]  zibarik_: aRolf
[18:05:28]  gazikk: MAAAAN
[18:05:28]  vveresk: Pepechill TeaTime
[18:05:31]  sedflower: sumSmash на по ебалу
[18:05:33]  turtulya: блин блять
[18:05:33]  semyonsilent: НЫА В ТЕМЕЧКО
[18:05:33]  david111671: monkaW
[18:05:33]  slavmayer: @Centipede_ загугли, он работает в поте лица
[18:05:34]  xpa1nx_: наа стена ебаная
[18:05:34]  alan4ito: еба, наконец-то сурвы, которые знают, что такое лупинг
[18:05:36]  cebactopojlb_1914: Я ща ебнусь нахуй
[18:05:36]  gazikk: Че за паркинсон Maaan
[18:05:38]  ggb0109: Maaaan
[18:05:42]  b1azershd: против него ботов кидает или че за хуйня? Starege
[18:05:43]  foxnax: aBolf
[18:05:43]  lord__hater: Зомби MVP
[18:05:46]  zikmaf: Жесть дед убежал
[18:05:47]  sugagamugaga: хотяб 1 повес будет в этой игре? Clueless
[18:05:48]  vers_j: ныа
[18:05:57]  quicksilver695: @UselessMouth Заебаш их уже! хватит играть в поддавки EZ
[18:06:03]  sedflower: BlackLivesMatter
[18:06:06]  sedflower: BloodTrail
[18:06:07]  donsalieri: @Alan4ito а про пуппинг они знают? aRolf
[18:06:09]  bluefintuna: Maaaan
[18:06:12]  foxnax: KEKL
[18:06:13]  magazin2000: юзя профессонал в эту игру?
[18:06:13]  lord__hater: LUL
[18:06:14]  sugagamugaga: Okayeg
[18:06:14]  vveresk: KEKW
[18:06:15]  semyonsilent: Maaaan
[18:06:16]  ggb0109: зомби тащат катку
[18:06:17]  turtulya: KEKL
[18:06:17]  slavmayer: Зомби GIGACHAD
[18:06:18]  b1azershd: aBolf
[18:06:20]  otluwf: килька
[18:06:23]  xinomixi_x: @b1azershd я уже сомневаюсь что здесь кто то сбежит Starege
[18:06:23]  zavodyaru: Maaaan
[18:06:26]  haofor3v3r: aBolf
[18:06:29]  zikmaf: zomby carry
[18:06:30]  otluwf: девочька сюдааааа
[18:06:30]  sanchoopansa: mvp zombie
[18:06:32]  otluwf: к дедушке
[18:06:34]  semyonsilent: Maaaan
[18:06:36]  vers_j: EZ
[18:06:36]  bluefintuna: ХАХАХАХАХХАА
[18:06:36]  ghoulevich: OMEGALUL OMEGALUL OMEGALUL
[18:06:38]  b1azershd: aBolf сука
[18:06:39]  fnakez: Бенни хил The Videogame
[18:06:40]  foxnax: Maaaan
[18:06:41]  alan4ito: @DonSalieri нет, но про фистинг могу подсказать billyReady
[18:06:45]  v0vavist: 322
[18:06:51]  xinomixi_x: Maaaan
[18:06:52]  bersy: sumSmash
[18:06:53]  semyonsilent: Maaaan
[18:06:56]  ruslan2708001: Kurica
[18:06:57]  claymore3d: лежит
[18:07:01]  myniaq: В дбд есть какаие персы из резидентов (злодеи/герои) - кто?
[18:07:05]  semyonsilent: uzyAROLF
[18:07:07]  robo_fx: Как же он чувствует
[18:07:11]  sugagamugaga: Okayeg
[18:07:11]  nightbot: Деньги с подписок Твича сейчас не доходят до меня.... TrollDespair Если хочешь подписаться и поддерживать раз в месяц – подпишись на меня через Бусти! — https://boosty.to/uselessmouth PogU
[18:07:14]  vveresk: 4House
[18:07:17]  kptmatt: @myniaq Леон и Джилл
[18:07:19]  foxnax: @UselessMouth жаль у тебя нет аддонов на скорость передвижения зомбарей KEKL
[18:07:21]  vers_j: Starege
[18:07:21]  semyonsilent: Starege
[18:07:24]  cebactopojlb_1914: ???
[18:07:26]  ggb0109: Starege
[18:07:27]  hacciiberry: Starege
[18:07:27]  b1azershd: Starege стоит
[18:07:29]  myniaq: @kptmatt класс
[18:07:30]  misha_konsta: JOPA
[18:07:31]  sedflower: ??? Starege
[18:07:32]  zavodyaru: Starege
[18:07:33]  vveresk: peepoHappy
[18:07:35]  nekichi: Starege
[18:07:36]  turtulya: Starege
[18:07:37]  xibanned: Starege
[18:07:38]  rantaroq: TrollDespair
[18:07:38]  sugagamugaga: очень плохо встаёшь
[18:07:39]  slavmayer: @myniaq джилл леон, и скины на криса и клер
[18:07:40]  xinomixi_x: Clueless
[18:07:40]  otluwf: Starege
[18:07:45]  gazikk: Даже в кусты не сел Starege
[18:07:45]  claymore3d: Starege
[18:07:51]  sedflower: Starege шо смотрим
[18:07:51]  b1azershd: это пиздец Starege
[18:07:53]  quicksilver695: @UselessMouth Заебаш их уже! хватит играть в поддавки EZ
[18:07:53]  thiefcookies: @myniaq мистер Х
[18:07:54]  myniaq: @SlavMayer неплохо
[18:07:59]  turtulya: Kurica
[18:08:03]  sugagamugaga: TrollDespair
[18:08:05]  vers_j: Kurica
[18:08:06]  k0rn0s: зайди в туалет и жди шныря
[18:08:06]  sadahichini: Starege
[18:08:07]  sedflower: TrollDespair
[18:08:09]  b1azershd: Kurica
[18:08:12]  bluefintuna: PogO
[18:08:12]  unguentarium: Не хочешь в туалет сходить? aRolf @UselessMouth
[18:08:21]  donsalieri: @Quicksilver695 он ентартейнер ты нипанимаешь
[18:08:22]  otluwf: Starege
[18:08:23]  xibanned: uzySleep
[18:08:23]  alan4ito: он гены кемпит D: репорт EZ
[18:08:26]  bluefintuna: АХАХАХАХАХА
[18:08:27]  myniaq: @ThiefCookies маньяк типо *
[18:08:28]  kptmatt: aRolf
[18:08:29]  ghoulevich: OMEGALUL OMEGALUL OMEGALUL
[18:08:29]  zavodyaru: Starege
[18:08:29]  ohnocancer: aRolf
[18:08:29]  quicksilver695: @DonSalieri aRolf
[18:08:29]  zed_yo: Maaaan
[18:08:31]  xibanned: кемпер
[18:08:31]  sugagamugaga: PauseChamp
[18:08:31]  rulz_ok: aRolf
[18:08:32]  foxnax: @thiefcookies, мистера Икс нет в дбд же
[18:08:33]  zibarik_: Pepechill
[18:08:33]  bluefintuna: САМО
[18:08:34]  haofor3v3r: aBolf
[18:08:34]  rantaroq: TrollDespair
[18:08:35]  lichgoth: афк ман,афыахфыхафх
[18:08:36]  luceferplay: тебя прям не видно))
[18:08:37]  thiefcookies: @myniaq да
[18:08:38]  k0rn0s: как же после чайка хочется в туалет сходить
[18:08:38]  gufa11: всем привет hpbYa hpbPledik
[18:08:39]  sotojik: FeelsUpMan
[18:08:39]  sedflower: что это за звуки
[18:08:46]  claymore3d: не видят
[18:08:48]  mount_dragon: зомби тащат катку Starege
[18:08:48]  rozatto: Челы зомби проигрывают Maaaan
[18:08:48]  pologowskiy: 👇не нюхал писюна
[18:08:49]  hacciiberry: Maaaan
[18:08:51]  quicksilver695: @gufa11 peepoHey
[18:08:53]  turtulya: KEKL челы не могут два гена запустить
[18:08:53]  ggb0109: aRolf
[18:08:53]  aleshka132: FeelsOkayMan
[18:08:54]  myniaq: @ThiefCookies пон
[18:08:57]  vveresk: Starege один глаз на Кавказ, другой на нас
[18:09:02]  cebactopojlb_1914: Ахахах
[18:09:03]  unguentarium: нормально, главное одного хотя бы ебни
[18:09:04]  vers_j: aBolf
[18:09:07]  zavodyaru: бля это ад aRolf
[18:09:09]  b1azershd: Starege
[18:09:15]  jor9n: @Quicksilver695 салют
[18:09:17]  sugagamugaga: Okayeg
[18:09:18]  xibanned: Starege
[18:09:18]  ggb0109: Maaaan
[18:09:22]  xinomixi_x: @unguentarium Clueless
[18:09:25]  b1azershd: это пиздец
[18:09:29]  sugagamugaga: это пинг просто
[18:09:29]  quicksilver695: @jor9n hi peepoHey
[18:09:31]  alan4ito: нет, это из-за пинги и кривоты
[18:09:31]  xibanned: я
[18:09:39]  evlapyi: а правда что Факера забанили за просмотр "Разгона"?
[18:09:42]  sedflower: @unguentarium главное чтоб 2 захуярил хотя бы TrollDespair
[18:09:43]  robo_fx: Интенсивная игра
[18:09:43]  hacciiberry: я Sadcatge
[18:09:43]  fapah002: рофланупал
[18:09:47]  unguentarium: @XiNoMiXi_X BlueTime 3
[18:09:48]  cebactopojlb_1914: У меня голова болит
[18:09:50]  xinomixi_x: тааааааааак Starege
[18:09:52]  ilyxi41: gachiBASS
[18:09:57]  foxnax: gachiHYPER
[18:09:57]  tanos_s_bybnom: @Evlapyi за жопу в разгоне YEP
[18:09:57]  ohnocancer: Prayge убей хоть одного
[18:10:00]  vveresk: Pog кто-то упал
[18:10:01]  xibanned: да не
[18:10:05]  xibanned: хз
[18:10:05]  sugagamugaga: на шюпальцы нет
[18:10:06]  pologowskiy: @evlapyi Ну да и че, ющя извинился уже
[18:10:10]  sugagamugaga: только обычная атака
[18:10:13]  nightbot: Оставайтесь на связи - подписывайтесь на мою телегу: https://t.me/chichardio FeelsSupportMan
[18:10:13]  danilblop: только м1
[18:10:14]  fapah002: сработал
[18:10:15]  rantaroq: Maaaan Maaaan Maaaan
[18:10:18]  quicksilver695: НЫААААААА шлююха
[18:10:21]  b1azershd: ⣿⣿⣿⣿⣿⣿⣿⣿⣿⣿⣿⣿⣿⣿⣿⣿⣿⣿⣿⣿⣿⣿⣿⣿⣿⣿⣿⣿ ⣿⣿⣿⣿⣿⣿⣿⠟⠋⠉⠉⠉⠉⠉⠛⠻⠛⠉⠉⠛⠉⠻⢿⣿⣿⣿⣿⣿⣿ ⣿⣿⣿⣿⣿⣿⠃⠄⣠⡶⢶⣶⣄⠄⠄⠄⢀⣴⣶⣶⣄⠄⠈⠻⣿⣿⣿⣿⣿ ⣿⣿⣿⣿⠟⠁⠄⠄⣿⡇⢀⢻⣿⣷⡀⢰⣿⣿⠁⠈⣿⡇⠄⠄⠙⢿⣿⣿⣿ ⣿⣿⠟⢁⣀⣀⣀⡀⢿⡇⠘⣸⣿⣿⠁⢿⣿⣿⡘⠄⣿⠇⣀⣀⣀⣀⡉⠻⣿ ⡿⢃⣵⣿⣿⣿⡿⣿⠈⠻⠿⣿⠿⢋⣄⡜⠿⣿⣿⡾⠋⢠⡿⣿⣿⣿⣿⣦⡈ ⢁⣿⣿⠿⠿⣿⣧⡈⠓⠄⠄⣀⣤⣾⣿⣿⣦⣀⠄⠄⠄⠚⢁⣼⣿⣿⣿⣿⣿ ⣾⡿⢁⢶⣦⡈⠿⣿⣿⣿⣿⣿⣿⣿⣿⣿⣿⣿⣿⣷⣾⣿⡿⢋⣭⡍⠙⣿⣿ ⣿⠃⣾⣄⠻⣿⣦⣈⡛⠻⠿⢿⠿⢿⣿⣿⠿⠿⠿⠟⠛⣁⣴⣿⠏⣡⠄⢿⣿ ⠙⠂⠙⣿⣷⣄⡙⠛⠻⠿⣶⣶⣶⣶⣶⣶⣶⣶⡶⠿⠿⠛⢋⣠⣾⡟⠄⠚⠛ ⣶⣤⡀⠄⠙⠻⠿⢷⣶⣦⣤⣤⣤⢤⣤⣤⣤⣤⣤⣴⣶⣾⠿⠟⠋⠄⠄⢀⣠ ⠟⣛⣩⣴⣤⣀⠄⠄⠄⠄⠉⠉⠈⠈⠉⠉⠉⠁⠄⠄⠄⠄⠄⠄⠄⣀⣐⣛⣻ ⣾⣿⣿⣿⣿⣿⣿⣷⣶⣶⣤⣤⣤⣤⣤⣤⣄⣠⣤⣤⣤⣤⣶⣾⣿⣿⣿⣿⣿ ⣿⣿⣿⣿⣿⣿⣿⣿⣿⣿⣿⣿⣿⣿⣿⣿⣿⣿⣿⣿⣿⣿⣿⣿⣿⣿⣿⣿⣿
[18:10:21]  sugagamugaga: щупальцы ёпта
[18:10:23] b1azershd has been timed out for 1s. 
[18:10:26]  claymore3d: на карте ещё два гена что они тут тусуются
[18:10:27]  unguentarium: @Quicksilver695 D:
[18:10:27]  ohnocancer: Starege
[18:10:27]  shesq: 1
[18:10:28]  hacciiberry: Starege
[18:10:30]  vsevkad: OMEGADOWN
[18:10:31]  akulabt: PauseChamp
[18:10:33]  gazikk: Starege Че смотришь?
[18:10:33]  atariall: Starege
[18:10:34]  ggb0109: Starege
[18:10:36]  quicksilver695: @unguentarium та заебала присасывать к гену
[18:10:37]  sugagamugaga: PauseChamp
[18:10:38]  foxnax: aRolf
[18:10:39]  vveresk: Weirdga
[18:10:42]  quicksilver695: НЫААААААААА
[18:10:42]  bluefintuna: Maaan
[18:10:44]  luceferplay: ля контр ореха
[18:10:44]  bluefintuna: Maaaan
[18:10:45]  cebactopojlb_1914: Че
[18:10:45]  unguentarium: @Quicksilver695 aRolf
[18:10:45]  lord__hater: LUL
[18:10:45]  zavodyaru: aRolf
[18:10:46]  paulshutze: LUL
[18:10:46]  quicksilver695: aRolf
[18:10:46]  ohnocancer: PogT
[18:10:46]  solar_shard_of_the_sun: aRolf
[18:10:46]  robo_fx: ВСМЫСЛЕ aBolf
[18:10:47]  haofor3v3r: aBolf
[18:10:47]  claymore3d: aRolf
[18:10:48]  evlapyi: @tanos_s_bybnom мдааа, с ног сшибательная задница
[18:10:48]  hacciiberry: aBolf
[18:10:48]  ggb0109: Maaaan
[18:10:49]  b1azershd: sumSmash НЫА
[18:10:49]  sugagamugaga: перданул
[18:10:49]  solar_shard_of_the_sun: какого хуя
[18:10:50]  cebactopojlb_1914: БЛЯТЬ КАКОЙ ЖЕ ПЗИДЕЦ
[18:10:53]  lord__hater: ЛОРИ TrollDespair
[18:10:58]  qlemonych: БЛЯТЬ КАКОЙ ЖЕ ПЗИДЕЦ
[18:10:59]  cyberdip: поменялись aRolf
[18:11:01]  vers_j: 1
[18:11:01]  evlapyi: @pologowskiy я думал фек просто
[18:11:03]  unguentarium: PauseChamp
[18:11:03]  xinomixi_x: aRolf
[18:11:09]  ghoulevich: OMEGALUL OMEGALUL
[18:11:11]  pussimoon: Despair
[18:11:11]  solar_shard_of_the_sun: SadCat за что зомбика
[18:11:12]  fapah002: зомби проплаченый
[18:11:15]  b1azershd: PogT
[18:11:16]  sugagamugaga: TrollDespair
[18:11:18]  gazikk: Зомби премию Starege
[18:11:20]  bluefintuna: у тебя треугольник вроде
[18:11:20]  evlapyi: @pologowskiy я же без предъяв
[18:11:21]  b1azershd: -1
[18:11:23]  kit_gn: Пиздец, щас все сбегут
[18:11:24] ゆ以丹人亡 qualcando: что за кал, почему нельзя спамить атаками. Я бы катану взял и всех чик чирик Basedge
[18:11:26]  divanradow: В этой игре надо брать только баб
[18:11:27]  quicksilver695: @UselessMouth Ты чо
[18:11:32]  vveresk: Sanya
[18:11:32]  cebactopojlb_1914: И че
[18:11:35]  zavodyaru: Starege
[18:11:36]  sugagamugaga: aRolf куда он встал
[18:11:38]  divanradow: озвучка на крюке у баб топовая
[18:11:44]  fapah002: он не видит что зомби заагрился что ле Starege
[18:11:45]  unguentarium: Обиделся SadCat
[18:11:49]  pologowskiy: @evlapyi так и я тоже :)
[18:11:54]  bluefintuna: @ゆ以丹人亡 есть перк на спам атаки, когда несешь выжившего
[18:11:56]  geka228229: Григорович Кирилл если ты тут напишы шутку!
[18:12:00]  unguentarium: ЕБИ ДЕДА PogT
[18:12:03]  sugagamugaga: PauseChamp
[18:12:13]  xibanned: блин а есть порно с этим шюпальце меном?
[18:12:13]  maslinolovvov: О нет изя что предал свою философию без убивцев?
[18:12:14]  foxnax: gachiHYPER
[18:12:15]  pologowskiy: Деда за победу
[18:12:16]  qlemonych: повесь этого за трусы, чтобы остальные боялись
[18:12:18]  b1azershd: ешь деда
[18:12:24]  ggb0109: Starege
[18:12:25] ゆ以丹人亡 qualcando: @xibanned к сожалению да :(
[18:12:28]  fnakez: @xibanned TrollDespair popular game
[18:12:30]  sugagamugaga: TrollDespair
[18:12:32]  gazikk: Starege Красивая стена
[18:12:38]  turtulya: Starege
[18:12:39]  vsevkad: aRolf
[18:12:40]  sugagamugaga: надо вставать так чтобы крюк видно было
[18:12:44]  rantaroq: Ты слишком широкий,из за стены торчишь
[18:12:45]  vveresk: Basedge
[18:12:50]  xinomixi_x: aBolf
[18:12:51]  fapah002: он не слышит что ле PogO
[18:12:51]  haofor3v3r: aBolf
[18:12:52]  vers_j: PogU
[18:12:56]  bluefintuna: Maaaan
[18:12:56]  ggb0109: Maaaan
[18:12:57]  xibanned: там он трахает маленьких и невинных своим большим шюпальцем  в писю?
[18:13:00]  torgi_s_bashkoi: о, новые предикты добавили Pasedge
[18:13:02]  xinomixi_x: Maaaan
[18:13:02]  magazin2000: чёт, я не шарю, а юзя профессионал в эту игру?
[18:13:02]  ereminus: Pasedge TeaTime
[18:13:02]  sugagamugaga: Maaaan
[18:13:08]  unguentarium: арольфик
[18:13:08]  sugagamugaga: @magazin2000 да
[18:13:08]  foxnax: Maaaan
[18:13:10]  cebactopojlb_1914: @Magazin2000 Конечно
[18:13:18]  semyonsilent: uzyAROLF
[18:13:20]  pologowskiy: чёт, я не шарю, а юзя профессионал в эту игру?
[18:13:20]  xinomixi_x: @Magazin2000 Несомненно
[18:13:21]  47akeh: 🧟Ричард🧟ну🧟не🧟стукай🧟нас🧟
[18:13:27]  david111671: stop bullying kids whom mom has bought the game
[18:13:32]  maslinolovvov: Ну вон же справа
[18:13:33]  quicksilver695: @UselessMouth Нокни всех, и тогда будет ВИН
[18:13:34]  dodopton: Сколько Юле лет?
[18:13:35]  zed_yo: Kurica
[18:13:35]  sugagamugaga: @47akeh TrollDespair
[18:13:41]  qlemonych: ебни зомби кулаком
[18:13:41]  bluefintuna: aRolf
[18:13:41]  fanelun: чёт, я не шарю, а юзя профессионал в эту игру?
[18:13:43]  icomick02: @dodopton 16
[18:13:43]  baditarakan: Что происходит?
[18:13:43]  ereminus: Basedge
[18:13:43]  semyonsilent: Basedge
[18:13:44]  qlemonych: че будет MMMM
[18:13:44]  aleshka132: Basedge
[18:13:45]  bluefintuna: Basedge
[18:13:46]  tanos_s_bybnom: Да
[18:13:46]  b1azershd: Basedge да
[18:13:46]  sotojik: Basedge
[18:13:46]  ohnocancer: Basedge
[18:13:47]  vers_j: Basedge
[18:13:47]  atariall: Basedge
[18:13:47]  pussimoon: Ес
[18:13:47]  robo_fx: Испугались
[18:13:48]  ggb0109: Basedge
[18:13:48]  zed_yo: @dodopton 27
[18:13:48]  unguentarium: Basedge Пока нет
[18:13:49]  hacciiberry: Basedge
[18:13:49]  rantaroq: Basedge
[18:13:49]  allionsteid: да
[18:13:49]  vveresk: Basedge
[18:13:51]  turtulya: да
[18:13:51]  xinomixi_x: Basedge поносная
[18:13:51]  alexloli159: Basedge испугался
[18:13:52] ゆ以丹人亡 qualcando: @dodopton 29
[18:13:53]  sugagamugaga: Basedge WineTime
[18:13:54]  rozatto: Затригенились Maaaan
[18:14:01]  semyonsilent: Starege
[18:14:01]  alan4ito: бля из-за удаления вода клип пропал топовый со вчерашним испугом TrollDespair
[18:14:01]  mount_dragon: Basedge всегда сру
[18:14:02]  47akeh: обосрался. Показать?
[18:14:04]  ohnocancer: Prayge Убей одного молю
[18:14:07]  xibanned: ......
[18:14:09]  nightbot: Деньги с подписок Твича сейчас не доходят до меня.... TrollDespair Если хочешь подписаться и поддерживать раз в месяц – подпишись на меня через Бусти! — https://boosty.to/uselessmouth PogU
[18:14:17]  u_andrix: Maaaan
[18:14:21]  unguentarium: съешь деда Praise
[18:14:22]  sugagamugaga: Prayge убей всех
[18:14:23]  semyonsilent: uzyAROLF
[18:14:23]  sotojik: MEGALUL
[18:14:24]  vveresk: Starege убей зомби
[18:14:24]  qlemonych: 4Head
[18:14:26]  b1azershd: aBolf
[18:14:26]  ggb0109: aRolf
[18:14:28]  hacciiberry: 4HEader
[18:14:31]  sotojik: MEGALUL БЕГИ ПОКА МОЖЕШЬ
[18:14:33]  lord__hater: у деда астма SadCat
[18:14:39]  maslinolovvov: Как же он мажет
[18:14:41]  semyonsilent: Maaaan
[18:14:50]  sugagamugaga: как же они орехи жмут
[18:14:53]  bluefintuna: теперь нет
[18:14:54]  quicksilver695: ныаааааааа ШЛЮЮЮ
[18:14:55]  maslinolovvov: Maaaan
[18:14:56]  cebactopojlb_1914: @maslinolovvov Там орех был, орех даже через капканы работает
[18:14:56]  semyonsilent: НЫА В ТЕМЕЧКО
[18:15:01]  bluefintuna: АХХАХАХАХАХ
[18:15:01]  unguentarium: aRolf
[18:15:02]  47akeh: 🧟НУ🧟НЕ🧟СТУКАЙ🧟НАС🧟УМОЛЯЮ🧟
[18:15:03]  b1azershd: нихуя
[18:15:04]  foxnax: OMEGALUL
[18:15:06]  semyonsilent: няефк
[18:15:06]  gazikk: Maaaan немезис реально деда догнать не может
[18:15:06]  atariall: PogT -2
[18:15:07]  ohnocancer: Kurica Kurica Kurica
[18:15:07]  vveresk: Pog
[18:15:09]  quicksilver695: @UselessMouth НОКАЙ НОКАЙ
[18:15:09]  p4zdel: aRolf
[18:15:09]  semyonsilent: uzyAROLF
[18:15:09]  vers_j: ХАРОШ
[18:15:11]  sotojik: Pog
[18:15:13]  fnakez: one punch man BloodTrail
[18:15:13]  semyonsilent: PogT
[18:15:13]  b1azershd: PogT
[18:15:14]  quicksilver695: @UselessMouth если всех нокнут УЖЕ ХУЙ что поможет
[18:15:15]  unguentarium: ЭЭЭЭ КУДА
[18:15:16]  baditarakan: СЮДААААААА
[18:15:16]  qlemonych: PogT
[18:15:17]  nightbot: Оставайтесь на связи - подписывайтесь на мою телегу: https://t.me/chichardio FeelsSupportMan
[18:15:17]  robo_fx: ЖЕСЬ ОН КРУТ
[18:15:17]  rantaroq: TrollDespair пиздец
[18:15:18]  turtulya: Kurica
[18:15:18]  xinomixi_x: aRolf хорош
[18:15:18]  bluefintuna: ЕБИ Prayge
[18:15:18]  ohnocancer: PogT
[18:15:19]  sotojik: MEGALUL
[18:15:19]  p4zdel: PogT
[18:15:20]  sugagamugaga: TrollDespair
[18:15:20]  unguentarium: TrollDespair
[18:15:21]  claymore3d: Sadge
[18:15:21]  kit_gn: Правда всё равно все сбегут KEKW
[18:15:21]  lord__hater: Тактика от земли Pog
[18:15:21]  cyberdip: MEGALUL Squid4 gachiRollBack
[18:15:22]  u_andrix: домой, на куканчик YEP
[18:15:24]  semyonsilent: PogT
[18:15:24]  biboratus: ебатель
[18:15:24]  b1azershd: СЮДА ПТСЫ МОИ ЕБУЧИЕ PogT
[18:15:25]  nas_ral: L A S P L A G U S Basedge WineTime
[18:15:25]  quicksilver695: СПАААААААААААТЬ
[18:15:26]  vers_j: -1
[18:15:29]  sotojik: peepoRIP
[18:15:31]  47akeh: MEGALUL Squid4 gachiRollBack
[18:15:32]  vveresk: rjuMen
[18:15:33]  collapsekl: Agakakskagesh
[18:15:36]  sotojik: peepoRIP 👈 он всё
[18:15:37]  robo_fx: БИЛЛ ВСТАЛ KEKWait
[18:15:37]  luceferplay: ля с удара -2
[18:15:38]  xinomixi_x: MEGALUL  Squid4  gachiRollBack
[18:15:41]  fildavis: сасерфисед
[18:15:43]  appivass: TrollDespair
[18:15:44]  luceferplay: да тебе там зобми помог
[18:15:44]  unguentarium: 3 бегите Prayge
[18:15:44]  foxnax: aRolf
[18:15:45]  quicksilver695: НЫАААААААА
[18:15:45]  ereminus: MEGALUL ДОБЕЙТЕ ВЫЖИВШИХ
[18:15:53]  semyonsilent: uzyAROLF
[18:15:53]  zibarik_: а где
[18:15:54]  turtulya: MEGALUL  Squid4  gachiRollBack
[18:15:54]  bluefintuna: ????
[18:15:55]  akulabt: представили ебала тех, кто на 4 ставил? Starege
[18:15:55]  atariall: Maaaan
[18:15:55] ゆ以丹人亡 qualcando: вон он взади
[18:15:56]  cebactopojlb_1914: Геники удобные
[18:15:56]  robo_fx: ВОН ЖЕ ОН ЗА УГЛОМ
[18:15:57]  semyonsilent: uzyAROLF
[18:15:58]  bluefintuna: взади
[18:15:58]  ohnocancer: Maaaan
[18:15:58]  semyonsilent: uzyAROLF
[18:15:58]  vegas55: а где aRolf
[18:15:59]  ghoulevich: PepeLaugh
[18:15:59]  ggb0109: потерял aRolf
[18:15:59]  zavodyaru: а все
[18:15:59]  sponkie: 4HEader
[18:16:00]  semyonsilent: uzyAROLF
[18:16:00]  robo_fx: aBolf
[18:16:00]  fapah002: ??
[18:16:00]  sontain: Maaaan
[18:16:01]  sarrowdeep: Тунельное зрение?
[18:16:02]  p4zdel: ?????????
[18:16:02]  ereminus: aRolf
[18:16:02]  xpa1nx_: за стеной же
[18:16:03]  b1azershd: aBolf
[18:16:03]  unguentarium: юля
[18:16:04]  xibanned: @UselessMouth тебе бы еще поработать над микроконтролем твоего щюпальца и вообще ебать будешь
[18:16:04]  nightbot: ⠀⠀⠀⠀⠀⠀⠀⠀⢠⡆⣠⠒⠛⡆⠀⡴⠒⢲⢂⡴⠒⢲⠆⠀⠀⠀⠀⠀⠀⠀ ⠀⠀⠀⠀⠀⠀⠀⠀⡾⢴⠇⠀⣸⠁⢰⠃⢀⡟⠸⣧⣤⡟⠀⠀⠀⠀⠀⠀⠀⠀ ⠀⠀⠀⠀⠀⠀⠀⣸⠃⢿⣀⡠⠃⣠⠏⠀⡼⢀⠜⠁⣼⠁⠀⠀⠀⠀⠀⠀⠀⠀ ⠀⠀⠀⠀⠀⠀⠀⠀⠀⠀⠀⠀⠀⠀⠀⠀⠀⠀⠀⠀⠀⠀⠀⠀⠀⠀⠀⠀⠀⠀ ⠀⠀⠀⠀⠀⠀⠀⠀⠀⠀⠀⠀⠀⠀⠀⠀⠀⠀⠀⠀⠀⠀⠀⠀⠀⠀⠀⠀⠀⠀ ⠀⡴⠋⠹⠇⣼⠉⢉⡟⠀⡰⣿⠀⢠⠞⠉⠿⢀⡏⢀⣴⠇⣼⠉⠉⠁⣴⠋⠉⡇ ⢰⠃⠀⠀⢰⠇⠀⣼⢁⣼⣁⣿⢀⡞⠀⠀⠀⡾⡰⠋⡟⢰⠟⠛⣷⢰⠇⠀⣸⠁ ⠻⠤⠔⠁⠟⠀⠰⠧⠞⠉⠉⠏⠘⠧⠤⠊⠸⠋⠀⠸⠁⠿⠤⠴⠃⠻⠤⠴⠃
[18:16:04]  sotojik: Maaaan
[18:16:04]  maslinolovvov: Maaaan
[18:16:06]  zibarik_: похуй Pepechill
[18:16:07]  unclevs: ну какой же актёр Maaaan
[18:16:07]  semyonsilent: Maaaan
[18:16:07]  donsalieri: клоунада
[18:16:08]  xinomixi_x: Maaaan бб мои баллам
[18:16:08]  magazin2000: ахахаха
[18:16:11]  hacciiberry: Pasedge
[18:16:11]  ghoulevich: ролеплей пошел
[18:16:12]  semyonsilent: Starege
[18:16:12]  ereminus: PauseChamp
[18:16:13]  mrphoenix131: Maaaan
[18:16:14]  robo_fx: ТРОЛЛЬ :tf:
[18:16:16]  sotojik: paid actor Maaaan
[18:16:16]  tezad: он специально Starege
[18:16:16]  akulabt: PauseChamp
[18:16:16]  qkepler: ножка же торчала TrollDespair
[18:16:17]  rantaroq: Maaaan
[18:16:18]  maslinolovvov: Там же ноги
[18:16:22]  zed_yo: xbybn
[18:16:23]  bluefintuna: бежит Starege
[18:16:24]  vers_j: как же похуй EZ Smoke
[18:16:25]  zed_yo: чинит
[18:16:26]  fapah002: а нахуя нужны ставки если Юзя играет хуёво Starege
[18:16:26]  turtulya: а где? KEKWait
[18:16:27]  quicksilver695: БЛЯ ТАКИЕ ЕБАНУТЫЕ. ВЗЯЛИ И ОСТАВИЛИ ТРЕУГОЛЬНИК, а так ведь делать незя Maaaan
[18:16:27]  semyonsilent: ratJAM
[18:16:27]  ereminus: PauseChamp  󠀀
[18:16:27]  baditarakan: Тыц тыц тыц
[18:16:28]  solar_shard_of_the_sun: маньяк
[18:16:29]  unguentarium: топ-топ
[18:16:29]  rantaroq: Да он на кайфе стоит вы чего
[18:16:30]  cyberdip: чел реально не видит aRolf
[18:16:30]  foxnax: aRolf
[18:16:35]  xibanned: ....
[18:16:35]  ereminus: ayyPls
[18:16:36]  vveresk: MEGALUL  Squid4  TeaTime
[18:16:37]  vers_j: ratJAM
[18:16:38]  quicksilver695: нууууууу
[18:16:40]  rozatto: Врывайся
[18:16:42] ゆ以丹人亡 qualcando: юзя отыгрывает моньяка не нойте
[18:16:43]  ghoulevich: Starege
[18:16:44]  semyonsilent: ТРАХАТЬ zxcDance
[18:16:44]  xibanned: кемпер
[18:16:44]  maslinolovvov: Я разрешаю делать треугольник EZ
[18:16:47]  qlemonych: увас маньяк ящики нюхает MMMM
[18:16:47]  foxnax: зомби PepeLaugh
[18:16:48]  b1azershd: Starege стоим
[18:16:49]  sarrowdeep: Ты не невидим чел aRolf @UselessMouth
[18:16:50]  quicksilver695: ПОШЕЛ пошел
[18:16:52]  semyonsilent: uzyAROLF
[18:16:53]  akulabt: aRolf
[18:16:53]  p4zdel: Starege
[18:16:53]  bluefintuna: Maaaan
[18:16:54]  ytochkablabla: ??????????
[18:16:54]  baditarakan: опа на
[18:16:54]  zibarik_: aBolf
[18:16:54]  vers_j: KEKWait
[18:16:55]  slavmayer: Зомби GIGACHAD
[18:16:56]  fapah002: ну и PogO
[18:16:57]  sadahichini: aRolf
[18:16:57]  turtulya: KEKL
[18:16:57]  ghoulevich: АХАХАХАХАХ
[18:16:57]  zed_yo: иди
[18:16:58]  pussimoon: Pasedge
[18:16:59]  zavodyaru: uzyAROLF
[18:17:00]  robo_fx: uzyTroll
[18:17:00]  ggb0109: зомби mvp
[18:17:01]  pasha3d: polarExtreme ЕБЁМ
[18:17:02]  claymore3d: зырит Starege
[18:17:03]  vveresk: Kapp
[18:17:07]  ohnocancer: Они не знают PepeLaugh
[18:17:07]  ereminus: polarExtreme
[18:17:10]  akulabt: ТОГО КОГО ПОХИЛИЛ ЗАЦЕПИЛ aRolf
[18:17:10]  vers_j: uzyA
[18:17:10]  sotojik: Kurica 👈 зомби
[18:17:10]  unguentarium: :tf:
[18:17:11]  semyonsilent: Starege
[18:17:13]  aplonch: aRolf
[18:17:13]  vsevkad: PepeLaugh
[18:17:17]  ereminus: Kurica
[18:17:19]  47akeh: @uselessmouth Страшно? А ведь тебя предупреждали!
[18:17:24]  unguentarium: :tf: Clap
[18:17:24]  xibanned: Kurica 👈 курица
[18:17:26]  b1azershd: SadCat
[18:17:26]  gexahord: Ооо, игры за киллера, наконец-то KEKW
[18:17:27]  47akeh: ОБЕД
[18:17:36]  sotojik: Goose 👈 курица
[18:17:36]  turtulya: Kurica
[18:17:39]  semyonsilent: Starege
[18:17:40]  b1azershd: Kurica
[18:17:45]  ereminus: PauseChamp
[18:17:45]  rantaroq: А куда он делся Starege
[18:17:45]  ghoulevich: Kapp
[18:17:46]  vveresk: catJAM
[18:17:46]  quicksilver695: @UselessMouth ОТЛИЧИЛАСЬ Madge
[18:17:49]  xinomixi_x: ебало зомби представили? Starege
[18:17:51]  gexahord: Kurica <--- Собака
[18:17:54]  magazin2000: @47akeh маваши?
[18:17:59]  akulabt: @uselessmouth у тебя я так понимаю еще 2 секунды есть после выхода из инвиза, реально имба абилка
[18:18:03]  cebactopojlb_1914: А
[18:18:05]  cyberdip: uzyA
[18:18:12]  b1azershd: aBolf
[18:18:13]  ereminus: sumSmash
[18:18:18]  kisllation: @akulabt ты пойдешь играть через 10 минут?
[18:18:20]  pologowskiy: дупа rprtr2MMMM
[18:18:20]  xibanned: сука че они такие тупые
[18:18:22]  47akeh: @magazin2000 Какаши
[18:18:26]  akulabt: @kisllation, можно
[18:18:27]  vveresk: ебало зомби Okayeg
[18:18:30]  cebactopojlb_1914: @akulabt Имба Kappa
[18:18:32]  semyonsilent: Maaaan играть в игры
[18:18:34]  quicksilver695: @UselessMouth заводит АЛЕ
[18:18:37]  unguentarium: Дай этим бедолагам сбежать SadCat
[18:18:37]  b1azershd: че
[18:18:38]  sedflower: Maaaan
[18:18:38]  sotojik: чё
[18:18:39]  atariall: Maaaan
[18:18:39]  bluefintuna: ГЕКН
[18:18:40]  bluefintuna: ГЕН
[18:18:40]  u_andrix: Maaaan
[18:18:41]  ggb0109: aRolf
[18:18:41]  ereminus: aRolf
[18:18:42]  divanradow: И ОН НАПИСАЛ НА СТЕНЕ.....
[18:18:42]  gexahord: Ха, орех
[18:18:44]  foxnax: это dead hard
[18:18:44]  p4zdel: пиздец блять
[18:18:45]  vveresk: OMEGALUL
[18:18:46]  alexloli159: Starege
[18:18:46]  semyonsilent: Starege
[18:18:49]  fapah002: гена
[18:18:49]  hacciiberry: Starege
[18:18:51]  b1azershd: Starege стоим
[18:18:51]  zeusjustzeus: PauseChamp
[18:18:52]  konaad: Пархай ка бабочка
[18:18:52]  rozatto: ГЕНУ
[18:18:53]  maslinch: 4Head
[18:18:53]  bluefintuna: Они чинять
[18:18:55]  quicksilver695: заводит @UselessMouth
[18:18:58]  akulabt: @CEBACTOPOJLb_1914 а что не так? Разве что стоишь на месте, это да, даешь шанс, но и тебя не слышно вообще
[18:18:59]  fapah002: чел...
[18:19:02]  vveresk: зомби ржет
[18:19:08]  solar_shard_of_the_sun: aRolf
[18:19:08]  xibanned: фапах.....
[18:19:08]  cyberdip: aBolf
[18:19:08]  bluefintuna: НЫЫЫЫЫЫЫЫЫЫЫЫЫЫА
[18:19:09]  semyonsilent: uzyAROLF
[18:19:09]  qlemonych: PogT
[18:19:09]  foxnax: aRolf
[18:19:10]  ggb0109: LUL
[18:19:11]  quicksilver695: НЫАААААААААААА
[18:19:12]  sedflower: EZ
[18:19:12]  atariall: aRolf
[18:19:12]  b1azershd: aBolf
[18:19:12]  left3000: WICKED
[18:19:13]  p4zdel: aRolf
[18:19:13]  quicksilver695: домой ДЕД БЛЯТЬ
[18:19:14]  solar_shard_of_the_sun: тимплей
[18:19:14]  unguentarium: НЕЕЕТ ДЕДА
[18:19:15]  claymore3d: испугал их нахуй
[18:19:19]  gexahord: Мда, фига они на 20-ках, конечно KEKW
[18:19:21]  quicksilver695: @UselessMouth ОТПРАВЛЯЙ ЕГО УЖЕ В ЛЕФТ фо дед
[18:19:22]  unguentarium: ДЕД НУ ЕБАНА
[18:19:25]  claymore3d: испугали деда aRolf
[18:19:26]  u_andrix: НА куканчик YEP
[18:19:29]  semyonsilent: Maaaan
[18:19:30]  horooshka: aRolf
[18:19:33]  alan4ito: аук на штаны деду
[18:19:34]  bluefintuna: нееее
[18:19:36]  bluefintuna: это байт
[18:19:39]  ohnocancer: кхе кхе Starege
[18:19:41]  semyonsilent: Starege
[18:19:42]  ghoulevich: 4HEader
[18:19:44]  quicksilver695: @UselessMouth они заводят
[18:19:45]  b1azershd: Starege
[18:19:49]  rozatto: Maaaan
[18:19:51]  sedflower: Starege смотрим
[18:19:54]  mrphoenix131: СМОТРИТ СУКА
[18:19:55]  semyonsilent: Maaaan
[18:19:55]  foxnax: Maaaan
[18:19:56]  heisen_brg: @UselessMouth Так тебя видно ты просто же красный свет не оставляешь
[18:19:56]  skaldet_jordegern: Starege
[18:19:58]  claymore3d: бези за тёлкой ты её ещё ни разу не вешал
[18:19:58]  gexahord: Омг
[18:19:59]  fapah002: они другой заводят же не?
[18:19:59]  unguentarium: monkaW
[18:20:00]  hacciiberry: MMMM
[18:20:03]  ggb0109: YEP
[18:20:03]  ohnocancer: Starege peepoRun peepoRun
[18:20:06]  b1azershd: PogT
[18:20:08]  sedflower: Okayeg
[18:20:08]  unguentarium: PogT ДАВАЙТЕ
[18:20:10]  solar_shard_of_the_sun: НЫА
[18:20:11]  gexahord: Вот они, игры на низком рейтинге
[18:20:12]  maslinch: LUL LUL LUL
[18:20:14]  quicksilver695: @UselessMouth нокай нокай их
[18:20:15]  magazin2000: стример фоткается?
[18:20:15]  matthewmehh: MMMM
[18:20:16]  nightbot: Оставайтесь на связи - подписывайтесь на мою телегу: https://t.me/chichardio FeelsSupportMan
[18:20:21]  b1azershd: aBolf блять
[18:20:25]  vers_j: uzyVeryPog
[18:20:28]  vsevkad: aRolf
[18:20:30]  sedflower: Prayge еще одного
[18:20:31]  valiter_: peepoLove кукусики чат
[18:20:32]  bluefintuna: uzyVeryPog
[18:20:34]  cebactopojlb_1914: @akulabt Эта катка бы уже закончилась минут 5 назад как бы, этот билд работает ток на подвалы с сурвами на лоу рангах, где ты повешенных кемпишь и ждешь сурвов, или ради фана
[18:20:34]  robo_fx: Они уже там обоссались от страха aBolf
[18:20:35]  p4zdel: пиздец блять ну нахуй эти ставки с этим 322
[18:20:36]  sarrowdeep: @akulabt с подвалом билд под инвиз и подвал делать, то да, сильно. Двоих стабильно будешь убивать
[18:20:39]  sotojik: @valiter_ peepoHey
[18:20:40]  bluefintuna: uzyVeryPog
[18:20:40]  unguentarium: ДАДАДАДАД
[18:20:40]  b1azershd: @valiter_ peepoHey
[18:20:42]  unguentarium: БЕГИТЕЕЕЕ
[18:20:43]  aleshka132: TrollDespair
[18:20:45]  sadahichini: @valiter_ peepoHey
[18:20:46]  semyonsilent: PeepoRunCry
[18:20:46]  ohnocancer: Sadge
[18:20:48]  valiter_: peepoHappy
[18:20:50]  cyberdip: Aware
[18:20:51]  sedflower: Prayge еще одного пчела
[18:20:51]  vveresk: Sadge
[18:20:54]  maslinolovvov: Проебали Sadge
[18:20:55]  atariall: Starege
[18:20:59]  robo_fx: Девачки всем привет peepoHey
[18:20:59]  slavmayer: TrollDespair
[18:21:02]  xinomixi_x: Starege
[18:21:05]  claymore3d: кря
[18:21:05]  b1azershd: SadCat
[18:21:07]  matthewmehh: Starege
[18:21:07]  evi1dre4ms: PogT
[18:21:08]  alan4ito: ахахах приседает еще aRolf
[18:21:10]  sedflower: aRolf
[18:21:10]  nightbot: Деньги с подписок Твича сейчас не доходят до меня.... TrollDespair Если хочешь подписаться и поддерживать раз в месяц – подпишись на меня через Бусти! — https://boosty.to/uselessmouth PogU
[18:21:11]  vveresk: Clap
[18:21:13]  valiter_: 2Head
[18:21:13]  fapah002: он примерно раз 7 мог победить PogO
[18:21:14]  davianspecialservice: тычку для ускорения
[18:21:15]  rantaroq: Ричард опять на рофле FeelsLateMan
[18:21:17]  otluwf: манейс манейс
[18:21:17]  robo_fx: Убижаль Starege
[18:21:18]  icomick02: NOOOOO
[18:21:21]  bluefintuna: @FaPaH002 раз 20
[18:21:24]  xinomixi_x: catJAM
[18:21:24]  sedflower: PauseChamp
[18:21:26]  47akeh: MEGALUL Squid4 gachiRollBack
[18:21:26]  quicksilver695: @FaPaH002 И НЕ ГОВОРИ.... сука как же я зол из-за не раскрытого потенциала
[18:21:26]  left3000: GIGARICH терпение как у самурая
[18:21:28]  cebactopojlb_1914: @FaPaH002 В этом и гениальность
[18:21:28]  sedflower: aRolf
[18:21:28]  solar_shard_of_the_sun: @FaPaH002 зануда Pog
[18:21:29]  vers_j: как же ему похуй EZ Smoke
[18:21:29]  sotojik: monkaW
[18:21:30]  semyonsilent: uzyAROLF
[18:21:30]  wilterstill: PogO  ставки не делаем, чичард рофлит
[18:21:34]  vveresk: Weirdga
[18:21:39]  qlemonych: 4Head
[18:21:39]  sedflower: блять
[18:21:39]  akylus_: найс перк
[18:21:39]  sotojik: aRolf
[18:21:40]  alan4ito: сурвы просто: Clueless
[18:21:40]  claymore3d: уполз
[18:21:41]  baditarakan: ИЗИ
[18:21:41]  ggb0109: aRolf
[18:21:42]  slavmayer: Aware
[18:21:43]  wilterstill: TrollDespair
[18:21:44]  sedflower: peepoRIP
[18:21:44]  b1azershd: ⣿⣿⣿⣿⣿⣿⣿⣿⣿⣿⣿⣿⣿⣿⣿⣿⣿⣿⣿⣿⣿⣿⣿⣿⣿⣿⣿⣿ ⣿⣿⣿⣿⣿⣿⣿⠟⠋⠉⠉⠉⠉⠉⠛⠻⠛⠉⠉⠛⠉⠻⢿⣿⣿⣿⣿⣿⣿ ⣿⣿⣿⣿⣿⣿⠃⠄⣠⡶⢶⣶⣄⠄⠄⠄⢀⣴⣶⣶⣄⠄⠈⠻⣿⣿⣿⣿⣿ ⣿⣿⣿⣿⠟⠁⠄⠄⣿⡇⢀⢻⣿⣷⡀⢰⣿⣿⠁⠈⣿⡇⠄⠄⠙⢿⣿⣿⣿ ⣿⣿⠟⢁⣀⣀⣀⡀⢿⡇⠘⣸⣿⣿⠁⢿⣿⣿⡘⠄⣿⠇⣀⣀⣀⣀⡉⠻⣿ ⡿⢃⣵⣿⣿⣿⡿⣿⠈⠻⠿⣿⠿⢋⣄⡜⠿⣿⣿⡾⠋⢠⡿⣿⣿⣿⣿⣦⡈ ⢁⣿⣿⠿⠿⣿⣧⡈⠓⠄⠄⣀⣤⣾⣿⣿⣦⣀⠄⠄⠄⠚⢁⣼⣿⣿⣿⣿⣿ ⣾⡿⢁⢶⣦⡈⠿⣿⣿⣿⣿⣿⣿⣿⣿⣿⣿⣿⣿⣷⣾⣿⡿⢋⣭⡍⠙⣿⣿ ⣿⠃⣾⣄⠻⣿⣦⣈⡛⠻⠿⢿⠿⢿⣿⣿⠿⠿⠿⠟⠛⣁⣴⣿⠏⣡⠄⢿⣿ ⠙⠂⠙⣿⣷⣄⡙⠛⠻⠿⣶⣶⣶⣶⣶⣶⣶⣶⡶⠿⠿⠛⢋⣠⣾⡟⠄⠚⠛ ⣶⣤⡀⠄⠙⠻⠿⢷⣶⣦⣤⣤⣤⢤⣤⣤⣤⣤⣤⣴⣶⣾⠿⠟⠋⠄⠄⢀⣠ ⠟⣛⣩⣴⣤⣀⠄⠄⠄⠄⠉⠉⠈⠈⠉⠉⠉⠁⠄⠄⠄⠄⠄⠄⠄⣀⣐⣛⣻ ⣾⣿⣿⣿⣿⣿⣿⣷⣶⣶⣤⣤⣤⣤⣤⣤⣄⣠⣤⣤⣤⣤⣶⣾⣿⣿⣿⣿⣿ ⣿⣿⣿⣿⣿⣿⣿⣿⣿⣿⣿⣿⣿⣿⣿⣿⣿⣿⣿⣿⣿⣿⣿⣿⣿⣿⣿⣿⣿
[18:21:45]  xinomixi_x: PogO
[18:21:45]  akulabt: @SarrowDeep, @CEBACTOPOJLb_1914 ну это да, ну а как доджить если сан стоит за стенкой и тебе не повезло с выбранным геном
[18:21:46]  unguentarium: PogT ЕБАААА
[18:21:47]  zeusjustzeus: он приседает ещё aBolf
[18:21:47]  kit_gn: Нахуй такие ставки
[18:21:47]  semyonsilent: PogT
[18:21:47]  ohnocancer: WeirdChamp
[18:21:48]  baditarakan: Юзя выйграл?
[18:21:48] 
[18:21:49]  vers_j: Starege
[18:21:49]  sotojik: Starege
[18:21:49]  akashsailor: изи
[18:21:49]  xpa1nx_: хорош
[18:21:49]  valiter_: WeirdChamping WeirdChamping WeirdChamping
[18:21:51]  fapah002: как же они наверно гордятся тем что стример поддавался PogO
[18:21:51]  semyonsilent: +ачивка
[18:21:52]  ilyxi41: Kurica
[18:21:52]  quicksilver695: @UselessMouth ТЫ ЖЕ МОГ их захуярить, ЧЕГО СМОТРЕЛ ТА ?
[18:21:53]  kpacho3hamehck_boehkomat: Ого карта кс неплохо выглядит уже
[18:21:55]  robo_fx: Лучший не душный ман EZ
[18:21:56]  cebactopojlb_1914: Ебало 4 варианта разорвано
[18:21:56]  lychok4: 322
[18:21:56]  netsu_59: Kurica
[18:21:56]  alexloli159: ебать
[18:21:56]  ereminus: Sadge
[18:21:57]  quicksilver695: 322
[18:21:57]  b1azershd: насрал
[18:21:57]  aplonch: EZ
[18:21:58]  akashsailor: +6600
[18:21:58]  quicksilver695: 322 322
[18:21:58]  tanos_s_bybnom: +33к EZ
[18:22:00]  quicksilver695: 322
[18:22:00]  atmdat: 322
[18:22:00]  adazaika: GIGACHAD
[18:22:01]  vveresk: GIGACHAD
[18:22:01]  otluwf: +3 тыщи
[18:22:01]  maslinolovvov: Идеальное убийство NotLikeThis NotLikeThis NotLikeThis
[18:22:01]  quicksilver695: 322 322
[18:22:01]  foxnax: @UselessMouth у тебя есть перк Hysteria, он тоже дает инвиз когда ранишь здорового выжившего
[18:22:02]  g3rkul3s: Basedge BlueTime
[18:22:03]  bluefintuna: 6.63 кэф uzyVeryPog
[18:22:03]  cyberdip: -10к Clueless
[18:22:05]  xinomixi_x: третий тибэгнул
[18:22:06]  sotojik: 322
[18:22:06]  cosmarik: ЕБАНЫЙ РОТ, ЭТОГО КАЗИНО
[18:22:09]  chernyakhovskii: -20 SadCat
[18:22:10]  b1azershd: Starege
[18:22:12]  unclevs: те, кто первый раз на потоке, ставим на 3 или 4 Starege
[18:22:12]  xinomixi_x: не считается Starege
[18:22:14]  tanos_s_bybnom: СЮДА БАБКИ
[18:22:15]  vveresk: KEKW
[18:22:19]  lokdog: ez
[18:22:21]  akylus_: +1 мил EZ
[18:22:23]  sedflower: TrollDespair с поддавками сложно ставки делать
[18:22:25]  aplonch: +120к EZ
[18:22:27]  47akeh: УОТАКОТ
[18:22:27]  heisen_brg: @UselessMouth Когда бьёшь сурва у выхода прям бей крутя камеру в сторону, сурв падает в то направление куда смотришь и не успевает убежать
[18:22:28]  quicksilver695: @SedFlower вово
[18:22:30]  sotojik: Starege 👍 класс
[18:22:34]  hotspiritfire: Kurica
[18:22:34]  vveresk: peepoPooPoo
[18:22:35]  rantaroq: Короче ясно,ставки больше не надо блять TrollDespair
[18:22:36]  alexloli159: +80к EZ
[18:22:37]  heisen_brg: сучара я ему гайд написал а он ушёл
[18:22:42]  valiter_: Kurica
[18:22:45]  foxnax: aRolf
[18:22:47]  unguentarium: я в табличке PogT
[18:22:47]  cosmarik: величайший скам, который я видел
[18:22:49]  ereminus: Kurica
[18:22:50]  sarrowdeep: @akulabt ну эта абилка обычно юзается при кемпинге сурва на крюке, там кроме как ловить хит и убегать никаких вариантов нет.
[18:22:56]  donsalieri: @Quicksilver695 представь что ты рофлишь и сразу станет понятно на что ставить
[18:22:58]  kpacho3hamehck_boehkomat: ПОЧЕМУ Я САБ
[18:22:58]  semyonsilent: @Heisen_Brg Maaaan
[18:23:05]  quicksilver695: @DonSalieri понял aRolf
[18:23:09]  sarrowdeep: @akulabt а вот кемпящий буба не контрится ничем))
[18:23:09]  sotojik: any Kurica 's in chat?
[18:23:11]  ay_kard: YEP
[18:23:12]  heisen_brg: @SemyonSilent TrollDespair
[18:23:16]  unguentarium: Kurica
[18:23:18]  akulabt: чат я новую ставку завел может так будет чуть понятнее на что ставить
[18:23:19]  ostas_: Kurica
[18:23:21]  foxnax: catJAM
[18:23:22]  akylus_: any KKona s in chat
[18:23:24]  nekichi: Kurica
[18:23:24]  vveresk: MEGALUL обмотан изолентой
[18:23:28]  semyonsilent: @KPACHO3HAMEHCK_BOEHKOMAT TrollDespair
[18:23:34]  myfus: catJAMMER
[18:23:36]  xibanned: 1к на стул смотрят
[18:23:37]  cyberdip: Kurica
[18:23:44]  solar_shard_of_the_sun: @KPACHO3HAMEHCK_BOEHKOMAT
[18:23:44]  turtulya: catJAMMER
[18:23:44]  akulabt: ставки ставочку ставуленьки PogT
[18:23:48]  omnis__: Kurica стоит
[18:23:54]  robo_fx: 2HEad
[18:23:55]  foxnax: ayyPls
[18:24:04]  vveresk: zxcDance
[18:24:04]  quicksilver695: Kappa
[18:24:05]  ereminus: Goose
[18:24:09]  akulabt: @SarrowDeep, ага
[18:24:11]  kpacho3hamehck_boehkomat: @SemyonSilent @Solar_Shard_of_the_Sun
[18:24:15]  xibanned: тут не боты есть? 1к стул смотрят вы бы хотя бы не писали фейк сообщения
[18:24:19]  vsevkad: Мне кажется лучше писать - сколько рич убьет
[18:24:22]  heisen_brg: Блять не стрим а рай лудомана какой то!!!!
[18:24:25]  kisllation: въебала 54к в прямом эфире
[18:24:26]  sotojik: KPACHO3HAMEHCK_BOEHKOMAT TrollDespair
[18:24:26]  b1azershd: catJAMMER
[18:24:26]  donsalieri: все кто ставит "никто не уйдет" - спасибо донатеры aRolf
[18:24:34]  cyberdip: Clueless
[18:24:34]  cebactopojlb_1914: Блять как же я хочу за немезиса поиграть, но ебучие разрабы блять русских хейтят WAYTOODANK
[18:24:41]  ereminus: Kurica
[18:24:44]  akulabt: челы реально думают Ричард никого не отпустит aRolf
[18:24:48]  quicksilver695: 4Head 4Head 4Head 4Head
[18:24:51]  foxnax: Kurica
[18:25:04]  maslinch: @cebactopojlb_1914 так на староннем сайти купи
[18:25:05]  semyonsilent: @kisllation Starege ?
[18:25:06]  heisen_brg: челы реально думают Ричард кого-то отпустит aRolf
[18:25:06]  unguentarium: @kisllation Хоть не денег TrollDespair
[18:25:08]  bluefintuna: @CEBACTOPOJLb_1914 так dlc можно купить
[18:25:09]  b1azershd: Basedge BlueTime 2
[18:25:11]  omnis__: Kurica никто не уйдёт
[18:25:12]  nightbot: Оставайтесь на связи - подписывайтесь на мою телегу: https://t.me/chichardio FeelsSupportMan
[18:25:12]  kisllation: могу денег
[18:25:30]  ereminus: давай
[18:25:37]  myfus: catJAM
[18:25:39]  foxnax: catJAMMER
[18:25:41]  myfus: catJAMMER
[18:25:41]  cebactopojlb_1914: @BluefinTuna Так как? на сайтах оверпрайс, а за это отвавать сток деняг не хочется. Лучше подождать пока в стим вернут
[18:25:58]  omegasrakow: Kurica
[18:25:58]  unguentarium: Кому отсыпать? Я после двух успешных ставок мультимиллиардер EZ
[18:26:04]  hotspiritfire: uzyChaos
[18:26:04]  xibanned: хаххахах челы ставят на баллы в твиче
[18:26:07]  bluefintuna: @CEBACTOPOJLb_1914 в русском стиме нет дбд ?
[18:26:15]  maslinch: @cebactopojlb_1914 на plati.ru посмотри
[18:26:16]  xibanned: вместо того чтобы поднимать доллары
[18:26:20]  cebactopojlb_1914: @BluefinTuna Его убрали
[18:26:24]  maksisyaxgod: бля куда он уходит постоянно
[18:26:25]  bluefintuna: @CEBACTOPOJLb_1914 Maaaan
[18:26:51]  cebactopojlb_1914: @BluefinTuna Значительную часть игр из стима убрали прост
[18:27:07]  nutdragon: стример стул
[18:27:09]  cebactopojlb_1914: @BluefinTuna Даже РДР2 кстати
[18:27:11]  xibanned: PogO
[18:27:36]  myfus: catJAMMER
[18:27:49]  foxnax: MorshuPls
[18:27:51]  theowloflife: headBang
[18:27:52]  cebactopojlb_1914: @Maslinch Я там смотрел недавно, все есть кролме немезиса Starege
[18:27:53]  robo_fx: Идеальный мужчина стоит
[18:28:06]  foxnax: @robo_fx, соглы YEP
[18:28:08]  nightbot: Деньги с подписок Твича сейчас не доходят до меня.... TrollDespair Если хочешь подписаться и поддерживать раз в месяц – подпишись на меня через Бусти! — https://boosty.to/uselessmouth PogU
[18:28:14]  xibanned: изи баллы лошки
[18:28:18]  bluefintuna: !trade
[18:28:21]  xibanned: спс за кеф
[18:28:24]  heisen_brg: а чо чат поумнел? где пасты про стул стримит?
[18:28:25]  bluefintuna: !трейд
[18:28:25]  nightbot: Ссылка на трейд оффер в Steam: https://steamcommunity.com/tradeoffer/new/?partner=55282568&token=Bzh-EXvc
[18:28:25]  maslinch: @cebactopojlb_1914 Maaaan
[18:28:44]  xibanned: легкие баллы
[18:28:52]  xibanned: как же я хорош
[18:28:56]  heisen_brg: где пасты про "ало у вас стример пропал"? умные дохуя?
[18:29:03]  heisen_brg: повзрослели?
[18:29:07]  supergrib: где пасты про "ало у вас стример пропал"? умные дохуя?
[18:29:10]  foxnax: KEKWait
[18:29:11]  masya311: А чё теперь не будет синих и красных? Sadge
[18:29:15]  vor_007: где пасты про "ало у вас стример пропал"? умные дохуя?
[18:29:20]  quicksilver695: МНЕ ПОХУЙ.  верю, что убийца внутри Рича проснется, и как следует отыграется за предыдущий раунд, повесив всех НА КУКАНЧИК, а те будут молить об отсосе. Я/МЫ -- БЕЛИВЕР EZ
[18:29:21]  xibanned: где пасты
[18:29:22]  maslinch: где пасты про "ало у вас стример пропал"? умные дохуя?
[18:29:26]  nxtaherx: всем привет peepoHey
[18:29:30]  ostas_: @vor_007 да Basedge
[18:29:33]  xibanned: пизда
[18:29:37]  myfus: polarExtreme
[18:29:37]  heisen_brg: TrollDespair сука
[18:29:38]  zeusjustzeus: aRolf 👉 BlueTime
[18:29:38]  valiter_: @nxtaherx peepoHey
[18:29:43] HiPoi subscribed at Tier 1. They've subscribed for 9 months!
[18:29:43]  unguentarium: @Quicksilver695 TeaTime Okayeg
[18:29:44]  robo_fx: Умный чат 5Head
[18:29:45]  foxnax: ratJAM
[18:29:49]  valiter_: Basedge BlueTime
[18:29:52]  ereminus: @nxtaherx peepoHey ку
[18:29:57]  b1azershd: PogT
[18:29:57]  supergrib: Basedge  BlueTime
[18:29:58]  xibanned: у кого какой iq
[18:29:59]  quicksilver695: @unguentarium GIGACHAD
[18:30:06]  valiter_: здарова pepeJAM
[18:30:08]  ostas_: Basedge BlueTime 2
[18:30:08]  b1azershd: у меня 0
[18:30:11]  xibanned: хочу повысить свою самооценку
[18:30:13]  supergrib: @xibanned 13 см
[18:30:14]  unguentarium: @Quicksilver695 Удачи FeelsStrongMan Clap
[18:30:19]  robo_fx: Мой IQ отображается слева от ника Basedge
[18:30:20]  nightbot: Оставайтесь на связи - подписывайтесь на мою телегу: https://t.me/chichardio FeelsSupportMan
[18:30:21]  ereminus: @Quicksilver695 не сдавайся GIGACHAD
[18:30:26]  cluckandy: апф
[18:30:29]  cluckandy: афк
[18:30:29]  quicksilver695: @unguentarium GIGACHAD тебе тоже, надеюсь победишь
[18:30:38]  unguentarium: GIGACHAD
[18:30:39]  quicksilver695: @ereminus НЕ БУДУ, Я ТОЛЬКО НАЧАЛ GIGACHAD
[18:30:41]  valiter_: @robo_fx 2,5 iq? Basedge
[18:30:42]  xibanned: фу
[18:30:44]  robo_fx: Kreygasm
[18:30:44]  ereminus: PogT
[18:30:44]  ostas_: pogtq
[18:30:44]  unguentarium: PogT PogT PogT PogT
[18:30:45]  nxtaherx: PogT
[18:30:48]  ostas_: PogT
[18:30:51]  valiter_: PogT PogT PogT
[18:30:52]  nobodyknowslayer: PogT RARE
[18:30:54]  nekichi: есть умные дохуя? Starege
[18:30:54]  valiter_: peepoFAT peepoFAT peepoFAT peepoFAT
[18:30:57]  maslinch: PogT
[18:30:59]  mrphoenix131: pOGt
[18:30:59]  qkepler: блинцы peepoFAT
[18:31:00]  sedflower: peepoFAT
[18:31:00]  foxnax: PogT
[18:31:00]  semyonsilent: PogT
[18:31:01]  heisen_brg: Куда унёс то? верни бля дай похавать
[18:31:01]  zeedeen: PogT
[18:31:01]  ereminus: приятного
[18:31:01]  mrphoenix131: PogT
[18:31:01]  mrslowcake: PogT
[18:31:01]  xibanned: а с чем
[18:31:03]  b1azershd: PogT БЛИНИ
[18:31:03]  sotojik: PogT ТЫ КТО
[18:31:06]  xibanned: да
[18:31:10]  semyonsilent: @UselessMouth приятнейшего аппетита
[18:31:15]  fildavis: а ну давай
[18:31:17]  xibanned: с чем блины
[18:31:19]  vladimir_live: всем приятного
[18:31:19]  omegasrakow: приятного
[18:31:21]  unguentarium: ОН ЩА ВСЮ ИГРУ ЕСТЬ БУДЕТ aRolf
[18:31:22]  atariall: Starege бля ставка была? я свернусля
[18:31:27]  pologowskiy: желанный гость на любом празднике 🙂👉 @Uselessmouth
[18:31:27]  quicksilver695: @UselessMouth А ты в этот раз в поддавки будешь играть? было хоть раз когда ты всех выносил ?
[18:31:32]  nxtaherx: @UselessMouth можешь сказать всем привет с вами юзя пожалуйста SadCat
[18:31:32]  quicksilver695: @UselessMouth приятного
[18:31:33]  xibanned: с мясом Starege
[18:31:34]  alexloli159: MEGALUL
[18:31:36]  valiter_: С МЯСОМ?  PogT
[18:31:38]  sotojik: MEGALUL
[18:31:38]  relaskis_: Блины с Basedge
[18:31:40]  valiter_: С МЯСОМ PogT
[18:31:46]  heisen_brg: @UselessMouth Да бля погоди обновляется не успеваю заснайпить!
[18:31:51]  wilterstill: TrollDespair
[18:31:52]  nobodyknowslayer: TrollDespair С МЯСОМ...
[18:31:52]  dbdgavno: dctv ghbdtn
[18:31:56]  dbdgavno: всем привет
[18:31:58]  ereminus: MEGALUL
[18:31:59]  ostas_: блины с Starege
[18:31:59]  xibanned: aRolf
[18:32:01]  robo_fx: Он специально. Чтобы показать свою доминацию и контроль над ситуацией EZ
[18:32:06]  cebactopojlb_1914: Ахахаха немезис на плати сру стоит 1500р
[18:32:10]  ostas_: блины с aRolf
[18:32:16]  quicksilver695: @UselessMouth GIGACHAD КОНТРОЛЬ НАД СИТУАЦИЕЙ У ТЕБЯ
[18:32:19]  valiter_: Чё вам не нравиться блины с мясом? PogO
[18:32:28]  nobodyknowslayer: Я не пойму, это звуки в игре чавкания или блинов? 0_0
[18:32:31]  solar_shard_of_the_sun: @UselessMouth ты играешь.  Это весело. А в чате полно киберкотлет, которым удовольствие доставляет только победа Sadge
[18:32:35]  heisen_brg: Ну пиздец не успел!
[18:32:36]  quicksilver695: бля лучше блинов с творогом нету. ПАРИРУЙТЕ.
[18:32:37]  xibanned: блины норм с молоком
[18:32:45]  xibanned: блины норм с молоком или кетчупом
[18:32:46]  ereminus: @nobodyknowslayer звуки блинов
[18:32:48]  maslinch: @cebactopojlb_1914 АХАХАХАХАЭЭА
[18:32:51]  ostas_: @xibanned GIGACHAD
[18:32:57]  sugagamugaga: я играю только на победу Madge
[18:32:59]  valiter_: Блины с бананом и шоколадом peepoFAT
[18:33:13]  quicksilver695: @valiter_ сукааааааааааа ОБОЖАЮ
[18:33:13]  robo_fx: Кишкоблуды aBolf
[18:33:13]  bluefintuna: @Quicksilver695 ветчина сыр GIGACHAD
[18:33:15]  foxnax: у Немезиса еще бывают аддоны на скорость передвижения зомби
[18:33:21]  houvivivi: ЧАТ ВСЕМ ПРИВЕТ КТО ДРОЧИЛ + КТО СОБИРАЕТСЯ ++ КТО В ПРОЦЕССЕ +++
[18:33:21]  unclevs: завёрнутые блины/вареники с чем то кроме любой солёной начинки это aRolf полный же
[18:33:24]  quicksilver695: @BluefinTuna GIGACHAD
[18:33:26]  nobodyknowslayer: Блины с Воздухом GIGACHAD
[18:33:30]  ghos1ly: PotFriend Всем привет, я сральный горшок!
[18:33:30]  xibanned: блины норм с молоком или кетчупом или с яйцом или с кукурузой или с салями или с огурцом
[18:33:31]  antares064: блин с докторской колбаской peepoFAT
[18:33:39]  ereminus: @BluefinTuna GIGACHAD по факту
[18:33:42]  heisen_brg: Я если не выйграю я умру Madge это блять единственное что я могу в жизни ,чего я достиг это блять играть в эту игру и убивать я обязан на победу играть Madge
[18:33:45]  houvivivi: блин с докторской колбаской YEP
[18:33:48]  sarrowdeep: @Quicksilver695 если из сладких банан+шоколад, сгущёнка+орешки сосновые
[18:33:54]  valiter_: @quicksilver695 Блины со всем вкусные (кроме прям блевотных сочетаний по типу рыбы или ещё чёто)
[18:34:05]  luceferplay: до определенного ранга так будет
[18:34:08]  valiter_: @ghos1ly убери
[18:34:11]  zeusjustzeus: мммм
[18:34:12]  unguentarium: MMMM
[18:34:12]  valiter_: Привет
[18:34:12]  fishpoint: @UselessMouth в игре идет подбор игроков по скрытому ммр, который зависит от уровня твоих навыков
[18:34:13]  xibanned: блины норм с молоком или кетчупом или с яйцом или с кукурузой или с салями или с огурцом или с пирогом
[18:34:13]  dron_vor: uzyNom
[18:34:15]  robo_fx: OpieOP
[18:34:16]  quicksilver695: @valiter_ надеюсь каждый кто ел блины с рыбой попадет в чистилище, а не в рай.
[18:34:17]  foxnax: YEP
[18:34:17]  valiter_: coMMMMfy
[18:34:18]  lemon_1up: MMMM
[18:34:24]  quicksilver695: @Quicksilver695 ебать как же ХочЕца
[18:34:25]  ereminus: Pasedge TeaTime
[18:34:32]  tennesy__: бинансу пизда получается?
[18:34:33]  sugagamugaga: MMMM TeaTime
[18:34:39]  vanovist: uzyNom
[18:34:43]  heisen_brg: надеюсь каждый кто ел попадёт в чистилище а не в рай
[18:34:43]  tamagachi1: uzyNom
[18:34:45]  quicksilver695: БИБнансу конец?
[18:34:46]  deadrein: Уважайте классику - блинны с говном Pasedge
[18:34:46]  valiter_: @quicksilver695 блины peepoFAT
[18:34:50]  zjioe_ajloe: uzyNom
[18:34:55]  quicksilver695: @valiter_ peepoFAT
[18:34:57]  vladimir_live: aRolf
[18:34:58]  xibanned: блины с чипсами кто пробовал?
[18:34:59]  thelastgordon_: uzyNom
[18:35:00]  slavmayer: Starege
[18:35:02]  ilyxi41: Навозный пирог
[18:35:07]  omnis__: Starege спасибо
[18:35:07]  heisen_brg: Трапезу не нарушаем!
[18:35:10]  ereminus: Starege
[18:35:11]  omnis__: Starege 5
[18:35:12]  nightbot: Деньги с подписок Твича сейчас не доходят до меня.... TrollDespair Если хочешь подписаться и поддерживать раз в месяц – подпишись на меня через Бусти! — https://boosty.to/uselessmouth PogU
[18:35:13]  pologowskiy: Любит чай 👉 rprtr2MMMM
[18:35:13]  sugagamugaga: TrollDespair стоим
[18:35:13]  sotojik: ам аа Starege
[18:35:13]  slavmayer: 2?
[18:35:15]  fishpoint: нихуя я поинтов заработал оказывается Starege
[18:35:17]  cebactopojlb_1914: @Maslinch Бля еще отзывы понравились у этого товара: ,,Дороговато вышло чета'' ахахха
[18:35:20]  sotojik: MMMM TeaTime
[18:35:28]  unguentarium: WAYTOODANK
[18:35:31]  vanovist: открываем свой boobans Starege
[18:35:35]  foxnax: Kurica
[18:35:37]  antares064: MMMM TeaTime
[18:35:39]  b1azershd: Kurica
[18:35:42]  tennesy__: BOOBA NS
[18:35:45]  xibanned: блин сейчас как апну баллов
[18:35:47]  omnis__: Starege
[18:35:49]  xibanned: буду тратить
[18:35:57]  solar_shard_of_the_sun: aRolf
[18:35:57]  unguentarium: ныа получай тупой генератор
[18:35:58]  deadrein: ебать хит
[18:35:59]  mortymeer: ЮЗЯ! Када ЮПГ?
[18:36:00]  heisen_brg: Дико извеняюс пробегал кобанчиком увидел ваш Стрим чё тут? АХАХХААХ 🤣 бляяя 25+ лет мужику сидит в человечков играет нарисованных, я в твоих годах уже старший слесарь был)) ладно до встречи Задроты бляя)))
[18:36:01]  xibanned: куплю себе смайлов
[18:36:06]  solar_shard_of_the_sun: тупо мимо пробегал
[18:36:09]  sugagamugaga: aRolf
[18:36:09]  solar_shard_of_the_sun: SadCat
[18:36:12]  zeusjustzeus: aRolf
[18:36:12]  nightbot: Оставайтесь на связи - подписывайтесь на мою телегу: https://t.me/chichardio FeelsSupportMan
[18:36:14]  antares064: SadCat
[18:36:28]  xibanned: буду выделять свои сообещения
[18:36:37]  quicksilver695: НЫААААААААА
[18:36:37]  foxnax: челу реально похуй aRolf
[18:36:42]  xibanned: короче заживу
[18:36:43]  slavmayer: GIGACHAD зомбе
[18:36:53]  vega_911: челу просто до пизду вообще
[18:36:54]  gazikk: Maaaan руаим
[18:36:58]  fwxgk: Дико извеняюс пробегал кобанчиком увидел ваш Стрим чё тут? АХАХХААХ 🤣 бляяя 25+ лет мужику сидит в человечков играет нарисованных, я в твоих годах уже старший Kurica был)) ладно до встречи Задроты бляя)))
[18:37:02]  xibanned: АХХАХААХАХАХА
[18:37:09]  houvivivi: зашел короче недавно в дбд поиграть за киллера впервые за год, так мне кинуло ебаную пати из 1х рангов, они меня трахнули и приседали короче я опять нахуй удалил эту помойку
[18:37:24]  sugagamugaga: @houvivivi aRolf слабый
[18:37:26]  solar_shard_of_the_sun: @houvivivi TrollDespair
[18:37:33]  xibanned: чела попустили а он обиделся еще
[18:37:39]  robo_fx: Okayeg 👉 🍑 )l( O Jl A
[18:37:39]  vega_911: @houvivivi я теперь 90% времени на выжившем из-за такой хуйни катаю
[18:37:40]  sarrowdeep: @houvivivi Ахахаха понимаю
[18:37:44]  katojoomo: ayyPls это юля это это юля forsenPls forsenCD
[18:37:49]  omnis__: Starege
[18:37:53]  pepegalacomedia: @Robo_FX YEP
[18:37:53]  watersamura1: всем ку гайс
[18:37:55]  falos_beskonechny: @Robo_FX ЖОЛА Okayeg
[18:37:55]  robo_fx: Okayeg 👉 🍑 )l( O JT A
[18:37:58]  name_me_x: Приятного аппетита
[18:38:06]  treemaletv: чисто как не зайду че то ест
[18:38:08]  xibanned: че сука она делает
[18:38:08]  tanos_s_bybnom: @Robo_FX Причина бана факера YEP
[18:38:14]  solar_shard_of_the_sun: зажал в углу девочку и избивал ее своей тентаклей
[18:38:15]  unguentarium: Блины были с МЯСОМ MEGALUL
[18:38:29]  xibanned: это прям вообще цирк какой-то
[18:38:34]  netsu_59: aRolf
[18:38:34]  xibanned: на что я баллы поставил
[18:38:34]  b1azershd: aBolf
[18:38:40]  maksisyaxgod: aRolf
[18:38:41]  xibanned: ебаный пиздец
[18:38:42]  sugagamugaga: Okayeg
[18:38:42]  pologowskiy: Не кушает, а принимает пищу
[18:38:49]  slavmayer: помню играл с тимой токсиков, в итоге всех положил, решил не вешать, а оставить лежать их, а сам пошел чай делать, когда вернулся - все сбежали TrollDespair ебучий стояк
[18:38:55]  onized: Принимает на ротан
[18:38:56]  b1azershd: отпизди хотя бы двух, христа ради SadCat
[18:39:03]  cyberdip: ещё одного Prayge
[18:39:10]  sugagamugaga: @slavmayer aRolf
[18:39:11]  vladimirkovalev39: uzyTroll
[18:39:12]  vega_911: зачем он так делает? Мне больно pepeSmoke
[18:39:15]  unguentarium: @SlavMayer А прием здесь стояк YEP
[18:39:19]  ereminus: uzyPls
[18:39:19]  netsu_59: PogT
[18:39:20]  zjioe_ajloe: PogT
[18:39:20]  springextra: Starege
[18:39:20]  foxnax: MorshuPls
[18:39:20]  b1azershd: Starege
[18:39:20]  atariall: uzyPls
[18:39:20]  qlemonych: Starege
[18:39:21]  semyonsilent: PogT
[18:39:22]  sotojik: Starege
[18:39:22]  tanos_s_bybnom: Starege
[18:39:23]  netsu_59: Starege
[18:39:24]  ohnocancer: Starege
[18:39:25]  omnis__: Starege spasibo
[18:39:26]  unguentarium: иии....
[18:39:26]  semyonsilent: Starege S
[18:39:29]  bfg_pashkevich666: ебать он решил за маньяка
[18:39:31]  xibanned: S
[18:39:33]  ereminus: Starege
[18:39:34]  xibanned: ass
[18:39:34]  bfg_pashkevich666: с чего это вдруг
[18:39:40]  nas_ral: Starege
[18:39:43]  sugagamugaga: @bfg_pashkevich666 так давно уже
[18:39:45]  slavmayer: @unguentarium перк такой gachiHYPER
[18:39:46]  stareges: @UselessMouth на твиче больше не возобновляеться
[18:39:52]  zeusjustzeus: Kurica этот звук шагов ебаки
[18:39:54]  bfg_pashkevich666: @sugagamugaga я токо пришев
[18:39:56]  semyonsilent: Starege
[18:39:57]  netsu_59: MMMM
