# Start logging at 2022-05-09 22:56:43 RTZ 2 (зима)
[22:56:43]  cykonte: У вас все на а блять, карты перемешайте
[22:56:43]  treni: уну
[22:56:43]  treni: угу
[22:56:45]  elliotdontcry: угу эм, угу ам
[22:56:46]  dragongisimo: 11-19
[22:56:47]  nadi_ameon: дельфин
[22:56:49]  devyyx7: алькатрас
[22:56:49]  shamelessliar: альбатрос
[22:56:50]  toront1c: алькотрас
[22:56:51]  iospot9: дельфин
[22:56:51]  mozliloyd: алькатрас
[22:56:51]  boodooppl: Алькатрасс
[22:56:51]  olkr41: алькатраз
[22:56:52]  p1sos2284: алькатрас
[22:56:52]  dragongisimo: 12-19
[22:56:53]  emil1234575: беркут
[22:56:53]  letsgetit143: мц
[22:56:53]  vladislav8890: ЧЕРНЫЙ ДЕЛФИН
[22:56:53]  w1nterrrrrrrrr: cmonBruh
[22:56:53]  yourrawwwrr: голубь
[22:56:54]  kulj4: хахфаххфахАФ
[22:56:54]  r01ce: алькотрас
[22:56:54]  j0paiiz: ЛЕБЕДЬ
[22:56:54]  lb2cl: АХХАХАХАХХАХАХ
[22:56:55]  alex_good_: аляска
[22:56:55]  jloxomop: алькатрас
[22:56:55]  letsgetit143: мца
[22:56:55]  uyuzcx: сидела
[22:56:56]  alexunder808: АЛЬКАТРАС
[22:56:56]  dissmilatebb: А-Ахуенно
[22:56:56]  bauer174: сова
[22:56:57]  grimstrawbery: ЧЕРНЫЙ ДЕЛЬФИН
[22:56:58]  inline_r: хахахаха
[22:56:59]  ludomanex: ахахаххаха
[22:57:00]  gr1mmjow192: АХХАХАХАХАА
[22:57:00]  letsgetit143: черный дельфин
[22:57:00]  kulj4: ЧЕРНЫЙ ГОЛУБЬ
[22:57:00]  samuil2245: сова
[22:57:01]  segamozhet: банк
[22:57:02]  koltish95: сова
[22:57:04]  imasurov: АХФВЗАВФЗХАЗФЫВ
[22:57:04]  napalleon: счёт
[22:57:05]  nvlgn: ворон
[22:57:06]  treni: кошель
[22:57:06]  peperonin_x: носок
[22:57:06]  senioruss: БАНК
[22:57:06]  blackflamy: ПИНГВИН
[22:57:06]  alex_good_: банк
[22:57:07]  segamozhet: счёт
[22:57:07]  shpakkelfromnother: счет
[22:57:09]  iospot9: кошелек
[22:57:10]  uyuzcx: счёт
[22:57:10]  hopefordeath71: СЧЕТ
[22:57:13]  grimstrawbery: СЧЕТ
[22:57:13]  yafantom344: лебедь 5пиа
[22:57:14]  blackflamy: счет
[22:57:14]  shpakkelfromnother: счет в бнке
[22:57:15]  dmitri_13: белый лебедь
[22:57:15]  h0we1: портмоне
[22:57:18]  rhino20006: воровской бардачок
[22:57:18]  redjoln: ячейка
[22:57:19]  korkin_: @bybkinss @FallKon_M помогите на меня чел агрессивный напал и кажется он вооружен и опасен для чата
[22:57:19]  kinsleeyy: LUL LUL LUL
[22:57:21]  aspect_rall: банка
[22:57:21]  dtronntv: @lambrosum и нахера тут этот высер
[22:57:22]  slidy1: KEKW
[22:57:22]  solerno: банкабанк
[22:57:22]  be3u: счет
[22:57:22]  n3n4v1stn1k: ПИЗДААААА
[22:57:23]  evilalexa1: банка склянка
[22:57:23]  okpac: БАНКА СКЛЯНКА
[22:57:24]  froks15: нота
[22:57:25]  dilonbush: АХАхахаха
[22:57:25]  sibruslan: Ячейка
[22:57:26]  nvlgn: банкомат
[22:57:26]  dondigldon: ячейка
[22:57:29]  letsgetit143: банковский счет
[22:57:29]  yourrawwwrr: тын тын тын)
[22:57:30]  lolisadboy: Банкспермы
[22:57:31]  g_e_m_a_t_o_g_e_n: оба объяснять не умеют
[22:57:32]  treni: балалайка
[22:57:35]  segamozhet: балалайка
[22:57:35]  grimstrawbery: банкодень эаэаэаэуэаххвхв
[22:57:35]  mozliloyd: балалайка
[22:57:36]  shpakkelfromnother: укулеле
[22:57:36]  n3n4v1stn1k: БАКА ДЕНЬГИ БЛЯТЬ АХХАХАХ
[22:57:36]  xiroxiko: БАЛАЛАЙКА
[22:57:36]  lb2cl: БАЛАЛАЙКА
[22:57:36]  devyyx7: балалйка блять
[22:57:37]  blackflamy: балалайка
[22:57:39]  tinekey: балайка
[22:57:39]  vladislav8890: ГРОМЧЕ
[22:57:40]  imasurov: [А]13-15[С]
[22:57:40]  dissmilatebb: Во на Б пошло только
[22:57:41]  letsgetit143: балалайка
[22:57:42]  devyyx7: ДА
[22:57:42]  shamelessliar: да
[22:57:43]  taurensolo: балалайка
[22:57:43]  iamkeyrina: да
[22:57:43]  kinsleeyy: да
[22:57:43]  lb2cl: ДА
[22:57:44]  mifrado_ez: да
[22:57:45]  vitalii4536: ДА
[22:57:45]  dengii8: да
[22:57:45]  koltish95: да
[22:57:45]  okrips: да
[22:57:45]  okpac: ДА
[22:57:46]  senioruss: ДА
[22:57:46]  letsgetit143: да
[22:57:47]  med0eddd: да
[22:57:47]  hopefordeath71: БАЛАЛАЙКА КРУГЛАЯ
[22:57:47]  gr1mmjow192: да
[22:57:47]  werdasliestwirdausterben: да
[22:57:48]  sahakek: квадратная
[22:57:48]  arsenal_london_top1: во ебло
[22:57:48]  dableshuse: да
[22:57:49]  napalleon: ну да
[22:57:49]  kazr133: @lambrosum иди нахуй с чата со своим высером
[22:57:49]  betrayer_xrd: РОМБ
[22:57:49]  z_quasar: да
[22:57:50]  dragon_mira: нет
[22:57:51]  treni: централ сииии
[22:57:51]  flowzexx: о ахуенный трек
[22:57:53]  be3u: да ебло
[22:57:53]  imasurov: аВФЫХАЗФЫВХЗАХВФЫ
[22:57:55]  be3u: KEKW
[22:57:58]  imasurov: [А]13-15[С]
[22:57:58]  vitalii4536: ОТРЫТИЕ
[22:58:00]  okpac: КРУГЛАЯ ЕЩЕ
[22:58:01]  typo_krip: че за дрил хуярит
[22:58:01]  krinkir: Da
[22:58:01]  yourrawwwrr: круглая домра
[22:58:02]  dimpn13: трек пиздатый
[22:58:03]  blackflamy: домпа круглая
[22:58:04]  shmara_1: @g_e_m_a_t_o_g_e_n в чате ввебуешься, а вчера в дисе хвост поджал
[22:58:04]  uyuzcx: ряльноц
[22:58:04]  jopcorn: @follentass Круглая укулеле
[22:58:06]  imasurov: алькатрас ебло
[22:58:06]  g_e_m_a_t_o_g_e_n: чёъ
[22:58:06]  dissmilatebb: ПЕРЕМЕШАЙТЕ КАРТЫ @follentass У ВАС СЛОВА СНАЧАЛА ФУЛЛ А ПОТОМ Б ПОЙДЕТ
[22:58:07]  okpac: АЛЬКАТРАС
[22:58:07]  bebron14: Алькатрас
[22:58:07]  crytek2261: алькатрасс
[22:58:07]  v_o_r_o_h: Алькатраст
[22:58:07]  wildberies: АЛЬКАТРАС
[22:58:08]  elehamchik: Алькатрас есть
[22:58:08]  be3u: Алькатрас
[22:58:09]  squaqqq: белый лебедь
[22:58:09]  zelankrt: fkmrfnhfc
[22:58:09]  erid_exp: да
[22:58:09]  shamelessliar: птица есть
[22:58:09]  alexunder808: ХЗ
[22:58:09]  uncledag: а0хаха
[22:58:10]  0pyhax: АЛЬКАТРАС ЕСТЬ
[22:58:10]  boodooppl: Алкатрасс
[22:58:10]  bepol0m: Алькатрас
[22:58:10]  modernparadise: Алькатрас
[22:58:10]  1verz1: алькатрас
[22:58:11]  falc0n_ds: алькантрас
[22:58:11]  rabbit_ru: алькатрас
[22:58:11]  z_quasar: алькатрас
[22:58:11]  den1sarsentev: АЛЬКАТРАС
[22:58:12]  e__r__r__o__r__4__0__4: алькатрас
[22:58:12]  papika214: Алькатрас есть
[22:58:12]  ded701: Алькатрас??
[22:58:12]  kupuewku: Алькатрас
[22:58:12]  uyuzcx: нет
[22:58:12]  staneessenly: АЛЬКАТРАС
[22:58:12]  stufmgn: алькатрас
[22:58:12]  giterab: Алькатрас
[22:58:12]  k7d0t0: АЛЬКАТРАС ЕБЛАНЫ
[22:58:13]  lb2cl: АЛЬКАТРАС
[22:58:14]  mifrado_ez: алькатрас может?
[22:58:14]  dondigldon: нету вроде
[22:58:14]  sv1n0ta: алькатрас
[22:58:15]  spacetourism: АЛЬКАТРАС
[22:58:15]  segamozhet: @follentass Да, в фильме Скала была
[22:58:16]  bybkinss: @KoRkiN_ так ты первый хуйню в мой адресс написал ебанат
[22:58:16]  grimstrawbery: алькатрас етт
[22:58:16]  desper_415: балалайка восьмиугольная,не?
[22:58:17]  med0eddd: ххпхпахпахпа
[22:58:17]  staneessenly: АХВПХАВПХАВХПХАВХПАВХП
[22:58:17]  letsgetit143: алькатрас
[22:58:18]  be3u: Алькатрас KEKW
[22:58:19]  staneessenly: ВАХПАВХПХАВПХАВПХВАХПВАХ
[22:58:20]  schule_p: АХАХАХАХХАХА
[22:58:20]  dissmilatebb: ПЕРЕМЕШАЙТЕ КАРТЫ @follentass У ВАС СЛОВА СНАЧАЛА ФУЛЛ А ПОТОМ Б ПОЙДЕТ.
[22:58:20]  erid_exp: ахахахаа
[22:58:22]  solomonoff68: алькатрас
[22:58:23]  lambrosum: https://clips.twitch.tv/BrainyTsundereLlamaJonCarnage-9_gNq5MDtW8lJBDK
[22:58:23]  med0eddd: да
[22:58:23]  shamelessliar: да
[22:58:24]  uyuzcx: 5в3
[22:58:24]  loqenzy: да
[22:58:25]  i_xaera_i: PowerUpL DarkMode PowerUpR
[22:58:25]  rabbit_ru: да
[22:58:27]  ttv_horrendous: ДА ЭТО ПТИЦА
[22:58:28]  be3u: не далеко ушла KEKW
[22:58:28]  dissmilatebb: ПЕРЕМЕШАЙТЕ КАРТЫ @follentass У ВАС СЛОВА СНАЧАЛА ФУЛЛ А ПОТОМ Б ПОЙДЕТ
[22:58:30]  letsgetit143: да пташка \
[22:58:32]  dissmilatebb: ПЕРЕМЕШАЙТЕ КАРТЫ @follentass У ВАС СЛОВА СНАЧАЛА ФУЛЛ А ПОТОМ Б ПОЙДЕТ.
[22:58:33]  erid_exp: ВОРОН
[22:58:33]  imasurov: [А]13-15[С]
[22:58:34]  apotheoziz44: Андрей 15 - Соня 13
[22:58:37]  napalleon: 13-15
[22:58:38]  alex_horsun: Альбатрос это страховая компания
[22:58:39]  bybkinss: 13-15
[22:58:40] lambrosum has been timed out for 10m. 
[22:58:41]  apotheoziz44: Андрей 15 - Соня 13 BibleThump
[22:58:41]  e__r__r__o__r__4__0__4: 15 13
[22:58:42]  hi_boiz: Алькатрас ты подумала
[22:58:44]  imasurov: [А]13-15[С].
[22:58:47]  apotheoziz44: Андрей 15 - Соня 13 LUL SeemsGood
[22:58:49]  apotheoziz44: Андрей 15 - Соня 13
[22:58:52]  peperonin_x: https://clips.twitch.tv/DeterminedYawningCucumber4Head-3BxjK1T4wWvzzA6L
[22:58:52]  backvodoooz: о Central Cee
[22:58:53]  treni: застрахуй братуху
[22:58:55]  uglyshnb: Андрей выиграл
[22:58:56]  imasurov: @apotheoziz44 ливни
[22:59:01]  backvodoooz: збс SourPls
[22:59:01]  kazr133: нет, сначала А потом Б
[22:59:04]  krinkir: Андрюха топи
[22:59:07]  erbolllka: Давай дрон топи
[22:59:08]  shamelessliar: ахахахах
[22:59:08]  dissmilatebb: Да
[22:59:14]  treni: переводчик
[22:59:15]  korkin_: @bybkinss опаять оскорбления... неадекват @FallKon_M
[22:59:16]  inrize: чел язык
[22:59:16]  xiroxiko: консул
[22:59:17]  shamelessliar: чел язык
[22:59:18]  gibonstv: BloodTrail BloodTrail
[22:59:18]  alex_good_: переводчтке
[22:59:19]  lb2cl: ХАХАХАХАХАХ
[22:59:19]  w1nterrrrrrrrr: KappaPride
[22:59:19]  erid_exp: хахахахаххахаа
[22:59:21]  dondigldon: п
[22:59:22]  treni: цестерна
[22:59:23]  ttv_horrendous: КАНИСТРА
[22:59:23]  be3u: че KEKW
[22:59:23]  yourrawwwrr: тара
[22:59:25]  dissmilatebb: Переводчик
[22:59:26]  napalleon: цистерна
[22:59:26]  pochtirad: асу
[22:59:27]  mozliloyd: бензовоз
[22:59:28]  uyuzcx: минус ей
[22:59:29]  dissmilatebb: Онли П
[22:59:29]  zelankrt: бензовоз
[22:59:31]  lb2cl: БЕНЗОВОЗ
[22:59:31]  vitalii4536: КАНИСТРА
[22:59:36]  h0we1: заебала пить
[22:59:37]  letsgetit143: батон
[22:59:39]  mozliloyd: ебаться
[22:59:40]  denishqeagle: Ебаться
[22:59:40]  den1sarsentev: ЕБАТЬСЯ
[22:59:42]  aspect_rall: трахаттся
[22:59:43]  ttv_horrendous: трахатся
[22:59:43]  0pyhax: ебаца
[22:59:43]  letsgetit143: ебаться
[22:59:44]  tvoylichniyxeiter: трахаться
[22:59:45]  tiredasfkkk: ебаться
[22:59:45]  lb2cl: ХАХАХААХАХХАХХАХААХХ
[22:59:46]  inrize: ебаться
[22:59:48]  dissmilatebb: А нихуя ладно
[22:59:50]  faorat: секситься
[22:59:51]  stav_gb: ебать
[22:59:51]  dissmilatebb: ебаться
[22:59:52]  tot_samyy_mr_nicolas__: ЧТО?
[22:59:59]  lb2cl: АХХАХАХАХАХХАХА
[22:59:59]  bybkinss: @KoRkiN_ ладно сходи говна наверни
[23:00:01]  dager2517: БЛЯТЬ СПАСИБО МОДЕРУ ЧТО ЗАХУЯРИЛ ЧЕЛА КОТОРЫЙ СПАМИЛ КЛИП ЕБЛАНА С СИГОЙ
[23:00:03]  faorat: чат
[23:00:03]  be3u: KEKW
[23:00:03]  alexunder808: ТВИЧ
[23:00:04]  bunga2732: follentassDronlove
[23:00:05]  uyuzcx: CoolStoryBob
[23:00:05]  quaffleee: канал ватарлс
[23:00:07]  imasurov: [А]13-20[С]
[23:00:07]  n3n4v1stn1k: хуя
[23:00:09]  cyberbombatv: СТРИМ АНДРЕЯ
[23:00:10]  cardh0lder: Lois
[23:00:10]  shpakkelfromnother: он гений
[23:00:12]  imasurov: СОНЯ ПОБЕДИЛА
[23:00:13]  zerok66690: Карагайка
[23:00:15]  jopcorn: нет
[23:00:16]  treni: фургон хахаха
[23:00:18]  erid_exp: холодня погода вообщето
[23:00:18]  e__r__r__o__r__4__0__4: 5
[23:00:19]  lb2cl: ФУРГОН БЛЯТЬ
[23:00:19]  gr1mmjow192: АХАХАХАХ
[23:00:19]  letsgetit143: нет
[23:00:21]  ttv_horrendous: где сука в фургоне бенз перевозят, уебок
[23:00:21]  dager2517: БЛЯТЬ СПАСИБО МОДЕРУ ЧТО ЗАХУЯРИЛ ЧЕЛА КОТОРЫЙ СПАМИЛ КЛИП ЕБЛАНА С СИГОЙ.
[23:00:22]  ediss0n01: как же он объясняет
[23:00:22]  ch3love4k: ахахаххаха
[23:00:22]  erid_exp: ХВХАХХАХАХАХ
[23:00:23]  roskomnad_bill: LUL
[23:00:23]  bybkinss: ВАЪХАЪВХХЪВАХЪАВ
[23:00:24]  erbolllka: ХАХАХАХАХ
[23:00:25]  nightbot: Попытай удачу выиграть скины: https://csfail.net/r/DRON1
[23:00:25]  lolisadboy: Вкхх
[23:00:25]  imasurov: ФВАХЗЫВЗХАЗХФЫВЗХАВЫЗХ
[23:00:25]  dondigldon: KEKW
[23:00:26]  koltish95: аххаахах
[23:00:26]  alex_good_: цистерна
[23:00:26]  bybkinss: МЕМОРИ
[23:00:26]  p1sos2284: УРА
[23:00:27]  unknxwnst: ХАХЪАЫХ
[23:00:27]  imasurov: ХФЫВЗАФЫВХЗАХВЗФЫ
[23:00:27]  i_rodion: ахахаххахахаха
[23:00:27]  shamelessliar: ахахахахаха
[23:00:27]  rhino20006: ФУРГОН БЛЯ
[23:00:27]  ediss0n01: ахахахах
[23:00:27]  g_e_m_a_t_o_g_e_n: блять спасибо мемори
[23:00:28]  zlyukkk: Фургон блять?
[23:00:28]  bybkinss: ЪХАВХЪАВЪХАВЪХАВ
[23:00:28]  shpakkelfromnother: мемори кто cock олд
[23:00:28]  korkin_: @bybkinss мамкин агрессивыч не выспался и кидается на всех
[23:00:28]  elik_fm: У Вас любовь?)
[23:00:28]  warrior_of_time: ахахахахахах
[23:00:28]  imasurov: ЫХВАЗФВЗАХЗХФЫВАЗХ
[23:00:29]  sebastiansadge: ФЫАВЫФОАЫФАФЫАЗЩЗОЫОЗЩАЫФОАЫФАЗОЩЫФА
[23:00:29]  gr1mmjow192: пиздецдрон
[23:00:29]  thedex86: LUL LUL LUL
[23:00:30]  be3u: KEKW .
[23:00:30]  nadi_ameon: ДА И ПОШЕЛ ОН НАХУЙ
[23:00:30]  nakh1: ахахахахаххаха
[23:00:30]  grayd_1: ТУДА ЕГО
[23:00:30]  fktswrld: ahahahahahh
[23:00:30]  mazur_fox: фургон хапххахаха
[23:00:31]  imasurov: ХФВАЗФЫВХАФЫВЗХЗАХ
[23:00:31]  jopcorn: за что? D:
[23:00:31]  linlush: BibleThump BibleThump BibleThump BibleThump BibleThump BibleThump
[23:00:31]  elehamchik: ХАХПАХАПХАПпах
[23:00:32]  frompotatorepublic: ахахахаххахаха
[23:00:33]  ediss0n01: лох
[23:00:33]  imasurov: ФЫВЗАХФЫВЗХХЗАФЫВЗХ
[23:00:34]  vipper_e: ахаахааххаха
[23:00:34]  pochtirad: ахахахахахах
[23:00:34]  aceoneq: аххахахахаххахаха
[23:00:34]  bybkinss: ТАК ОН ОСТАЛСЯ
[23:00:34]  shamelessliar: туда лоха
[23:00:35]  erid_exp: АЗАЗАХАХАХАХА
[23:00:35]  rabbit_ru: кого?
[23:00:35]  faorat: лох
[23:00:35]  kupuewku: ааахахах
[23:00:36]  imasurov: ХФЫВЗХАЗХВЗХАВЗХВАЫ
[23:00:36]  5evgen5: Да, мы же забанили
[23:00:36]  be3u: да знаем
[23:00:37]  211sixset: ТУДА ЕГО
[23:00:37]  crctay: кого?
[23:00:37]  lb2cl: НЕ ВЕЛИКА ПОТЕРЯ
[23:00:37]  shpakkelfromnother: axxaaxaxaxa
[23:00:38]  9igephbiu: LUL LUL LUL LUL
[23:00:38]  v_o_r_o_h: похуй
[23:00:38]  cheburek_777: ахахахахахпха
[23:00:38]  ivan5655655: Kappa Kappa Kappa
[23:00:38]  gibonstv: 4Head
[23:00:38]  n3n4v1stn1k: ХАХАХАХАХАХАХАХАХХАХАХА
[23:00:39]  quixoticjf: ахахахаахах
[23:00:39]  daanyaa: ахаххххххххаххаа
[23:00:40]  p1sos2284: ПОШЕЛ НАХУЙ МЕМОРИ
[23:00:40]  w1nterrrrrrrrr: туда его
[23:00:40]  vitalii4536: ЛОХ
[23:00:40]  waspas142: ахахахаха во долбаебы
[23:00:41]  fallkon_m: просто так 1к пиздец
[23:00:41]  dragongisimo: туда лоха
[23:00:41]  hef0rmat: туда его
[23:00:41]  yafantom344: аэхвхыххвхахв
[23:00:41]  dondigldon: его теперь так и будут травить
[23:00:42]  o0sergo0o: LUL LUL
[23:00:42]  al_kov: ТУДА ЕБЛАНА
[23:00:42]  unknxwnst: похуй помоему
[23:00:42]  imasurov: [А]13-20[С]
[23:00:42]  niksonio_: Мемори иди нахуй плиз
[23:00:42]  e__r__r__o__r__4__0__4: Ахахахахаха
[23:00:44]  mellvis_: ахаахаххаха
[23:00:44]  dayliens: туда
[23:00:44]  bezztop: хаахаххахмс
[23:00:44]  erid_exp: БОЕВЫЕ ДЖУНГАРИКИ РАЗЪЕБАЛИ
[23:00:44]  faorat: туда чмлрдяя
[23:00:44]  sunset___vn: LUL
[23:00:44]  anelaboratenickname: KEKW
[23:00:44]  aceoneq: хахахаххахаххах
[23:00:44]  koltish95: аххахахахаха
[23:00:44]  vipper_e: Туда его
[23:00:45]  senioruss: ЖАЛКО ДОБРЯКА
[23:00:45]  n3n4v1stn1k: туда его
[23:00:46]  orgasm_bomber: кого
[23:00:46]  letsgetit143: -мемори
[23:00:47]  wersy3: ахъахахахахаххахахаха
[23:00:47]  viegohighroller: проблемы куколда
[23:00:49]  imasurov: [А]13-20[С] @follentass соня победила
[23:00:50]  daanyaa: очень ждем
[23:00:50]  iospot9: туда его
[23:00:52]  cyberbombatv: Не жалко мне донат не кидал
[23:00:53]  letsgetit143: ебланоед
[23:00:54]  imasurov: блять чё
[23:00:55]  daanyaa: чтоб еще раз забанить его
[23:00:56]  imasurov: куда вы
[23:00:56]  senioruss: МЕМОРИ КРЕПИСЬ
[23:00:56]  faorat: попустили в попочку его узенькую зудую
[23:00:56]  new__kid__turbo: КАК ЖЕ ЕГО ДЕНЕГ БУДЕТ НЕ ХВАТАТЬ Kappa
[23:00:57]  imasurov: ебланы
[23:00:58]  yandexxeda: кто это
[23:00:58]  vosset_t: Пох
[23:00:59]  ttv_horrendous: ХАЛАТ
[23:00:59]  uyuzcx: за что?
[23:00:59]  shamelessliar: полотенце
[23:00:59]  iospot9: стояк
[23:00:59]  treni: халат
[23:01:00]  hi_boiz: Заслужил
[23:01:00]  gromiman: Х :с
[23:01:01]  shpakkelfromnother: xалат
[23:01:02]  alex_good_: халати
[23:01:02]  niksonio_: ДРОЧИ САМ, МЕМОРИ
[23:01:04]  aspect_rall: туда лоха
[23:01:04]  letsgetit143: халат
[23:01:05]  g_e_m_a_t_o_g_e_n: @imAsurov до 30
[23:01:06]  zaregal_4tobi_srat_vchat: а я думаю че так приятно в чате
[23:01:08]  deadbones13: Бля рил челы жалобы кидали на него? Делают нечего чтоли
[23:01:09]  firhar: Забанили за токсичность SeemsGood
[23:01:10]  shpakkelfromnother: таять
[23:01:13]  bonchichew: SadCat Остался терпила Андрей SadCat
[23:01:15]  imasurov: @G_E_M_A_T_O_G_E_N Понил
[23:01:16]  georg1n0: до 30 айвазов
[23:01:17]  cyberxsamurai: @imAsurov До 30
[23:01:21]  nightbot: Правила для чата:1)Оскарбление без причиныa)обзываться можно, но в рофлб)если оскарбление серьезное, то человек должен пояснить причину своего негодования, только если причина  Вывод: Если человек не поянил причину оскарбления, то отправляется в мут на 1 часПовторения нарушения приследует бан навсегда2)Бунт без причины, карается баном на 600 секунд3)Сравнение с другими стримерами в бан 600 секунд4)Не кто в этой жизни вам не чего не должен
[23:01:21]  be3u: че KEKW
[23:01:22]  shpakkelfromnother: свином
[23:01:22]  zlyukkk: Лед блять
[23:01:23]  al_kov: ЧКТ, МОЖЕТ ФАЛКОНА ЗАБАНИТЬ?
[23:01:23]  bybkinss: @KoRkiN_ хорошо, тогда зачем ты первый мне написал, еболдыш
[23:01:23]  viktorhangover: беглец
[23:01:24]  dengii8: свином?
[23:01:24]  treni: перерыв
[23:01:25]  mozliloyd: стоп
[23:01:25]  shpakkelfromnother: перерыв
[23:01:29]  ttv_horrendous: ПЕРЕРЫВ
[23:01:30]  shamelessliar: остановка
[23:01:32]  cyberxsamurai: F9
[23:01:32]  uyuzcx: пробел
[23:01:33]  desper_415: потс
[23:01:34]  gahhdxmnn: f9
[23:01:34]  kto_to_gvard: перерыв
[23:01:34]  alex_good_: перерыв
[23:01:35]  yourrawwwrr: остановка
[23:01:36]  shamelessliar: перерыв
[23:01:37]  ttv_horrendous: ЗАЛУПАКТ
[23:01:37]  g_e_m_a_t_o_g_e_n: боже
[23:01:38]  fallkon_m: @al_kov а может тебя?
[23:01:38]  lb2cl: АХХАХХАХХАХХАХАХ
[23:01:38]  ediss0n01: ахахаа
[23:01:38]  wersy3: перерыв
[23:01:40]  peperonin_x: KEKW
[23:01:40]  al_kov: ЧАТ, МОЖЕТ ФАЛКОНА ЗАБАНИТЬ?
[23:01:44]  be3u: KEKW
[23:01:44]  koltish95: перерыв
[23:01:44]  mishkaya: нахуй ты пиздишь в его время
[23:01:45]  napalleon: перекур
[23:01:45]  gibonstv: 4Head 4Head
[23:01:46]  aspect_rall: ору
[23:01:47]  1lyushkin: перерыв бля
[23:01:47]  jaton22: боже ты время тянешь дура
[23:01:49]  bozmek228: антракт KEKL
[23:01:49]  monstrillllo: он просто тупой
[23:01:53]  g_e_m_a_t_o_g_e_n: 2 еблана
[23:01:54]  elehamchik: АПхапхпахапхпа
[23:01:54]  be3u: тупым притворяется KEKW
[23:01:56]  aceoneq: аъъахахаххахахах
[23:01:57]  tt___xg0d: ебаться
[23:01:59]  tttemka: @al_kov нет, тебя
[23:02:04]  thearkansas: пздц блять
[23:02:05]  mishkaya: верните нахуй балы,она пиздит и тратит его время
[23:02:08]  epicsax: он не специально он тупень как сибирский валенок
[23:02:09]  crytek2261: бараны очки идут тому кто отгадывает
[23:02:12]  imasurov: [А]16-20[С]
[23:02:13]  kozyol: @follentass го видосы лучше посмотрим чепуха
[23:02:14]  napalleon: 16-20
[23:02:15]  be3u: 3
[23:02:19]  gr1mmjow192: а кто эта тёла
[23:02:19]  nightbot: Чем больше событий в твоем экспрессе, тем выше бонус на выигрыш – до +50% бонуса вместе с Экспрессом Экстра от Winline: https://bit.ly/3LnpcMO
[23:02:21]  erid_exp: ахаххаха
[23:02:22]  suzoyoshi: ясно токсик
[23:02:25]  g_e_m_a_t_o_g_e_n: всё пошла месть
[23:02:25]  dancingclown2: виноград
[23:02:28]  den1sarsentev: ахХАХААХ
[23:02:29]  apotheoziz44: ВЫ СУКИ ОТКАТ БАЛЛОВ, УСЛОВИЯ ЗАДАНЫ НЕПРАВИЛЬНО
[23:02:30]  p1sos2284: АХАХХАХ
[23:02:30]  korkin_: @bybkinss неадекват конечно... воспитывался , не? ты человека обозвал я тебе тоже самое и ответил иди проспись проблемы с памятью пройдут мб
[23:02:30]  mifrado_ez: вахвхвахвах
[23:02:30]  med0eddd: ххпахпахпах
[23:02:32]  okpac: ВОДКА
[23:02:33]  be3u: щя KEKW
[23:02:33]  shpakkelfromnother: xaaxaxaxxa
[23:02:34]  warrior_of_time: аххахахахаха
[23:02:35]  apotheoziz44: ВЫ СУКИ ОТКАТ БАЛЛОВ, УСЛОВИЯ ЗАДАНЫ НЕПРАВИЛЬНО NotLikeThis NotLikeThis NotLikeThis
[23:02:36]  lb2cl: ХАХХАХАХХААХХАХАХХАХАХ
[23:02:36]  shamelessliar: ахахахаха
[23:02:37] 从巨下 mef_1360: хахахахахаха
[23:02:37]  h0we1: оно че ваще
[23:02:37]  ttv_horrendous: ХАПЗХПАЗХЗХПАХЗПАХЗАПЗХАПХЗАПХЗЗПА
[23:02:38]  alex_good_: хахахаахахах
[23:02:38]  shpakkelfromnother: xxaaxaaaxxaxaaaxaxax
[23:02:38]  optimus_ante: ХАХАХАХАХАХ
[23:02:38]  erid_exp: ХАХАХАХАХАХАХА
[23:02:38]  schule_p: АХАААХАХХААХХААХХА
[23:02:39]  aceoneq: ахъахаххахахахахх
[23:02:40]  kaerman: АХХАХАХАХАХА
[23:02:41]  shpakkelfromnother: гений на софасоне
[23:02:41]  gr1mmjow192: водки
[23:02:41]  uyuzcx: ахахахахахахахха
[23:02:41]  be3u: азахахах KEKW
[23:02:41]  schule_p: ТУДА ЕГО
[23:02:41]  alexunder808: БЭГИИИИН
[23:02:41]  nadi_ameon: ВОДЯРЫ
[23:02:41]  bolsh322: F[F[F[[FFF[F[F[
[23:02:42]  shamelessliar: пиво
[23:02:42]  dragon_mira: Туда его нахуй
[23:02:42]  lippi_48: 0а0а0а0а
[23:02:42]  apotheoziz44: ВЫ СУКИ ОТКАТ БАЛЛОВ, УСЛОВИЯ ЗАДАНЫ НЕПРАВИЛЬНО UWot UWot UWot UWot
[23:02:43]  devyyx7: воды
[23:02:43]  tt___xg0d: воды
[23:02:44]  warrior_of_time: аххахахахахахахахах
[23:02:44]  alex_good_: воды
[23:02:44]  loqenzy: аххахаха
[23:02:46]  elehamchik: ХАПХПАХПХХАХП
[23:02:46]  shpakkelfromnother: AXAXAXAXAXAXXA
[23:02:46]  imasurov: ВЗАХФЫЗАХВФЫЗХАФ
[23:02:47]  laflame123321: ахахахха
[23:02:47]  mozliloyd: водки
[23:02:48]  aspect_rall: пива ахахахвх
[23:02:48]  fataiman: Факт за пиво
[23:02:48]  romariok: эахахахахахаха
[23:02:48] 从巨下 mef_1360: хахахахахахахахахаха
[23:02:49]  ne_grustin: водки
[23:02:49]  apotheoziz44: ВЫ СУКИ ОТКАТ БАЛЛОВ, УСЛОВИЯ ЗАДАНЫ НЕПРАВИЛЬНО
[23:02:50]  hef0rmat: ахахххааха
[23:02:50]  ivan5655655: CoolStoryBob CoolStoryBob CoolStoryBob
[23:02:50]  daanyaa: пива
[23:02:52]  letsgetit143: ахахаъаъхахаха
[23:02:52]  yourrawwwrr: чтобы быть спокойным))
[23:02:52]  erid_exp: ФАКТ И БАЗАЛЬТ
[23:02:52]  shpakkelfromnother: ДЛЯСОНИ ПИВА
[23:02:52]  lolisadboy: Хахвхв
[23:02:52]  seoffflove: во сучка
[23:02:54]  be3u: ахахаха
[23:02:54]  uyuzcx: дольше думай
[23:02:55]  q1101q: f[f[f[f
[23:02:55]  alex_good_: провизор
[23:02:56]  okpac: ЛЕКАРЬ
[23:02:57]  apotheoziz44: ВЫ СУКИ ОТКАТ БАЛЛОВ, УСЛОВИЯ ЗАДАНЫ НЕПРАВИЛЬНО NotLikeThis NotLikeThis NotLikeThis NotLikeThis NotLikeThis NotLikeThis
[23:02:58]  i_rodion: ахахаххахахаха
[23:02:58]  ne_grustin: наркоман
[23:02:59]  spacetourism: ДРОН2
[23:02:59]  schule_p: АХАХАХАХАХ
[23:03:00]  be3u: KEKW
[23:03:00]  shpakkelfromnother: СУЧКА
[23:03:01]  sunset___vn: LUL LUL LUL
[23:03:01]  izyma: чел рили не может а вы его судите
[23:03:01]  shamelessliar: АХАХАХАХАХХА
[23:03:02]  gr1mmjow192: шлю
[23:03:02]  aspect_rall: шлюза?
[23:03:02]  imasurov: ш
[23:03:02]  viegohighroller: афк тело
[23:03:02]  alex_good_: девочка
[23:03:03]  daanyaa: шлюхп
[23:03:03]  kakbcegdadench1k: девушка
[23:03:03]  shpakkelfromnother: ЛЯРВА
[23:03:03]  letsgetit143: ээээээ
[23:03:03]  jollydan: ДИЕЛР
[23:03:04]  r1nx333: шлюа
[23:03:04]  roskomnad_bill: LUL LUL LUL
[23:03:05]  tarbyx: ааААаА
[23:03:06]  g__gie: ахааххаахах
[23:03:06]  suumitsam: твоя девушка
[23:03:06]  vnukichc: как эта игра называется?
[23:03:06]  erid_exp: шаболда?
[23:03:07]  peperonin_x: KEKW
[23:03:07]  afinyn: АХАХФЫХАФЫХАФЫАХ
[23:03:07]  roskomnad_bill: друг
[23:03:08]  l_zig_l: Ш
[23:03:08]  letsgetit143: шдюха
[23:03:09]  elehamchik: ХАПХХПАХАПХАП
[23:03:10]  seeundertow: сучка?
[23:03:10]  uyuzcx: дырка
[23:03:10]  anelaboratenickname: KEKW
[23:03:11]  den4iccc: хаха
[23:03:11]  hef0rmat: овца
[23:03:11]  apotheoziz44: ВЫ СУКИ ОТКАТ БАЛЛОВ, УСЛОВИЯ ЗАДАНЫ НЕПРАВИЛЬНО
[23:03:12]  nuskam: члюха
[23:03:13]  w1nterrrrrrrrr: cmonBruh ?
[23:03:14]  dondigldon: KEKW
[23:03:15]  okpac: КТО?
[23:03:16]  fiercehxwk: засахсаъасъасъасхасхсах
[23:03:16]  sidor_q: шлюах
[23:03:17]  alex_good_: роман
[23:03:18]  okrips: кто?
[23:03:18]  shpakkelfromnother: ЭНЦИКЛОПЕДИЯ
[23:03:18]  apotheoziz44: ВЫ СУКИ ОТКАТ БАЛЛОВ, УСЛОВИЯ ЗАДАНЫ НЕПРАВИЛЬНО UWot UWot UWot UWot UWot
[23:03:19]  anelaboratenickname: АХПХАХПХАХПХАХП
[23:03:19]  kipa_la: он же просто тупой, не обижайся на него😂😂😂
[23:03:19]  g_e_m_a_t_o_g_e_n: любая книга
[23:03:19]  mellvis_: ахаахаххаха
[23:03:19]  be3u: ахахах KEKW
[23:03:19]  senioruss: senior128Eseba senior128Eseba senior128Eseba senior128Eseba senior128Eseba
[23:03:20]  karpikxd23: свинья
[23:03:20] 从巨下 mef_1360: ХАХАХАХА
[23:03:20]  mozliloyd: энциклопедия
[23:03:21]  napalleon: энциклопедия
[23:03:22]  kulj4: биография
[23:03:25]  g_e_m_a_t_o_g_e_n: боже
[23:03:25]  okpac: ЭНЦИКЛОПЕДИЯ
[23:03:25]  rhino20006: биография
[23:03:25]  devyyx7: энциклопедия?
[23:03:26]  ttv_horrendous: энциклопедия
[23:03:26]  cardh0lder: описание
[23:03:26]  imasurov: [А]16-24[С]
[23:03:26]  666_h4rd1_666: ициклопедия
[23:03:26]  uyuzcx: повествование
[23:03:27]  ne_grustin: учебник
[23:03:28]  inrize: иван
[23:03:28]  fktswrld: Pog
[23:03:28]  i_rodion: ахахаххахахаха
[23:03:29]  lavdos: Трек збс
[23:03:29]  maffioznik777: LUL
[23:03:31]  treni: божеее
[23:03:32]  azyoka: ахахаха
[23:03:33]  jobabah: АХАХАХАХАХААХАХАХА
[23:03:36]  ttv_horrendous: правильно объяснил впервый раз
[23:03:36]  tt___xg0d: ну руди и тупая
[23:03:36]  erid_exp: КАКОЙ ТУПОЙ БОЖЕ
[23:03:36]  werdasliestwirdausterben: в любой книге о чем-то рассказывается
[23:03:37]  azyoka: еблан
[23:03:37]  dager2517: Еблан?
[23:03:37]  shpakkelfromnother: ДА
[23:03:38]  uyuzcx: это циклоп
[23:03:38]  romariok: роман
[23:03:39]  imasurov: обо всём
[23:03:40]  rangersis: книга о мире
[23:03:40]  shamelessliar: обо всем
[23:03:41]  kto_to_gvard: ахахахахах
[23:03:41]  vnukichc: какое у этой игры название
[23:03:42]  peperonin_x: ЭНЦИФАЛИТИЯ
[23:03:43]  jxl1: о всём
[23:03:43]  be3u: ахахаха KEKW
[23:03:44]  shpakkelfromnother: ЭТО ИСТОЧНИК ИНФЫ
[23:03:44]  p1sos2284: сборник о всем
[23:03:44]  roskomnad_bill: ебля в очко
[23:03:44]  cyberxsamurai: о чем либо
[23:03:45]  kulj4: КТО РУДИ:
[23:03:46]  erbolllka: о всем
[23:03:46]  iospot9: Научные факты
[23:03:49]  uyuzcx: о тебе
[23:03:49]  koltish95: о тебе
[23:03:49]  apotheoziz44: @g_e_m_a_t_o_g_e_n чел, они думают выиграл тот, кто больше объяснил, ты ставку неправильно задал
[23:03:51]  folick: так Руди кто?
[23:03:51]  i_rodion: какой еблан азахазахааза
[23:03:51]  fridmans: 2,5 л Пива
[23:03:51]  segamozhet: @follentass О ВСЁМ ЧТО НАС ОКРУЖАЕТ
[23:03:52]  qeqeqeqweqeqe: @follentass вы уже встречаетесь?
[23:03:54]  apotheoziz44: @g_e_m_a_t_o_g_e_n чел, они думают выиграл тот, кто больше объяснил, ты ставку неправильно задал NotLikeThis
[23:03:54]  jopcorn: сборник о циклопах
[23:03:54]  imasurov: [А]16-24[С]
[23:03:55]  kulj4: КТО РУДИ?
[23:03:56]  schule_p: о циклах
[23:03:56]  skor524: Соня кто??
[23:03:56]  gerald_bell: смотря о чем
[23:03:59]  senioruss: О НАУКЕ
[23:03:59]  fridmans: каждый день вот это красиво
[23:04:00]  e__r__r__o__r__4__0__4: 4
[23:04:02]  mazur_fox: кто рюди ?
[23:04:03]  shpakkelfromnother: соня кто
[23:04:06]  folick: КТО СОНЯ
[23:04:06]  schule_p: КТО РУДИ?
[23:04:07] 从巨下 mef_1360: ахахахахах
[23:04:08]  skor524: Кто РУди????????
[23:04:09]  issackq: РУДИ БУРИ
[23:04:09]  folick: Ау
[23:04:09]  ttv_horrendous: ХАХАХАХАХХАХАХАХА
[23:04:09]  be3u: KEKW
[23:04:09]  kipa_la: Соня, не обижайся на него, он просто тупой
[23:04:11]  suzoyoshi: Так а руди то кто, что за слово было, собака?
[23:04:12]  3apret: КТО РУДИ?
[23:04:12]  erid_exp: хахааххахахах
[23:04:12]  dpdprafa: соня кто
[23:04:13]  fridmans: он тупой ))
[23:04:13]  ttv_horrendous: это дрон
[23:04:13]  schule_p: КТО РУДИИ?
[23:04:13]  6ait: кто руди
[23:04:13]  underhe1l: кто соня
[23:04:14]  aceoneq: соня кто  ?
[23:04:14]  senioruss: ЧЕ ТАМ ЗА СЛОВО БЫЛО
[23:04:14]  shpakkelfromnother: кто рубди
[23:04:15]  shamelessliar: кто Соня то
[23:04:16]  optimus_ante: КТО СОНЯ
[23:04:16]  niksonio_: КТО СОНЕЧКА???
[23:04:17]  iospot9: КТО руди?
[23:04:18]  mozliloyd: все развод
[23:04:18]  schule_p: КТО РУДИ?
[23:04:18]  lb2cl: КОНФЛИКТ
[23:04:18]  4oyss: ЗАТУПОК
[23:04:20]  apotheoziz44: @g_e_m_a_t_o_g_e_n чел, они думают выиграл тот, кто больше объяснил, ты ставку неправильно задал BloodTrail
[23:04:20]  erid_exp: ХАХХАХАХАХ
[23:04:20]  elehamchik: ХАПХХАПХПАап
[23:04:20]  bags_banny_fs: клава
[23:04:20]  zadreestan3000: KEKW
[23:04:20]  fridmans: ахахаха
[23:04:20]  bybkinss: @KoRkiN_ какой ты тупой я в ахуе. В твой адресс я что-то конкретное написал? Ебанат тупорылый. Если ты заступился за чела на донатере, то я заступился за модера
[23:04:21]  f1sh_ka: KEKW
[23:04:21]  dondigldon: Кто Соня то?
[23:04:21]  imasurov: ВХЫЗАХФВЗХАФВЗХ
[23:04:21]  peperonin_x: он не претворяется KEKW
[23:04:21]  director_xozaevov: @Skor524 стримерка
[23:04:22]  napalleon: клавиатура
[23:04:22]  dengii8: кто руди?
[23:04:22]  mifrado_ez: ъ=ваъваххавахвах
[23:04:22]  shpakkelfromnother: принтер
[23:04:22]  gibonstv: ахахааххаах
[23:04:22]  snova_alaska: КТо РУДИ
[23:04:22]  schule_p: КСТО СОНЯ?
[23:04:22]  ediss0n01: хахахах
[23:04:22]  peresandro: LUL LUL LUL LUL
[23:04:23]  b_e_g_28: хахахаа
[23:04:24]  niksonio_: КТО СОНЯША7
[23:04:24]  skor524: СОня Кто?
[23:04:24]  okpac: КЛАВА
[23:04:24]  gibonstv: азваавхаах
[23:04:25]  shamelessliar: ахахахахаха
[23:04:25]  netys1: клавиатура
[23:04:25]  iospot9: Поясни за руди
[23:04:26]  alex_good_: клавиатура
[23:04:26]  tt___xg0d: клавиатура
[23:04:26]  acurse1f: У дрона iq в минусовой степени измеряется
[23:04:26]  elehamchik: ХАПХПАХАПХПХААХПхпа
[23:04:27]  schule_p: КТО РУДИ??
[23:04:27]  w1nterrrrrrrrr: пахахахахахах
[23:04:27]  sunset___vn: счет 30-30, ничья
[23:04:27]  anelaboratenickname: АХПХАХПХАХПХАХПАХП
[23:04:27]  med0eddd: ххпахпапах
[23:04:28]  dissmilatebb: Кто Соня то в итоге?
[23:04:28]  yourrawwwrr: печатный станок)
[23:04:28]  niksonio_: КТО СОНЕЧКА?
[23:04:28]  senioruss: КЛАВА
[23:04:28]  warrior_of_time: хахааахахаах
[23:04:29]  ttv_horrendous: ЗАВХПШЗЫЩВАШЗПЩШЫВЗАЩПШЗЫЩАВШПЗЩЫ
[23:04:29]  erid_exp: ААХАХХАХАХАХАХАХХАХАА
[23:04:29]  zlyukkk: Печатная машинка хпхвапхвапхвахпва
[23:04:30]  uyuzcx: клава
[23:04:30]  lb2cl: ХАХХАХАХХАХАХАХАХХАХ
[23:04:30]  g_e_m_a_t_o_g_e_n: боже олени
[23:04:30]  aceoneq: ахахаххахакхахха
[23:04:30]  okrips: принтер
[23:04:30]  fataiman: хахахахаха
[23:04:30]  bybkinss: ХВАВЪХХВАЪАВЪХ
[23:04:31]  thearkansas: откат баллов
[23:04:31]  niksonio_: КТО СОНЯ?
[23:04:31] 从巨下 mef_1360: ХАХАХАХАХА
[23:04:31]  cardh0lder: хсхсзсзвзвзв
[23:04:32]  kinsleeyy: LUL LUL LUL
[23:04:32]  fridmans: свин)))
[23:04:32]  iospot9: Кто соня?
[23:04:32]  dondigldon: KEKW
[23:04:33]  x_dreamer: АХАХАХААХАХАХАХААХАХАХАХААХАХАХАХААХАХАХАХААХ
[23:04:33]  lolisadboy: Ээээ
[23:04:34]  apotheoziz44: @g_e_m_a_t_o_g_e_n чел, они думают выиграл тот, кто больше объяснил, ты ставку неправильно задал NotLikeThis
[23:04:34]  lippi_48: хвхахвхвх
[23:04:35]  be3u: KEKW .
[23:04:36]  w1nterrrrrrrrr: пахахахахахахахахаха
[23:04:37]  b_e_g_28: ахааххахыв
[23:04:37]  vitalii4536: АХАХАХАХАХАХАХ
[23:04:38]  niksonio_: КТО СОНЯША?
[23:04:39]  kipa_la: впхпаахпвах
[23:04:40]  iospot9: Кто руди?
[23:04:40]  erid_exp: АХАХАХАХАХАХАХАХАХАХА
[23:04:41]  be3u: еблан бля KEKW
[23:04:42]  gerald_bell: КТО СОНЯ?
[23:04:42]  yeageri5t: АХАХХХ
[23:04:44]  fridmans: ахахаха
[23:04:44]  imasurov: ВФХЗАФЫВХЗАФЫВХ
[23:04:44]  grayd_1: ААХАХЪАЪХЪХАХА
[23:04:45]  laflame123321: ааахахахха
[23:04:45]  imasurov: ФХАЗФХЫВЗАФВХЫЗА
[23:04:46]  peperonin_x: KEKW
[23:04:47]  w1nterrrrrrrrr: ПАХАХАХАХАХАХАХАХАХАХА
[23:04:47]  imasurov: ФХВЗАХФЫВАЗХВФЫ
[23:04:49]  kipa_la: Затупок ебаный
[23:04:49]  aceoneq: аахаххахахахаххахах
[23:04:49]  666_h4rd1_666: хахахаха
[23:04:49]  erid_exp: АХААХАХАХАХХААХХАХАХАХАХА
[23:04:49]  jxl1: можно и на печатной машинке
[23:04:50]  be3u: KEKW
[23:04:50]  i_rodion: ахаххахахахахаххахаха
[23:04:50]  okpac: АХАХАХАХАХХА
[23:04:51]  kipa_la: аппзов
[23:04:53]  suzoyoshi: Там меньше еблан
[23:04:53]  imasurov: до слез
[23:04:53]  zlyukkk: Вот такая штука
[23:04:54]  apotheoziz44: @g_e_m_a_t_o_g_e_n чел, они думают выиграл тот, кто больше объяснил, ты ставку неправильно задал NotLikeThis NotLikeThis NotLikeThis NotLikeThis
[23:04:55]  makc_g: FBtouchdown
[23:04:58]  lippi_48: кто соня ?
[23:05:01]  iospot9: Кто соня?
[23:05:02]  pal_il: f[f[f
[23:05:03]  dpdprafa: кто соня то
[23:05:03]  schule_p: КТО СОНЯ?
[23:05:03]  inline_r: так кто соняяяя
[23:05:04]  niksonio_: КТО СОНЯ??????
[23:05:04]  g_e_m_a_t_o_g_e_n: @apotheoziz44 уёмсь блять всё норм
[23:05:05]  ksushagg: они гипс уже смотрели? есть клип?
[23:05:05]  imasurov: Всё пока я спать, считайте сами суки
[23:05:08]  b_e_g_28: ааххх
[23:05:09]  warrior_of_time: так а соня кто была
[23:05:10]  gr1mmjow192: синяки
[23:05:10]  den1sarsentev: КТО СОНЯ??
[23:05:11]  xxearth_: а ради то кто?
[23:05:11]  schule_p: КТО РУДИ?
[23:05:12]  senioruss: РЕЗКО ТРЕЗВЫЙ
[23:05:12]  nightbot: Правила для чата:1)Оскарбление без причиныa)обзываться можно, но в рофлб)если оскарбление серьезное, то человек должен пояснить причину своего негодования, только если причина  Вывод: Если человек не поянил причину оскарбления, то отправляется в мут на 1 часПовторения нарушения приследует бан навсегда2)Бунт без причины, карается баном на 600 секунд3)Сравнение с другими стримерами в бан 600 секунд4)Не кто в этой жизни вам не чего не должен
[23:05:13]  folick: @follentass Так с кем он тебя ассоцировал ? СОНЬ
[23:05:13]  niksonio_: КТО СР+ОНЕЧКА??
[23:05:13]  sk4m666: Кто Соня?
[23:05:13]  fataiman: Ебать бухают
[23:05:13]  cringe_lad: Кто соня?
[23:05:14]  napalleon: хотел на часы вылить
[23:05:14]  mazur_fox: КТО СОНЯ?
[23:05:16]  ivan5655655: КТО СОНЯ
[23:05:17]  koltish95: кто соня?
[23:05:17]  anelaboratenickname: кто она?
[23:05:17]  snova_alaska: КТо РУДИ
[23:05:18]  mark_amirov: В ЧАСЫ ХОТЕЛ НАЛИТЬ
[23:05:19]  apotheoziz44: @g_e_m_a_t_o_g_e_n нихуя не норм
[23:05:20]  l_zig_l: ДАЙ ТЫ ЕЙ УЖЕ БУТЫЛКУ И ВСЕ
[23:05:20]  uyuzcx: разъебучево
[23:05:20]  elehamchik: Соня - энциклопедия
[23:05:24]  snova_alaska: КТО СОНЯ ?
[23:05:25]  senioruss: АНДРЕЙ НАДО РЕЗКО ТРЕЗВЫЙ
[23:05:25]  rdyqq: е6ать она глушит, тяжело с таким тугодумом трезвой быть @follentass
[23:05:25]  kinsleeyy: LUL LUL
[23:05:29]  optimus_ante: ахахахахха
[23:05:29]  cloudwipe_: ОНИ СЛЕПОК ЕБУЧИЙ СДЕЛАЛИМ ?
[23:05:30]  erid_exp: АХАХАХХАХА
[23:05:30]  gerald_bell: КТО СОНЯ?
[23:05:30]  aceoneq: пышная
[23:05:32]  qeqeqeqweqeqe: ОНИ УЖЕ ВСТРЕЧАЮТСЯ?
[23:05:33]  tot_samyy_mr_nicolas__: BibleThump BibleThump BibleThump BibleThump BibleThump BibleThump BibleThump BibleThump BibleThump
[23:05:33]  be3u: KEKW
[23:05:33]  anelaboratenickname: АХПХАХПХАХПХАП
[23:05:34]  inline_r: ахахахаха
[23:05:34]  lippi_48: как мило
[23:05:34]  aceoneq: хахахаххах
[23:05:34]  seeundertow: ооооо
[23:05:35]  bybkinss: ПЫШНАЯ
[23:05:35]  korkin_: @bybkinss @FallKon_M мне кажется он оск не в рофл... разве нельзя без оскорблений общаться  @FallKon_M
[23:05:35]  kipa_la: Затупок на Андрее 😂
[23:05:35]  folick: ууууууууууу
[23:05:36]  anelaboratenickname: Pog
[23:05:36]  senioruss: ПЫШНАЯ?
[23:05:36]  erid_exp: <3 <3 <3 <3
[23:05:37]  linlush: CoolStoryBob CoolStoryBob CoolStoryBob CoolStoryBob CoolStoryBob
[23:05:37]  dondigldon: YEP
[23:05:38]  thedex86: FailFish
[23:05:38]  lolisadboy: Хахвхв
[23:05:39]  spacetourism: ОЙ КАК МИЛО
[23:05:40]  folick: оооооооооо BibleThump
[23:05:41]  x_dreamer: <3
[23:05:41]  h0we1: <#
[23:05:42]  okpac: @apotheoziz44 Да забей ты уже, не переживай так из-за 1000 баллов
[23:05:42]  pustbay: <3 <3 <3
[23:05:43]  h0we1: <3
[23:05:43]  aspect_rall: пон
[23:05:44]  kk1ndle: <3 <3 <3
[23:05:44]  cardh0lder: энциклопедия @follentass
[23:05:44]  seeundertow: <3 <3 <3
[23:05:45]  ars228a: Ща набухает ее
[23:05:45]  elehamchik: <3 <3 <3
[23:05:46]  linlush: ля как пиздит CoolStoryBob
[23:05:46]  be3u: СОня Пышная точно KEKW
[23:05:48]  bombasre: <3 <3 <3 <3 <3 <3
[23:05:50]  niksonio_: <3 <3 <3 <3 <3 <3 <3 <3 <3 <3 <3 <3 <3
[23:05:50]  l_zig_l: С ЖОРИКОМ ОНА ИЗ ГОРЛА ХЛЕБАЛА, А ТУТ СТАКАНЫ, СРАЗУ ВИДНО - УВАЖАЕТ
[23:05:50]  sunset___vn: <3
[23:05:50]  folick: <3
[23:05:50] 从丹乙仨尸丹 mazepushka: <3
[23:05:51]  pustbay: <3 <3 <3 <3 <3 <3
[23:05:51]  k7d0t0: ебать ты дебил дрон
[23:05:53]  apotheoziz44: @okpac 15к
[23:05:54]  ro0terrrrrrrrr: любоф
[23:05:54]  warrior_of_time: хахахахаххаха
[23:05:55]  w1nterrrrrrrrr: пахахахахахаха
[23:05:56]  peperonin_x: KEKW
[23:05:58]  kto_to_gvard: строитель
[23:05:58]  mozliloyd: хуеплет
[23:05:58]  alex_good_: строитель
[23:05:59]  jackk_97: !tg
[23:05:59]  lb2cl: ХАХАХАХХАХАХАХАХХ
[23:05:59]  nightbot: ТЕЛЕГРАММ https://t.me/joinchat/SMpWVaFhFxk-VNWY https://t.me/joinchat/SMpWVaFhFxk-VNWY https://t.me/joinchat/SMpWVaFhFxk-VNWY https://t.me/joinchat/SMpWVaFhFxk-VNWY https://t.me/joinchat/SMpWVaFhFxk-VNWY
[23:05:59]  vregde: АХАХАХАА
[23:05:59]  erid_exp: ахаххахахХАХАХАХА
[23:06:00]  tt___xg0d: кирпичник
[23:06:00]  dondigldon: KEKW
[23:06:01]  h0we1: KEKW
[23:06:01]  shamelessliar: кирпичник
[23:06:01]  jxl1: каменщик
[23:06:02]  niksonio_: <3 <3 <3 <3 <3 <3 <3
[23:06:02]  anelaboratenickname: АХПХАХПХАХПХАХПА
[23:06:02]  bodik001g: каменщик*
[23:06:03]  snickers41: <3 <3 <3 <3 <3
[23:06:03]  maris_xs: сркл
[23:06:04]  aceoneq: кирпичник
[23:06:04]  erid_exp: КИРПИЧНИК АХАХХАХА
[23:06:04]  peperonin_x: КИРПИЧНИК
[23:06:05]  uyuzcx: обедъяна чичичи
[23:06:05]  schule_p: АХААХАХАХАХХА
[23:06:06]  elehamchik: КИРПИЧНИК
[23:06:06]  senioruss: СТРОИТЕЛЬ
[23:06:07]  yourrawwwrr: мастер по кирпичам)
[23:06:07]  fallkon_m: @KoRkiN_ Чатовские разборки меня не касаются мэн
[23:06:09]  no_one1001: ноты
[23:06:09]  okpac: @apotheoziz44 А ну тогда другой разговор
[23:06:09]  anelaboratenickname: КИРПИЧНИК KEKW
[23:06:09]  maris_xs: chrk
[23:06:10]  alex_good_: ноты
[23:06:10]  zelankrt: нота
[23:06:10]  x_dreamer: ноты
[23:06:11]  h0we1: yjns
[23:06:11]  shpakkelfromnother: ноты
[23:06:11]  lb2cl: НОТЫ
[23:06:12]  roskomnad_bill: ноты
[23:06:14]  warrior_of_time: ноты
[23:06:14]  ne_grustin: ноты
[23:06:14]  tt___xg0d: ноты
[23:06:14]  vertexit: ноты
[23:06:14]  seeundertow: Трубник блять и дудка @follentass
[23:06:14]  shamelessliar: ноты
[23:06:14]  napalleon: нот ы
[23:06:15]  senioruss: НОТЫ
[23:06:15]  daanyaa: еблан зашуганный
[23:06:15]  topentoss: ноты
[23:06:15]  ttv_horrendous: НОТЫ
[23:06:15]  fataiman: ноты
[23:06:16]  koltish95: ноты
[23:06:16]  cyberxsamurai: со си
[23:06:17]  st1gann: ноты
[23:06:18]  oldveteranpg: LOL кирпичник byebye2NastyaTroll byebye2NastyaTroll byebye2NastyaTroll
[23:06:18]  aceoneq: ноты
[23:06:19]  fktswrld: Фасоль соси
[23:06:19]  vitalii4536: НОТЫ
[23:06:20]  be3u: ноты
[23:06:22]  kinsleeyy: LUL LUL LUL
[23:06:22]  vregde: ноя
[23:06:22]  teanisheee: едланыч
[23:06:23]  korkin_: @FallKon_M так правила же
[23:06:23]  lb2cl: СТАЯ
[23:06:23]  shpakkelfromnother: стая
[23:06:23]  fataiman: ахахахахахха
[23:06:24]  senioruss: АХАХАХ МЫЗЫКАНТ
[23:06:24]  linlush: ауф
[23:06:24]  seltinoom_: АУФ
[23:06:24]  tt___xg0d: аууу
[23:06:25]  kinsleeyy: зубы
[23:06:25]  waspas142: бля как же он умен
[23:06:25]  ttv_horrendous: АУФ
[23:06:26]  aceoneq: стая
[23:06:26]  mamut_rahall: кирпичник хахахаха!!!!
[23:06:26]  uyuzcx: нихуя гений
[23:06:26]  alex_good_: СТАЯ
[23:06:27]  dancingclown2: комьюнити
[23:06:27]  w1nterrrrrrrrr: рампампам
[23:06:27]  erid_exp: ХАХАХАХАХАХАХА
[23:06:27]  he_tyt: комьюнити ахахах
[23:06:29]  jobabah: КАМУНИТИ АХАХАХАХА
[23:06:29]  tt___xg0d: говно
[23:06:29]  senioruss: АХАХАХ МУЗЫКАНТ
[23:06:29]  squaqqq: аахаххаха
[23:06:29]  okpac: КОМЬЮНИТИ
[23:06:29]  sebastiansadge: КОМЬЮНИТИ ВОЛКОВ
[23:06:30]  rangersis: опг
[23:06:30]  koltish95: Зубы
[23:06:31]  abakan21: комьюнити волков
[23:06:31]  uyuzcx: КОМЬЮНИТИ
[23:06:31]  ars228a: комьюнити
[23:06:32]  tpatabpemenu: ауф
[23:06:33]  kto_to_gvard: пица
[23:06:33]  daanyaa: комьюнити
[23:06:33]  ttv_horrendous: ПИЦЦА
[23:06:33]  mifrado_ez: ауф
[23:06:34]  shamelessliar: пицца
[23:06:36]  alex_good_: ХАЧАПУРИ
[23:06:36]  wanek7: зубы
[23:06:36]  bombasre: Компьюнити
[23:06:37]  bybkinss: @KoRkiN_ а нахуй ты фалкона отмечаешь постоянно? еблоид ноющий, иди попей спермы быка в деревне своей
[23:06:39]  cemo4ka6: модестал?
[23:06:39]  x_dreamer: всё
[23:06:39]  teanisheee: LUL
[23:06:41]  dragongisimo: ВРЕМЯ
[23:06:49]  bezztop: у у у
[23:06:50]  stillmod: комьюнити волков бля ахах
[23:06:50]  schule_p: Комьюнити волков это чат
[23:06:53]  sunset___vn: Соня ахуенно объясняет
[23:06:54]  jxl1: но как
[23:06:54]  fallkon_m: @KoRkiN_ Это к Андрею относится только
[23:06:56]  mamut_rahall: кирпичник хахахаха
[23:06:58]  waspas142: кирпичник
[23:06:58]  kto_to_gvard: каменьщик
[23:07:00]  cloudwipe_: УНИКУМ
[23:07:01]  ddeterminationn: как попасть в комьюнити волков
[23:07:02]  ars228a: комьюнити волков
[23:07:03]  razebushechki: ахахахаха
[23:07:04]  jigen_12: РАЗРЫВНАЯ
[23:07:04]  kipa_la: апхахаапха
[23:07:05]  louon_: кабура
[23:07:05]  sk4m666: АХАХАХАХАХ
[23:07:05]  tt___xg0d: она рукой на подбородок показала не честно @follentass
[23:07:05]  g_e_m_a_t_o_g_e_n: какой счёт
[23:07:07]  ekibanka: ахахахах
[23:07:08]  dondigldon: KEKW
[23:07:08]  hippofanty: КАРАБЕЙНИК АХАХА
[23:07:09]  shpakkelfromnother: кабура бля
[23:07:11]  peperonin_x: кирпичник
[23:07:11]  fiercehxwk: жук
[23:07:12]  jxl1: каменщик
[23:07:12]  falc0n_ds: продаыец
[23:07:14]  rabbit_ru: хз
[23:07:14]  berseeeerk: @follentass го летом сабатон
[23:07:14]  billfinger_: кто-то баллы считает вообще?
[23:07:14]  shamelessliar: коробейник это вообще другое
[23:07:16]  korkin_: @FallKon_M забавно))
[23:07:16]  shults_denis: ЭТО НА КОРАБЛЕ
[23:07:16]  dondigldon: KEKW ахахахах
[23:07:19]  be3u: жук
[23:07:22]  solomonoff68: на ярмарке с товаром ходит
[23:07:23]  shpakkelfromnother: axaxxaaxxa
[23:07:23]  kipa_la: это жук корабейник
[23:07:25]  sincetrace: газета
[23:07:25]  holodniamerikanec: комьюнити волков на месте?
[23:07:29]  slava_marlowww: жук
[23:07:32]  lb2cl: ТА ЛЮБОЙ ЗНАЕТ
[23:07:34]  mamut_rahall: кирпичник бл!
[23:07:34]  kipa_la: апхаха
[23:07:34]  ars228a: Эта игра для умных а дрон тупой
[23:07:35]  funradiation: у руди сиськи норм торчат Keepo
[23:07:36]  wolfeeridze: чел который кору бьет
[23:07:38]  erid_exp: ОРЛЫ НА МЕСТЕ???
[23:07:42]  vsolo876: Жук навозник
[23:07:43]  nadi_ameon: КАТАФАЛКа
[23:07:43]  uyuzcx: ауф
[23:07:47]  alex_good_: ВОЗ
[23:07:47]  g_e_m_a_t_o_g_e_n: кто считает алё
[23:07:47]  jxl1: повозка
[23:07:48]  ars228a: Слепок застыл BloodTrail Слепок застыл BloodTrail Слепок застыл BloodTrail Слепок застыл BloodTrail Слепок застыл BloodTrail Слепок застыл BloodTrail Слепок застыл BloodTrail Слепок застыл BloodTrail Слепок застыл BloodTrail Слепок застыл BloodTrail
[23:07:50]  peperonin_x: ХУЕВО
[23:07:50]  erid_exp: ъАЪААХАХАХА
[23:07:50]  tt___xg0d: цыганка
[23:07:51]  n3n4v1stn1k: хуево
[23:07:51]  be3u: KEKW
[23:07:51]  jobabah: ХУЙНЯ ХЭХ\Х\Х
[23:07:52]  roskomnad_bill: cmonBruh
[23:07:52]  w1nterrrrrrrrr: cmonBruh cmonBruh cmonBruh cmonBruh cmonBruh
[23:07:55]  emport1337: чо они в итоге сделали с этой хуйнёй ? чат?
[23:07:56]  med0eddd: cmonBruh
[23:07:57]  wuch: cmonBruh
[23:07:57]  st1gann: сгорела
[23:07:59]  daanyaa: Я ПРЕДСТАВИТЕЛЬ КОМЬЮНИТИ ВОЛКОВ ЧАТА
[23:07:59]  alex_good_: УШКАНК
[23:08:00]  afinyn: антонимы
[23:08:00]  fataiman: cmonBruh
[23:08:01]  deadbones13: @wolfeeridze Ахахахаххахах, бляя порвало
[23:08:03]  feslok: @G_E_M_A_T_O_G_E_N u
[23:08:05]  senioruss: ВОТ ТАК senior128BlcAndrey senior128BlcAndrey senior128BlcAndrey senior128BlcAndrey senior128BlcAndrey
[23:08:05]  ars228a: Слепок застыл BloodTrail Слепок застыл BloodTrail Слепок застыл BloodTrail Слепок застыл BloodTrail Слепок застыл BloodTrail Слепок застыл BloodTrail Слепок застыл BloodTrail Слепок застыл BloodTrail Слепок застыл BloodTrail Слепок застыл BloodTrail Слепок застыл BloodTrail Слепок застыл BloodTrail
[23:08:05]  jxl1: неведимка
[23:08:09]  linlush: KappaPride KappaPride KappaPride KappaPride
[23:08:11]  vitalii4536: МОДЕСТАЛ
[23:08:11]  wuch: @Emport1337 испортили
[23:08:12]  makc_g: cmonBruh
[23:08:12]  qeqeqeqweqeqe: норм антонимы говорит гений
[23:08:13]  emport1337: есть брат а есть модестал
[23:08:14]  hekler_445: BibleThump BibleThump
[23:08:14]  zelankrt: терминал
[23:08:15]  afinyn: нахуя он антонимы называет еблан
[23:08:15]  med0eddd: терминал
[23:08:16]  papika214: Терминал
[23:08:17]  kipa_la: @vsolo876  жук навозник это Дрон
[23:08:17]  froks15: термнал
[23:08:17]  erbolllka: @G_E_M_A_T_O_G_E_N андрей выиграл очевидно
[23:08:17]  st1gann: ждун
[23:08:17]  shpakkelfromnother: бля я абыл
[23:08:17]  seltinoom_: ТЕРМИНАЛ
[23:08:18]  koltish95: терминал
[23:08:18]  proxik_msk: терминал
[23:08:19]  be3u: Терминал
[23:08:19]  sazonxxx: терминал
[23:08:20]  rabbit_ru: терминал
[23:08:21]  aikkuta: есть брат, а есть
