

 синяя стрелка одностороннее движение
 на разметке нарисовано куда можешь
 А
 Б - выезд на встречную
3
 это лёгкий вопрос
 за городом ты можешь ехать не более 90
 и кто тебе продиктует
 и как ты будешь объяснять
 я знаю что такое микронаушник
 я диктовал
 ни раз
 это не обгон лёха
 все условия
 при повороте направа задавить всех
 если горит зелёный то светофор не исправен
 сука
 вопрос на внимательность
 пиздец
 я ебу алибабу
 я в ахуе
 всегда нужно устопать велосипеду и пешеходу
 ну
 о это я сдал

 никому
 сука
 это что за знак
 да
 https
 жёлтый квадрат
 @Caranell воувоу
 ты для него помеха с права и у тебя главная дорога
 всем модерам привет
 привет
 всмысле
 смотри сейчас
 обязан
 СагапеII

 это траектория главной дороги
 да
 никому
 https
 20км/ч
 SeregaBloodTrail
 @Caranell ты снова с Лёхой дружишь?
 нет
 леха антисемит
 знак жилая зона 20 км.ч
 он вчера ещё гадости говорил
 я осуждаю его юдофобные высказывания
 @Caranell полностью и всецекло поддерживаю
 более двух лет чё то там
 убить евреев убить евреев
 2 или 3
 можешь просто трейлер на кинопоиске посмотреть
 да ты уже завалил
 подкатегории
 тебя ебать не должно
 не работает стеклоподъемник
 вахаха
 не прибегая к торможению
 он почти сдал
 он почти сдал
 а ошибок сколько должно быть?
 @hi_wewe 6
 не сдал
 он сдал билет
 когда права получать?
 а в дополнительных ошибаться вообще нельзя
 PEEPOG
 А тебе для чего вообще?
 ему нельзя права
 По работе?
 на какой
 он антисемит
 откуда у тебя машина
 прячьте детей
 @Caranell у него кожаная машина
 чё тут думать kia spectra
 какую аудио систему
 BASED
 аккуратность не всегда хорошо...
 купи машину
 тогда hyudai sonata
 бытабытабыта бас бас бас
 я посоветую
 пробег смотрни
 что бы девочек катать Starege
 коробку деревянную в багажник
 @ysharajj быта быта быта бы
 чё этот пробег, 200к это только машина обкатку прошла
 чтобы стекла трескались
 Лёха, подари мне монитор
 можно
 я согласен Леха
 чтобы я трейдил и смотрел твой стрим
 Подари свой
 мне больше надо
 надо брать бемеве с 500к пробега
 она как птица феникс
 у машины есть ресурс
 логан из под таксиста бери
 ресурс выработается и всё
 пиздец
 тебе за 8 платят
 смотря какая машина
 200к нормально Леха никого не слушай
 ресурс может быть исчерпан
 жигули с завода выезжают ржавые
 сгнила из-за ржавчины ну эта да
 Геннадий Жигули
 а ражавчина появилось потому что сгнила
 он будет искать LUL
 он обязательно найдет
 всё себе да себе
 нет чтобы мне
 за 300к ты не найдешь 50 тысяч пробега
 5Head
 ахуенный знак всем советую
 я шарж ты кто такой
 сдавайся
 Лёха, ты математик же
 вроде математик......
 знак чтобы уборку на дороге делать
 я шарж
 KEKW
 сдавайся
 что запрещено на черной зоне?
 @ysharajj работать
 сотрудничать с администрацией
 я каждый день по такому езжу
 у вас в Тюмени нет такого
 такое много где есть
 он каждый день издит
 @ysharajj ты сука
 сдавайся
 а может ты сука
 назови себя
 зига
 поднятая рука - салам
 он салам кидает
 правая, а не левая Starege
 у него не работают стопы
 модераторы одобрили мое сообщение
 не хотел бы я тебе дорогу переходить seregaRoflan roflanPominki

 если у тебя светофоры стоят, то на знаки главной дороги похуй
 сбить нахуй
 этот блядский фарш
 нахуй он нужен
 только на котлеты
 добей красные , зеленые сосать
 шлакбаум для грузовика
 Леха, красные - значит неправильно...
 BASED
 всем привет
 шо там
 а да?
 Starege
 а цифры то красные
2
 добавь времени
 цифры красные
 system
 abs
3
 ЗАнос - дрифт
 можно ли дрифтовать
 так там много вопросов про медицину
 на главную
 Здравствуйте, Алексей, Вас беспокоит ГИБДД УМВД России по Тюменской области, мы заметили,  у вас необычайный талант к решению билетов ПДД и решили авансом выдать вам водительское удостоверение, подъезжайте 12 мая в 14
 KEKW
 это уже официально?
 Starege
 Здравствуйте, Ярик, Вас беспокоит ГИБДД УМВД России по Тюменской области, мы заметили, у вас необычайный талант к решению билетов ПДД и решили авансом выдать вам водительское удостоверение, подъезжайте 12 мая в 14
 Здравствуйте, Кошка, Вас беспокоит ГИБДД УМВД России по Тюменской области, мы заметили, у вас необычайный талант к решению билетов ПДД и решили авансом выдать вам водительское удостоверение, подъезжайте 12 мая в 14
 Здравствуйте, Алексей, Вас беспокоит ГИБДД УМВД России по Тюменской области, мы заметили, у вас необычайный талант к решению билетов ПДД и решили авансом выдать вам водительское удостоверение, подъезжайте 12 мая в 14
 как же хорошо KEKL
 Самое лучшее
 давить пасту
 black big dirty sosage
 с подвохом SeemsGood
 KEKW
