# Start logging at 2022-05-11 17:47:05 RTZ 2 (зима)
[17:47:05]  qwemodrain: ты ебнутый?
[17:47:07]  deecol: пранк сняли ??
[17:47:08]  threeangle: Пинк брат, как настроение?
[17:47:14]  ebanaya_krisa228: @kilqqy мы же про кс вроде?
[17:47:14]  sssgiii: где стрим со скалли?
[17:47:16]  qakatoro: нахомячился?
[17:47:20]  dimalox2006: Пусть съебут дайте с Марком пообщаться
[17:47:21]  patsanchique: посмотрим куда у тебя ведет вк ссылка на твоем официальном музыкальном канале ахаха
[17:47:22]  deecol: так вопросов к вам нет
[17:47:23]  kilqqy: @ebanaya_krisa228 хз го в маин
[17:47:24]  kashtan_11: Марк такая баба Яга
[17:47:26]  holfizzz: сосал мужыку?
[17:47:26]  f1ashenev: Пинк привет сегодня стрим будет?
[17:47:27]  hogiilaban: Блин, мне только что волос в еде попался, проверь у себя еду. @pinqtost
[17:47:27]  maxon232323: джага джага
[17:47:30]  hatemeonfroy: как дела с импотенцией
[17:47:31]  provod_o: приятного аппетита и ебани подзатыльник булаху
[17:47:34]  thederrick: как погода
[17:47:35]  goodboiklek: спроси про сладкий бубалех марка
[17:47:37]  scyorty: Почему на фририо не залетел????????
[17:47:38]  ebanaya_krisa228: @kilqqy но в гта ебу жестко
[17:47:39]  threeangle: Как в Москве по погоде?
[17:47:41]  yyyyasno: На Арбате я
[17:47:42]  dima245hdb: стрим с гопником будет ???
[17:47:42]  kissparaade: может кто то не слышал поэтому и одни и те же
[17:47:43]  lalaka32: Татьяну Бубльгум знаешь?
[17:47:45]  yyyyasno: Например
[17:47:46]  seijuro111: давайте пранк, трахнуть бабку возле теремка
[17:47:46]  tipokk17: сколько на хавку в месяц тратишь?
[17:47:46]  vanet_tt: ПАЦАНЫ У ВАС ТОП СТРИМЫ ПРОДОЛЖАЙТЕ В ТОМ ЖЕ ДУХЕ, ДАЛЬШЕ БОЛЬШЕ
[17:47:57]  scyorty: Почему на фририо не залетел???????
[17:47:58]  holfizzz: марк пердел в макет и занюхивал этот смачный киш миш???
[17:48:01]  163renzo: марк ебани сальтуху
[17:48:02]  baksssman: привет чипсоеды
[17:48:02]  kilqqy: @ebanaya_krisa228 ну хз форза ваще трудная игра
[17:48:07]  dima245hdb: стрим с гопником будет ???!
[17:48:07]  yyyyasno: Подскажите норм заведения на Арбате я хочу позавтракать .....
[17:48:08]  provod_o: приятного аппетита и, ебани подзатыльник булаху
[17:48:15]  0c0cdot0: 3км им где-то
[17:48:15]  h9pex1: аххахахахааххааа
[17:48:18]  seijuro111: ХАЫВХАХЫХВАХЫХА
[17:48:18]  kashtan_11: На такси может ?
[17:48:20]  harleyquinn100500: Пацаны, давно стрим идет?
[17:48:20]  prodwhiteg: Куда можно битов заслать ( не хайперпоп)
[17:48:22]  provod_o: хахахахахаххаха
[17:48:22]  ebanaya_krisa228: @kilqqy если так подумать я люблю за нежить в варике 3
[17:48:24]  hogiilaban: @yyyyasno макдакнекс
[17:48:26]  h9pex1: ахахахахахахах -стул
[17:48:27]  qakatoro: сломай стул. ок.
[17:48:27]  provod_o: ахахахахахаххахахаха
[17:48:27]  slsplugg: АХАХААХ
[17:48:28]  degaspamer: ахахаахаахах
[17:48:29]  scyorty: Почему на фририо не залетел????????
[17:48:32]  kartoss: @yyyyasno Грабли
[17:48:32]  seijuro111: а двойное сальто сделаешь?
[17:48:34]  163renzo: сделал контента
[17:48:36]  provod_o: приятного аппетита и ебани подзатыльник булаху
[17:48:41]  f1ashenev: А ТРОЙНОЕ СДЕЛАЕШЬ?
[17:48:47]  f1ashenev: Тулуп со стола
[17:48:49]  scyorty: Почему на фририо не залетел???????
[17:48:57]  baksssman: @scyorty не звали...
[17:48:58]  seijuro111: ну колесо хоть ебанёшь?
[17:48:59]  holfizzz: марк пердел в макет и занюхивал этот смачный киш миш???
[17:49:01]  hvesua: Кувырок с пероподвыподвертом
[17:49:01]  maxon232323: мортали давай
[17:49:01]  volshebnik4: ебаните уже с кем-нибудь коллабу я того мир ебал
[17:49:02]  b0mbil_b0mbas: Алибаба gagikMurad gagikMurad gagikMurad gagikMurad
[17:49:04]  deecol: сделай мостик
[17:49:07]  bebrq_228: ПИНК, СДЕЛАЙ 2 САЛЬТО И УЛЕТИ В ВИТРИНУ
[17:49:09]  onlyplayboycash: Давай тогда тройное раз обычное не можешь
[17:49:12]  f1ashenev: Можнт пранк
[17:49:12]  lacrit_: Тг -  https://t.me/pinqsup
[17:49:13]  lacrit_: Тг -  https://t.me/pinqsup
[17:49:14]  lacrit_: Тг -  https://t.me/pinqsup
[17:49:14]  lacrit_: Тг -  https://t.me/pinqsup
[17:49:15]  lacrit_: Тг -  https://t.me/pinqsup
[17:49:15]  bustereasy: манки через заказной стол
[17:49:16]  cartyxx: хахахахаха
[17:49:24]  kashtan_11: Арабский дрифт на самокатах
[17:49:27]  f1ashenev: когда рок?
[17:49:28]  163renzo: пинк как тебе творчество плохого поца
[17:49:34]  vikastsr: Пусть Марк стрим запустит а ты позвони Стефану
[17:49:34]  provod_o: крикни что еда хуйня
[17:49:41]  kashtan_11: Ешь медленнее,тогда насытишься по более
[17:49:44]  baksssman: ГО ФАНК
[17:49:48]  misakakiy020: катрина 2 ждём
[17:49:50]  maxon232323: шпагат туда сюда сделай
[17:49:50]  slsplugg: марку грустна
[17:49:52]  kissparaade: а может пинк дариякор сделает нах?????
[17:49:55]  sw1zzzq: ВЫГОНЯЙ
[17:49:55]  b0mbil_b0mbas: Бабушка Миша уберите пожалуйста накуй gagikSauntrez gagikSauntrez gagikSauntrez gagikSauntrez
[17:49:56]  provod_o: лан приятного тогда
[17:49:59]  f1ashenev: ку лол
[17:50:01]  deecol: пашок
[17:50:07]  divinett: там мой брат стоит на картошке выдаёт мог бы ты его не снимать
[17:50:09]  breax_7: ку
[17:50:10]  bazliter333: Сальтуху за косарь мб?
[17:50:10]  vedro__grechki: Пусть булак прыгнет в толпу поваров , Там его точно поймают отвечают LUL LUL LUL LUL
[17:50:12]  holfizzz: марк пердел в макет и занюхивал этот смачный киш миш???
[17:50:17]  holfizzz: ДАЙТЕ ЕМУ ЧАТ
[17:50:18]  prostosyshestvyu: БУЛАХ ЗАКАЖИ РЕКЛАМУ ПО БАРТЕРУ
[17:50:19]  f1ashenev: он за фоткой?
[17:50:21]  baksssman: divinett: там мой брат стоит на картошке выдаёт мог бы ты его не снимать
[17:50:22]  scyorty: Почему на фририо не залетел????????
[17:50:25]  provod_o: пинк  какой чай любимый
[17:50:27]  kriikkkk: будем стрим со стефаном?
[17:50:29]  samira__29: О там Ленор
[17:50:31]  kashtan_11: Паша кринжовик лютый,в угол его
[17:50:32]  onlyplayboycash: О, Робчик пришёл
[17:50:38]  prodwhiteg: Куда можно биты отправить? Специально под тебя писал на вайбе (Не хайперпоп)
[17:50:42]  deecol: хаахах
[17:50:42]  f1ashenev: ХАХАХХАХАХХАХА
[17:50:43]  breax_7: LUL
[17:50:44]  wertigo96: АЪАХХАХАХАХАХАХ
[17:50:48]  f1ashenev: ЕБАТЬ ТЫ ЛОХ
[17:50:48]  degaspamer: ахахахаха
[17:50:49]  gold_effect2: Здарова мужики, вы в авиапарке?
[17:50:50]  951743: аахаха
[17:50:50]  maxon232323: ахааха
[17:50:50]  prostosyshestvyu: БУЛАХ ЗАКАЖИ ШАУРМУ ПО БАРТЕРУ
[17:50:51]  kashtan_11: К мужчине тяжелого поведения
[17:50:52]  breax_7: хахахахаха
[17:50:53]  chepja77: хпзпвзхп
[17:50:57]  maxon232323: в очереди был
[17:50:58]  b0mbil_b0mbas: Он поехал К ТРАНСУ KappaPride KappaPride KappaPride KappaPride KappaPride
[17:50:59]  provod_o: хахаххахахахаха
[17:51:04]  provod_o: ахаххахахахахахахаххахаха
[17:51:07]  lacrit_: аххахаах
[17:51:11]  kashtan_11: Он внатуре прилурок,сидел ждал пока вагина освободишься
[17:51:11]  f1ashenev: ПИЗДЕЦ ОНА СОСЛА ТОМУ ТИПУ ПОТОМ ТЫ ЕЕ ЦЕЛОВАЛ
[17:51:14]  onlyplayboycash: АХХААХАХ
[17:51:17]  f1ashenev: ХАХХААААХХА
[17:51:19]  gold_effect2: Они накуренные опять?
[17:51:27]  maxon232323: ахаах
[17:51:35]  kriikkkk: будет стрим со стефаном?
[17:51:40]  163renzo: дрочили друг другу пока ждали ее?
[17:51:45]  provod_o: Пинк какой любимый чай
[17:51:45]  kashtan_11: Дрочильня
[17:51:48]  0ppiiuumm: @gold_effect2 не опять а снова
[17:51:56]  b0mbil_b0mbas: Приехал такой он к ТРАНСФОРМЕРУ и по очереди растягивали АНУС друг другу KomodoHype KomodoHype KappaPride KappaPride KappaPride KappaPride KappaPride
[17:51:59]  f1ashenev: @163Renzo сосали по очереди
[17:52:03]  holfizzz: марк пердел в макет и занюхивал этот смачный киш миш???
[17:52:08]  kriikkkk: будет стрим со стефаном?
[17:52:13]  kriikkkk: будет стрим со стефаном???
[17:52:13]  hiiitttt: фейс?
[17:52:21]  revvvive: саня??
[17:52:22]  gold_effect2: А в каком он тц? афимолл?
[17:52:26]  ebanaya_krisa228: да
[17:52:35]  deecol: ХАХАХА
[17:52:36]  meksikanec3: ХВАХАВХХАВХВАХ
[17:52:36]  kashtan_11: Либо стрижётся налысо либо бб его
[17:52:36]  m1shanka: что за тарзан
[17:52:36]  magzij15: АХАХХАХАХА
[17:52:37]  apolowka: ухахахаха
[17:52:39]  951743: аааахах
[17:52:40]  slsplugg: АХАХАХ
[17:52:40]  degaspamer: сукаааа  ахахахах
[17:52:42]  aujny: АХХАВХАХВАХВХАХВАХВХАВАХ
[17:52:43]  og6orch: Хаххаахахахаха
[17:52:47]  sayrex_fn: пранк в прямом эфире
[17:52:53]  kriikkkk: будет стрим со стефаном?
[17:52:55]  aujny: аэваххавхахвхавха
[17:52:59]  onlyplayboycash: АХАХАХАХАХ
[17:53:02]  kriikkkk: будет стрим со стефаном???
[17:53:06]  provod_o: ххахаххахахаха
[17:53:08]  b0mbil_b0mbas: Дабайоб
[17:53:21]  baksssman: посрать захотел
[17:53:21]  kriikkkk: будет стрим со стефаном?
[17:53:27]  jyvyz: ГОООООООООО
[17:53:27]  gold_effect2: Догнатся?
[17:53:31]  supeer_billy: аахахаах
[17:53:31]  kra095: АЛИСА СПИТ В ХАТЕ У ПИНКА В КРЫСУ
[17:53:32]  kriikkkk: будет стрим со стефаном??
[17:53:35]  deecol: только эконом вызывайте
[17:53:39]  provod_o: а теперь салютуху то ебанешь?
[17:53:41]  kashtan_11: Сделал дело стримь смело
[17:53:41]  tape0ff: Что тебе вчера кинули на сцену? RlyTho
[17:53:44]  951743: я пукнул
[17:53:51]  kashtan_11: Расскажите стих
[17:53:55]  kriikkkk: будет стрим со стефаном?
[17:53:59]  kriikkkk: будет стрим со стефаном??
[17:54:09]  kissparaade: за ручку потрогать надо было
[17:54:09]  maxon232323: сканер ахаха
[17:54:17]  dogerty_s: КУ ХАХАХАХА
[17:54:18]  ebanaya_krisa228: фрфрфрфр
[17:54:23]  provod_o: перекат хотябы
[17:54:24]  kriikkkk: пасиба
[17:54:25]  gold_effect2: Хотел до вас подъехать, а вы уматываете
[17:54:25]  tape0ff: Че кинули тебе на концике?
[17:54:27]  splazy_078: бб
[17:54:30]  slsplugg: бож
[17:54:33]  bubblek7: нууу
[17:54:35]  rina_tr_03: зови стефана
[17:54:36]  kksskk1: секс был с Алисой?
[17:54:40]  shmara_1: @gold_effect2 себался
[17:54:40]  geniusforgame: Идем за ними парни
[17:54:46]  slsplugg: у марка депрессия?
[17:54:48]  wlamee: 11 прошло
[17:54:51]  provod_o: перекат ебани хотябы
[17:54:57]  tantiw_: 12 секунд прошло
[17:54:58]  fursetpuls: Алиса сейчас делает galaxy другому парню
[17:55:07]  9haven69: я прочитал название видео ЕДЕМ БУХАТЬ
[17:55:11]  kriikkkk: будет стрим со стефаном?
[17:55:17]  tape0ff: Че бля ему кинули вчера на сцену
[17:55:22]  provod_o: перекат ебани хотяб
[17:55:23]  palmovv: f
[17:55:24]  splazy_078: бб
[17:55:34]  ivanchikk1: б
[17:55:36]  only_f0rward: Атриум?
[17:55:52]  seijuro111: ты наебал нас, было больше восьми секунд
[17:55:54]  9haven69: курить вредно
[17:55:54]  provod_o: раз сальтуху не умеете
[17:55:56]  f1ashenev: Бля у этого типо с вами который некогда нет сиг
[17:55:58]  samira__29: Ленора покажи
[17:56:02]  f1ashenev: и жиги
[17:56:05]  nikolashqa: Где булах кросы выцепил свои ?
[17:56:10]  g0rlik: Всем здарова, я многое пропустил уже?
[17:56:25]  tape0ff: Пинк ебани по нам с кулака
[17:56:25]  f1ashenev: @g0rlik да
[17:56:25]  onlyplayboycash: неа
[17:56:32]  onlyplayboycash: они ток поели
[17:56:33]  grah66: f
[17:56:36]  provod_o: ф
[17:56:37]  qjey0: ф
[17:56:38]  grah66: ff
[17:56:39]  ebanaya_krisa228: найс сиги
[17:56:40]  fenicsfi: асуждаю
[17:56:40]  misakakiy020: включите опять буду в таксе
[17:56:42]  pluggsquad: пинк как телефон держишь?
[17:56:43]  supeer_billy: не кури,  мамка поругает
[17:56:46]  jyvyz: о норм
[17:56:49]  qjey0: ф5
[17:56:52]  potiz5: @tape0ff у тебя фетиш на удары кулаком ?
[17:56:54]  jyvyz: всё норм
[17:56:59]  shmara_1: @tape0ff по еблу тебе с ноги не въебать?
[17:57:00]  vikastsr: Чат го заебем чтоб он Стефана позвал
[17:57:11]  vikastsr: Зови Стефана
[17:57:11]  khimich21: это куертов?
[17:57:15]  kriikkkk: будет стрим со стефаном?
[17:57:19]  pluggsquad: пинк как телефон держишь?
[17:57:28]  provod_o: @khimich21 нет
[17:57:28]  m1shanka: заебали со стефаном
[17:57:31]  dogerty_s: нахуй стефана
[17:57:44]  jyvyz: асву
[17:57:45]  sqwoshxd: @pinqtost Как самочувствие после вчерашнего?
[17:57:48]  seijuro111: закладка
[17:57:49]  f1ashenev: уфф
[17:57:49]  pluggsquad: пинк как телефон держишь?
[17:57:51]  robertfromchiraq: уффф
[17:57:53]  vikastsr: Позови Стефана
[17:57:55]  apolowka: ля какая бомба
[17:58:03]  ikirushaa: пацаны,подпишитесь кому не сложно на меня,хочу начать стримить
[17:58:11]  seijuro111: @ikirushaa пошёл нахуй
[17:58:15]  robertfromchiraq: начинай стримить хули яйца паришь дура
[17:58:21]  hocok_hecyca: @ikirushaa гений
[17:58:27]  xyecocu4: Пинк как часто кидают что-то на сцену?
[17:58:27]  shmara_1: @ikirushaa съебался
[17:58:32]  m1shanka: @ikirushaa пососи
[17:58:36]  durex23322: @ikirushaa ПШЛ НАХУЙ
[17:58:38]  rrtyfrtygrt: @ikirushaa нахуй пошел
[17:58:40]  ikirushaa: ахахах,ну а как ещё та
[17:58:45]  nharrly: салам
[17:58:46]  dogerty_s: это европа ?????
[17:58:46]  hocok_hecyca: хахахх, бедны чел
[17:58:50]  misakakiy020: бля бедный начинабщий стример
[17:58:52]  notrightleft: не думал стримить начать
[17:58:56]  jyvyz: это москва
[17:58:57]  grah66: FF
[17:59:02]  grah66: F
[17:59:02]  huumansoul: Когда альбом ????
[17:59:05]  aujny: чела забулили
[17:59:06]  magzij15: 690
[17:59:06]  provod_o: 691
[17:59:06]  notrightleft: думаю там людей набирают
[17:59:07]  kra095: ПИНК ЗАЛЕТЕЛ К АЛИСЕ В ПУКАЛКУ СОВРАТИЛ ЭТУ КУКОЛКУ
[17:59:09]  fursetpuls: @ikirushaa Хорошо , подпишусь , писюн кинешь
[17:59:09]  tape0ff: Збс вчера дизмораль залетела от фанатов доты рэпа
[17:59:09]  ikirushaa: именно что бедный
[17:59:11]  m1shanka: ф
[17:59:12]  aujny: он точно стримить теперь начнет
[17:59:15]  xyecocu4: Пинк как часто что-то кидают на сцену?
[17:59:15]  durex23322: Ф
[17:59:16]  videos0s: 691
[17:59:17]  versachhf: 690
[17:59:18]  slsplugg: f
[17:59:18]  jyvyz: ебланы потосму чьо
[17:59:20]  qjey0: фффф
[17:59:21]  haymannn: Чтобы ты пэдор молчал
[17:59:22]  m1shanka: фф
[17:59:24]  videos0s: 693
[17:59:25]  grah66: я один писал
[17:59:25]  durex23322: ФФФФФФФФФФФ
[17:59:26]  fenicsfi: Хили быкуешь
[17:59:29]  qjey0: ффф
[17:59:30]  remzy_xxl0: пинк еблан
[17:59:33]  supeer_billy: P
[17:59:35]  versachhf: и
[17:59:35]  huumansoul: Когда альбом ???
[17:59:39]  meow_skrf2: ы
[17:59:44]  jyvyz: альбом послен 2 треков
[17:59:47]  meow_skrf2: г
[17:59:51]  softikalzev: @haymannn асуждаю
[17:59:51]  tape0ff: Тебя вчера чуть пакет не убил на сцене
[17:59:52]  gold_effect2: Че сегодня мутить будете?
[17:59:54]  robertfromchiraq: BEDOLAGA
[17:59:56]  grah66: 590
[17:59:56]  xyecocu4: Пинк как часто что-то кидают на сцену?
[18:00:02]  pmolodoy: vlados2Rage
[18:00:02]  grah66: FFFF
[18:00:03]  videos0s: БЕЛЫЙ КИА РИО
[18:00:04]  m1shanka: 490
[18:00:06]  haymannn: АСУЖДАЮ
[18:00:07]  zhenek233: п
[18:00:10]  videos0s: 683
[18:00:10]  nharrly: какие планы?
[18:00:10]  grah66: 390
[18:00:14]  tape0ff: Че тебе вчера кинули
[18:00:22]  versachhf: 290
[18:00:22]  provod_o: а какая из этих
[18:00:23]  vanyadark_: @xyecocu4 на какую сцену? он стример
[18:00:24]  grah66: какой номер 163?
[18:00:25]  rampls666: @Tape0ff худи
[18:00:33]  softikalzev: ааххахахвахавхавх
[18:00:33]  provod_o: как таксиста зовут
[18:00:33]  f1ashenev: Почему не бизнес ?
[18:00:38]  fakel_fn: 🅱️
[18:00:40]  onlyplayboycash: Ахахахах
[18:00:41]  lovv33: включите гниду
[18:00:42]  m1shanka: ахахха
[18:00:42]  seijuro111: ХАЫХВХАЫХХАЫХАХЫ
[18:00:42]  jyvyz: блять спалил
[18:00:45]  neonmanee: хпэаэаэпэааэ
[18:00:46]  maxon232323: ахахахахха
[18:00:47]  meow_skrf2: ХАХАХА
[18:00:48]  dianissim0: ХААХВХВВХВХВВХВ
[18:00:50]  jyvyz: оффф звук пинк
[18:00:50]  seijuro111: ХАВЫХАХЫВХАХЫАХЫХАЫХ
[18:00:50]  m1shanka: +адрес
[18:00:51]  zonelic: нищие что ли
[18:00:53]  robertfromchiraq: 🅱️EDOLAGA
[18:00:55]  xyecocu4: Пинк что тебе вчера кинули на сцену?
[18:00:56]  shikomoon: АХАХХАХАХАХА
[18:00:58]  kurtevery: rinael1Jam
[18:01:00]  prostosyshestvyu: @f1ashenev У НЕГО ДЕНЕГ ТОЛЬКО НА ПИВО С КАСИЧКОЙ
[18:01:02]  hogiilaban: Не-не пумпутундуууу можно этот
[18:01:03]  ginchikfx: АХПЗХАЗПХАЗПХАЗП
[18:01:04]  kellyfn007: хахахахахаха
[18:01:08]  kriikkkk: ХВХАХАХЦХ
[18:01:08]  jyvyz: пиздец
[18:01:09]  f1ashenev: Вы за мефом?
[18:01:10]  tape0ff: @rampls666 Ты кинул?
[18:01:15]  f1ashenev: @f1ashenev ХАаххахха
[18:01:15]  meksikanec3: ЗВАЗАЗВАЗВАЗАВХВАХВА
[18:01:15]  provod_o: Как таксиста зовут
[18:01:18]  kellyfn007: ЖАРА
[18:01:20]  rampls666: @Tape0ff Нет
[18:01:20]  slow_yo: аахааахааах
[18:01:21]  meow_skrf2: ХАХАХАХАХАХАХАХАХА
[18:01:22]  meksikanec3: ВОООО
[18:01:22]  kriikkkk: ХВХВХВХВЗВХЫХЫХХАХВ
[18:01:22]  hellrey20: Dadada
[18:01:23]  misakakiy020: таксисту 5к
[18:01:23]  zalivnenok: :)
[18:01:24]  qjey0: ахаххаха
[18:01:25]  seijuro111: ЖАРА ПИЗДЕЦ
[18:01:25]  suslik192: включите свое музло
[18:01:25]  nharrly: пошла жаришка
[18:01:26]  purplecodeineplugg: ыхвъаывах
[18:01:26]  magzij15: хаха
[18:01:28]  meow_skrf2: ТООООППП КАЙФ
[18:01:28]  dogerty_s: жара
[18:01:28]  gold_effect2: @f1ashenev Да вроде
[18:01:29]  videos0s: сука пристегнись блять
[18:01:29]  deecol: 5к
[18:01:31]  supeer_billy: YJHV
[18:01:31]  aujny: АЪВАХВХАХВАХВАХВА
[18:01:32]  nikitawol: АХАХААХАХАХА
[18:01:34]  noes1337: кайфуем
[18:01:35]  seijuro111: 100К ТАКСИСТУ
[18:01:36]  provod_o: как таксиста зовут
[18:01:37]  onlyplayboycash: Ахахахах
[18:01:38]  videos0s: СУКА ТУН ТУН ПРИСТЕГНИСЬ
[18:01:39]  f1ashenev: Скок мефа взяли:?
[18:01:40]  tape0ff: @rampls666 А как ты понял
[18:01:40]  m1shanka: чет таксист добрый жалко издеваться
[18:01:41]  softikalzev: Ахавхывахаывхаыв
[18:01:41]  zonelic: включи скалм
[18:01:45]  f1ashenev: 2 3?
[18:01:45]  kriikkkk: таксист классный
[18:01:45]  nharrly: кайфыыы
[18:01:45]  xyecocu4: Пинк что тебе вчера кинули на сцену?
[18:01:49]  shikomoon: ХАХАХАХАХАХ
[18:01:50]  rampls666: @Tape0ff Он показывал на стриме
[18:01:53]  tawerkirill: Аххаахахха
[18:01:53]  ameamegod_: АХАХАХААХАХАХАХА
[18:01:54]  nharrly: ахазахаха
[18:01:55]  reiinv: Пусть пристегнется
[18:01:56]  suslik192: СВОЮ МУЗЫКУ
[18:01:56]  apolowka: хахахаха
[18:02:01]  slow_yo: блейзер
[18:02:03]  chelovek989: рева
[18:02:04]  f1ashenev: Или вы на можном лины заны
[18:02:05]  cup_of_sht: блэйзер
[18:02:08]  nharrly: флэш
[18:02:09]  volshebnik4: Джули джокер
[18:02:09]  noes1337: флеш
[18:02:10]  frieend: Рево
[18:02:12]  sqwoshxd: Ягуар
[18:02:14]  purplecodeineplugg: гараж
[18:02:15]  suslik192: гниду врубмте
[18:02:16]  provod_o: вд
[18:02:17]  vl4dok: ФЛЭШ
[18:02:17]  grah66: включи музон еби меня по китайски
[18:02:18]  gold_effect2: драйв
[18:02:18]  dogerty_s: ГАРАЖ НАХУЙ
[18:02:19]  chelovek989: рево
[18:02:22]  dima245hdb: горила
[18:02:23]  tape0ff: @rampls666 лан
[18:02:24]  f1ashenev: пинокалада
[18:02:25]  zalivnenok: хаха ну  да
[18:02:30]  shikomoon: АХАХХАХАХ
[18:02:30]  vl4dok: РЕЙВО
[18:02:32]  provod_o: ххапхахаххахаха
[18:02:32]  f1ashenev: хахахаххаах
[18:02:37]  provod_o: хахахаххахахахахах
[18:02:38]  magzij15: хахаха
[18:02:38]  gold_effect2: Кристаллическая
[18:02:39]  noes1337: АХАХХААХ
[18:02:39]  aujny: авхахвхахвхахывапхва
[18:02:40]  m1shanka: аххахахаах
[18:02:40]  kurtevery: :tf:
[18:02:44]  ameamegod_: аъаъаахахахаа
[18:02:44]  kriikkkk: ЗЫХАЗЗАЗАХА
[18:02:45]  nharrly: ахахахазахвзахазазвзахп
[18:02:46]  shikomoon: АХАХАХАХАХХХАХАА
[18:02:47]  tape0ff: @rampls666 На этом который щас? RlyTho
[18:02:48]  videos0s: АХАХАХАХ
[18:02:49]  daaaaaaarkness: АХХАВПХАВХП
[18:02:50]  maxon232323: ахвхвхаахаххаха
[18:02:52]  magzij15: хахахахахахахаха
[18:02:56]  f1ashenev: ХХААААХАХАХА ТАКСИСТ
[18:02:56]  maxon232323: молотком
[18:03:02]  ogsashaaaa: её обычно с томатным соком делают
[18:03:04]  magzij15: хахахааххахах
[18:03:06]  onlyplayboycash: Ахахахах
[18:03:07]  slsplugg: DPDPDPDPDPD
[18:03:07]  kriikkkk: ХВХАЗВЗВХХВХВВ
[18:03:08]  gold_effect2: хахахахаххаха
[18:03:11]  provod_o: я в киллограмах мерю
[18:03:12]  slsplugg: АХАХАХА
[18:03:14]  yxxxrick: Таксист сам стебает Марка
[18:03:15]  jyvyz: водка убьет микробы все
[18:03:23]  magzij15: хахаха
[18:03:23]  qjey0: Марк клея нюхнул?
[18:03:28]  suslik192: го свою музыку еюаныц рот
[18:03:28]  provod_o: как таксиста зовут
[18:03:30]  meow_skrf2: Хахахаххаа
[18:03:32]  f1ashenev: @qjey0 МЕФА
[18:03:33]  onlyplayboycash: АХАХАХАХАХХ
[18:03:34]  tape0ff: @rampls666 Я угорал как он не выкинул хахахах
[18:03:37]  shmara_1: @qjey0 хапнул
[18:03:39]  likor_228: ЭАХАЭАХАХАХАХАХАХАХАХА
[18:03:44]  mon1k32: марк доснял седн видос?
[18:03:45]  ghhhhhbbbg: Хахахахаха
[18:03:45]  sqwoshxd: У Марка каждый день как пранк
[18:03:53]  provod_o: рэпчик)))
[18:03:57]  samir7oj: мэп
[18:03:58]  prodygq: попроси Скалли включить
[18:03:59]  aujny: АВАХВХАХВХА
[18:03:59]  nharrly: ахазхахезах
[18:04:00]  f1ashenev: ИСКЛЮЧИТЕЛЬНО ХИП ХОП И РЭП
[18:04:03]  magzij15: хаха
[18:04:03]  meow_skrf2: ХАХАХАХАХАХАХАХАХ
[18:04:03]  arseniiiyyy: NotLikeThis
[18:04:07]  kriikkkk: включите ему скалли
[18:04:11]  robertfromchiraq: НАСВАЙ
[18:04:14]  kriikkkk: АХАХАХХАХА
[18:04:18]  nharrly: вот оно
[18:04:20]  provod_o: сюдааааа
[18:04:21]  robertfromchiraq: ТОЛКНИТЕ ЧИКЕТЫ ТАКСИСТУ
[18:04:22]  noes1337: качает
[18:04:25]  meow_skrf2: АХАХАХАХАХХАХАХА
[18:04:26]  shmara_1: строго
[18:04:29]  jyvyz: авторские прпава пинккккккк
[18:04:32]  provod_o: теперь ф
[18:04:32]  kovyan: СКАЛИ
[18:04:35]  ecl1pss: Ф
[18:04:35]  slsplugg: дайте таксисту 5к
[18:04:36]  jyvyz: офай музыку там ап
[18:04:38]  frieend: ы
[18:04:41]  tawerkirill: Ф
[18:04:41]  grah66: f
[18:04:43]  videos0s: ....
[18:04:43]  frieend: ф5
[18:04:43]  tantiw_: ф5
[18:04:45]  provod_o: вхвххвхвх
[18:04:46]  onlyplayboycash: АХАХАХАХ
[18:04:46]  suslik192: ору
[18:04:46]  ecl1pss: АААААПППП!!!!!!!
[18:04:47]  noes1337: ЫХВПХЫХПАХПВХПХАХЫПХВХАП
[18:04:47]  slsplugg: дайте таксисту 5к .
[18:04:49]  nharrly: ахазахахахазаха
[18:04:49]  daaaaaaarkness: ахахахахаах
[18:04:50]  kriikkkk: ЖАЗАЗАЗАХХЧХЧЗЧХАХА
[18:04:51]  videos0s: ПРО НАСВАЙ ЛИШНИЕ
[18:04:52]  purplecodeineplugg: Включите через блютуз
[18:04:52]  misakakiy020: борщ
[18:04:54]  m1shanka: хахахахахааххаха
[18:04:55]  magzij15: ахахахахаххаахах
[18:04:56]  jyvyz: асуж
[18:04:57]  suslik192: АП
[18:04:57]  provod_o: как таксита зовут
[18:04:58]  nharrly: а снюсика?
[18:04:59]  runnnik: @VIDEOS0S пойдет
[18:05:03]  provod_o: АП
[18:05:04]  noes1337: ТЫ ЕЩЕ ПРО НАРДЫ СПРОСИ АХАХАХАХА
[18:05:06]  ecl1pss: АП
[18:05:06]  robertfromchiraq: СПАСИБО ПИНК
[18:05:13]  ecl1pss: АПАПАПАПАПАПАПАПАА
[18:05:14]  suslik192: АВТОРСКИЕ ПРАВА
[18:05:15]  softikalzev: ХАВХЫАВХАВХАВЫ
[18:05:15]  zalivnenok: хаха
[18:05:16]  nikitawol: ЯЗ
[18:05:16]  v0dichkaa: вруби катрину , но не говори что твой трек
[18:05:17]  versachhf: ап
[18:05:18]  magzij15: ахахахахха
[18:05:19]  provod_o: нарды предложи с играть
[18:05:24]  qjey0: ТАКСИСТА В ТГ
[18:05:29]  suslik192: ору
[18:05:29]  ecl1pss: Ап пинк
[18:05:31]  meow_skrf2: ХАХАХАХАХАХАХААХАХА
[18:05:32]  v0dichkaa: 5к таксисту
[18:05:33]  softikalzev: ГГ стриму
[18:05:35]  runnnik: звук
[18:05:36]  jyvyz: ЕБАНЫ
[18:05:37]  denisgil05: Салам алейкум пацанва
[18:05:38]  frieend: да вы че разводите какие  АП
[18:05:38]  meow_skrf2: звцк
[18:05:40]  ecl1pss: Дошло
[18:05:43]  f1ashenev: СУКА Ф
[18:05:43]  runnnik: звук +
[18:05:44]  rrtyfrtygrt: не очкуй стрим удали просто в конце и все
[18:05:48]  f1ashenev: ГНИДЫЧ ПОСКУДЫЧ
[18:05:48]  shmara_1: @denisgil05 пошёл нахуц
[18:05:48]  jyvyz: пинк дай 1500э
[18:05:50]  suslik192: ban
[18:05:54]  bolsh322: @Frieend ЕСТЬ АП,ЗАЧИЛЬСЯ
[18:05:55]  qjey0: ТАКСИСТА В ТГ
[18:05:56]  huylan1122: astral step
[18:06:01]  provod_o: как таксиста зовут блять
[18:06:04]  videos0s: .............................................
[18:06:07]  tape0ff: ААААААААААА
[18:06:09]  f1ashenev: @provod_o ЗЕЛИМХАН
[18:06:14]  jyvyz: ВКЛЮЧИТЕ РУССКУЮ ПЕСНЮ
[18:06:15]  rrtyfrtygrt: не очкуй стрим удали просто в конце и все
[18:06:18]  suslik192: педагог
[18:06:19]  softikalzev: ХАХАХАХАХ
[18:06:20]  videos0s: ДА ЗАБЕЙ ХУЙ
[18:06:20]  jyvyz: НА РНУССКИЕ АП НЕТУ
[18:06:22]  provod_o: я их имена коллекционирую
[18:06:23]  huylan1122: astral step врубайте
[18:06:24]  noes1337: хАВХЫХВЫХАВЫАЫХВАЫВА
[18:06:24]  magzij15: паххааххехк
[18:06:26]  cartisscs: жара
[18:06:27]  ameamegod_: ХАХАХАХАХАХАХА
[18:06:28]  v0dichkaa: гагарин?
[18:06:29]  meow_skrf2: пошла жара
[18:06:29]  f1ashenev: дорогу педагогу
[18:06:33]  jyvyz: ЮРА
[18:06:34]  maxon232323: юра харош
[18:06:38]  slsplugg: не издевайтесь але
[18:06:39]  ganstix04: astral step врубайте
[18:06:41]  nharrly: 5к юрку
[18:06:43]  3ternity___: юрик ебанный жулик
[18:06:45]  magzij15: ахахахахах
[18:06:47]  ganstix04: astral step врубайте.
[18:06:48]  provod_o: от верблюда
[18:06:51]  jyvyz: О
[18:06:52]  3ternity___: юрик ебанный жуликк
[18:06:53]  slsplugg: не издевайтесь над ним
[18:07:01]  agama41: зиро зиро
[18:07:01]  prostosyshestvyu: ООООО НИХУЯ СЕБЕ Я С САРАНСКА
[18:07:08]  rimble: фифти фифти
[18:07:09]  frieend: ахаххаха
[18:07:09]  daaaaaaarkness: аввахавхпвахпавап
[18:07:10]  danyaaaaoaoaoao: Я ИЗ СЫЗРАНИ
[18:07:10]  ganstix04: astral step врубайте
[18:07:11]  ameamegod_: ахахахахаха
[18:07:12]  zalivnenok: хахах
[18:07:13]  jyvyz: ФИФТИ/ФИФТИ
[18:07:13]  shikomoon: АХАХХАХАХАХА
[18:07:14]  nharrly: вхвхвхххахахаххаххаа
[18:07:14]  suslik192: орууу
[18:07:16]  danyaaaaoaoaoao: ЕЕЕЕЕ
[18:07:17]  meow_skrf2: ХАХАХАХАХАХАХА
[18:07:17]  skibid1_pa: главное чтобы юрец не стрельнул ничего
[18:07:25]  sunsetrider: Ахахавахав
[18:07:26]  emoghostdog1: Lol
[18:07:30]  onlyplayboycash: Вхахахахах
[18:07:30]  softikalzev: АХХВАХАВХАХ
[18:07:32]  gold_effect2: @skibid1_pa ахахахха
[18:07:32]  apolowka: ухахахахаха
[18:07:35]  provod_o: в розыске ахахха
[18:07:35]  ganstix04: astral step врубайте.
[18:07:35]  dogerty_s: АХАХАХАХА
[18:07:35]  kostofn: ахахаххахахахаахах
[18:07:37]  kellyfn007: хахахахахахах
[18:07:37]  daaaaaaarkness: АВПЩЗВАПЩЗЫАОЫАЩВП
[18:07:38]  softikalzev: азаывззавыавыхаывхавыхавыхавыаы\
[18:07:39]  nharrly: хаахахахвххахахахахахах
[18:07:40]  ganstix04: astral step врубайте
[18:07:40]  m1shanka: я работаю в криптовалюте
[18:07:40]  kostofn: аххааххаахахххаахаахахаха
[18:07:41]  dogerty_s: МАРКА ПОВЯЖУТ
[18:07:41]  danyaaaaoaoaoao: Я ИЗ СЫЗРАНИ. СЫЗРАНЬ ТОП
[18:07:42]  emoghostdog1: В розыске
[18:07:43]  qjey0: ахаха
[18:07:43]  aujny: ВХАХВАХВХАВХАВХ
[18:07:45]  zalivnenok: ну  все пока =)
[18:07:46]  evuks6: Ахпххаахазазазахазаххаха
[18:07:47]  pantyq: @pinqtost чо ты еще в тильте? со вчерашнего?
[18:07:48]  softikalzev: И ЧО НРАВИТСЯ ИМ?
[18:07:49]  agama41: :)
[18:07:49]  jyvyz: КУ ПИНК
[18:07:54]  slow_yo: @pinqtost скажи что вы воровской живете
[18:07:56]  cup_of_sht: вхазхвзава
[18:07:58]  cartisscs: ХАХАХХАХА
[18:08:17]  dogerty_s: ооооооо
[18:08:21]  dqrksteach: +уши
[18:08:22]  dogerty_s: топ трек
[18:08:23]  m1shanka: спроси он в сити живет?
[18:08:25]  sun_ch01: ку
[18:08:26]  ginchikfx: отпускаю
[18:08:28]  maxon232323: топ трек
[18:08:31]  meow_skrf2: ООООО
[18:08:32]  llaither: BibleThump BibleThump BibleThump
[18:08:33]  kurtevery: SourPls
[18:08:35]  dogerty_s: ЕГОР КРИД
[18:08:35]  ginchikfx: погромче
[18:08:36]  onlyplayboycash: ОТПУСКАЮЮЮ
[18:08:36]  meow_skrf2: улееетааеттт
[18:08:38]  suslik192: BibleThump <3
[18:08:38]  robertfromchiraq: ООО БИГ БЕБИ ТЕЙП ЛИЛ КРИСТАЛ ПОШЕЛ
[18:08:39]  tape0ff: d
[18:08:41]  ginchikfx: BibleThump BibleThump BibleThump BibleThump BibleThump
[18:08:41]  purplecodeineplugg: +вайб
[18:08:41]  gr3ntales: @m1shanka да
[18:08:42]  qjey0: BibleThump
[18:08:43]  llaither: BibleThump
[18:08:44]  ecl1pss: BibleThump BibleThump BibleThump
[18:08:47]  nikitawol: дрилл ремикс
[18:08:47]  0ppiiuumm: BibleThump BibleThump BibleThump BibleThump BibleThump BibleThump
[18:08:48]  lacrit_: Тг -  https://t.me/pinqsup
[18:08:48]  jyvyz: ПОЙ ПИНК
[18:08:49]  lacrit_: Тг -  https://t.me/pinqsup
[18:08:50]  lacrit_: Тг -  https://t.me/pinqsup
[18:08:50]  maxon232323: 😭😭😭
[18:08:50]  robertfromchiraq: ЕЕЕ СКА ГДЕ ДРОПЧИК ЛИЛ КРИСТАЛ
[18:08:50]  lacrit_: Тг -  https://t.me/pinqsup
[18:08:50]  suslik192: <3 <3 <3 <3 <3 <3 BibleThump
[18:08:56]  lovv33: Егор Крид ремикс
[18:08:56]  nharrly: BibleThump BibleThump BibleThump
[18:08:56]  samira__29: <3 <3 <3 <3 <3
[18:08:57]  gr3ntales: @robertfromchiraq ххахахаха    да
[18:08:59]  suslik192: 🤣🥺
[18:08:59]  vikastsr: Позвони стефану с марка телефона
[18:09:00]  daswer36: MyAvatar
[18:09:00]  m1shanka: @robertfromchiraq его не будет
[18:09:02]  huylan1122: astral step vrubite
[18:09:04]  robertfromchiraq: BibleThump BibleThump BibleThump BibleThump BibleThump BibleThump BibleThump
[18:09:06]  ginchikfx: BibleThump BibleThump BibleThump BibleThump BibleThump BibleThump
[18:09:08]  llaither: BibleThump BibleThump BibleThump BibleThump
[18:09:09]  nharrly: роллер дрон
[18:09:09]  ganstix04: astral step врубайте
[18:09:14]  ebanaya_krisa228: АТПУСКАЮ
[18:09:18]  ganstix04: astral step врубайте.
[18:09:19]  meow_skrf2: АТПУУСКАЮЮ
[18:09:21]  llaither: BibleThump BibleThump BibleThump BibleThump BibleThump
[18:09:21]  rrtyfrtygrt: пинк афкшит
[18:09:24]  hogiilaban: Знаешь, давай все же с тюном
[18:09:24]  maxon232323: BibleThump
[18:09:25]  videos0s: какой же марк заряженый
[18:09:26]  ganstix04: astral step врубайте
[18:09:26]  slavik3334tt: Скалли будет ?
[18:09:27]  amorkiin: булах заеб, когда новые видосы
[18:09:28]  951743: F[FF[
[18:09:29]  robertfromchiraq: @ganstix04 СЬЕБИ СО СТРИМА УМОЛЯЮ
[18:09:33]  lovv33: а мог бы быть трек кристи BibleThump
[18:09:42]  huylan1122: astral step vrubite
[18:09:43]  comediant98: @pinqtost ты же с Йошки
[18:09:44]  ganstix04: @robertfromchiraq пошел нахуй хуйлуша
[18:09:44]  videos0s: МАРК ЕБАТЬ ЗАРЯЖЕННЫЙ ТИП
[18:09:44]  951743: ааа
[18:09:46]  jyvyz: ПИНК КУ
[18:09:51]  nikitawol: @lovv33 ну сука
[18:09:56]  shamzikbtw: В КРЫМ НАШ
[18:09:56]  jyvyz: ЩШ
[18:09:57]  softikalzev: КРЫМ НАШ!
[18:09:58]  ginchikfx: за грязью
[18:10:00]  daaaaaaarkness: ппаадщпщдпвщпващавп
[18:10:06]  ganstix04: astral step врубайте
[18:10:07] softikalzev has been timed out for 10m. 
[18:10:08] shamzikbtw has been timed out for 10m. 
[18:10:11]  jyvyz: КРЫМ НАШ!
[18:10:14] jyvyz has been timed out for 10m. 
[18:10:14]  vladislav_0015: чей крым
[18:10:17]  wplohoyzayats: @ganstix04 хуйлуша твой рейз
[18:10:19] 
[18:10:19]  meow_skrf2: мой
[18:10:19]  nikitawol: кристи((
[18:10:22]  mvxtra: RalpherZ
[18:10:23]  slavik3334tt: СКАЛЛИ будет ?
[18:10:23]  vladislav_0015: а кто берлин то взял?
[18:10:24]  slow_yo: авызывазх
[18:10:26]  provod_o: 200 ебаните
[18:10:29]  951743: ааахаа
[18:10:29]  bustereasy: модер,ты че мутаешь
[18:10:30]  grah66: я с вами
[18:10:32]  provod_o: под это
[18:10:32]  bataliti_: Ооооо
[18:10:35]  only_f0rward: ахахаах
[18:10:38]  m1shanka: хахахахаха
[18:10:41]  tawerkirill: @wplohoyzayats +
[18:10:54]  meow_skrf2: ебатт
[18:10:56]  ginchikfx: SMOrc SMOrc
[18:11:01]  951743: АХААХАХ
[18:11:08]  951743: аазхахахаах
[18:11:11]  mvxtra: MyAvatar
[18:11:13]  morgenshtern2009: ХАХАХА
[18:11:19]  morgenshtern2009: ЧЕ СКАЗАТЬ САМИ И СКАЖИТЕ
[18:11:20]  slow_yo: авызхвыа
[18:11:22]  nharrly: аххахааххахаххахаха
[18:11:25]  951743: ааахаха
[18:11:25]  ginchikfx: АПХЗХАПЗАХЗПАХЗПЗАП
[18:11:28]  nharrly: ахуенный совет
[18:11:31]  kellyfn007: ааххахахахаха
[18:11:33]  cartisscs: а а а а а а
[18:11:35]  thederrick: кракен
[18:11:39]  951743: сексом трахаться
[18:11:48]  slavik3334tt: Пинк Скалли будет сегодня??
[18:11:48]  amorkiin: марк че как сын
[18:11:50]  grah66: я с вами
[18:11:56]  misakakiy020: а а а а
[18:11:57]  v0dichkaa: ФРИСТАЙЛ С ТАКСИСТОМ
[18:12:08]  deecol: выгоняй таксиста
[18:12:08]  suslik192: включите свое музло
[18:12:10]  qjey0: сколько см у таксиста?
[18:12:11]  slow_yo: ывазхвызхзхвыазхаывзхвы
[18:12:12]  fusylade: блять
[18:12:17]  magzij15: хахаха
[18:12:17]  huylan1122: astral stepppp
[18:12:17]  ginchikfx: ХАЗПХЗПАХЗАХПЗАХПЗАПХ
[18:12:18]  d1emondd: АХАХХААХА
[18:12:19]  mvxtra: хаха
[18:12:19]  meow_skrf2: ХАХАХАХАХАХАХА
[18:12:20]  maxon232323: ахахахаха
[18:12:20]  nharrly: аххаахахахвххвхвх
[18:12:20]  kurazhr: ахахахаххахазахах
[18:12:22]  ginchikfx: ВХЗАХВЗАПХЗПХАЗХЪВХА
[18:12:23]  228artyom: захах
[18:12:23]  thederrick: сколько у таксиста см
[18:12:24]  slava_marlowww: хаххахахахаахахх
[18:12:25]  shikomoon: АХАХАХХАХАХАХАХА
[18:12:25]  this_anya: хаахх
[18:12:25]  suslik192: ВКЛЮЧИТЕ СВОЙ ТРЕК
[18:12:26]  m1shanka: кому барашка
[18:12:26]  ganstix04: astral step врубайте
[18:12:26]  wellm_: сколько стрим уже идёт?
[18:12:27]  meow_skrf2: ХАХХАХАХАХА
[18:12:27]  pvploggerhg: мне свинку бы
[18:12:28]  nharrly: хахавххвхвххввхххххвхвхвххвхвхвх
[18:12:32]  lacrit_: Про свинину по факту
[18:12:33]  slsplugg: чуть не уснул под трекз
[18:12:33]  ganstix04: astral step врубайте.
[18:12:33]  ginchikfx: ВКЛЮЧИ СКАЛЛИ
[18:12:38]  emoghostdog1: BloodTrail BloodTrail BloodTrail BloodTrail
[18:12:39]  noes1337: спроси он в нарды играет?
[18:12:46]  thederrick: попроси скаллли включить
[18:12:51]  onlyplayboycash: хахахп
[18:12:56]  shmara_1: @ganstix04 да иди ты нахуй
[18:12:58]  ginchikfx: СКАЛЛИ ГОУ
[18:13:00]  suslik192: свою музыку
[18:13:02]  slow_yo: +
[18:13:02]  mulcibel: какие планы на стоимость?
[18:13:06]  gold_effect2: Лучше шмаль курить
[18:13:07]  slavik3334tt: Пинк Скалли будет сегодня??
[18:13:14]  the_dirty_axyel: а че стрим вчера у марка обрубился
[18:13:18]  mvxtra: Я кушать хочу. а нихуя нету
[18:13:21]  skibid1_pa: пинк включи юре катрину
[18:13:21]  wplohoyzayats: @ganstix04 хуйня твой рейз
[18:13:21]  makaronucg: где скали
[18:13:27]  vladislav_0015: как бросить воровать в магазине
[18:13:27]  ganstix04: Пинк Скалли будет сегодня??
[18:13:29]  pealkid: что вчера было? выступил?
[18:13:29]  lovv33: включи сказзи
[18:13:36]  vikastsr: Стефан будет сегодня?
[18:13:41]  delonstream: какие наркотики употребляете?
[18:13:45]  yxxxrick: @GOLD_Effect2 тоже недалекие только так делают, это первый шаг к большим грехам
[18:13:45]  krifls: че за движ?
[18:13:48]  ganstix04: Пинк Скалли будет сегодня?
[18:13:48]  tape0ff: он вырубился
[18:13:51]  the_dirty_axyel: прыжок в толпу был?
[18:13:51]  freezeswag0372: куда едете?
[18:13:51]  cup_of_sht: был с алисой секас вчера?
[18:13:54]  vladislav_0015: куда едете
[18:14:01]  suslik192: траву можно курить на твиче?
[18:14:03]  tape0ff: почему босс вам не понравилось
[18:14:06]  misakakiy020: часто перед выступлениями волнуешься?
[18:14:09]  mvxtra: можно
[18:14:11]  sona884: дсдслчлчьч
[18:14:15]  golodengoloden: ЧТО С АЛИСОЙ???
[18:14:16]  vikastsr: Стефан будет сегодня ??
[18:14:19]  yxxxrick: юные травокуры в чате
[18:14:33]  kozyol: КУДА СКАЛЛИ ПРОПАЛ?
[18:14:34]  slavik3334tt: Пинк Скалли будет сегодня??
[18:14:41]  vladislav_0015: моргенштерн будет сегодня?
[18:14:43]  nnikchaa: выступление было хорошее, это челики дурачки::)))
[18:14:47]  gr3ntales: ГО ТРИЛЛ ПИЛЛА НА СТРИМ ГО ТРИЛЛ ПИЛЛА НА СТРИМ ГО ТРИЛЛ ПИЛЛА НА СТРИМ
[18:14:50]  ivanchikk1: ф
[18:14:50]  nharrly: пинк будет сегодня?
[18:14:51]  the_dirty_axyel: 3D делаешь ещё?
[18:14:59]  sona884: Пинк
[18:15:00]  meksikanec3: илон маск будет сегодня?
[18:15:00]  vladislav_0015: зеленский будет сегодня ?
[18:15:03]  bais1996: Интеграций нет?
[18:15:11]  suslik192: свою музыку бля включите
[18:15:11]  kozyol: КУДА СКАЛЛИ ПРОПАЛ?
[18:15:20]  ganstix04: путин будет сегодня?
[18:15:23]  artide8: : Пинк Скалли будет сегодня?
[18:15:25]  gr3ntales: ГО ТРИЛЛ ПИЛЛА НА СТРИМ ГО ТРИЛЛ ПИЛЛА НА СТРИМ ГО ТРИЛЛ ПИЛЛА НА СТРИМ
[18:15:29]  sona884: Скалли сегодня будет???
[18:15:29]  maxon232323: кизару будет?
[18:15:31]  the_dirty_axyel: будет колабы с стримерами
[18:15:38]  nharrly: вась а че у тебя рекламы нет?
[18:15:46]  artide8: : Пинк Скалли будет сегодня?? : Пинк Скалли будет сегодня?? : Пинк Скалли будет сегодня??
[18:15:48]  sowwwys: Куда Скалли пропал?
[18:15:48]  maibichk4: пинк когда фит с плэйбой карти?
[18:15:53]  kaponeeeeeee: Марк через неделю трек дропаешь?
[18:16:02]  neonmanee: ПИНК ГО СТРИМ С ДРОНОМ
[18:16:05]  the_dirty_axyel: бурмалда когда будет?
[18:16:06]  sona884: 🅱️ edolaga
[18:16:09]  misakakiy020: с таким онлайном ща попрет реклама
[18:16:16]  magzij15: vlados2Privet_TK
[18:16:17]  only_f0rward: блендер это ипатель мозгов
[18:16:24]  sona884: ®️asist
[18:16:30]  slavik3334tt: Пинк Скалли будет сегодня??
[18:16:31]  neonmanee: ПИНК ГО СТРИМ С ДРОНОМ.
[18:16:32]  maxon232323: любимый трек Карти?
[18:16:34]  yxxxrick: фл студио, вот прога, а не ваши блендеры
[18:16:34]  gr3ntales: ГО ТРИЛЛ ПИЛЛА НА СТРИМ ГО ТРИЛЛ ПИЛЛА НА СТРИМ ГО ТРИЛЛ ПИЛЛА НА СТРИМ
[18:16:35]  magzij15: vlados2Privet vlados2Privet vlados2Privet
[18:16:42]  lacrit_: Марк дропает трек через неделю ?
[18:16:46]  sona884: BlackLivesMatter
[18:16:50]  kaponeeeeeee: Марк через неделю трек дропаешь?
[18:16:54]  bustereasy: музыка для секса
[18:16:55]  0nly1skywalker: @yxxxrick ты долбоеб?
[18:16:57]  chebatreks: если ты еще раз
[18:16:58]  sowwwys: Куда Скалли пропал?
[18:16:59]  maibichk4: пинк когда сходка?
[18:17:00]  kksskk1: хайперпоп умер?
[18:17:02]  makaronucg: стефан в школе?
[18:17:07]  bais1996: Че опухший?
[18:17:08]  skibid1_pa: @yxxxrick хахахаахах чел гений
[18:17:10]  yxxxrick: @0nly1skywalker нет, битмарь. А ты?
[18:17:13]  kksskk1: хайперпоп умер
[18:17:16]  magzij15: vlados2Privet_TK
[18:17:20]  sona884: 🆘i 🅿️inq
[18:17:21]  gr3ntales: ГО ТРИЛЛ ПИЛЛА НА СТРИМ ГО ТРИЛЛ ПИЛЛА НА СТРИМ ГО ТРИЛЛ ПИЛЛА НА СТРИМ ГО ТРИЛЛ ПИЛЛА НА СТРИМ ГО ТРИЛЛ ПИЛЛА НА СТРИМ
[18:17:27]  0ppiiuumm: 🆘i 🅿️inq
[18:17:31]  deecol: жлаь его, хороший тип был
[18:17:36]  misakakiy020: молодой белый с деньгами
[18:17:39]  narutogandon: а можно перцовку проверить?
[18:17:40]  kksskk1: секс с Алисой был?
[18:17:44]  bais1996: Где Алиса ?
[18:17:50]  malyshneboysyadavayvochco: FUNgineer
[18:17:55]  degaspamer: обожрался просто
[18:17:59]  qwemodrain: надо пивка уебать просто
[18:18:01]  malyshneboysyadavayvochco: Нормальная тема
[18:18:05]  deecol: он не с чатом снимает
[18:18:13]  purplecodeineplugg: pomido10Pomik
[18:18:14]  maxon232323: прятки топ
[18:18:17]  narutogandon: пусть марк попросит перцовку протестировать
[18:18:19]  kaponeeeeeee: Секс с Алисой был ?
[18:18:22]  bolsh322: ИДЕЯ У МАРКА ТОП
[18:18:28]  bustereasy: где стрим с зала?
[18:18:31]  qjey0: лизал Алисе?
[18:18:35]  bolsh322: КАЖДУЮ ИДЕЮ НУЖНО РЕАЛИЗОВАТЬ
[18:18:40]  neonmanee: ПИНК ГО СТРИМ С ДРОНОМ
[18:18:41]  malyshneboysyadavayvochco: krisgr1Patrik
[18:18:47]  kksskk1: секс. был с алисой?
[18:18:57]  lacrit_: Секс был на квесте ?
[18:19:09]  fanat_seksa312: секс. был с алисой?
[18:19:11]  gr3ntales: @LACRIT_ ааххаха
[18:19:11]  nikr1371: СЕКС С АЛИСОЙ БЫЛ ?
[18:19:11]  bustereasy: было пробитие на квесте?
[18:19:13]  veryrareneket: ххахаха
[18:19:20]  kksskk1: где Алису потерял?
[18:19:25]  gold_effect2: На кладе приняли?
[18:19:25]  malyshneboysyadavayvochco: Спроси у Марка шо по сыну?
[18:19:27]  neonmanee: ПИНК ГО СТРИМ С ДРОНОМ.
[18:19:30]  suslik192: алису трахнули ау
[18:19:37]  meksikanec3: спроси у марка сколько лет сыну
[18:19:38]  misakakiy020: заебали с алисой этой
[18:19:38]  mc_zaglotuz: ахуеть скали милано
[18:19:39]  narutogandon: vlados2Haha
[18:19:43]  loliz79: ПИНК, ТЕБЯ ПУТАЛИ С КЕМ ТО?
[18:19:43]  bustereasy: где стрим с зала
[18:19:43]  the_dirty_axyel: марк с жосам знаком?
[18:19:51]  qwemodrain: летает который дрон
[18:19:55]  desfulold: @nikr1371 Конечно)
[18:19:57]  meksikanec3: @pinqtost спроси у марка сколько лет сыну
[18:19:57]  suslik192: с андромедой
[18:20:01]  m1shanka: фолентасм
[18:20:03]  denizor88: андромеда фоллентас
[18:20:03]  neonmanee: парень руди
[18:20:07]  yakiryaku1: Сони парень
[18:20:07]  kaponeeeeeee: Марк через неделю трек дропаешь?
[18:20:08]  slava_marlowww: follentass aka anadromeda
[18:20:10]  72l1nex: СЕКС С АЛИСОЙ БЫЛ ?
[18:20:10]  malyshneboysyadavayvochco: Питомец
[18:20:15]  narutogandon: перцовку протестить
[18:20:15]  the_dirty_axyel: марк с жосам знаком?
[18:20:16]  v0dichkaa: пинк66
[18:20:18]  lalaka32: ку лавв
[18:20:21]  atiii_kin: обидно было?
[18:20:24]  malyshneboysyadavayvochco: FUNgineer
[18:20:25]  meksikanec3: @pinqtost спроси у марка сколько лет сыну..
[18:20:25]  drbyqq: Марк какать хочет ?
[18:20:28]  bustereasy: где стрим с зала
[18:20:30]  eloredd: на лил пипа похож
[18:20:30]  loliz79: ТРИЛПИНК66
[18:20:36]  72l1nex: СЕКС С АЛИСОЙ БЫЛ ? @pinqtost
[18:20:38]  kksskk1: лил пип с того света
[18:20:41]  milana22848123: марку фигово
[18:20:42]  meksikanec3: @pinqtost спроси у марка сколько лет сыну?
[18:20:43]  onlyplayboycash: Pinq99
[18:20:46]  qwemodrain: че за куртка у марка?
[18:20:48]  gr3ntales: ТРИЛЛ ПИЛЛА ТРИЛЛ ПИЛЛАТРИЛЛ ПИЛЛА ТРИЛЛ ПИЛЛА   ТРИЛЛ ПИЛЛА    ТРИЛЛ ПИЛЛА
[18:20:53]  meksikanec3: @pinqtost спроси у марка сколько лет сыну1
[18:20:53]  slow_yo: через сиплас будет дропать? @pinqtost
[18:20:54]  sbnvlkv: что он с глазом сделал
[18:20:57]  atiii_kin: на моргенштерна похож
[18:20:59]  the_dirty_axyel: стоит ли ставить всё на кон в жизни или в офис идти
[18:20:59]  72l1nex: СЕКС С АЛИСОЙ БЫЛ ?
[18:21:00]  loliz79: ХАЙПЕР ПОП УМЕРАЕТ
[18:21:03]  malyshneboysyadavayvochco: Делай движ хули просто так сидишь
[18:21:04]  maxon232323: В КАКОЙ ПОТОМ КРАСИШЬСЯ?
[18:21:06]  v0dichkaa: он просто шаву схавал
[18:21:08]  lavdos: Лил пипа не хватает
[18:21:08]  nikitawol: АФХАХЪЪФ/В
[18:21:09]  narutogandon: да не будет он отвечать про алису, камни в чате видимо не понимают
[18:21:10]  loliz79: умирает
[18:21:10]  deecol: -марк
[18:21:11]  lacrit_: ахаххаах
[18:21:12]  malyshneboysyadavayvochco: Вафля
[18:21:12]  meksikanec3: @pinqtost спроси у марка сколько лет сыну
[18:21:16]  degaspamer: марк бб
[18:21:17]  tantiw_: контент?
[18:21:19]  magzij15: хаха
[18:21:20]  sw1zzzq: осуждаю
[18:21:23]  youngzinxioz: @pinqtost был секса с Алисой ?
[18:21:24]  rrtyfrtygrt: ты бы от боли ахуел
[18:21:27]  kksskk1: опухший
[18:21:28]  veryrareneket: ахаххаахах
[18:21:30]  meksikanec3: @pinqtost спроси у марка сколько лет сыну.
[18:21:32]  the_dirty_axyel: стоит ли ставить всё на кон в жизни или в офис идти
[18:21:33]  gr3ntales: ГДЕ ЗОЯ?
[18:21:34]  bustereasy: где стрим с качалки
[18:21:37]  qjey0: нихуя лил пип с того света на экономе
[18:21:39]  loliz79: ПИНК ТЫ ПОДПУХ ЧТО ТО
[18:21:43]  mn1m4ks: рак
[18:21:45]  qwemodrain: мне тож вырезали кста, ты б охуел как он болит
[18:21:49]  deecol: это рак
[18:21:50]  nyalis_: @youngzinxioz Вопросы личного характера не обсуждает
[18:21:56]  narutogandon: марк го тест перцовки
[18:22:01]  misakakiy020: запишите с булахом трек
[18:22:03]  v0dichkaa: что за кепарик
[18:22:05]  rrtyfrtygrt: @the_dirty_axyel если ты таким вопросом задаешься то в офис
[18:22:13]  kksskk1: АХХАХВХВХВХВХАХАХХПА
[18:22:16]  sbnvlkv: что вчера?
[18:22:16]  slaverry571: апхахахах
[18:22:17]  nikitawol: уъеуъыъыъаъ
[18:22:20]  maxon232323: ЧЁРНЫЙ ИЛИ РОЗОВЫЙ?
[18:22:21]  deecol: на память оставляй
[18:22:21]  loliz79: МЫ ТЕБЕ ГОВОРИЛИ БЛЯТЬ НЕ ПЕЙ А ТЫ, СКОРО БУДЕШЬ МУЧАТСЯ ТАК ЖЕ КАК И МАРК
[18:22:23]  yhghuoy: ПИНГ ЗОВИ СТЕФОНА НА ХАТУ
[18:22:25]  slow_yo: аххаха
[18:22:28]  magzij15: хахаха
[18:22:30]  youngzinxioz: @nyalis_ Почему ты решил только мне это написать ? До этого куча таких же вопрос было. И с чего ты это взял ? Он говорил ?
[18:22:31]  deecol: да
[18:22:31]  whiteg2401: Здарова брат
[18:22:32]  the_dirty_axyel: пинк фит с моргеном возможен
[18:22:35]  nikitawol: да
[18:22:35]  degaspamer: сиамский брат
[18:22:36]  loliz79: АХАХХАХА
[18:22:36]  m1shanka: да
[18:22:37]  magzij15: да жалко
[18:22:39]  denizor88: я продал его
[18:22:39]  kksskk1: с рейзом будешь ещё на деньги пить?
[18:22:39]  7yutaxxx: похуй
[18:22:40]  atiii_kin: ахахахах
[18:22:41]  v0dichkaa: он за аренду не платит
[18:22:43]  flappy_eg: МААРК КРАССАВАААА
[18:22:48]  sowwwys: Сейчас его не вырезают а делают вроде проколы
[18:23:04]  loliz79: ОН СО СТЕФАНОМ СПАЛ ТАК ЧТО СТЕФАН УЖЕ У НЕГО ДОМА В ТРУСИКАХ БЕГАЕТ
[18:23:09]  the_dirty_axyel: фит с моргеном зашквар или нет?
[18:23:11]  atiii_kin: куда едете
[18:23:16]  ogsashaaaa: перезапусти стрим
[18:23:16]  chebatreks: марк бы влился думаю в компанию хазяевов
[18:23:18]  deecol: про петарды спросите
[18:23:19]  reliquid: пинк какой стиль музыки хочешь делать в будущем
[18:23:19]  sbnvlkv: хкхкхахкххк
[18:23:25]  nharrly: ахахахахахеха
[18:23:32]  indian0ch: Здарова Пацана
[18:23:38]  m1shanka: Привет Алена
[18:23:40]  yhghuoy: ДАВАЙ МАРК ЗАПУСТИТ СТРИМ
[18:23:41]  lacrit_: Черт её подери
[18:23:44]  lacrit_: Тг -  https://t.me/pinqsup
[18:23:44]  nikitawol: @indian0ch иди нахуй алег
[18:23:44]  lacrit_: Тг -  https://t.me/pinqsup
[18:23:45]  lacrit_: Тг -  https://t.me/pinqsup
[18:23:45]  loliz79: ПИНК, ЧТО ВЫ СО СТЕФАНОМ ОТ НАС СКРЫВАЕТЕ.
[18:23:46]  the_dirty_axyel: тату новое на лице будет
[18:23:46]  narutogandon: так кинь рейд булаху и позвони, тогда и контент начнется
[18:24:02]  lavdos: Люблю большие
[18:24:04]  the_dirty_axyel: ТАТУ НА ЛИЦЕ БУДЕТ ЕЩЁ?
[18:24:09]  mulcibel: С МАРЬЯНОЙ БУДЕТ СВИДАНКА НЕТ?
[18:24:09]  v0dichkaa: стою еще минуту и любуюсь ею
[18:24:21]  loliz79: У НЕГО УЖЕ АЛИСА
[18:24:26]  the_dirty_axyel: ТРЭК ГАРИ ГУДИНИ ЛУЧШИЙ В КАРЬЕРЕ
[18:24:28]  kksskk1: когда алиса появится?я скучаю
[18:24:35]  let4ik163: @pinqtost был в армии??
[18:24:36]  lsonyarostova: @pinqtost а скажи пожалуйста,у трилл пилл запускает стримы вообще?
[18:24:38]  kaponeeeeeee: Куда едете
[18:24:48]  gromazer: Марк, когда к мелу?
[18:24:53]  the_dirty_axyel: бурмалда когда намечается
[18:24:54]  tape0ff: хайперпоп мертв?
[18:24:55]  deecol: можно к вам?
[18:24:55]  bustereasy: где зал от марка
[18:24:57]  narutogandon: пусть марк попросит бутылку чтобы поссать
[18:25:00]  kksskk1: щя марк откинется
[18:25:02]  loliz79: СКАЛИ И СТЕФАНА ЗОВИ
[18:25:03]  necrro66: Когда дс сервер появится
[18:25:09]  bais1996: Нахуй к тебе?
[18:25:09]  the_dirty_axyel: БУРМАЛДА КОГДА НАМЕЧАЕТСЯ?
[18:25:10]  qwemodrain: сколько татухи обошлись по цене?
[18:25:13]  qjey0: нахуй стефана
[18:25:14]  yhghuoy: ПИНГ ДАВАЙ МАРК ЗАПУСТИТ СТРИМ И ТЫ ПОЗОВЁШЬ СТЕФОНА
[18:25:17]  gromazer: Марк, когда к мелу? @pinqtost
[18:25:22]  kksskk1: Алиса дома у тебя???
[18:25:24]  ketamine_h: как откосил
[18:25:26]  meksikanec3: пусть марк попросит бутылку чтобы поссать
[18:25:31]  sbnvlkv: что за Марк
[18:25:31]  chislo812: GBYU
[18:25:32]  loliz79: СКАЛИ И СТЕФАНА ЗОВИ.
[18:25:34]  wassupich: попроси таксиста треки оценить какие нибудь @pinqtost
[18:25:49]  loliz79: Марк напишет
[18:25:51]  tape0ff: бля вкл Катрина
[18:25:52]  necrro66: Пусть Марк напишет
[18:25:53]  the_dirty_axyel: где трил пил щас?
[18:25:54]  silencemoneykid: бля я не пойму че с тем таксистом с ташкента пацаны
[18:25:56]  v0dichkaa: спроси кайф таксистом работать или заебно?
[18:25:59]  kozyol: ты не ахуел?
[18:26:00]  m1shanka: зови моргена
[18:26:00]  lacrit_: https://www.donationalerts.com/r/vladosdesigner
[18:26:01]  lacrit_: https://www.donationalerts.com/r/vladosdesigner
[18:26:02]  lacrit_: https://www.donationalerts.com/r/vladosdesigner
[18:26:02]  lacrit_: https://www.donationalerts.com/r/vladosdesigner
[18:26:03]  pmolodoy: МОРГЕНШТЕРНА И ТРЭВИСА СКОТТА ЗОВИ
[18:26:03]  the_dirty_axyel: ТРИЛ ПИЛ ГДЕ ЩАС?
[18:26:05]  suslik192: через мою
[18:26:08]  narutogandon: дай рейд тогда булаху
[18:26:11]  daniiielllo: зови стефана
[18:26:11]  kozyol: НА СТРИМЕ МАРКА СТЕФАНА ЗОВИ
[18:26:12]  gold_effect2: меня позовешь?
[18:26:12]  tape0ff: Fake Taxi
[18:26:12]  suslik192: через мобилу марка
[18:26:27]  yhghuoy: давай марк запустит стрим и ты позавёшь стефона
[18:26:28]  the_dirty_axyel: НЕ ЗАМЕЧАЛ СТРАННЫЙ АКЦЕНТ У СКАЙЛИ
[18:26:37]  v0dichkaa: й
[18:26:38]  kksskk1: с рейзом будешь ещё на деньги пить?
[18:26:41]  bolsh322: ПОСТАВЬ РАСЦЕНКИ И СБОР,ЧТОБ ДОНАТЫ БЫЛИ
[18:26:47]  tape0ff: ахуеть он где живет
[18:26:48]  lublurappers: @the_dirty_axyel, пермский
[18:26:56]  onlyplayboycash: У Марка взять позвонить не варик ,просто написав смс что звонишь ты? @pinqtost
[18:26:59]  loliz79: ТЫ БЫ ЛУЧШЕ КУПИЛ ТЕЛЕФОН ЧЕМ ПИЛ
[18:27:02]  narutogandon: @the_dirty_axyel попробуй сам прожить в таком быдло районе
[18:27:04]  minikrohalo: ффффффффффф
[18:27:05]  wassupich: Пинк когда музло новое?
[18:27:08]  rariinex: Здарова, Владос
[18:27:14]  paharf1993: нах ты спалил где ты живешь?
[18:27:19]  kksskk1: у пинка собственная хата?
[18:27:21]  silencemoneykid: ГДЕ ТАКСИСТ С ТАШКЕНТА
[18:27:23]  v0dichkaa: @pinqtost пусть марк личинку отложит и пройдет
[18:27:32]  gold_effect2: @kksskk1 нет, снимает за 100к вроде
[18:27:35]  bustereasy: у него запор
[18:27:37]  l1lboss1k: а где вчерашняя Алиса?
[18:27:37]  bais1996: А че вы к марку домой не ходите ?
[18:27:39]  its_donger1: Го к СКАЛЛИ
[18:27:39]  narutogandon: 3
[18:27:42]  qwemodrain: а че не разулся
[18:27:44]  loliz79: розовые двери, ураа
[18:27:45]  the_dirty_axyel: @narutogandon Ну да жестоко
[18:27:46]  tob1eron: вы нахуя домой приехали
[18:27:48]  flexbuenosdias: @onlyplayboycash он их номера как будто знает наизусть
[18:27:54]  its_donger1: ГО К СКАЛЛИ
[18:27:58]  tape0ff: мужик ты че
[18:27:59]  misakakiy020: @Molytva бага с работы вернулся?
[18:27:59]  yhghuoy: пинг давай марк запустит стрим и ты позовёшь стефона
[18:28:00]  elderlyyegorka: Салями
[18:28:01]  kksskk1: нихуево
[18:28:02]  m1shanka: хата как цырк
[18:28:02]  goodboiklek: archie84Spinners archie84Spinners archie84Spinners
[18:28:05]  the_dirty_axyel: СЕКС С МАРКОМ БУДЕТ?
[18:28:06]  bolsh322: ЧАТ СКОЛЬКО ТУП ВОПРОСОВ
[18:28:06]  bustereasy: у марка запор
[18:28:07]  narutogandon: забор крашен 3 этаж не страшен заходи не спрашивай
[18:28:09]  d1emondd: го к стефану
[18:28:10]  ikirushaa: тоже на Смоленской чтоль?
[18:28:10]  l1lboss1k: а где вчерашняя Алиса?
[18:28:12]  loliz79: где марк
[18:28:16]  youngzinxioz: @pinqtost намерено игноришь вопросы про Алису ?)
[18:28:23]  loliz79: ПОКАЗЫВАЙ
[18:28:30]  dogerty_s: ПОКАЖИ ВИД
[18:28:30]  atiii_kin: ебать киностудия
[18:28:32]  loliz79: АХАХАХАХ
[18:28:33]  qwemodrain: го рум тур тогда
[18:28:37]  barchikk: ахахахахаха
[18:28:38]  sbnvlkv: Хахахахахаха
[18:28:41]  loliz79: БЛЯТЬ ХААХАХАХ
[18:28:42]  kolhoz17: пизду плкажи
[18:28:46]  tape0ff: рум тур
[18:28:50]  narutogandon: @loliz79 личинку кладет на толканчике
[18:28:51]  bais1996: Ахахаха
[18:28:51]  tape0ff: РУм тУр
[18:28:52]  the_dirty_axyel: С АЛИСОЙ БЫЛО ЧЕ НИТЬ?
[18:28:54]  gachickc: рум тур
[18:28:55]  loliz79: ОН ЗАБЫЛ ЧТО ЭТО НЕ АЛИСА
[18:28:57]  qwemodrain: марка сушит пиздец
[18:28:57]  kksskk1: где Алисочка?
[18:29:02]  tape0ff: РУМ ТУР
[18:29:06]  goodboiklek: типсы
[18:29:11]  gachickc: кто он
[18:29:11]  vikastsr: Зови Стефанааааа
[18:29:23]  gachickc: стефана
[18:29:24]  ilsaf1367: где скали
[18:29:24]  youngegaz: стефаааннааа зоввии
[18:29:25]  stepan1707: Ростика
[18:29:26]  desfulold: Про Алису вспомнил вот и вырвалось
[18:29:28]  narutogandon: вот же рожа жесткая
[18:29:29]  its_donger1: где скалли
[18:29:35]  rev1s_: Шиш не убрал
[18:29:36]  youngegaz: зови стефанаа
[18:29:38]  sejjjjje: Вчера всю показал))
[18:29:43]  zxcpizdolizik: чат ебланов нахуй вам школьник репер??
[18:29:44]  the_dirty_axyel: скайли зови
[18:29:44]  ilsaf1367: где Даня
[18:29:47]  goodboiklek: спалил
[18:29:49]  loliz79: ВСПОМНИТ ГДЕ ТРУСЫ АЛИСЫ
[18:29:53]  the_dirty_axyel: спамим чтоб скайли звал
[18:29:56]  v0dichkaa: покажи гардероб
[18:29:56]  tape0ff: покажи че тебе кинули
[18:30:04]  the_dirty_axyel: скайли го
[18:30:06]  goodboiklek: стеффан в соседнем падике, зови его
[18:30:06]  ilsaf1367: скали зови
[18:30:09]  its_donger1: это чтя хата?
[18:30:10]  krinkir: Хахахахах кропали сдул
[18:30:11]  the_dirty_axyel: скайли
[18:30:12]  sbnvlkv: ебать
[18:30:13]  narutogandon: @the_dirty_axyel не знаем таких личностей
[18:30:19]  gold_effect2: @its_donger1 пинка
[18:30:20]  palmovv: булах в доту играет?
[18:30:20]  its_donger1: чья хата?
[18:30:22]  rev1s_: Покажи вид из окнра
[18:30:22]  youngegaz: стефана зови
[18:30:22]  vemz1x: ХХАВХАВВАХАВХ
[18:30:22]  the_dirty_axyel: пул ап скайли
[18:30:23]  tape0ff: хуя черепаха с нунчаками ахаха
[18:30:29]  qwemodrain: качели топ издец
[18:30:35]  yhghuoy: пинг давай марк запустит стрим и ты позовёшь стефона
[18:30:36]  narutogandon: солевой
[18:30:45]  its_donger1: где скалли
[18:30:46]  turtiks: это чья хата
[18:30:48]  loliz79: ОСТАВЬ СТРИМ И СБЕГАЙ ДО СТЕФАНА ОН ЖЕ СОСЕД ТВОЙ
[18:30:50]  palmovv: булах в доту играет?
[18:30:52]  the_dirty_axyel: че за тип в очках, это дрипсайт
[18:30:53]  sw1zzzq: Алиса где?
[18:30:53]  mr_oresto: ky
[18:31:00]  d1emondd: сниппет дай @pinqtost
[18:31:03]  narutogandon: марка соль не отпускает
[18:31:05]  17ezzyfn: ты едешь в симф 20 мая
[18:31:10]  supeer_billy: почему такой шум будто он у трассы стоит?
[18:31:15]  lacrit_: У Миши как у Пинка одна и та же одежда каждый день
[18:31:15]  rivall33t: Он странный
[18:31:22]  vikastsr: Зови Стефана
[18:31:27]  malyshneboysyadavayvochco: FUNgineer
[18:31:29]  dogerty_s: покажи вид
[18:31:35]  atiii_kin: жди орду около хаты
[18:31:36]  the_dirty_axyel: че за тип в очках, это дрипсайт
[18:31:36]  dogerty_s: ого
[18:31:37]  its_donger1: Позови Скалли
[18:31:38]  sw1zzzq: АЛИСА ГДЕ?
[18:31:39]  malyshneboysyadavayvochco: Нормальная тема
[18:31:41]  v0dichkaa: НАДО БЫЛО ПРОСТО НА БОЛКОНЕ ЖИТЬ ЗА 10К А НЕ ЗА 100
[18:31:42]  dogerty_s: вид какой
[18:31:42]  chislo812: палишь же хату
[18:31:48]  goodboiklek: CurseLit CurseLit CurseLit CurseLit
[18:31:51]  17ezzyfn: ты едешь в симф 20 мая?
[18:31:56]  goodboiklek: джоинт топ
[18:31:58]  palmovv: ты же хату спалил пинк
[18:31:58]  the_dirty_axyel: откуда бабки  на дом в 100к
[18:32:08]  its_donger1: +адрес
[18:32:20]  kksskk1: -10к
[18:32:23]  its_donger1: где Скалли?
[18:32:23]  tape0ff: псих
[18:32:24]  m1shanka: @palmovv таксист адрес назвал
[18:32:28]  yhghuoy: ПИНГ ДАВАЙ МАРК ЗАПУСТИТ СТРИМ И ТЫ ПОЗОВЁШЬ СТЕФОНА МОЖАЛУЙСТА
[18:32:32]  desfulold: 100к это не так много
[18:32:32]  sw1zzzq: АЛИСА Где?
[18:32:33]  remembermydeath: Приходите падпищики, он гостеприимный
[18:32:37]  its_donger1: Позовешь Скалли?
[18:32:44]  gold_effect2: Штаб
[18:32:47]  17ezzyfn: ты едешь в симф 20 мая
[18:32:48]  mulcibel: АХУЕННУЮ МАРЬЯНУ ПОТЕРЯЛ, ЯСНО <3 <3
[18:32:50]  the_dirty_axyel: булах че с билом?
[18:32:53]  palmovv: а булах в доту играет
[18:32:55]  vikastsr: Зови Стефана
[18:32:56]  l1lboss1k: да тут из 1500 людей 50 макс из мск
[18:32:59]  loliz79: А ЕСЛИ С БУХЛОМ ПРИДУ.
[18:32:59]  its_donger1: понял, я уже иду
[18:32:59]  vladislavvv02: Да
[18:33:04]  vikastsr: Позови Стефана
[18:33:08]  tape0ff: покажи че тебе кинули
[18:33:08]  narutogandon: улица труляля, дом два нуля и забор крашен, заходите
[18:33:10]  fanatik_lixxx: @palmovv вроде да
[18:33:11]  vovanzy: где Алиса
[18:33:13]  utirok: ну придут только уебаны конкретные
[18:33:16]  youngegaz: ЗОВИ СТЕФАГА
[18:33:17]  zandyof: я
[18:33:17]  sw1zzzq: Алиса где???
[18:33:19]  denizor88: я подхожу
[18:33:19]  17ezzyfn: ты едешь в симф 20 мая?
[18:33:19]  sbnvlkv: я?
[18:33:20]  qwemodrain: а че правую сторону татухами не забил
[18:33:20]  its_donger1: Зови Скалли
[18:33:21]  kra095: FKBCF
[18:33:21]  bais1996: Алиса где?
[18:33:22]  supeer_billy: БАЗА
[18:33:22]  loliz79: А ЕСЛИ С БУХЛОМ ПРИДУ?
[18:33:23]  3theend: Донатело позер
[18:33:27]  kra095: АЛИСА СОСКА
[18:33:27]  bais1996: Где Алиса
[18:33:27]  killler_xxx: Зови Скалли и Стефана
[18:33:28]  desfulold: Чё там Алисочка
[18:33:28]  ghhhhhbbbg: Стэфанаааааааааааасссссссааааавваааааааааааааааааа позовиииииииииииииииииииииииииииии
[18:33:28]  nikitawol: мальчик 17 пойдет?
[18:33:29]  its_donger1: Где Скалли?
[18:33:30]  noes1337: а если мальчик
[18:33:30]  narutogandon: улица труляля, дом два нуля и забор крашен, заходите не спрашивайте
[18:33:31]  youngegaz: СТЕФЕНА ЗОВИ ЗАЕБАЛ
[18:33:31]  clom1x: че за сиги
[18:33:34]  tape0ff: а что с ксенкой
[18:33:35]  soleilbarbara: ГДЕ АЛИСА?
[18:33:38]  vikastsr: Позвони Стефану
[18:33:38]  gold_effect2: А если с 2 граммами гидропона?
[18:33:40]  the_dirty_axyel: дай номер я сам скайли позвоню
[18:33:42]  tape0ff: я че то путаю
[18:33:45]  remembermydeath: Женщины с красивым клитором приходите
[18:33:49]  zxcpizdolizik: идите нахуй со  свои стефаном
[18:33:50]  17ezzyfn: ты едешь в симф 20 мая????
[18:33:51]  vikastsr: Зови Стефана
[18:33:52]  daswer36: с пипискай пойдет
[18:33:52]  supeer_billy: О НОРМ
[18:33:54]  ghhhhhbbbg: Стэфана позвони ааааааааввв
[18:34:01]  vikastsr: Зови Стефанаааа
[18:34:10]  loliz79: АХАХАХАХ
[18:34:13]  17ezzyfn: ты едешь в симф 20 мая?????
[18:34:16]  meow_skrf2: АХХАХААХХАХА
[18:34:16]  its_donger1: зови Скалли
[18:34:17]  saint_marcello: ПИНК МОБИЛЬ
[18:34:22]  una4kaaa: позовите Стефана
[18:34:27]  ghhhhhbbbg: Зови стэфанааа
[18:34:27]  remembermydeath: мужчиН ору с этого всегда
[18:34:29]  loliz79: НАС НЕ СКИНЬ
[18:34:33]  its_donger1: заебал игнорить, ты Скалли позовешь или нет?
[18:34:37]  xof1ok: Просите каждого фоткать, если не сфоткают то лейте воду на них
[18:34:38]  the_dirty_axyel: курение вредит здоровью?
[18:34:41]  ghhhhhbbbg: Позвони стэфана@
[18:34:44]  loliz79: АХАХАХАХ
[18:34:44]  vhsacred: кто 30 руб на киви может скинуть
[18:34:49]  yhghuoy: ПИНГ ДАВАЙ МАРК ЗАПУСТИТ СТРИМ И ТЫ ПОЗОВЁШЬ СТЕФАНА ПОЖАЛУЙСТА!!!!!!!!
[18:34:50]  remembermydeath: Плевать в людей можно ?
[18:34:52]  ghhhhhbbbg: Стэфа зовиии
[18:34:56]  its_donger1: Так Марк пусть звонит
[18:34:56]  tape0ff: я рукоблуд
[18:34:57]  xof1ok: Просите каждого сфоткать, если не сфоткают то лейте воду на них
[18:34:58]  17ezzyfn: ты едешь в симф 20 мая ты едешь в симф 20 мая ты едешь в симф 20 мая ты едешь в симф 20 мая
[18:34:58]  the_dirty_axyel: дай номер сам позвоню
[18:34:59]  loliz79: ПУСТЬ МАРК НАПИШЕТ
[18:35:00]  daniiielllo: ты скали позовешь???
[18:35:01]  qwemodrain: ты на полу спишь?
[18:35:04]  its_donger1: Марк пусть пишет
[18:35:05]  palmovv: дай номер мы позвоним
[18:35:13]  its_donger1: МАРК пусть пишет
[18:35:16]  ghhhhhbbbg: Выключи и потом включи ещё запа
[18:35:20]  daniiielllo: ты стефана позовешь пинк?
[18:35:22]  the_dirty_axyel: пусть булах в инсте скайли напишет
[18:35:23]  m1shanka: когда трамп приедет набери емку заебал
[18:35:24]  lublurappers: скажи номер так уд и быть позвоню
[18:35:24]  loliz79: НОМЕР КИНЬ МЫ ДОГОВОРИМСЯ С НИМ ОН ПРИДЁТ
[18:35:27]  soleilbarbara: ГДЕ АЛИСА?????
[18:35:28]  the_dirty_axyel: пусть булах в инсте скайли напишет  и всё
[18:35:29]  boeing228: Пинк дарова, марк пламенный привет, какие планы на стрим????
[18:35:32]  sw1zzzq: АЛИСА ГДЕ?
[18:35:32]  daniiielllo: моргена зови пинк
[18:35:33]  wassupich: Пинк сколько тебе лет?
[18:35:34]  flexbuenosdias: вы тупые походу
[18:35:35]  17ezzyfn: ты едешь в симф 20 мая ты едешь в симф 20 мая ты едешь в симф 20 мая ты едешь в симф 20 мая ты едешь в симф 20 мая
[18:35:38]  killler_xxx: будь
[18:35:38]  soleilbarbara: АЛИСА ГДЕЕ?
[18:35:42]  its_donger1: и Скалли тогда зови
[18:35:46]  igor75775: А почему не на трап доме живешь?
[18:35:50]  daniiielllo: зови скалли
[18:35:54]  killler_xxx: @igor75775 переехал
[18:35:55]  mishytkaz: пацы есть подлечиться ?
[18:35:57]  daswer36: пудздоров
[18:35:59]  deecol: зови буду
[18:35:59]  goodboiklek: CurseLit CurseLit CurseLit CurseLit
[18:36:00]  boeing228: Пинк дарова, марк пламенный привет, какие планы на стрим????
[18:36:02]  tape0ff: зачем Стефан показал жопу на концике?
[18:36:02]  killler_xxx: Скоро будет у тебя
[18:36:04]  daniiielllo: зови скали и стефана
[18:36:05]  bais1996: Че ебал Алису?
[18:36:06]  its_donger1: NotLikeThis
[18:36:08]  the_dirty_axyel: че с трап домом стало?
[18:36:10]  goodboiklek: фиток по угару с марком
[18:36:12]  chebatreks: позови скалли милано пожалуйста
[18:36:13]  17ezzyfn: ты едешь в симф 20 мая ты едешь в симф 20 мая ты едешь в симф 20 мая ты едешь в симф 20 мая ты едешь в симф 20 мая ты едешь в симф 20 мая ты едешь в симф 20 мая
[18:36:14]  d1emondd: сниппет го
[18:36:15]  prostosyshestvyu: С АЛИСОЙ БУРМАЛДЕЛИ ДАВАЙ РАССКАЗЫВАЙ ПИНК ЗАЕБАЛ
[18:36:16]  narutogandon: а домашку во сколько ему тогда делать, если ты его зовешь???
[18:36:18]  younglord01: алису трахал? алису трахал? алису трахал? алису трахал? алису трахал? алису трахал? алису трахал? алису трахал?
[18:36:20]  loliz79: ЧЕРЕЗ ПК НАПИШИ ЕМУ В ВК ИЛИ ХУЙ ЗНАЕТ ГДЕ
[18:36:22] younglord01 has been timed out for 1m 4s. 
[18:36:22]  daniiielllo: ты позовешь скали ??
[18:36:22]  anyways53: @pinqtost  ебать глаз косит
[18:36:23]  deecol: че за микро
[18:36:23]  its_donger1: подыми руку вверх
[18:36:24]  d1emondd: ЗАПИШИТЕ ЩАС ФИТ С МАРКОМ @pinqtost
[18:36:25]  aleusey_: у меня
[18:36:26]  sw1zzzq: кекс был с Алисой?
[18:36:27] 17ezzyfn has been timed out for 1m 19s. 
[18:36:27]  shashawsy: ТРЕК НА СТРИМЕ
[18:36:27]  youngegaz: ЗОВИ СТЕФАНАЭ
[18:36:33]  desfulold: АЛИСУ ДЕПАЛ ВЧЕРА ?
[18:36:34]  kaponeeeeeee: Гоу трек
[18:36:34]  pawguap: ЗАПИШИТЕ ЩАС ФИТ С МАРКОМ @pinqtost
[18:36:36]  cxntur1: @daniiielllo ты заебал
[18:36:36]  deecol: какой микро @pinqtost
[18:36:37]  loliz79: ЧЕРЕЗ ПК НАПИШИ ЕМУ В ВК ИЛИ ХУЙ ЗНАЕТ ГДЕ.
[18:36:37]  tape0ff: покажи че есть
[18:36:38]  the_dirty_axyel: как познакомился с мэлонами
[18:36:42]  rig676: АЛИСУ ДЕПАЛ ВЧЕРА ?
[18:36:44]  daniiielllo: @cxntur1 та я ж рофлю
[18:36:44]  d1emondd: ГО ЩАС ФИТ С МАРКОМ @pinqtost
[18:36:46]  fursetpuls: Алиса хочет сделать пинку galaxy
[18:36:47]  the_dirty_axyel: как познакомился с мэлонами ???
[18:36:51]  pawguap: ГО ЩАС ФИТ С МАРКОМ @pinqtost
[18:36:52]  tape0ff: покажи че то прикольно
[18:36:53]  boeing228: Пинк дарова, марк пламенный привет, какие планы на стрим????
[18:36:55]  deecol: чат что за микро у пинка
[18:36:56]  cxntur1: @cxntur1 я тоже аахаха
[18:37:00]  daniiielllo: стефана позовешь @pinqtost ?
[18:37:03]  d1emondd: ЗАПИШИТЕ ЩАС ФИТ С МАРКОМ @pinqtost
[18:37:04]  clom1x: ебашь трек
[18:37:06]  yhghuoy: давай марк запустит стрим и ты позовёшь стефана пожалуйта
[18:37:06]  aabuzzer: @deecol нойман
[18:37:07]  loliz79: ЧЕРЕЗ ПК НАПИШИ ЕМУ В ВК ИЛИ ХУЙ ЗНАЕТ ГДЕ
[18:37:09]  daniiielllo: @cxntur1 ахахах
[18:37:11]  wassupich: Пинк сколько тебе лет?
[18:37:12]  gachickc: фит с марком
[18:37:13]  yxxxrick: давай реально интерактив какой нить типо фристайла
[18:37:14]  drag82: а с содоей как???
[18:37:14]  goodboiklek: @pinqtost сода прие зжает и сразу бурмалду
[18:37:15]  deecol: @aabuzzer спс
[18:37:16]  the_dirty_axyel: а как с содой познокомился?
[18:37:16]  its_donger1: СУКА ПОЗОВИ СКАЛЛИ
[18:37:24]  soleilbarbara: ЧЕМ ВЧЕРА ЗАКОНЧИЛСЯ ВЕЧЕРОК?
[18:37:24]  saint_marcello: Как с содой познакомился
[18:37:26]  m1shanka: ебать старый
[18:37:29]  goodboiklek: @pinqtost  мне 28 броо
[18:37:29]  daniiielllo: скали позовешь пинк @pinqtost ?
[18:37:33]  malicrewww: как стать твоим другом
[18:37:33]  pawguap: ГО ЩАС ФИТ С МАРКОМ @pinqtost
[18:37:34]  soleilbarbara: ЧЕМ ВЧЕРА ЗАКОНЧИЛСЯ ВЕЧЕРОК??
[18:37:35]  drag82: а с содоей как??? познокомился?
[18:37:37]  anyways53: будет что то кроме афк?
[18:37:38]  1bochkov: а как с содой познакомился?
[18:37:38]  its_donger1: Скалли?
[18:37:39]  loliz79: АХАХА
[18:37:40]  the_dirty_axyel: а как с содой ?
[18:37:41]  yxxxrick: @m1shanka 224 это старый? Тебе 15?
[18:37:41]  bubblek7: нуууу
[18:37:42]  killler_xxx: ХАХАХАХА
[18:37:45]  loliz79: это ты кому?
[18:37:45]  pawguap: SSSsss SSSsss SSSsss SSSsss
[18:37:46]  narutogandon: пусть степа спокойно домаху сделает, не зови
[18:37:46]  d1emondd: @pinqtost ФИТ С МАРКОМ ЗАПИШИТЕ НА СТРИМЕ
[18:37:46]  boeing228: Пинк дарова, марк пламенный привет, какие планы на стрим????
[18:37:47]  clom1x: покажи комп
[18:37:49]  m1shanka: @yxxxrick 18
[18:37:50]  ghhhhhbbbg: Зови стэфа
[18:37:51]  daniiielllo: зови стефана
[18:37:52]  the_dirty_axyel: а с содой как ???
[18:37:52]  soleilbarbara: ЧЕМ ВЧЕРА ЗАКОНЧИЛСЯ ВЕЧЕРОК?????
[18:37:53]  loliz79: ЭТО ОН НАМ СКАЗАЛ
[18:37:56]  ghhhhhbbbg: Быстрей
[18:37:56]  pawguap: vlados2Rage vlados2Rage vlados2Rage vlados2Rage vlados2Rage vlados2Rage vlados2Rage vlados2Rage
[18:37:56]  its_donger1: зови СКАЛИ
[18:37:56]  killler_xxx: @loliz79 мне
[18:37:56]  gr1nch42: найс тайминг мне увед пришёл в тг
[18:37:58]  1bochkov: с содой как познакомился?
[18:38:01]  daniiielllo: зови скали и стефаана
[18:38:03]  turtiks: @the_dirty_axyel за косяк подрвлись
[18:38:04]  pawguap: vlados2Rage vlados2Rage vlados2Rage vlados2Rage vlados2Rage vlados2Rage vlados2Rage vlados2Rage vlados2Rage vlados2Rage vlados2Rage vlados2Rage vlados2Rage vlados2Rage vlados2Rage vlados2Rage vlados2Rage vlados2Rage vlados2Rage vlados2Rage vlados2Rage vlados2Rage vlados2Rage vlados2Rage vlados2Rage vlados2Rage vlados2Rage vlados2Rage vlados2Rage vlados2Rage vlados2Rage
[18:38:06]  kksskk1: чо делать ребята? готовиться к огэ по матеше или смотреть стрим пинка?
[18:38:06]  wassupich: когда музло новое?
[18:38:07]  the_dirty_axyel: а с содой как ??.
[18:38:07]  drag82: а с содоей как??? познакомился пинк ?????
[18:38:08]  loliz79: ПОШЛИТЕ НАС ПОЗВАЛИ
[18:38:08]  desfulold: ФИТОК С АЛИСОЙ ВЧЕРА БЫЛ ?
[18:38:09] pawguap has been timed out for 1m 23s. 
[18:38:09]  paharf1993: зови соду
[18:38:13]  daniiielllo: зови скали пинк
[18:38:13]  soleilbarbara: ЧЕМ ВЧЕРА ЗАКОНЧИЛСЯ ВЕЧЕРОК?
[18:38:13]  gachickc: фит марк стефан и пинк
[18:38:19]  daniiielllo: зови моргена
[18:38:20]  killler_xxx: и он тебя наебал
[18:38:25]  desfulold: ХАхахахаа
[18:38:26]  barchikk: ахахаахаха
[18:38:26]  its_donger1: зови скалли
[18:38:28]  l1lboss1k: аххахаа
[18:38:29]  ketamine_h: как откосил
[18:38:30]  mishytkaz: f[f[f[f
[18:38:31]  kksskk1: чо делать ребята? готовиться к огэ по матеше или смотреть стрим пинка??
[18:38:33]  killler_xxx: не притворяйся
[18:38:34]  teo_2310: ааххахаха
[18:38:34]  youngzinxioz: ъаэхвсхаэъвхавъ
[18:38:34]  flexbuenosdias: вы позеры, сода в туре
[18:38:34]  roccadrilz: сколько стефану?
[18:38:34]  yhghuoy: НАПИШЬ СТЕФАНУ
[18:38:36]  daniiielllo: ок жду
[18:38:39]  kra095: ГОРЛОВОЙ ФИТОК ИМЕЕМ ВВИДУ
[18:38:41]  soleilbarbara: ЧЕМ ВЧЕРА ЗАКОНЧИЛСЯ ВЕЧЕРОК??
[18:38:45]  d1emondd: @pinqtost  ЗАПИШИТЕ  ФИТ С МАРКОМ НА СТРИМЕ
[18:38:47]  young_garden: @kksskk1  rjulf jyjy
[18:38:48]  loliz79: СКОЛЬКО СТЕФАН У ЛЕТ
[18:38:49]  killler_xxx: @kra095 ХПХАХАХАХАХАХА
[18:38:49]  daniiielllo: ог буда зови
[18:38:51]  drag82: Г О ФИТ С  СТЕФОНОМ
[18:38:55]  1bochkov: со скольки музыку пишешь?
[18:38:55]  its_donger1: Скалли напишешь?
[18:38:55]  young_garden: @kksskk1 когда оно
[18:38:55]  loliz79: стефану
[18:38:58]  the_dirty_axyel: булах знаком с жоасом
[18:38:58]  desfulold: АХахахаа
[18:38:59]  kksskk1: алиса чсв?
[18:38:59]  l1lboss1k: челы с телефонов смотрят, капец у вас задержка
[18:39:00]  gachickc: стефан в африке завис где-то
[18:39:02]  killler_xxx: дадададада
[18:39:02]  daniiielllo: зови 163
[18:39:03]  1bochkov: скок музыку пишешь
[18:39:08]  loliz79: ДАДАДААД
[18:39:09]  kksskk1: @young_garden  23 мая
[18:39:09]  gold_effect2: Просто спать лег и всё?
[18:39:11]  narutogandon: @kksskk1 огэ изи же, че там готовиться?
[18:39:11]  cartyxx: зови марка
[18:39:12]  desfulold: ДА ДА ДА
[18:39:12]  youngzinxioz: @pinqtost встречаешься с Алисой ?
[18:39:12]  the_dirty_axyel: булах знаком с жоасом..
[18:39:15]  killler_xxx: попизди
[18:39:16]  lonelycursed: ЗАЕБАЛИ УЕБКИ ПИСАТЬ ПРО СКАЛЛИ И СТЕФАНА, ЗДЕСЬ ПИНК СТРИМИТ ИДИТЕ НА ХУЙ
[18:39:18]  young_garden: @kksskk1 матан
[18:39:20]  rev1s_: Расскажешь ага
[18:39:22]  bulba1739: с кем спать лёг
[18:39:22]  yhghuoy: СКОЛЬКО ЛЕТ СТЕФАНУ
[18:39:23]  kra095: Пздц глаза хирые ахахахахххахахаах
[18:39:23]  soleilbarbara: врунишкааа
[18:39:25]  drag82: Г О ФИТ С СТЕФОНОМ БРРО О
[18:39:26]  minikrohalo: зови татьяну бубльгум
[18:39:32]  milana22848123: по глазам видно
[18:39:33]  aosh1ma1: ты ж дома, че не катаешься??
[18:39:34]  1bochkov: скок музыку пишешь
[18:39:35]  fanat_seksa312: ЗАЕБАЛИ УЕБКИ ПИСАТЬ ПРО СКАЛЛИ И СТЕФАНА, ЗДЕСЬ ПИНК СТРИМИТ ИДИТЕ НА ХУЙ
[18:39:36]  sw1zzzq: жарил вчера Алису
[18:39:37]  necrro66: шкаф покажи бро
[18:39:37]  3theend: а Дора будет
[18:39:37]  lonelycursed: чат даунов
[18:39:37]  qwemodrain: на арбат едете или не?
[18:39:40]  awkw11: на чем первые бабки поднимал?
[18:39:42]  rev1s_: А парень будет?
[18:39:43]  chikh_pikh: что в чате ебланы такие пиздец
[18:39:45]  hellrey20: @kksskk1 Смотреть пинка поверь огэ хуйня спокойно сдашь, если ты не конечно не прям тупой
[18:39:45]  klient2o16: сколько по времени музыку делаешь?
[18:39:49]  tape0ff: больной шизофренией с манией величия
[18:39:52]  killler_xxx: Парень будет тоесть?
[18:39:53]  lonelycursed: чат долбоебов
[18:39:55]  clom1x: долго треки пишешь?
